List of Equilibrium Structures

# Geometry of EQ 0, SYMMETRY = C1  
C 	   1.333342327768	  -0.279550821872	   1.509637944059
C 	   0.594260720682	  -1.397928536398	   1.383057898764
C 	  -0.821955903555	  -1.038750922302	   1.396486074930
C 	  -0.936568911733	   0.296281621909	   1.546993421149
C 	   0.426025802487	   0.906936299814	   1.641745142235
H 	   2.423793900892	  -0.220239024493	   1.530158246777
H 	   0.976932336941	  -2.414747634276	   1.267096312641
H 	  -1.646670593080	  -1.750083411718	   1.304778866620
H 	  -1.864544705931	   0.869405024541	   1.601228563364
H 	   0.590364751525	   1.655115013365	   0.843813287916
H 	   0.573025664404	   1.434404647177	   2.604774869721
O 	  -0.522559965464	   1.750964609481	  -1.208188138327
C 	  -1.052023800722	   0.676183763456	  -1.354268681299
C 	  -0.316678581628	  -0.579780461281	  -1.593336016716
C 	   1.017001444637	  -0.583914302670	  -1.624840157607
H 	  -2.166859650712	   0.586744457562	  -1.326449591933
H 	  -0.901400629346	  -1.499461509982	  -1.703482938525
H 	   1.571012715499	   0.352975352279	  -1.498736388788
H 	   1.591564352460	  -1.504076394919	  -1.773016682161
Energy    = -385.453481149437 (-385.580289494439 :    0.000000000000)
Spin(**2) =    0.000000000000
ZPVE      =    0.188445200388
Normal mode eigenvalues : nmode = 51
  0.006903359   0.010488764   0.015812582   0.017403522   0.019368015
  0.022715984   0.030117518   0.033731675   0.036124333   0.036926553
  0.039993757   0.040996291   0.043371205   0.044487987   0.050162399
  0.054648147   0.060562974   0.061364667   0.062673216   0.064151707
  0.065145821   0.104156852   0.109844521   0.114183528   0.119974393
  0.123355057   0.124350779   0.125460125   0.125954175   0.127682437
  0.128677915   0.129235000   0.129574028   0.131018264   0.131076898
  0.132101404   0.133692687   0.134026745   0.138916419   0.141091269
  0.148241868   0.230683205   0.236915887   0.242818098   0.244524264
  0.244731143   0.244994822   0.246145967   0.248186952   0.250982700
  0.258242965

# Geometry of EQ 1, SYMMETRY = C1  
C 	   0.536748156631	   1.168801663846	  -1.257381691103
C 	   1.187975764682	   0.035448389433	  -0.923716086584
C 	   0.265099116479	  -1.093014685799	  -1.006564354809
C 	  -0.946332745953	  -0.639415482895	  -1.381004996660
C 	  -0.877977225398	   0.838445948874	  -1.628631382636
H 	   0.965615936678	   2.172237005047	  -1.307958066876
H 	   2.238709424928	  -0.040153778553	  -0.633511386531
H 	   0.527305982533	  -2.128501597622	  -0.779625697419
H 	  -1.851635522634	  -1.235136436973	  -1.511500828127
H 	  -1.071531164354	   1.074825965745	  -2.694298458856
H 	  -1.624961794984	   1.395288335895	  -1.035978232499
O 	  -1.476542304298	   0.515070907902	   1.221309177289
C 	  -0.355395855555	   0.837889580282	   1.529899799242
C 	   0.659321041780	  -0.121436450085	   2.015412635362
C 	   0.365526779257	  -1.420199415160	   2.096760596786
H 	  -0.031928718250	   1.905458829774	   1.472179361890
H 	   1.647270353213	   0.268578241925	   2.283958521994
H 	  -0.632867825446	  -1.770007104883	   1.812028439254
H 	   1.095946291895	  -2.159845499678	   2.442421834061
Energy    = -385.457455690713 (-385.580611953842 :    0.000000000000)
Spin(**2) =    0.000000000000
ZPVE      =    0.188875122268
Normal mode eigenvalues : nmode = 51
  0.007538982   0.011522603   0.016209378   0.017789557   0.020251659
  0.023969411   0.030363812   0.034113071   0.036224077   0.037461834
  0.040319357   0.041900240   0.044019275   0.044769400   0.050548858
  0.054953378   0.060454881   0.061758858   0.062620498   0.064740401
  0.065375442   0.104063613   0.111015951   0.114310203   0.120318390
  0.124400594   0.124959431   0.125812433   0.126008022   0.127817835
  0.129314375   0.129406147   0.130209030   0.131038803   0.131784573
  0.132315904   0.133429757   0.135249653   0.137553052   0.141555983
  0.146479651   0.230193370   0.237989677   0.242728902   0.244407539
  0.244754625   0.245193374   0.246216088   0.247443711   0.252029447
  0.256271953

# Geometry of EQ 2, SYMMETRY = C1  
C 	  -1.117169113474	   1.281265084325	   0.777294479193
C 	  -1.564746099412	   0.419445544650	  -0.158756538679
C 	  -0.712174783539	   0.501859871913	  -1.338213877046
C 	   0.246976182399	   1.424810354546	  -1.121430476462
C 	   0.039191633506	   2.058494445502	   0.223759194179
H 	  -1.552768534743	   1.452001202915	   1.764397652012
H 	  -2.418081014303	  -0.254846228089	  -0.060261972556
H 	  -0.832484304878	  -0.111558984907	  -2.232511653026
H 	   1.028794233733	   1.724469324364	  -1.822935421928
H 	   0.935763534911	   2.033098976428	   0.867928605479
H 	  -0.233514027178	   3.127804295325	   0.113386957637
O 	  -0.199729657230	  -2.237822999923	  -0.329903487497
C 	  -0.035529931355	  -1.788546054581	   0.777968237944
C 	   1.067477393629	  -0.879485137461	   1.136819766050
C 	   1.973167984982	  -0.540504690726	   0.213994589192
H 	  -0.739709356081	  -2.049983176406	   1.607430021246
H 	   1.102857023424	  -0.491900192148	   2.160633805999
H 	   1.912922292063	  -0.968988064314	  -0.791260063766
H 	   2.802311838522	   0.140253692069	   0.435647728201
Energy    = -385.457957390552 (-385.580407504110 :    0.000000000000)
Spin(**2) =    0.000000000000
ZPVE      =    0.188953412831
Normal mode eigenvalues : nmode = 51
  0.007755994   0.011796859   0.016200116   0.017866510   0.020432923
  0.022972671   0.031036528   0.034272975   0.036268012   0.037595235
  0.040744747   0.041617824   0.044088352   0.045009078   0.050613840
  0.055157909   0.060427835   0.061872441   0.062987200   0.064836567
  0.065466213   0.105205358   0.110305145   0.115167220   0.120398527
  0.123511771   0.125047481   0.125653783   0.126116376   0.128036473
  0.128836730   0.129525179   0.129773986   0.131077040   0.131689901
  0.132165454   0.133407932   0.135501205   0.137547695   0.140898582
  0.146360088   0.230992386   0.237092474   0.243746119   0.244315822
  0.244748241   0.245270375   0.246451794   0.247855731   0.250577532
  0.257890643

# Geometry of EQ 3, SYMMETRY = C1  
C 	  -0.867447245531	   0.218019383267	   1.312112863004
C 	  -0.317543047685	  -1.006858652272	   1.441203544167
C 	  -0.704706753720	  -1.827019465443	   0.296640235863
C 	  -1.473974205508	  -1.093434958975	  -0.530848428738
C 	  -1.664779439135	   0.275923614639	   0.048025667575
H 	  -0.771734958236	   1.053317207971	   2.008782771077
H 	   0.312567621987	  -1.346157505742	   2.267252858812
H 	  -0.394203331737	  -2.862791766153	   0.139538209706
H 	  -1.916748802635	  -1.426470463395	  -1.472179569659
H 	  -1.300948422758	   1.077409400373	  -0.622461496122
H 	  -2.732410913970	   0.494493229082	   0.247098754411
O 	   0.767587769432	   2.183871865893	  -0.518602075735
C 	   1.477195766951	   1.377301942937	   0.031959236236
C 	   1.799796497196	   0.048265440918	  -0.518456073408
C 	   1.298182304788	  -0.340686639263	  -1.692227783623
H 	   1.948129929009	   1.619009923326	   1.017739153094
H 	   2.431296635108	  -0.611465519018	   0.086120910746
H 	   0.663922613314	   0.339393340902	  -2.271860049078
H 	   1.503116896889	  -1.331491206805	  -2.110045449681
Energy    = -385.453511967393 (-385.580738884295 :    0.000000000000)
Spin(**2) =    0.000000000000
ZPVE      =    0.188562375793
Normal mode eigenvalues : nmode = 51
  0.006961220   0.010860624   0.015854008   0.017429013   0.019362168
  0.022632140   0.030225810   0.033812477   0.036249593   0.036953986
  0.040249322   0.040959355   0.043371419   0.044679417   0.050240348
  0.054719502   0.060733578   0.061415088   0.062896942   0.064149423
  0.065214750   0.104279126   0.110073268   0.114279571   0.120154484
  0.123338956   0.124312043   0.125638095   0.126076923   0.127818782
  0.128792654   0.129317661   0.129724428   0.131033714   0.131193516
  0.132180422   0.133537858   0.134192998   0.139360426   0.141217797
  0.148686176   0.230761615   0.236878139   0.242875895   0.244590495
  0.244874934   0.245092301   0.246135700   0.248357421   0.251233203
  0.258432475

# Geometry of EQ 4, SYMMETRY = C1  
C 	  -0.198418664459	   0.114572126780	   0.990131849424
C 	  -0.309206553164	  -1.358043627165	   1.307483031041
C 	  -0.714204400329	  -1.972052216913	   0.191308124825
C 	  -0.869620663317	  -0.914112278461	  -0.878764774727
C 	  -1.338224311612	   0.279428311458	  -0.030086295272
H 	  -0.182308597560	   0.799543772093	   1.851318800102
H 	   0.003274318007	  -1.820583560997	   2.246869431350
H 	  -0.806195611065	  -3.048755183454	   0.027474387604
H 	  -1.487376138781	  -1.185628377666	  -1.746453089491
H 	  -1.319520504127	   1.238884591636	  -0.572087900333
H 	  -2.329705235986	   0.122016617140	   0.423592804428
O 	   0.931766564419	   2.357716994332	  -1.039925348389
C 	   1.350215343106	   1.686164580397	  -0.136074377798
C 	   1.054833381289	   0.228240011586	   0.045405065844
C 	   0.574293861612	  -0.471734625658	  -1.240119788480
H 	   1.957556890946	   2.156324101071	   0.681593923655
H 	   1.925334700419	  -0.253976515298	   0.518723983853
H 	   0.563285445628	   0.239346726949	  -2.080593047985
H 	   1.211931476061	  -1.326020422354	  -1.514628474901
Energy    = -385.515590758239 (-385.632001668653 :    0.000000000000)
Spin(**2) =    0.000000000000
ZPVE      =    0.198133089845
Normal mode eigenvalues : nmode = 51
  0.011468134   0.017159374   0.020162498   0.030657987   0.033467135
  0.034846759   0.039035157   0.040755505   0.043055735   0.044996994
  0.048374897   0.050260379   0.058559837   0.063971595   0.066055923
  0.066892196   0.067642126   0.068168563   0.068896068   0.071089500
  0.074526534   0.119977587   0.122918634   0.123200611   0.125701291
  0.128816122   0.130332616   0.130617043   0.133746090   0.134503335
  0.135992305   0.138217557   0.138551134   0.140199514   0.141283364
  0.142672782   0.143207672   0.146177956   0.148901898   0.151403885
  0.154943729   0.236866583   0.244769145   0.245512519   0.246168844
  0.247179945   0.254182922   0.255903082   0.256531557   0.258839045
  0.265070908

# Geometry of EQ 5, SYMMETRY = C1  
C 	  -0.627291283262	   0.729866446929	   0.877497452248
C 	  -1.410622671357	   0.361842043533	  -0.363319798390
C 	  -0.609967314348	   0.579422376830	  -1.410629641293
C 	   0.701336867993	   1.115463100090	  -0.882911142862
C 	   0.210971019291	   1.904063148658	   0.345188597898
H 	  -1.205113982031	   0.896197606959	   1.797937118909
H 	  -2.388332498626	  -0.125173868638	  -0.370855102279
H 	  -0.802819855085	   0.311971035038	  -2.452156196090
H 	   1.330727482188	   1.654071495447	  -1.605799752455
H 	   1.024556437983	   2.209519652490	   1.026389391802
H 	  -0.405969534022	   2.778658821031	   0.082996732977
O 	  -0.108611989313	  -2.476740871786	   0.061499195331
C 	  -0.128068436821	  -1.729509286378	   1.000367977288
C 	   0.495098372823	  -0.366089192181	   1.014322022050
C 	   1.410164114419	  -0.079242406895	  -0.189499065472
H 	  -0.679408733542	  -2.010434474844	   1.936913745105
H 	   1.009267010040	  -0.225953187062	   1.981557327375
H 	   1.498009721941	  -0.953762688773	  -0.850236635851
H 	   2.421661219591	   0.209478584774	   0.140550748677
Energy    = -385.521387500959 (-385.630869537199 :    0.000000000000)
Spin(**2) =    0.000000000000
ZPVE      =    0.197927630553
Normal mode eigenvalues : nmode = 51
  0.011482284   0.016861596   0.020325647   0.031241562   0.032802215
  0.037222579   0.037669925   0.041474335   0.044242905   0.044801902
  0.046717690   0.052955097   0.058203254   0.063495413   0.065947435
  0.066262656   0.067799764   0.068255927   0.069140955   0.071448313
  0.074426229   0.119067343   0.122908204   0.123900189   0.126161849
  0.127444783   0.129775733   0.131043358   0.132999399   0.134447608
  0.134932001   0.137337460   0.137753759   0.139443028   0.140306234
  0.140638453   0.141840513   0.144928178   0.148253950   0.149158317
  0.153785235   0.237698728   0.245019890   0.245539814   0.245867027
  0.246080521   0.254113140   0.254727328   0.255317427   0.258496512
  0.264103478

# Geometry of EQ 6, SYMMETRY = C1  
C 	   0.445427176088	   1.012714494494	  -0.490349812566
C 	   1.110867217478	  -0.270991273510	  -0.925260986823
C 	   0.135231038206	  -1.137987787264	  -1.216627698976
C 	  -1.161382121553	  -0.401113379663	  -0.958112836980
C 	  -0.797890245466	   1.018201445499	  -1.403364079343
H 	   1.065193672234	   1.918818570396	  -0.450644257396
H 	   2.182393731822	  -0.473617072773	  -0.869408950940
H 	   0.231964662158	  -2.199839190425	  -1.452431086194
H 	  -2.092479401479	  -0.848304830146	  -1.327892389644
H 	  -0.549825865508	   1.105180171366	  -2.471465111109
H 	  -1.561630726844	   1.761308953405	  -1.119827463827
O 	  -1.276434329497	  -0.243491707122	   0.465496777335
C 	  -0.268657703481	   0.663984001957	   0.856355887332
C 	   0.639786940816	   0.079270494122	   1.886491843777
C 	   0.624628370950	  -1.203778973790	   2.234854684386
H 	  -0.742324762196	   1.581849181012	   1.257670022906
H 	   1.354644234944	   0.775856917383	   2.344320467452
H 	  -0.100582382026	  -1.891059431700	   1.788365102601
H 	   1.320375631321	  -1.599608761936	   2.983079075052
Energy    = -385.486850465617 (-385.595575335676 :    0.000000000000)
Spin(**2) =    0.000000000000
ZPVE      =    0.196642873666
Normal mode eigenvalues : nmode = 51
  0.014629113   0.022336429   0.024732283   0.028482212   0.030866342
  0.033803805   0.037529499   0.041610540   0.042216585   0.043183080
  0.047971073   0.052403001   0.057503676   0.060560612   0.062509349
  0.065241081   0.065918944   0.067277927   0.068677738   0.069278814
  0.074616246   0.107985954   0.116580701   0.120878020   0.123941404
  0.124921010   0.127579247   0.129662300   0.130044249   0.131193181
  0.134228088   0.135451659   0.136146986   0.137396469   0.138115817
  0.139123245   0.141274611   0.142919733   0.146255534   0.147019633
  0.148230548   0.230296889   0.242803267   0.244229790   0.244599960
  0.245922915   0.251312575   0.253893782   0.255566151   0.257349690
  0.258605776

# Geometry of EQ 7, SYMMETRY = C1  
C 	   0.718752847690	   0.974508331189	  -1.655426622840
C 	   1.294596318906	   0.067777264890	  -0.866157861625
C 	   0.269738632276	  -0.884671255808	  -0.300763629154
C 	  -1.011158647409	  -0.048689048393	  -0.441274163357
C 	  -0.777012911930	   0.769494117239	  -1.714582644128
H 	   1.244886383802	   1.746181596937	  -2.224155301213
H 	   2.367601325076	  -0.024922344864	  -0.674498527329
H 	   0.177179338629	  -1.753944931779	  -0.981690836755
H 	  -1.925472832692	  -0.667053167867	  -0.464003273669
H 	  -1.067565732202	   0.198747895379	  -2.618227062224
H 	  -1.366931722014	   1.699983033422	  -1.697760344167
O 	  -1.157005942431	   0.910070994396	   0.595832923342
C 	  -0.522916098378	   0.737104113445	   1.764344676577
C 	   0.267098985582	  -0.287752375120	   2.089490379005
C 	   0.535625255166	  -1.384412220339	   1.110896661657
H 	  -0.733391862121	   1.567303194597	   2.445400150280
H 	   0.715001081087	  -0.307983285420	   3.086056078778
H 	  -0.093427543747	  -2.270135888726	   1.324792486969
H 	   1.581666028914	  -1.732044530569	   1.186375189426
Energy    = -385.518106375330 (-385.627837132555 :    0.000000000000)
Spin(**2) =    0.000000000000
ZPVE      =    0.196937833446
Normal mode eigenvalues : nmode = 51
  0.017520603   0.020912928   0.026716965   0.027542031   0.032337884
  0.033576766   0.037610137   0.039311320   0.040258251   0.043493630
  0.046254125   0.048688884   0.052549892   0.058472915   0.059595130
  0.064147359   0.064369576   0.067463507   0.067872509   0.072206348
  0.076896048   0.114782929   0.119004127   0.122505060   0.125789271
  0.127144316   0.128495089   0.129713264   0.131267119   0.132319739
  0.133633447   0.133796924   0.134565951   0.137142835   0.138207631
  0.140318056   0.141062917   0.144969663   0.146428252   0.148894011
  0.152419732   0.243118197   0.244244233   0.245097955   0.245731595
  0.246683604   0.248894900   0.252523202   0.253374234   0.257178556
  0.265399548

# Geometry of EQ 8, SYMMETRY = C1  
C 	  -0.707160832514	   0.802716371932	   0.804757707620
C 	  -1.410597967748	   0.418318099287	  -0.480192964158
C 	  -0.536344931879	   0.594331113144	  -1.475137934157
C 	   0.752029381306	   1.105037350360	  -0.866079497907
C 	   0.197238077805	   1.942255065726	   0.300926324618
H 	  -1.351658827490	   1.006834896390	   1.670646719346
H 	  -2.404971181827	  -0.024509718302	  -0.538433900269
H 	  -0.666060863114	   0.323092111500	  -2.525805087578
H 	   1.450459455952	   1.603430041128	  -1.553985207275
H 	   0.969319707227	   2.251079820285	   1.028359233726
H 	  -0.371789260739	   2.823888295174	  -0.034475443480
O 	  -1.358874952844	  -1.961107760612	   0.998146299697
C 	  -0.195886279772	  -1.685201406683	   1.104458791270
C 	   0.358758327177	  -0.294353659260	   1.060085344955
C 	   1.374039653472	  -0.092424674321	  -0.100680094163
H 	   0.568014113305	  -2.496307035696	   1.245191371387
H 	   0.866415805506	  -0.123295100951	   2.028075746364
H 	   1.475942578863	  -0.981705019154	  -0.745271583349
H 	   2.378270419571	   0.155308149120	   0.280545313510
Energy    = -385.520019883896 (-385.630478447004 :    0.000000000000)
Spin(**2) =    0.000000000000
ZPVE      =    0.197776493612
Normal mode eigenvalues : nmode = 51
  0.011961146   0.017617318   0.019350856   0.031305307   0.033942484
  0.034577710   0.038373229   0.041091243   0.042481612   0.044644477
  0.049049017   0.052608078   0.057596231   0.062862231   0.065847544
  0.066239389   0.067599176   0.068268741   0.069473297   0.071754707
  0.075572534   0.118929374   0.121522049   0.123232206   0.125937656
  0.127805060   0.129605445   0.130480493   0.132237045   0.133364095
  0.135414136   0.136416191   0.137443962   0.138824767   0.139782517
  0.140853012   0.141722731   0.145419472   0.149114089   0.149836860
  0.151922949   0.237256105   0.243702077   0.245068888   0.245373542
  0.247270469   0.252225602   0.254800097   0.256351386   0.257182329
  0.264527636

# Geometry of EQ 9, SYMMETRY = C1  
C 	  -1.402322539950	   1.554161877762	   0.526926764092
C 	  -1.790633544184	   0.495447566331	  -0.180702272963
C 	  -0.642392654073	  -0.176178003437	  -0.872243785147
C 	   0.559216636546	   0.770795954398	  -0.616551841477
C 	   0.062613823518	   1.841217071504	   0.386396862176
H 	  -2.065163966067	   2.162661458777	   1.150824763045
H 	  -2.804381588353	   0.087525359881	  -0.221931047476
H 	  -0.818768950925	  -0.334817293123	  -1.947136291905
H 	   0.820953636651	   1.261427315912	  -1.568043841198
H 	   0.573545675175	   1.765307213546	   1.364239652011
H 	   0.247795323762	   2.864830516632	   0.014245958017
O 	  -0.498793057135	  -1.499382378749	  -0.351694016785
C 	   0.206107414860	  -1.621901857296	   0.793027784522
C 	   1.323086879692	  -0.925627010844	   1.002925136344
C 	   1.768151865036	  -0.005893843447	  -0.094455296538
H 	  -0.209591730607	  -2.362559114723	   1.484599717847
H 	   1.889719116963	  -1.046236729051	   1.928778383188
H 	   2.211614674945	  -0.595321388816	  -0.920858417575
H 	   2.549202681276	   0.693808130947	   0.246714740558
Energy    = -385.514220741074 (-385.624950599006 :    0.000000000000)
Spin(**2) =    0.000000000000
ZPVE      =    0.196876972656
Normal mode eigenvalues : nmode = 51
  0.017486208   0.020128915   0.025775481   0.028068014   0.032423940
  0.033148581   0.038240992   0.039551318   0.040425489   0.043833155
  0.045820385   0.049391290   0.051734210   0.057235605   0.058991142
  0.063543975   0.064666715   0.066835458   0.067612820   0.072936776
  0.074553091   0.116008750   0.119827170   0.122194499   0.125481387
  0.126936945   0.128793188   0.129850069   0.131262986   0.131925117
  0.133486185   0.133501891   0.134823631   0.136434857   0.139070963
  0.142586237   0.143607708   0.145452924   0.147007396   0.147913372
  0.150867697   0.243298268   0.244342089   0.244829720   0.245450636
  0.246939223   0.247733642   0.252979535   0.255925190   0.258478559
  0.262623508

# Geometry of EQ 10, SYMMETRY = C1  
C 	  -0.772403909873	   0.698761098369	   0.690600215763
C 	  -2.016280224160	   0.508182653276	  -0.145035628287
C 	  -1.631063920315	   0.499813780965	  -1.425896701405
C 	  -0.126251837443	   0.677663343801	  -1.402110949004
C 	   0.046683869060	   1.635158940528	  -0.221253594753
H 	  -0.907070846487	   0.984087436046	   1.742790887277
H 	  -3.011224314189	   0.293142955060	   0.252714762924
H 	  -2.235594694793	   0.274128893637	  -2.306797800009
H 	   0.382045889331	   0.905106802466	  -2.347299941789
H 	   1.097101460826	   1.759537007175	   0.084763683089
H 	  -0.434311108193	   2.613293841442	  -0.367229366272
O 	   0.413829534901	  -0.548304231688	  -0.886115451516
C 	   0.042697091007	  -0.614968061045	   0.473050217847
C 	   1.238486469352	  -0.699712241860	   1.362899632780
C 	   2.491095332347	  -0.601814752224	   0.927081526116
H 	  -0.604805413527	  -1.497625324125	   0.639139330794
H 	   1.027550472541	  -0.842766437946	   2.431034819476
H 	   2.700323565970	  -0.480262347914	  -0.140502299263
H 	   3.340483994124	  -0.657684975711	   1.616977606518
Energy    = -385.480142733882 (-385.596004250183 :    0.000000000000)
Spin(**2) =    0.000000000000
ZPVE      =    0.196715549294
Normal mode eigenvalues : nmode = 51
  0.014013912   0.022639398   0.023772199   0.028531047   0.031609215
  0.034096977   0.036003370   0.040216628   0.041338529   0.043917764
  0.048227657   0.051431614   0.057277074   0.060561901   0.062605715
  0.065356371   0.065881840   0.067886367   0.068171434   0.068709422
  0.074711096   0.107750165   0.115401100   0.122817974   0.124190429
  0.125257760   0.126225102   0.129644456   0.129994080   0.132207026
  0.134388796   0.136267036   0.137017770   0.137610571   0.138756651
  0.139848925   0.141335214   0.143817262   0.145846519   0.150195023
  0.153024671   0.229931468   0.241943083   0.244023541   0.244741421
  0.246701163   0.251371770   0.254121296   0.255484656   0.257636481
  0.260111707

# Geometry of EQ 11, SYMMETRY = C1  
C 	  -1.603461702991	   1.402106248612	   0.250683927016
C 	  -1.298776634152	   0.334091881101	  -0.507728678825
C 	   0.059396829355	   0.522324384659	  -1.117298840155
C 	   0.455186333834	   1.885126665329	  -0.625221466387
C 	  -0.508970215248	   2.380104582899	   0.173464507280
H 	  -2.523881592469	   1.543821755303	   0.822619855586
H 	  -1.905727941577	  -0.559578053049	  -0.652221528763
H 	  -0.022228249549	   0.528830681357	  -2.222716619921
H 	   1.403699284855	   2.365664824718	  -0.878301326508
H 	   1.281170295279	   0.313797753678	   1.276326661643
H 	  -0.497515570911	   3.347083891515	   0.682279595064
O 	  -0.658177161484	  -2.172255801357	   0.845790465381
C 	   0.103855138965	  -1.457467055409	   1.437459694653
C 	   1.213114076059	  -0.676519486151	   0.790878459349
C 	   1.074080386321	  -0.559504124192	  -0.718051313218
H 	   0.047074847090	  -1.370260728691	   2.553931886354
H 	   2.149377754646	  -1.203633999219	   1.064354830178
H 	   0.761857399812	  -1.532720497215	  -1.131521945503
H 	   2.051687687597	  -0.312584648309	  -1.166725584238
Energy    = -385.502734452788 (-385.621828117566 :    0.000000000000)
Spin(**2) =    0.000000000000
ZPVE      =    0.193661621938
Normal mode eigenvalues : nmode = 51
  0.008490956   0.015093550   0.019225528   0.020563314   0.026777294
  0.029057599   0.035123369   0.036944001   0.040293615   0.042010849
  0.043103435   0.043393693   0.046285307   0.052828456   0.057381264
  0.060977399   0.062744012   0.064628383   0.065317531   0.068088316
  0.073348813   0.113014702   0.117772923   0.119830723   0.122864341
  0.124550222   0.127762996   0.129781288   0.130560827   0.131045927
  0.132213754   0.132797784   0.134544092   0.135316816   0.136165032
  0.138712898   0.142074783   0.144705319   0.147521557   0.147965093
  0.154553379   0.235400415   0.244515124   0.245373288   0.245707643
  0.246128272   0.246776735   0.249908283   0.253091197   0.258688871
  0.262610505

# Geometry of EQ 12, SYMMETRY = C1  
C 	   0.387531149252	   1.797913745061	  -1.141167097326
C 	   1.444270173288	   0.725538418647	  -1.114955102644
C 	   0.919648550135	  -0.481060064245	  -0.899417615462
C 	  -0.572748321122	  -0.362566412070	  -0.648866853158
C 	  -0.917680642592	   0.992523537859	  -1.275157053407
H 	   0.531793696970	   2.518029105445	  -1.965405785675
H 	   2.511394307933	   0.928572636381	  -1.245726220130
H 	   1.479650753987	  -1.415520410114	  -0.810665336409
H 	  -1.155589110466	  -1.211220437988	  -1.049596515413
H 	  -1.160597612439	   0.847232281104	  -2.341217815515
H 	  -1.773035993002	   1.474272857540	  -0.779591679704
O 	  -0.999371962479	   0.677637405978	   1.461717787345
C 	  -0.681449107601	  -0.322943610955	   0.862763616521
C 	  -0.242694408575	  -1.555169710555	   1.569418972612
C 	   0.028228874016	  -1.517757804223	   2.872955407936
H 	   0.405059797592	   2.379170619745	  -0.200476276769
H 	  -0.115015726693	  -2.473751883214	   0.985161687056
H 	  -0.096798945279	  -0.580125130325	   3.427145530685
H 	   0.374164363065	  -2.401607039822	   3.419807736356
Energy    = -385.497356875182 (-385.621899118311 :    0.000000000000)
Spin(**2) =    0.000000000000
ZPVE      =    0.192672011555
Normal mode eigenvalues : nmode = 51
  0.010300789   0.014626208   0.017804393   0.019257478   0.024715438
  0.027310601   0.032215354   0.035095258   0.038684571   0.039778564
  0.043543191   0.044799070   0.050788837   0.052418742   0.057861616
  0.060540461   0.063800382   0.067135963   0.067827044   0.070450495
  0.074938054   0.105785098   0.109469710   0.113008462   0.123879467
  0.124657789   0.126354338   0.128832927   0.129191945   0.129965070
  0.131313639   0.132041705   0.133245732   0.134489974   0.135758438
  0.139138326   0.140455401   0.142445472   0.144785064   0.145778190
  0.148538501   0.229044915   0.241679729   0.242491855   0.244681323
  0.244940245   0.246936466   0.248606322   0.252483543   0.258565847
  0.260661968

# Geometry of EQ 13, SYMMETRY = C1  
C 	   0.207928762236	   0.860063521035	  -0.686363278045
C 	   0.872946152157	  -0.463872395861	  -0.270578129105
C 	   0.280687038883	  -1.387891610571	  -1.298405717315
C 	  -0.873378159451	  -0.905630340867	  -1.767816373520
C 	  -1.186153276590	   0.446497762510	  -1.183791830343
H 	   0.766325110209	   1.266180234453	  -1.545680125775
H 	   1.971200551160	  -0.383034959032	  -0.323657194203
H 	   0.708135684809	  -2.362889238423	  -1.549567289335
H 	  -1.528274875494	  -1.423582548597	  -2.474368483054
H 	  -1.609495756344	   1.165628881992	  -1.904328634237
H 	  -1.896461740689	   0.370825079786	  -0.337223094329
O 	   0.206135856093	   1.885555830033	   0.270392976296
C 	   0.255036488447	   1.540512709757	   1.568142706590
C 	   0.377279134352	   0.301436488695	   2.048228350346
C 	   0.461789700901	  -0.887596796909	   1.147776823787
H 	   0.197667639818	   2.424893660642	   2.209390728013
H 	   0.410705622558	   0.169092009730	   3.133020456768
H 	  -0.513321574239	  -1.410762064685	   1.111719570528
H 	   1.182923137941	  -1.625828079329	   1.541146328987
Energy    = -385.513513406088 (-385.628340205185 :    0.000000000000)
Spin(**2) =    0.000000000000
ZPVE      =    0.197239028926
Normal mode eigenvalues : nmode = 51
  0.017036547   0.021359691   0.025472725   0.027651886   0.031333065
  0.032792044   0.036150270   0.039775832   0.041032535   0.042868842
  0.047084941   0.048778644   0.054181394   0.055917149   0.059216943
  0.063680639   0.065567359   0.067051126   0.068128888   0.074398309
  0.074932663   0.114406561   0.119705455   0.122109751   0.125119873
  0.126483814   0.128512748   0.130082441   0.131066538   0.131506180
  0.133607765   0.134771214   0.135826805   0.137179479   0.139706845
  0.144867185   0.146342788   0.146524704   0.149593340   0.152988720
  0.154037064   0.242735295   0.244503529   0.245155563   0.245566236
  0.246892468   0.249219899   0.250404644   0.255998753   0.263062492
  0.265732075

# Geometry of EQ 14, SYMMETRY = C1  
C 	  -0.477577252806	   0.631614378184	  -0.056950913699
C 	  -0.018800052329	  -0.173147948315	   1.171363679204
C 	  -0.507098154905	  -1.558320870308	   0.833996316167
C 	  -1.533666105595	  -1.480589341375	  -0.012384450335
C 	  -1.818260051156	  -0.045441246298	  -0.396777428994
H 	  -0.582901016908	   1.700161677199	   0.189318922653
H 	  -0.546742667645	   0.187828351918	   2.073806468323
H 	  -0.112296067347	  -2.460461200476	   1.308031128408
H 	  -2.132715089588	  -2.326773865520	  -0.360984741970
H 	  -2.102497634063	   0.083909683882	  -1.455728388508
H 	  -2.647332374730	   0.363317239062	   0.213845027817
O 	   1.339967001044	  -0.090451910971	   1.515659694771
C 	   2.221327420762	   0.052567708079	   0.511215317670
C 	   1.913379145998	   0.303452076110	  -0.761797006103
C 	   0.502074971660	   0.452424371148	  -1.224314798029
H 	   3.249869069721	  -0.040026368131	   0.872113843520
H 	   2.730344711085	   0.398688930142	  -1.482324839035
H 	   0.410387338985	   1.315649330519	  -1.908095167386
H 	   0.214925601037	  -0.434393916304	  -1.821242839693
Energy    = -385.516478943872 (-385.627312782147 :    0.000000000000)
Spin(**2) =    0.000000000000
ZPVE      =    0.197313739504
Normal mode eigenvalues : nmode = 51
  0.017383130   0.021469595   0.025323711   0.027770073   0.032207029
  0.033579019   0.035901455   0.039736805   0.041825180   0.042722109
  0.047390253   0.048594194   0.053844682   0.057478696   0.059347804
  0.063125959   0.065049972   0.067427869   0.068876451   0.073825299
  0.074518224   0.115819951   0.119730784   0.122777832   0.126355631
  0.127011969   0.128871682   0.130725253   0.131305665   0.133441798
  0.133644543   0.134743486   0.135269803   0.136406944   0.140729019
  0.143057874   0.144726007   0.145470676   0.147801300   0.150155047
  0.155506845   0.243279250   0.244276920   0.245065467   0.245745129
  0.247402434   0.248748245   0.252682482   0.256074447   0.261547749
  0.262802298

# Geometry of EQ 15, SYMMETRY = C1  
C 	   1.084046243292	   0.077474860989	  -0.556707768615
C 	   1.260796244563	  -1.301802343973	  -1.112818344299
C 	   0.157247075524	  -1.658550624590	  -1.793724031514
C 	  -0.777386850393	  -0.529156367825	  -1.812062694889
C 	  -0.241194005210	   0.499645874441	  -1.127901898819
H 	   1.885258777349	   0.770851771703	  -0.876019233782
H 	   2.128134289254	  -1.931490219744	  -0.900745300176
H 	  -0.028676508531	  -2.627027410774	  -2.264088322218
H 	  -1.742797204188	  -0.528686542494	  -2.324580593504
H 	  -0.677120135200	   1.489580240404	  -0.984799076447
H 	  -1.429239615567	  -0.046667630730	   0.703852096393
O 	  -1.775678779324	   0.569015259421	   1.370647791361
C 	  -0.802590638895	   1.372524078153	   1.836244161948
C 	   0.514314396330	   1.195682994196	   1.681348997509
C 	   1.075061542201	  -0.006729162322	   0.989764270431
H 	  -1.218744476328	   2.221123845167	   2.389226620242
H 	   1.187340371772	   1.950751852607	   2.097002848917
H 	   0.486776709307	  -0.902225189994	   1.269526351168
H 	   2.102645274021	  -0.205420413871	   1.337630403484
Energy    = -385.466272504207 (-385.597869880727 :    0.000000000000)
Spin(**2) =    0.000000000000
ZPVE      =    0.194915648884
Normal mode eigenvalues : nmode = 51
  0.008689661   0.015339351   0.018695396   0.024177558   0.027641804
  0.028846254   0.035182188   0.037633358   0.038813855   0.041254434
  0.042548593   0.044986116   0.045206012   0.053471868   0.056776531
  0.061004049   0.063147394   0.064572434   0.066946850   0.068054088
  0.071856959   0.114527334   0.116009039   0.119942022   0.124416030
  0.126078646   0.128382873   0.130457066   0.130904825   0.131399245
  0.132992120   0.133170032   0.135555466   0.136773067   0.138201666
  0.142325606   0.146029680   0.147072523   0.154800068   0.158069480
  0.169993800   0.243736676   0.244729924   0.245520542   0.246765602
  0.247489411   0.249006474   0.249863394   0.257415149   0.263022641
  0.266829124

# Geometry of EQ 16, SYMMETRY = C1  
C 	   0.393491951439	   1.685929023834	   0.688066653743
C 	   0.749967439603	   0.518911178858	   0.111144252416
C 	   0.223762310054	   0.488188303581	  -1.259247638596
C 	  -0.438482507686	   1.630962911702	  -1.503954705580
C 	  -0.387418423204	   2.512891194675	  -0.290879375941
H 	   0.627893329746	   1.994712539921	   1.709629700079
H 	  -1.090390410865	  -0.052621731372	   0.921314526006
H 	   0.350590768168	  -0.353707149751	  -1.943117378265
H 	  -0.944881773424	   1.903289925031	  -2.432477205022
H 	   0.104802279089	   3.481292375122	  -0.506604466183
H 	  -1.400079124307	   2.761361946704	   0.083745623870
O 	  -1.580347563509	  -0.892549086614	   0.906901436655
C 	  -0.731661523443	  -1.920236357659	   0.753470990446
C 	   0.605658057360	  -1.889411284260	   0.670822333253
C 	   1.454648815980	  -0.646718782296	   0.724673850288
H 	  -1.274276533294	  -2.870316757356	   0.697523864644
H 	   1.111214811399	  -2.853580262741	   0.565784255483
H 	   2.394686027315	  -0.830750995487	   0.173089293037
H 	   1.750923687093	  -0.401876014037	   1.762477984055
Energy    = -385.485018701409 (-385.604860517363 :    0.000000000000)
Spin(**2) =    0.000000000000
ZPVE      =    0.194666274132
Normal mode eigenvalues : nmode = 51
  0.009235520   0.016127807   0.018036737   0.023997101   0.027491514
  0.029709648   0.031996731   0.037160474   0.038621260   0.041177364
  0.042459603   0.042952037   0.045679219   0.054303162   0.056458432
  0.058967149   0.060212122   0.064724540   0.067409038   0.073681282
  0.082190668   0.109588128   0.115425853   0.120228920   0.125231556
  0.125994744   0.127227884   0.129805181   0.130060026   0.130448643
  0.132009415   0.132619222   0.133321501   0.134398003   0.135114501
  0.135728811   0.138215254   0.143218818   0.146384939   0.165305148
  0.184088199   0.242853974   0.244061740   0.244632260   0.245908056
  0.246374410   0.248292964   0.249054639   0.251731021   0.255701430
  0.287066437

# Geometry of EQ 17, SYMMETRY = C1  
C 	  -1.453220383831	   0.180608159845	   1.441936876836
C 	  -0.619916952560	  -0.804904256210	   1.823980445863
C 	  -0.367678264586	  -1.686129981060	   0.681939096387
C 	  -1.053553020407	  -1.232102897583	  -0.385587998059
C 	  -1.807614626653	   0.002729074074	  -0.002320268483
H 	  -1.810018409166	   1.007101245857	   2.058868631296
H 	  -0.183659354809	  -0.931988259389	   2.817678478945
H 	   0.274927638966	  -2.570200923104	   0.705503245838
H 	  -1.065684112317	  -1.671818450583	  -1.384452076509
H 	  -1.483003525930	   0.879811957044	  -0.596971959903
H 	  -2.898076717982	  -0.104472678258	  -0.162244403954
O 	   0.720166058826	   1.679351862698	   0.036509565313
C 	   1.391573348899	   0.679938029455	   0.000051290213
C 	   1.675414122584	  -0.068309732060	  -1.246270333282
C 	   1.244014874080	   0.387280859450	  -2.422461389317
H 	   1.848339658808	   0.267834106572	   0.931964445523
H 	   2.246699688882	  -0.999126001991	  -1.161745689360
H 	   0.674846180123	   1.323011420031	  -2.473517708305
H 	   1.439108747393	  -0.148053012196	  -3.357888138546
Energy    = -385.450129924553 (-385.579408546154 :    0.000000000000)
Spin(**2) =    0.000000000000
ZPVE      =    0.188314928023
Normal mode eigenvalues : nmode = 51
  0.005962329   0.010962297   0.015305413   0.017058053   0.020068444
  0.023230815   0.029296141   0.033661055   0.036023399   0.036805479
  0.039846707   0.041453327   0.043165839   0.044308836   0.050127037
  0.054507265   0.060568543   0.061217339   0.062410074   0.064053634
  0.065018733   0.103164407   0.110777694   0.113200280   0.119903927
  0.124197742   0.125111820   0.125815778   0.126039195   0.127281506
  0.128230243   0.128998427   0.130466934   0.130911554   0.131037294
  0.132780577   0.132952536   0.134103899   0.138330017   0.141490477
  0.147897210   0.229621140   0.238723813   0.241872961   0.244227638
  0.244690432   0.244982063   0.245916129   0.247327701   0.250856047
  0.256534505

# Geometry of EQ 18, SYMMETRY = C1  
C 	  -1.583181094230	   1.378501317379	   0.724749748567
C 	  -1.808605460329	   0.289233823595	  -0.008047402589
C 	  -0.640840239263	  -0.045603284693	  -0.890917117545
C 	   0.479355770036	   0.885327174339	  -0.352775042601
C 	  -0.242718487790	   1.998134094002	   0.428974197169
H 	  -2.293203134356	   1.814268109472	   1.434833558605
H 	  -2.718016162241	  -0.317854675316	   0.002826435595
H 	  -0.870211312977	   0.091716769256	  -1.961542146065
H 	   1.122895462950	   1.285732773438	  -1.152694078256
H 	   0.304822371222	   2.304056923512	   1.337810209563
H 	  -0.362764331301	   2.909683290496	  -0.186006645933
O 	  -0.214637756421	  -1.384343713651	  -0.732696630698
C 	   0.712214417877	  -1.435540162149	   0.299606866217
C 	   1.243361884130	  -0.062581498546	   0.559357288952
C 	   2.117785164917	  -1.105621089250	  -0.088916886805
H 	   0.485480112199	  -2.152673103330	   1.095980212722
H 	   1.486101330714	   0.269093390555	   1.573703848359
H 	   2.322861361294	  -1.015851220427	  -1.161902175924
H 	   2.938098112533	  -1.520502999018	   0.507458342167
Energy    = -385.501915347842 (-385.611503272923 :    0.000000000000)
Spin(**2) =    0.000000000000
ZPVE      =    0.197991523577
Normal mode eigenvalues : nmode = 51
  0.017669939   0.023113774   0.027125530   0.028969794   0.032833461
  0.037115647   0.039692022   0.040090710   0.043634004   0.045895459
  0.052572777   0.054753719   0.056011411   0.056835337   0.059860005
  0.063343890   0.065218416   0.067981312   0.070653903   0.072355684
  0.076329169   0.112782206   0.115107002   0.124744267   0.126978890
  0.127549973   0.129001516   0.130833261   0.131347219   0.132442672
  0.133679025   0.135188252   0.135759377   0.137180127   0.140481827
  0.141472722   0.142975902   0.144122588   0.144706963   0.147227081
  0.148640272   0.239385766   0.243580905   0.244431687   0.246427629
  0.249210540   0.250636031   0.254891759   0.257343137   0.261075930
  0.262538750

# Geometry of EQ 19, SYMMETRY = C1  
C 	   0.034257492841	  -0.763312106261	  -0.515000921133
C 	  -0.129727746731	  -1.794994394253	   0.340679773210
C 	  -1.531439437354	  -1.861926824344	   0.756455891513
C 	  -2.219188063421	  -0.875401722942	   0.150128007252
C 	  -1.296454467721	  -0.098258060745	  -0.734846456427
H 	   0.204582194856	   0.081780607811	   1.394817387661
H 	   0.664443798522	  -2.456576834136	   0.696655382201
H 	  -1.939840889443	  -2.599152967419	   1.451239363556
H 	  -3.286671404053	  -0.670951650902	   0.252798916691
H 	  -1.597251303477	  -0.165575256523	  -1.798935786258
H 	  -1.267148125404	   0.979417514496	  -0.488241513713
O 	   0.448473288675	   0.976420390371	   1.686697203316
C 	   1.274111058929	   1.548405124460	   0.795054088478
C 	   1.684022539986	   1.091659069752	  -0.396734164623
C 	   1.315297132010	  -0.217242164800	  -1.047304472827
H 	   1.611795411876	   2.527219660678	   1.153529883244
H 	   2.377938134277	   1.738732429104	  -0.942513503521
H 	   1.233590192547	  -0.060866544624	  -2.139108022608
H 	   2.121327085162	  -0.962338974206	  -0.905194447645
Energy    = -385.478431566100 (-385.604977110560 :    0.000000000000)
Spin(**2) =    0.000000000000
ZPVE      =    0.195137982979
Normal mode eigenvalues : nmode = 51
  0.009572527   0.016024696   0.018247440   0.024173027   0.027062370
  0.030261714   0.031562360   0.037059473   0.038416713   0.041192622
  0.042080809   0.042481388   0.045708202   0.054485627   0.056104471
  0.058690476   0.061675241   0.063597387   0.067818305   0.074573589
  0.082651532   0.110616245   0.117141835   0.120571372   0.124389364
  0.126243916   0.128898755   0.129894083   0.130804057   0.131420446
  0.131856904   0.133674333   0.133707835   0.134615345   0.135155746
  0.137575211   0.139086259   0.145989527   0.147816924   0.168144900
  0.186545047   0.244314313   0.244853983   0.245096482   0.246170662
  0.246528195   0.247512973   0.249738707   0.252781963   0.256493729
  0.294774695

# Geometry of EQ 20, SYMMETRY = C1  
C 	  -1.406693559274	   0.241445635826	   0.981387950825
C 	  -0.518244054771	  -0.654343462178	   1.451483880574
C 	  -0.493752235207	  -1.817300233530	   0.562392958997
C 	  -1.370456499652	  -1.623803871593	  -0.440882286935
C 	  -2.044769458221	  -0.298832589471	  -0.260231180399
H 	  -1.626887099774	   1.221452904477	   1.407913743492
H 	   0.094870667864	  -0.539366663799	   2.348500027148
H 	   0.139643802995	  -2.696816267395	   0.703308561471
H 	  -1.582001673249	  -2.311927322295	  -1.262152063620
H 	  -1.889414267778	   0.372046914919	  -1.127860961218
H 	  -3.141820968670	  -0.405433596795	  -0.147429601946
O 	   1.133578603642	   2.089940363429	   0.364145733144
C 	   1.539946541899	   0.975703934536	   0.157994158513
C 	   1.264424213508	   0.209063221524	  -1.078765025248
C 	   0.526175870949	   0.742500704739	  -2.052184152736
H 	   2.184789259979	   0.455979475166	   0.910530870975
H 	   1.681090352293	  -0.799628546563	  -1.158177304040
H 	   0.126398988619	   1.757389792407	  -1.939988201133
H 	   0.303120286094	   0.197113312181	  -2.975462607046
Energy    = -385.450253101781 (-385.578584891534 :    0.000000000000)
Spin(**2) =    0.000000000000
ZPVE      =    0.188159460175
Normal mode eigenvalues : nmode = 51
  0.005990158   0.010392365   0.015412808   0.016856500   0.019104914
  0.022125771   0.029775511   0.033562191   0.035782284   0.036922579
  0.040119060   0.040802300   0.043063844   0.044122507   0.049989768
  0.054622042   0.060277116   0.061219071   0.062667165   0.064001224
  0.064996590   0.103616624   0.110147792   0.113656811   0.119733086
  0.123591347   0.124647489   0.125280090   0.125603804   0.127667192
  0.128362798   0.129171992   0.129856084   0.130918837   0.131485256
  0.132337089   0.132562289   0.134677626   0.138066113   0.141529701
  0.147095423   0.230011188   0.237199106   0.242395959   0.244380985
  0.244998274   0.245033850   0.245914350   0.247483047   0.252057442
  0.256811025
