List of Equilibrium Structures

# Geometry of EQ 0, SYMMETRY = C1  
C 	   0.821464532775	  -2.865260789443	   1.588855080077
H 	   0.357450200251	  -1.877993582843	   1.691993310741
C 	   0.954726582841	  -3.680101139882	   2.639227350174
H 	   1.425267875483	  -4.662228462657	   2.510451759263
H 	   0.603620546807	  -3.397987074691	   3.637512617550
C 	   1.311393806590	  -3.269978337201	   0.233804974006
O 	   1.844857659828	  -4.339538491016	   0.040635361648
C 	   1.157672816138	  -2.263001357137	  -0.894350044652
H 	   0.908537010968	  -2.823952092603	  -1.809939219157
H 	   0.347968127592	  -1.543827403615	  -0.684900467440
C 	   2.721952407280	   0.732530805735	  -1.779560387189
C 	   3.058601613969	   0.632482119149	  -0.352382555342
C 	   2.919147621056	  -0.646908631849	   0.046462181380
C 	   2.476027782278	  -1.491169778197	  -1.121348335499
C 	   2.383441080728	  -0.487810170386	  -2.238788331920
H 	   2.751145182990	   1.656323822346	  -2.362101843020
H 	   3.379112158927	   1.470873454968	   0.270688099175
H 	   3.109832004537	  -1.042524640940	   1.047001354936
H 	   3.261047441138	  -2.239716029929	  -1.353206512404
H 	   2.077695088927	  -0.745358717994	  -3.255406929314
Energy    = -423.666936949438 (-423.666936949438 :    0.000000000000)
Spin(**2) =    0.000000000000
ZPVE      =    0.198626131623
Normal mode eigenvalues : nmode = 54
  0.006401763   0.012171011   0.016560485   0.017997540   0.021710636
  0.023081871   0.026388166   0.031398738   0.032457263   0.036556019
  0.038291723   0.040768224   0.041843443   0.042391360   0.046919643
  0.053052014   0.056574272   0.059724807   0.062461035   0.063524513
  0.066428013   0.067484090   0.070128589   0.072873846   0.101794211
  0.111251825   0.117546928   0.121793718   0.124080470   0.124225783
  0.127280441   0.128963887   0.130349359   0.130889021   0.131677770
  0.132328994   0.134639563   0.136329467   0.136880906   0.139218180
  0.140541062   0.148280806   0.148929655   0.154420122   0.228542233
  0.241851292   0.244364306   0.244952330   0.245808996   0.246895597
  0.247493348   0.253522546   0.254888600   0.265913725

# Geometry of EQ 1, SYMMETRY = C1  
C 	   0.318319786589	  -3.292349486982	   1.556991625554
H 	  -0.663650619726	  -2.863349544466	   1.325590655507
C 	   0.466891804883	  -4.190268531225	   2.534304572669
H 	   1.459697774642	  -4.604007850613	   2.747559804200
H 	  -0.379944532775	  -4.531510218436	   3.139062496043
C 	   1.487700410278	  -2.836385332860	   0.741135764887
O 	   2.604707742725	  -3.261597544100	   0.931454000369
C 	   1.178196805890	  -1.822714960173	  -0.345159909148
H 	   0.465112242335	  -2.302758765535	  -1.044018014655
H 	   0.626782406743	  -0.975297549149	   0.104801452162
C 	   2.690535932921	   0.772067195389	  -2.105477078110
C 	   3.489712704268	   0.738646799347	  -0.872033442866
C 	   3.336922456028	  -0.460794449267	  -0.277810167701
C 	   2.408654369865	  -1.315088617172	  -1.102117976015
C 	   2.058234737907	  -0.408406539382	  -2.252425527086
H 	   2.632950885638	   1.624092256012	  -2.787207893842
H 	   4.112315044769	   1.561815502246	  -0.513150013958
H 	   3.808086802930	  -0.808530709103	   0.642819565198
H 	   2.972793818054	  -2.195917978997	  -1.468845352585
H 	   1.385175219053	  -0.692503732608	  -3.065075454327
Energy    = -423.669262603728 (-423.669262603728 :    0.000000000000)
Spin(**2) =    0.000000000000
ZPVE      =    0.198509917416
Normal mode eigenvalues : nmode = 54
  0.006607304   0.012623697   0.014733788   0.017289238   0.021389728
  0.024145866   0.026033945   0.031211892   0.033513286   0.035722459
  0.038973711   0.040063721   0.041451024   0.043124878   0.045136117
  0.053001640   0.055724585   0.060169584   0.062850174   0.063553809
  0.066271327   0.067898627   0.070212848   0.073771544   0.100631503
  0.112631391   0.116674272   0.121187155   0.123894913   0.124498978
  0.127869579   0.128982171   0.130119921   0.130794210   0.131403839
  0.132587226   0.133334870   0.135190698   0.137801505   0.138844528
  0.140453226   0.149301093   0.150103397   0.155537642   0.228412331
  0.241224149   0.244291535   0.244790792   0.245584997   0.246985996
  0.247082746   0.252410532   0.253515447   0.266293263

# Geometry of EQ 2, SYMMETRY = C1  
C 	   0.429140743358	  -3.340022322994	   1.381387802409
H 	   0.174355849339	  -4.223455527959	   0.783703490287
C 	   0.022095265996	  -3.224663749266	   2.647845135386
H 	   0.289123825824	  -2.331402961239	   3.225186662210
H 	  -0.576861891061	  -4.000677015900	   3.136152507460
C 	   1.248109499390	  -2.265033672159	   0.730988870712
O 	   1.572368556570	  -1.265166564851	   1.324539858775
C 	   1.631854436683	  -2.531091651631	  -0.714805582329
H 	   2.175566070333	  -3.495455538531	  -0.743469896117
H 	   0.697495799551	  -2.712324772511	  -1.280828122656
C 	   2.713414928098	   0.860574396272	  -1.146614199122
C 	   3.948242030363	   0.207012344663	  -0.699788256964
C 	   3.806459126728	  -1.127953070547	  -0.807465241330
C 	   2.457881960998	  -1.441705129440	  -1.400342408620
C 	   1.826512260690	  -0.079920093832	  -1.524513597865
H 	   2.551284754568	   1.940853232283	  -1.160163743199
H 	   4.833307332568	   0.733090909172	  -0.334594973153
H 	   4.547305302657	  -1.888727544311	  -0.550694236329
H 	   2.642363114391	  -1.801960798568	  -2.435817656189
H 	   0.815045993970	   0.086849113946	  -1.902298147470
Energy    = -423.664575942426 (-423.664575942426 :    0.000000000000)
Spin(**2) =    0.000000000000
ZPVE      =    0.198624607675
Normal mode eigenvalues : nmode = 54
  0.006926866   0.012511468   0.014616511   0.017840806   0.022673121
  0.023016146   0.028508480   0.030662836   0.033056282   0.036427318
  0.038897317   0.039716452   0.042037922   0.043977808   0.046041751
  0.052917486   0.055677904   0.060312637   0.062944236   0.063720486
  0.067487468   0.067626800   0.069719916   0.075218037   0.104990235
  0.112573434   0.115209454   0.122276405   0.123255083   0.123995056
  0.126800620   0.128614295   0.130101710   0.131022030   0.131170648
  0.132386196   0.134348360   0.134727652   0.135775037   0.137990245
  0.139509352   0.148273237   0.148978092   0.153168944   0.228537198
  0.240932141   0.244577284   0.244816866   0.245671773   0.246113535
  0.246816758   0.252789682   0.253142342   0.266172375

# Geometry of EQ 3, SYMMETRY = C1  
C 	   0.198118206664	  -1.810520761607	   1.028488021939
H 	  -0.397410098313	  -1.280115344795	   0.277973398533
C 	  -0.060668051065	  -1.679506489610	   2.332229881295
H 	   0.553596454516	  -2.215112763890	   3.065695162103
H 	  -0.874886276061	  -1.045312918801	   2.698590640202
C 	   1.316638937025	  -2.681603126557	   0.550668628397
O 	   1.990079975545	  -3.332246290812	   1.317329513436
C 	   1.592970076000	  -2.706638653662	  -0.944875756414
H 	   2.121618463060	  -3.647580902331	  -1.164911757690
H 	   0.645387011241	  -2.696271837303	  -1.512703687776
C 	   2.672474832657	   0.645309735974	  -0.541807434002
C 	   3.870160596306	  -0.118750534467	  -0.165605868794
C 	   3.764246255880	  -1.372243341465	  -0.646809724458
C 	   2.465828048206	  -1.514935350446	  -1.395953046261
C 	   1.843037394093	  -0.150592724073	  -1.244102259823
H 	   2.499833718939	   1.694407334997	  -0.290253718223
H 	   4.705544859831	   0.280970918344	   0.413657350494
H 	   4.478987540397	  -2.187255667081	  -0.517728553947
H 	   2.693633778302	  -1.673641383203	  -2.470548174375
H 	   0.877388124171	   0.127009248581	  -1.673318042084
Energy    = -423.666725629412 (-423.666725629412 :    0.000000000000)
Spin(**2) =    0.000000000000
ZPVE      =    0.198761023185
Normal mode eigenvalues : nmode = 54
  0.006890984   0.011499354   0.016729914   0.018034582   0.020449909
  0.023104305   0.027249869   0.031774450   0.033978245   0.037208196
  0.039495615   0.041015919   0.042392166   0.042810897   0.048003820
  0.053133665   0.057038797   0.059989130   0.062860324   0.063777824
  0.066932255   0.067534224   0.070565012   0.073631593   0.105710392
  0.110678757   0.117466118   0.122453104   0.123928782   0.124155900
  0.127050414   0.127847679   0.130243449   0.130900200   0.131910245
  0.132403237   0.133538662   0.135203964   0.136158040   0.137432502
  0.141368699   0.146953160   0.148053996   0.149412365   0.228861453
  0.242290072   0.244534974   0.245366353   0.245604883   0.246085530
  0.246883028   0.255606551   0.256567871   0.263567766

# Geometry of EQ 4, SYMMETRY = C1  
C 	   1.018076429522	  -1.507359576569	   0.505577703962
H 	   0.210544513703	  -1.063919271769	   1.100628034038
C 	   2.354837678388	  -1.771875329789	   1.259395899567
H 	   2.406766062809	  -2.802249696598	   1.651415262994
H 	   2.491077210820	  -1.089086633467	   2.111588835558
C 	   0.678949447629	  -2.861375578190	  -0.094577075454
O 	  -0.255726944479	  -3.572164098416	   0.154017292851
C 	   1.802495413275	  -3.136954791879	  -1.104963798989
H 	   2.409611166379	  -4.002297557163	  -0.787443923907
H 	   1.360021687307	  -3.388730025138	  -2.083884827848
C 	   2.358688541518	   0.462355117247	  -0.432143711569
C 	   3.515739475279	  -0.000045880952	   0.060384870160
C 	   3.405381632597	  -1.508913708177	   0.129377520190
C 	   2.556586820263	  -1.807375104365	  -1.135294653566
C 	   1.501664017545	  -0.728457368826	  -0.771557964426
H 	   2.046503809021	   1.505169334720	  -0.520773819485
H 	   4.338211902117	   0.585632804914	   0.478625414509
H 	   4.345709077630	  -2.067794150881	   0.240224412045
H 	   3.102125071420	  -1.604483677850	  -2.068996511527
H 	   0.697752494172	  -0.561409743788	  -1.504890317549
Energy    = -423.708801688050 (-423.708801688050 :    0.000000000000)
Spin(**2) =    0.000000000000
ZPVE      =    0.208168205901
Normal mode eigenvalues : nmode = 54
  0.014624418   0.016267447   0.018487597   0.030981381   0.033493353
  0.035201313   0.037175904   0.039530153   0.043704777   0.048231865
  0.050051764   0.051755728   0.054374329   0.059099713   0.064231619
  0.065349556   0.066604033   0.069833812   0.069995290   0.071627032
  0.072519568   0.073357336   0.077576811   0.078130066   0.123029083
  0.124515735   0.126108191   0.127839166   0.130110764   0.130689659
  0.132774547   0.134022120   0.135091693   0.138398225   0.139307804
  0.140356080   0.140762932   0.141158070   0.142589533   0.144216277
  0.146091015   0.147795699   0.151207292   0.156683311   0.243483709
  0.244310033   0.245081176   0.246221305   0.250721897   0.253643900
  0.256528141   0.257376060   0.260173201   0.261796938

# Geometry of EQ 5, SYMMETRY = C1  
C 	  -0.170831860936	  -3.530713280193	   1.005695642791
H 	  -0.772445335349	  -2.768400661369	   1.514455333509
C 	  -0.544514529178	  -4.812808134831	   0.996175393451
H 	   0.073708611549	  -5.556452327159	   0.479249732971
H 	  -1.459935162574	  -5.151493718385	   1.492749270228
C 	   1.083451081175	  -3.085775861413	   0.320307086621
O 	   1.804323870839	  -3.864202294841	  -0.262050074045
C 	   1.397403824505	  -1.604099311051	   0.417113784511
H 	   0.511628771766	  -1.029596919513	   0.085467253815
H 	   1.518777369622	  -1.367221851137	   1.492524761377
C 	   2.720577286173	  -0.046131927230	  -2.411088943529
C 	   3.036254570658	   0.912476700144	  -1.342118277830
C 	   2.991767311978	   0.277966110707	  -0.154558695055
C 	   2.637665216706	  -1.170031512837	  -0.369095866915
C 	   2.485474636304	  -1.255513508616	  -1.865906358777
H 	   2.694847339397	   0.197499000492	  -3.475980938766
H 	   3.272518811222	   1.967369931663	  -1.501527916474
H 	   3.172895916632	   0.718503443098	   0.828917400495
H 	   3.482351537642	  -1.819027440971	  -0.062709800576
H 	   2.241543875083	  -2.181618360854	  -2.388720728371
Energy    = -423.669263824717 (-423.669263824717 :    0.000000000000)
Spin(**2) =    0.000000000000
ZPVE      =    0.198510294042
Normal mode eigenvalues : nmode = 54
  0.006607370   0.012623517   0.014744893   0.017292712   0.021392271
  0.024147043   0.026024941   0.031222906   0.033513278   0.035722078
  0.038978684   0.040064489   0.041453286   0.043126160   0.045142187
  0.053001874   0.055724014   0.060172665   0.062852123   0.063553993
  0.066269475   0.067899798   0.070212288   0.073762328   0.100640018
  0.112629623   0.116680772   0.121186773   0.123894208   0.124497562
  0.127873964   0.128988061   0.130120946   0.130793809   0.131398638
  0.132590257   0.133330636   0.135197077   0.137813038   0.138838458
  0.140457762   0.149275704   0.150097210   0.155496175   0.228411277
  0.241222916   0.244291334   0.244793813   0.245587885   0.246987324
  0.247084771   0.252419790   0.253507743   0.266263145

# Geometry of EQ 6, SYMMETRY = C1  
C 	   2.087997237209	  -2.273875699070	   1.092991187025
H 	   0.508162739268	  -0.430272476898	  -1.278604664842
C 	   2.064395058504	  -2.260765610202	   2.427384120272
H 	   1.320155452157	  -2.867423674737	   2.957184610189
H 	   2.761630555414	  -1.658810190111	   3.021439813459
C 	   1.110050513514	  -3.097168946784	   0.300888833437
O 	   0.230591429392	  -3.780695747978	   0.759907804341
C 	   1.436458100855	  -2.925239264549	  -1.179096492595
H 	   1.979017073825	  -3.835227095407	  -1.497425293494
H 	   0.515503308034	  -2.874842474942	  -1.781612556343
C 	   2.247929038460	   0.611731762008	  -0.547439812967
C 	   3.008269819910	  -0.019683386734	   0.349302585113
C 	   2.993084559412	  -1.516146201816	   0.142254944833
C 	   2.329625940318	  -1.683455021885	  -1.263799939812
C 	   1.589035040061	  -0.345420841279	  -1.508308411732
H 	   2.072510013005	   1.691483705634	  -0.569070686414
H 	   3.548142835009	   0.459717793226	   1.170913290448
H 	   4.009126962407	  -1.950552408362	   0.168408589717
H 	   3.110464406142	  -1.801056618834	  -2.030553888922
H 	   1.656408331787	  -0.019132434131	  -2.560671254598
Energy    = -423.701561229182 (-423.701561229182 :    0.000000000000)
Spin(**2) =    0.000000000000
ZPVE      =    0.202404427661
Normal mode eigenvalues : nmode = 54
  0.012085302   0.014755465   0.016699319   0.018657927   0.025116010
  0.028252723   0.029359069   0.033633768   0.038657421   0.039989228
  0.041099813   0.044957384   0.047625475   0.052405370   0.055100585
  0.057157094   0.061262230   0.064153602   0.066785020   0.068756779
  0.072153408   0.074457755   0.076714554   0.080323711   0.106108161
  0.113492392   0.118180300   0.123863457   0.125072168   0.126463018
  0.128722991   0.129433264   0.130252938   0.131322120   0.132665869
  0.133550145   0.133885938   0.136701757   0.143138186   0.144687809
  0.145404764   0.146149391   0.147029530   0.150237013   0.229938838
  0.242332175   0.243779408   0.244122238   0.244579595   0.247498795
  0.252051328   0.253428550   0.261153485   0.263145639

# Geometry of EQ 7, SYMMETRY = C1  
C 	   1.241991553500	  -3.556200874059	   1.592288583363
H 	   0.678192728589	  -3.693698599222	   2.522011075097
C 	   2.385974697409	  -4.215705889300	   1.384979694077
H 	   2.974004336906	  -4.102231756570	   0.466865654975
H 	   2.783968965227	  -4.904523543105	   2.138430042468
C 	   0.599222639933	  -2.590854493899	   0.650670957617
O 	  -0.451939903952	  -2.074153681376	   0.958607241128
C 	   1.296204785157	  -2.234715260042	  -0.652317430943
H 	   1.769035095664	  -3.124225054642	  -1.101654648714
H 	   0.527367890297	  -1.863832360348	  -1.347964439736
C 	   2.997117215338	   0.545163075385	  -1.929445957646
C 	   2.185000632980	   1.149651088210	  -0.863528338370
C 	   1.802018134681	   0.190154233232	   0.000546588286
C 	   2.361468505644	  -1.136521230420	  -0.444821546028
C 	   3.103199345467	  -0.778684837976	  -1.706187866629
H 	   3.438664777191	   1.095808800753	  -2.763505915049
H 	   1.936435434100	   2.211505901903	  -0.798273180009
H 	   1.178113878684	   0.317653318299	   0.887283434520
H 	   3.092575037383	  -1.489446139539	   0.312518524834
H 	   3.639718820526	  -1.506829167305	  -2.319110933580
Energy    = -423.665905655582 (-423.665905655582 :    0.000000000000)
Spin(**2) =    0.000000000000
ZPVE      =    0.198768777051
Normal mode eigenvalues : nmode = 54
  0.006480627   0.011387871   0.016498513   0.017882595   0.021877956
  0.022974377   0.027626825   0.030305572   0.031877283   0.036433388
  0.038087582   0.040799909   0.041698855   0.044084495   0.047255410
  0.053260180   0.054143047   0.059595479   0.062401606   0.063604023
  0.067264045   0.067861628   0.070086148   0.073347952   0.106194709
  0.111286716   0.117207257   0.121541045   0.124004380   0.124585445
  0.127519605   0.129458694   0.130292109   0.130876458   0.131475208
  0.132351833   0.134354519   0.136315497   0.136715935   0.138836833
  0.141225833   0.149150498   0.151529899   0.157216452   0.229802955
  0.240274889   0.244292857   0.244636687   0.245689679   0.247058124
  0.248314148   0.253060534   0.255163973   0.265807728

# Geometry of EQ 8, SYMMETRY = C1  
C 	   0.062587286219	  -2.111464893907	   0.953737940298
H 	  -0.604522332449	  -2.395418501843	   1.773703486908
C 	   0.185129760037	  -0.835627731515	   0.557775833253
H 	   3.303037607891	  -1.924550165936	   0.855055694367
H 	  -0.413376255192	  -0.061537643198	   1.055289225215
C 	   0.812054621808	  -3.219354021624	   0.313237714953
O 	   0.799615982591	  -4.342634789901	   0.765168172480
C 	   1.537729067496	  -2.866470229884	  -0.973271999715
H 	   2.303557490131	  -3.635516280512	  -1.163426825777
H 	   0.790805655968	  -2.947248710193	  -1.786643636887
C 	   2.073916190067	   0.685570538325	   0.084454243548
C 	   3.278426471605	   0.173054418606	   0.347368365664
C 	   3.363080282834	  -1.279238673635	  -0.044645595167
C 	   2.133962308880	  -1.460669479204	  -0.963410603783
C 	   1.143748899903	  -0.360688180055	  -0.504712191632
H 	   1.750406172344	   1.704564241829	   0.316237916622
H 	   4.100304271619	   0.717052052939	   0.821825984682
H 	   4.304509657842	  -1.542751608227	  -0.556612063770
H 	   2.452154621729	  -1.205476544914	  -1.988138138121
H 	   0.557558628945	   0.041899748717	  -1.352690607602
Energy    = -423.708864478459 (-423.708864478459 :    0.000000000000)
Spin(**2) =    0.000000000000
ZPVE      =    0.204157149409
Normal mode eigenvalues : nmode = 54
  0.010937531   0.017038219   0.018219814   0.020867381   0.026384120
  0.031360194   0.034352512   0.035831836   0.037547537   0.038568675
  0.041729142   0.043594216   0.047525091   0.050801233   0.055696420
  0.057226701   0.061525971   0.064073758   0.065977623   0.068425132
  0.070154243   0.072215919   0.074946337   0.076871710   0.115829930
  0.120798710   0.123374700   0.125296429   0.128826672   0.129957006
  0.130318122   0.131538466   0.132867586   0.134949100   0.135522112
  0.136307009   0.138229346   0.141564066   0.143373674   0.145941738
  0.146879485   0.149816119   0.150740218   0.153685970   0.243254401
  0.244536041   0.245316610   0.246603559   0.248678662   0.250450504
  0.252516440   0.255101590   0.261311335   0.266365934

# Geometry of EQ 9, SYMMETRY = Cs  
C 	  -0.254227388005	  -2.887331651471	   1.533191276391
H 	  -1.326503999738	  -2.662862221021	   1.503227640588
C 	   0.214025362609	  -3.889286461327	   2.283093450481
H 	   1.280228597697	  -4.138479079928	   2.333900503827
H 	  -0.461988686154	  -4.507996174708	   2.883775626481
C 	   0.562533767215	  -1.975691367934	   0.673655011585
O 	   0.011714342325	  -1.105458168548	   0.042417857747
C 	   2.069126987203	  -2.185436482349	   0.630269821804
H 	   2.457221623276	  -2.120006169966	   1.663848758487
H 	   2.264203624285	  -3.224523558047	   0.305530713234
C 	   2.370083914819	   0.041955243746	  -2.174419085418
C 	   2.531225298107	   0.961666880599	  -1.043222760035
C 	   2.767635188987	   0.250132814321	   0.075635312375
C 	   2.838189699332	  -1.214296357465	  -0.268804294239
C 	   2.509182657900	  -1.224730776828	  -1.738311007782
H 	   2.164328974698	   0.350167225020	  -3.202101277073
H 	   2.462136800056	   2.049785148728	  -1.111670113544
H 	   2.928433088094	   0.644421088415	   1.081762129387
H 	   3.907856560952	  -1.505903810536	  -0.184145687325
H 	   2.441281329494	  -2.135696344634	  -2.337598914653
Energy    = -423.663786902231 (-423.663786902231 :    0.000000000000)
Spin(**2) =    0.000000000000
ZPVE      =    0.198697455189
Normal mode eigenvalues : nmode = 54
  0.007195154   0.012740381   0.013374743   0.018094763   0.022215652
  0.024455905   0.027665008   0.031036416   0.032996254   0.033309938
  0.040048319   0.040941206   0.041985496   0.043981421   0.046481553
  0.053505487   0.054357599   0.059625638   0.062841865   0.063751088
  0.067560343   0.068259199   0.070450023   0.075636412   0.103294262
  0.112688061   0.118172183   0.121811478   0.123320692   0.123994228
  0.126619289   0.128928738   0.130202738   0.130903967   0.131026895
  0.133022187   0.134228483   0.135724372   0.135828339   0.138501705
  0.139212945   0.149485047   0.149648005   0.153863754   0.229039924
  0.240014324   0.244577844   0.244785282   0.245663273   0.246851876
  0.246899137   0.252780019   0.252909185   0.266499619

# Geometry of EQ 10, SYMMETRY = C1  
C 	   0.139929894096	  -2.124374586830	   1.235756720706
H 	  -0.764661015359	  -1.601075665902	   0.901928246996
C 	   0.131381272232	  -2.852632337370	   2.352584095111
H 	   1.023945551381	  -3.391073825170	   2.693861241258
H 	  -0.770933850902	  -2.942090750596	   2.967121485902
C 	   1.327440163217	  -1.921321422368	   0.371911248264
O 	   1.025611284840	  -2.080264802386	  -0.996867135036
C 	   2.677463881898	  -2.652511556943	   0.488721983212
H 	   3.116938913874	  -2.612910451919	   1.497729562649
H 	   2.713176369723	  -3.673358194865	   0.075709960536
C 	   1.823763407723	  -0.031294339405	  -1.799618272879
C 	   1.745873720055	   0.504119045738	  -0.570155991533
C 	   2.182540126395	  -0.538357261297	   0.399093157345
C 	   3.143882686751	  -1.473810919690	  -0.380962507928
C 	   2.200757131023	  -1.482250598082	  -1.609823544182
H 	   1.498911304900	   0.414948515983	  -2.741953064667
H 	   1.354579108661	   1.489634896536	  -0.307000175173
H 	   2.478612507620	  -0.240659373038	   1.413480978327
H 	   4.195868497929	  -1.203680545699	  -0.548914725874
H 	   2.491606787107	  -2.066606050622	  -2.492568300699
Energy    = -423.634587220157 (-423.634587220157 :    0.000000000000)
Spin(**2) =    0.000000000000
ZPVE      =    0.204670504979
Normal mode eigenvalues : nmode = 54
  0.013090362   0.020076113   0.023574056   0.028395745   0.030080818
  0.032805929   0.034796317   0.037575037   0.040065609   0.042212593
  0.044108440   0.047367513   0.052409724   0.056725485   0.058063639
  0.061744518   0.064371960   0.066475553   0.068002344   0.069465564
  0.070016036   0.075068243   0.076312141   0.089029157   0.107018341
  0.115754254   0.120397036   0.122977317   0.124139254   0.125046464
  0.128834656   0.129647464   0.130448482   0.131846280   0.135071250
  0.135615472   0.136109046   0.136903740   0.137888600   0.139670719
  0.140936253   0.142704672   0.143940744   0.147928821   0.228678120
  0.240918247   0.241839689   0.244037190   0.245158902   0.251072516
  0.251737347   0.255438357   0.256995793   0.258657553

# Geometry of EQ 11, SYMMETRY = C1  
C 	   0.915104816566	  -2.740681739194	   1.942342439570
H 	   1.051103955457	  -3.667477815582	   2.511509385824
C 	   0.638885492003	  -1.590798919146	   2.565924802518
H 	   0.520472824917	  -0.642851811125	   2.029174630216
H 	   0.536759622207	  -1.554253613071	   3.656347661062
C 	   1.120119027576	  -2.917556869563	   0.476105900869
O 	   1.512033697219	  -3.983874328642	   0.054473265350
C 	   0.875318945250	  -1.764368588434	  -0.486391869023
H 	   0.327618702318	  -2.187301720970	  -1.344915587471
H 	   0.255818151097	  -0.966850796914	  -0.048110980192
C 	   2.633794719171	   1.047861950674	  -1.586614299538
C 	   3.276050002937	   0.782939862027	  -0.290993655678
C 	   3.034450923522	  -0.492591797312	   0.069755637286
C 	   2.204120111505	  -1.166178414236	  -0.991932389871
C 	   2.008863198678	  -0.069915012380	  -2.004406887787
H 	   2.671071583533	   2.002987117614	  -2.115729920017
H 	   3.861801459370	   1.512808121897	   0.273028491829
H 	   3.385359877970	  -0.992035788290	   0.975673913366
H 	   2.786708143851	  -1.994164581924	  -1.444970086704
H 	   1.437347737420	  -0.196791128985	  -2.926748837764
Energy    = -423.666760671698 (-423.666760671698 :    0.000000000000)
Spin(**2) =    0.000000000000
ZPVE      =    0.198817648476
Normal mode eigenvalues : nmode = 54
  0.006703850   0.011155000   0.016463812   0.018522059   0.021094721
  0.023047213   0.028199564   0.030901799   0.031763308   0.036944824
  0.038004341   0.040702213   0.041799019   0.044057704   0.047319968
  0.053070833   0.054120779   0.059683861   0.062457138   0.063611306
  0.067275186   0.067633186   0.070425331   0.073269816   0.105987211
  0.111865712   0.115608694   0.121700765   0.124090664   0.124198923
  0.127431012   0.130251931   0.130420170   0.131145707   0.131389367
  0.132819998   0.134452673   0.136335957   0.136699482   0.141204328
  0.141583199   0.148788439   0.150432109   0.155238747   0.229981422
  0.240103100   0.244378861   0.245078382   0.245812133   0.247336368
  0.248945781   0.251783348   0.255091850   0.265978340

# Geometry of EQ 12, SYMMETRY = C1  
C 	   0.447110811275	  -1.783272091318	   1.835633922961
H 	   0.710945106475	  -1.846719321863	   2.897501758510
C 	  -0.716062102216	  -1.245542320035	   1.457151242732
H 	  -1.016464292612	  -1.164307797714	   0.406618564954
H 	  -1.422461073819	  -0.856095263763	   2.198710842642
C 	   1.497259522879	  -2.357476760173	   0.944335652946
O 	   2.479925475830	  -2.862971976095	   1.439690399269
C 	   1.352955703927	  -2.295748940324	  -0.569610398388
H 	   1.734547244237	  -3.250689699637	  -0.966560892422
H 	   0.301215616156	  -2.200120544651	  -0.882852511522
C 	   2.900836973333	   0.873455402510	  -0.247710474674
C 	   4.059125820112	  -0.021743418303	  -0.379383654927
C 	   3.653149691163	  -1.193991742728	  -0.902316885689
C 	   2.173515073541	  -1.137725938477	  -1.175605555378
C 	   1.798431546321	   0.240963048816	  -0.693906099568
H 	   2.943520693908	   1.891673723157	   0.146333636747
H 	   5.080164962499	   0.236208880228	  -0.089659419708
H 	   4.269674537040	  -2.072532408425	  -1.100404416431
H 	   2.021572354130	  -1.178206473375	  -2.274430283672
H 	   0.783839328390	   0.643747768617	  -0.730013814496
Energy    = -423.665466267664 (-423.665466267664 :    0.000000000000)
Spin(**2) =    0.000000000000
ZPVE      =    0.198791194225
Normal mode eigenvalues : nmode = 54
  0.007061764   0.011063532   0.016198841   0.018352052   0.021282136
  0.023450080   0.026935613   0.031619325   0.032769071   0.035333697
  0.040493590   0.041973103   0.042398957   0.042910253   0.048294435
  0.053833132   0.054215051   0.059773988   0.062891754   0.063873680
  0.067392407   0.068118007   0.070945721   0.073879707   0.105449586
  0.111110626   0.118897264   0.121962010   0.123881437   0.124253963
  0.126778206   0.129695407   0.129817562   0.130865698   0.131194956
  0.132652256   0.134419691   0.135026767   0.136111465   0.137807300
  0.141837359   0.147474224   0.149249851   0.149856294   0.229692437
  0.240720240   0.244567799   0.245345053   0.245931052   0.247072889
  0.247535121   0.253906900   0.255045397   0.263887864

# Geometry of EQ 13, SYMMETRY = C1  
C 	   0.363454609261	  -2.833985029074	   0.579718152175
H 	  -0.086245641980	  -1.878504185993	   0.869721896016
C 	  -0.373043149760	  -3.805299746480	   0.033804451378
H 	   0.100998283296	  -4.750854425906	  -0.255039673745
H 	  -1.447945406057	  -3.687227384210	  -0.139354115879
C 	   1.830956427927	  -3.017277988423	   0.805685854169
O 	   2.389727425975	  -4.060143777250	   0.551031691177
C 	   2.607341088486	  -1.829763547743	   1.354006716056
H 	   2.013752250008	  -1.302014613842	   2.121917518929
H 	   3.519344387592	  -2.225320357046	   1.828388597434
C 	   3.152275914237	  -1.114458014463	  -2.063968650439
C 	   1.969619724741	  -0.291337281869	  -1.775115931918
C 	   1.860541491242	  -0.126627108026	  -0.442588157811
C 	   3.002770745886	  -0.829951574261	   0.245172922070
C 	   3.758314878518	  -1.439596597649	  -0.905911009875
H 	   3.475254363652	  -1.408295557820	  -3.065259593745
H 	   1.298642887678	   0.120416739221	  -2.532702944792
H 	   1.093146701444	   0.444284549516	   0.085579281399
H 	   3.645530784477	  -0.060905924483	   0.721896620649
H 	   4.647813625509	  -2.060348023138	  -0.782523190964
Energy    = -423.666724906331 (-423.666724906331 :    0.000000000000)
Spin(**2) =    0.000000000000
ZPVE      =    0.198763180155
Normal mode eigenvalues : nmode = 54
  0.006895735   0.011499307   0.016733107   0.018031319   0.020455565
  0.023102664   0.027245695   0.031772503   0.033986226   0.037207785
  0.039503357   0.041013516   0.042393176   0.042814812   0.048004503
  0.053134695   0.057045063   0.059987698   0.062860358   0.063777952
  0.066934141   0.067534780   0.070567834   0.073634496   0.105713975
  0.110683739   0.117467372   0.122452864   0.123929751   0.124155794
  0.127050546   0.127846258   0.130246605   0.130898943   0.131907610
  0.132410892   0.133533335   0.135199405   0.136157480   0.137449515
  0.141388733   0.146949007   0.148067286   0.149418245   0.228863721
  0.242295725   0.244532129   0.245363453   0.245598754   0.246083783
  0.246884934   0.255604446   0.256575130   0.263571897

# Geometry of EQ 14, SYMMETRY = C1  
C 	   0.637731034497	  -3.082605582384	   0.913882633800
H 	  -0.448686033330	  -3.053444880111	   1.055494082412
C 	   1.446699655301	  -3.380326983228	   1.934833444974
H 	   2.536971359784	  -3.420049689707	   1.833801285500
H 	   1.040111915574	  -3.595772220078	   2.929246606616
C 	   1.045851880462	  -2.776651155674	  -0.488516564806
O 	   0.190295305572	  -2.579384604097	  -1.322576015840
C 	   2.516707913103	  -2.692337274129	  -0.870714195228
H 	   3.158112441262	  -3.263481530472	  -0.180876908493
H 	   2.613959211571	  -3.145797251867	  -1.870707711506
C 	   1.845094559039	   0.758760770194	  -1.283563482641
C 	   2.234479974361	   0.692764428175	   0.132112829015
C 	   2.899825958685	  -0.456830256646	   0.356003533997
C 	   3.008533559686	  -1.230900282453	  -0.933405634671
C 	   2.273731670649	  -0.352566713782	  -1.911029263849
H 	   1.291189000357	   1.583100958519	  -1.738181282922
H 	   2.016596257837	   1.465155048609	   0.873598984554
H 	   3.320736531974	  -0.793585995112	   1.305930628695
H 	   4.076992588616	  -1.265048689193	  -1.232377865517
H 	   2.120874795291	  -0.614261850533	  -2.959515310317
Energy    = -423.665466854991 (-423.665466854991 :    0.000000000000)
Spin(**2) =    0.000000000000
ZPVE      =    0.198792473988
Normal mode eigenvalues : nmode = 54
  0.007063311   0.011062216   0.016201395   0.018353148   0.021282738
  0.023450391   0.026934558   0.031620520   0.032772944   0.035333533
  0.040497357   0.041974327   0.042398838   0.042909713   0.048295261
  0.053833993   0.054216231   0.059774524   0.062892979   0.063874657
  0.067391607   0.068121039   0.070944183   0.073880547   0.105452884
  0.111112590   0.118899530   0.121961540   0.123880898   0.124255634
  0.126780661   0.129695157   0.129824018   0.130864729   0.131197499
  0.132655538   0.134417577   0.135023533   0.136117244   0.137815848
  0.141835182   0.147473101   0.149252184   0.149859344   0.229692917
  0.240721232   0.244569547   0.245346846   0.245932918   0.247073637
  0.247537537   0.253904005   0.255049033   0.263884602

# Geometry of EQ 15, SYMMETRY = C1  
C 	   0.768352025542	  -3.116056433787	   0.323530390094
H 	  -0.273559381791	  -2.773344974148	   0.300601382607
C 	   1.056088834789	  -4.409338801590	   0.473027340723
H 	   2.092620087348	  -4.766167601567	   0.509808739175
H 	   0.265525083770	  -5.161427824790	   0.569231696355
C 	   1.777357680691	  -2.044074091754	   0.149379941461
O 	   1.513448999261	  -0.924890188401	   0.966556781143
C 	   3.302916481566	  -2.193629944361	   0.295126758079
H 	   3.691666735635	  -2.213754148127	   1.325884402798
H 	   3.728101837012	  -3.010023321941	  -0.309463467278
C 	   1.267043519013	  -0.169311652647	  -1.631363233329
C 	   1.496591732806	   0.744610790807	  -0.674065176808
C 	   2.376193352779	   0.072885996600	   0.354794808772
C 	   3.288156767196	  -0.863805021346	  -0.475704151131
C 	   2.077737616938	  -1.373895802946	  -1.301823809523
H 	   0.554902861474	  -0.091286889373	  -2.456207901005
H 	   1.005649466818	   1.711574926121	  -0.545294821488
H 	   2.832268661480	   0.693187412404	   1.137445148593
H 	   4.166938285434	  -0.417785477657	  -0.962192740403
H 	   2.276234791218	  -2.119884620142	  -2.082440407232
Energy    = -423.634587881668 (-423.634587881668 :    0.000000000000)
Spin(**2) =    0.000000000000
ZPVE      =    0.204671684236
Normal mode eigenvalues : nmode = 54
  0.013093470   0.020083542   0.023563337   0.028396100   0.030079327
  0.032818676   0.034794947   0.037572072   0.040065125   0.042216350
  0.044109638   0.047366056   0.052403664   0.056729521   0.058065396
  0.061750817   0.064377001   0.066480025   0.067999762   0.069464764
  0.070029387   0.075055992   0.076310542   0.089030276   0.107020061
  0.115776976   0.120384993   0.122968775   0.124141221   0.125041639
  0.128854114   0.129651545   0.130457237   0.131842700   0.135076649
  0.135618720   0.136120471   0.136897697   0.137891490   0.139661780
  0.140947057   0.142716768   0.143927324   0.147907832   0.228671336
  0.240918379   0.241847143   0.244041213   0.245154683   0.251087663
  0.251744369   0.255443003   0.256982580   0.258646625

# Geometry of EQ 16, SYMMETRY = C1  
C 	   1.903101915513	  -2.956001855644	   1.532122641877
H 	   1.682734003076	  -3.325589167192	   2.538531014877
C 	   3.141438051556	  -2.582044976812	   1.176893260461
H 	   1.186840664819	  -0.112397662914	   0.134241294845
H 	   3.956255308929	  -2.668509481393	   1.907344181166
C 	   0.754838719594	  -2.899179906168	   0.595237244900
O 	  -0.380093309830	  -3.103842889482	   0.964217251309
C 	   1.103850394191	  -2.632164324431	  -0.858497818595
H 	   1.375040860373	  -3.610364648406	  -1.300711195821
H 	   0.195237806847	  -2.286308449949	  -1.377058133088
C 	   3.261739096763	   0.360147228934	  -0.225654272414
C 	   4.128229030509	  -0.618434368034	   0.046933825205
C 	   3.501865574301	  -1.986448402538	  -0.160440859797
C 	   2.263391851575	  -1.653306437483	  -1.029890320719
C 	   1.933206754761	  -0.184160137448	  -0.682656726984
H 	   3.464139879631	   1.428031486587	  -0.102373283914
H 	   5.141721153586	  -0.482391121569	   0.435627190888
H 	   4.191705727889	  -2.679091506535	  -0.679232231222
H 	   2.589972478464	  -1.674197298773	  -2.083145942594
H 	   1.507598424856	   0.358654801938	  -1.544061295065
Energy    = -423.708859061723 (-423.708859061723 :    0.000000000000)
Spin(**2) =    0.000000000000
ZPVE      =    0.204155878681
Normal mode eigenvalues : nmode = 54
  0.010932838   0.017035615   0.018230820   0.020863803   0.026371453
  0.031361973   0.034351214   0.035835718   0.037548415   0.038573338
  0.041728975   0.043590325   0.047522471   0.050803986   0.055691227
  0.057228423   0.061526002   0.064072422   0.065977169   0.068422223
  0.070155064   0.072210835   0.074954738   0.076865100   0.115833711
  0.120796776   0.123373377   0.125295311   0.128820591   0.129958576
  0.130311339   0.131537069   0.132868087   0.134949830   0.135520886
  0.136300723   0.138220265   0.141566521   0.143384165   0.145949567
  0.146895934   0.149807201   0.150735806   0.153670194   0.243250841
  0.244527549   0.245315850   0.246594325   0.248673340   0.250446617
  0.252517165   0.255096941   0.261329903   0.266349286

# Geometry of EQ 17, SYMMETRY = C1  
C 	   0.308888612120	  -2.145794027612	   1.604051123135
H 	   1.088601385924	  -1.639356150154	   2.183878852845
C 	  -0.948900165541	  -2.215914700789	   2.049191622298
H 	  -1.711440195593	  -2.725831073085	   1.448249670396
H 	  -1.248143965448	  -1.777439543969	   3.007129484637
C 	   0.694583177812	  -2.748997908071	   0.289784630416
O 	  -0.110624863859	  -3.318674126145	  -0.412372424880
C 	   2.136004695121	  -2.578639300455	  -0.161707046619
H 	   2.807741392281	  -2.395924259498	   0.693888041315
H 	   2.441362271918	  -3.512425747054	  -0.661677683066
C 	   2.948182306553	   0.780634189337	  -0.752561578781
C 	   4.049161142831	   0.064301393914	  -1.412067152645
C 	   3.665714953061	  -1.203842543292	  -1.656165947568
C 	   2.259087882903	  -1.409578034039	  -1.163262110678
C 	   1.904852920130	  -0.057768814970	  -0.597653415936
H 	   2.982447582105	   1.830082740131	  -0.450374164878
H 	   5.016835935400	   0.505733439514	  -1.661901617924
H 	   4.258516939976	  -1.989489265265	  -2.130197697206
H 	   1.591102353519	  -1.636794519463	  -2.019152081983
H 	   0.935495589766	   0.182376537616	  -0.154152593619
Energy    = -423.666935140643 (-423.666935140643 :    0.000000000000)
Spin(**2) =    0.000000000000
ZPVE      =    0.198620172412
Normal mode eigenvalues : nmode = 54
  0.006394652   0.012166465   0.016565536   0.018015375   0.021701163
  0.023091036   0.026350597   0.031395089   0.032468025   0.036541485
  0.038301126   0.040759214   0.041834796   0.042393242   0.046924488
  0.053053521   0.056560934   0.059725465   0.062460703   0.063518816
  0.066412315   0.067490428   0.070131284   0.072886525   0.101797319
  0.111228085   0.117540607   0.121813356   0.124069661   0.124201617
  0.127264871   0.128970754   0.130357132   0.130882872   0.131666085
  0.132313393   0.134604216   0.136289423   0.136844536   0.139187849
  0.140495918   0.148300199   0.148932760   0.154459442   0.228540804
  0.241852849   0.244352636   0.244941336   0.245796737   0.246872806
  0.247470862   0.253507614   0.254864905   0.265951011

# Geometry of EQ 18, SYMMETRY = C1  
C 	   1.793826874884	  -1.525210940745	   1.227349581104
H 	   2.135415953974	  -1.733211436838	   2.248574535030
C 	   0.763484374791	  -0.367600305737	   1.075131137538
H 	  -0.275334389998	  -0.740148902344	   1.086753810438
H 	   0.854522167569	   0.375929508605	   1.881280852504
C 	   1.107496796645	  -2.698604979161	   0.548471130276
O 	   0.730067081523	  -3.726013474654	   1.041000393307
C 	   0.995273417901	  -2.289062536552	  -0.927584496894
H 	   1.415525916106	  -3.088292311196	  -1.561654333478
H 	  -0.061901717041	  -2.161954437096	  -1.218211173230
C 	   2.382360343075	   1.084615069125	  -0.018335518445
C 	   3.384920016611	   0.257306283122	   0.306543427823
C 	   2.878437150488	  -1.152536926112	   0.152178957725
C 	   1.828320193205	  -1.008347232731	  -0.981851766415
C 	   1.169042390292	   0.227938018875	  -0.314255979113
H 	   2.374337209430	   2.175110108437	   0.053215815286
H 	   4.374794448716	   0.530611777015	   0.678397194249
H 	   3.640466876734	  -1.935812405888	   0.018877111156
H 	   2.260950140777	  -0.777382093791	  -1.966782991988
H 	   0.346796423294	   0.709610376298	  -0.862660947623
Energy    = -423.708801189384 (-423.708801189384 :    0.000000000000)
Spin(**2) =    0.000000000000
ZPVE      =    0.208169758201
Normal mode eigenvalues : nmode = 54
  0.014624982   0.016267553   0.018487871   0.030983549   0.033494226
  0.035203469   0.037174696   0.039532245   0.043706188   0.048232145
  0.050052196   0.051758572   0.054375496   0.059101477   0.064237166
  0.065350233   0.066603877   0.069838213   0.069999845   0.071628291
  0.072519710   0.073359971   0.077577643   0.078132158   0.123031547
  0.124520052   0.126111348   0.127840312   0.130110726   0.130687662
  0.132771203   0.134031025   0.135091728   0.138403592   0.139313840
  0.140354007   0.140766424   0.141160663   0.142584260   0.144220431
  0.146086456   0.147799320   0.151207357   0.156687415   0.243489403
  0.244309641   0.245074353   0.246224627   0.250725849   0.253650108
  0.256531420   0.257372262   0.260168751   0.261799721

# Geometry of EQ 19, SYMMETRY = C1  
C 	   1.161570715325	  -3.024152003443	  -0.898743382388
H 	   0.917609954847	   0.187520118035	   0.168918676040
C 	   0.391711356847	  -3.791056535983	  -1.673677282656
H 	  -0.414496430054	  -4.377741817792	  -1.217132979520
H 	   0.530075230097	  -3.855397217288	  -2.759079806347
C 	   0.941825058145	  -2.941612817328	   0.586742568548
O 	   0.077843004542	  -3.511125447934	   1.203632947629
C 	   2.010563191118	  -2.024747427619	   1.172832331830
H 	   1.592787284568	  -1.396744654860	   1.975829233396
H 	   2.773816602540	  -2.676012067628	   1.638729224083
C 	   1.971146290781	  -1.091720097896	  -2.345304021200
C 	   1.757038801125	   0.114198727357	  -1.815196530092
C 	   1.911573106102	   0.111153912925	  -0.315305160821
C 	   2.587459388608	  -1.249694019671	  -0.016000236884
C 	   2.310960284341	  -2.116041090612	  -1.287952378454
H 	   1.873184205941	  -1.343582335429	  -3.405155776877
H 	   1.456368163516	   1.001363004737	  -2.380577357257
H 	   2.504977141691	   0.962144795707	   0.061745375168
H 	   3.670747714179	  -1.089969201762	   0.095416744785
H 	   3.190352654207	  -2.725345878426	  -1.565658580216
Energy    = -423.701557370668 (-423.701557370668 :    0.000000000000)
Spin(**2) =    0.000000000000
ZPVE      =    0.202405529748
Normal mode eigenvalues : nmode = 54
  0.012085714   0.014754085   0.016697229   0.018655836   0.025116476
  0.028254784   0.029358703   0.033634981   0.038658073   0.039988740
  0.041100278   0.044957109   0.047626235   0.052405980   0.055102842
  0.057158078   0.061264922   0.064154137   0.066781209   0.068758507
  0.072159203   0.074461651   0.076715321   0.080323078   0.106106590
  0.113492156   0.118181934   0.123866148   0.125070050   0.126464771
  0.128720327   0.129422350   0.130249294   0.131320743   0.132662301
  0.133555250   0.133887884   0.136706315   0.143143031   0.144694339
  0.145414688   0.146156149   0.147038176   0.150246088   0.229937731
  0.242330641   0.243784110   0.244117858   0.244575968   0.247496578
  0.252055813   0.253433292   0.261164018   0.263159307

# Geometry of EQ 20, SYMMETRY = C1  
C 	  -0.166203690787	  -3.503319875087	   0.111306794247
H 	  -0.257411638208	  -4.576221309283	   0.316257939424
C 	  -1.056109995425	  -2.879161571367	  -0.667078131388
H 	  -0.980958186496	  -1.813680008233	  -0.911631795394
H 	  -1.896205037552	  -3.426638829172	  -1.109009557772
C 	   1.039122027748	  -2.887124639821	   0.736389956632
O 	   1.847446356256	  -3.595782802306	   1.295646517043
C 	   1.277732669629	  -1.386611776839	   0.648411886050
H 	   0.365938894796	  -0.823760444667	   0.395836577164
H 	   1.608833087696	  -1.065850161602	   1.650108667621
C 	   2.160884371602	  -0.268001239037	  -2.554191724187
C 	   2.573393900620	   0.853942985831	  -1.698339168398
C 	   2.707789525237	   0.414791242838	  -0.432003610458
C 	   2.387387199332	  -1.054486628159	  -0.370276634803
C 	   2.045165682918	  -1.379391601560	  -1.801251364400
H 	   1.988842583033	  -0.197666170200	  -3.630944402164
H 	   2.744453109895	   1.874190352640	  -2.049743845259
H 	   2.998210804024	   1.004990252310	   0.440211840332
H 	   3.291447119365	  -1.622288850131	  -0.069446383099
H 	   1.764734851817	  -2.376458203041	  -2.148406796672
Energy    = -423.666758871234 (-423.666758871234 :    0.000000000000)
Spin(**2) =    0.000000000000
ZPVE      =    0.198813860739
Normal mode eigenvalues : nmode = 54
  0.006703955   0.011154128   0.016461205   0.018518058   0.021092201
  0.023042424   0.028212361   0.030898971   0.031760493   0.036941425
  0.038002946   0.040696373   0.041794813   0.044060507   0.047310480
  0.053067107   0.054119853   0.059682108   0.062454171   0.063607923
  0.067270026   0.067624840   0.070417451   0.073254801   0.105979178
  0.111880514   0.115607824   0.121689888   0.124089726   0.124204395
  0.127424189   0.130243127   0.130416070   0.131145926   0.131385979
  0.132824961   0.134456370   0.136332017   0.136717931   0.141202815
  0.141589013   0.148759662   0.150420336   0.155218405   0.229985617
  0.240092304   0.244373791   0.245073662   0.245809558   0.247329669
  0.248957313   0.251763940   0.255088324   0.265942353

# Geometry of EQ 21, SYMMETRY = C1  
C 	   0.822965791270	  -2.752334370785	   2.197635737858
H 	   1.183865955888	  -3.573019165760	   2.827665026947
C 	  -0.319681748260	  -2.119938237646	   2.480585020538
H 	  -0.702560796139	  -1.296507003875	   1.866735623240
H 	  -0.923189219110	  -2.406173828965	   3.349055529774
C 	   1.720422137026	  -2.451370775712	   1.042975903919
O 	   2.729126559631	  -3.102856717631	   0.886536314776
C 	   1.327325277248	  -1.339479922444	   0.083027997658
H 	   0.358827830469	  -1.617134492297	  -0.374113097787
H 	   1.142145930400	  -0.410518297622	   0.652388109847
C 	   2.789474399693	   0.946775597536	  -2.094391054157
C 	   3.887018652447	   0.687595719967	  -1.151234519387
C 	   3.657951355615	  -0.477582385256	  -0.514863092174
C 	   2.367351792710	  -1.076294543504	  -1.011566213155
C 	   1.901615303838	  -0.063921994700	  -2.024756494088
H 	   2.721549268506	   1.821623908520	  -2.745596622520
H 	   4.750550722378	   1.341767274135	  -1.008407412473
H 	   4.291036477073	  -0.959528523309	   0.231708656543
H 	   2.594100752961	  -2.039205390343	  -1.511071532309
H 	   0.975391701614	  -0.160649402131	  -2.596526051375
Energy    = -423.668627158150 (-423.668627158150 :    0.000000000000)
Spin(**2) =    0.000000000000
ZPVE      =    0.198735062476
Normal mode eigenvalues : nmode = 54
  0.006784908   0.012341564   0.015394882   0.017766928   0.021389644
  0.024417579   0.027133038   0.030386764   0.031383465   0.037081739
  0.038136336   0.040525024   0.041716088   0.044381786   0.045957048
  0.053022925   0.054154326   0.059854520   0.062586196   0.063617590
  0.067092078   0.068118999   0.070461700   0.074167563   0.105483005
  0.112723288   0.113987651   0.121377516   0.123872214   0.124657801
  0.127368300   0.129172402   0.130142153   0.130800405   0.131239957
  0.133230944   0.133999652   0.135853733   0.138335180   0.139606695
  0.141132641   0.149307390   0.151644557   0.155962173   0.229439332
  0.239736668   0.244331383   0.244846941   0.245713303   0.247250151
  0.247967465   0.252663315   0.252862993   0.266209674

# Geometry of EQ 22, SYMMETRY = C1  
C 	  -0.310980576562	  -2.419044486523	   1.191256698592
H 	  -0.752430096822	  -2.423808820088	   2.194392078052
C 	  -1.088592316043	  -2.375708820390	   0.104948832982
H 	  -0.681294583825	  -2.370423208037	  -0.912694883871
H 	  -2.180142043133	  -2.342645240307	   0.194549040222
C 	   1.182220514306	  -2.461991014111	   1.204967111903
O 	   1.762942090112	  -2.517579048712	   2.266286078189
C 	   1.948912870497	  -2.385259544557	  -0.105226065008
H 	   2.943758814734	  -2.824570842162	   0.067758482032
H 	   1.444083356591	  -2.971154128691	  -0.891709793637
C 	   3.973143062812	   0.465920497336	  -0.353789744154
C 	   3.907519279983	   0.005501579180	  -1.748272533746
C 	   2.843279955168	  -0.806555462431	  -1.895001884524
C 	   2.117232781843	  -0.925905272019	  -0.580445220479
C 	   2.949301755206	  -0.069018703282	   0.338682427425
H 	   4.740331605452	   1.134059587987	   0.044412671182
H 	   4.616541120472	   0.286961011254	  -2.530495921119
H 	   2.524000450908	  -1.311314370234	  -2.809854713528
H 	   1.111351771239	  -0.467647262555	  -0.684341105699
H 	   2.732987570172	   0.068541483692	   1.399824993275
Energy    = -423.665905471091 (-423.665905471091 :    0.000000000000)
Spin(**2) =    0.000000000000
ZPVE      =    0.198764920176
Normal mode eigenvalues : nmode = 54
  0.006476333   0.011386791   0.016493999   0.017877980   0.021872933
  0.022974755   0.027619975   0.030301453   0.031874912   0.036435136
  0.038083118   0.040801484   0.041701130   0.044084312   0.047253869
  0.053256234   0.054137520   0.059594225   0.062403688   0.063606853
  0.067260646   0.067856154   0.070093324   0.073343122   0.106184551
  0.111270211   0.117191823   0.121552845   0.124009485   0.124593710
  0.127515712   0.129442141   0.130283651   0.130881682   0.131446072
  0.132354874   0.134363851   0.136300400   0.136721553   0.138831990
  0.141226253   0.149143641   0.151515493   0.157178100   0.229794981
  0.240254859   0.244301372   0.244646667   0.245698560   0.247067970
  0.248310015   0.253075738   0.255159604   0.265788493

# Geometry of EQ 23, SYMMETRY = C1  
C 	   0.083515583148	  -2.870192824286	   1.673945267865
H 	   0.838096961665	  -3.138826952244	   2.422611085688
C 	  -1.188290116331	  -3.255049816359	   1.807181816198
H 	  -1.925256064312	  -2.972497043269	   1.045984481121
H 	  -1.525424475617	  -3.849878238838	   2.662663785568
C 	   0.525371921073	  -2.053919619525	   0.498418200127
O 	  -0.242988746398	  -1.731488278811	  -0.377137458665
C 	   2.005551266236	  -1.682808226627	   0.486759482796
H 	   2.258173983116	  -1.258412275149	   1.475904475267
H 	   2.563323803683	  -2.640899114799	   0.429555507068
C 	   3.251400421791	   1.041880225456	  -1.788604644630
C 	   2.878929131299	   0.156006793255	  -2.734332549469
C 	   2.308401902783	  -1.062242324669	  -2.070834456792
C 	   2.427266084487	  -0.752276205876	  -0.602806692957
C 	   2.970874082709	   0.476715173340	  -0.464706818594
H 	   3.690452691412	   2.027059262062	  -1.962343388957
H 	   2.954800170359	   0.285507499178	  -3.815829553397
H 	   2.850295619166	  -1.987797680691	  -2.346994386169
H 	   1.247978842892	  -1.223908725267	  -2.341514949608
H 	   3.173495635570	   0.981024344098	   0.484106006555
Energy    = -423.673106493502 (-423.673106493502 :    0.000000000000)
Spin(**2) =    0.000000000000
ZPVE      =    0.197728267567
Normal mode eigenvalues : nmode = 54
  0.006356402   0.012284790   0.013762724   0.017170960   0.021820719
  0.023768635   0.028235160   0.028679404   0.033267209   0.034402138
  0.038044011   0.038769655   0.041102471   0.044205113   0.044913907
  0.051919723   0.054333696   0.057708960   0.060746742   0.062918116
  0.066654632   0.069463932   0.072445505   0.080702962   0.098939537
  0.112217237   0.113087389   0.121880356   0.124043600   0.125095371
  0.127476921   0.128821764   0.130306531   0.130672411   0.130820900
  0.132307196   0.132859182   0.134433395   0.135264150   0.135676909
  0.138829085   0.140609896   0.146730136   0.150239064   0.228463082
  0.240920135   0.243937579   0.244577016   0.245543205   0.246719075
  0.247329781   0.250978017   0.253262080   0.256563233

# Geometry of EQ 24, SYMMETRY = C1  
C 	  -0.334223696686	  -2.821118039037	   1.198305341908
H 	  -0.965237599917	  -3.668285819909	   0.907048811076
C 	  -0.539162042095	  -2.175947745293	   2.350415974755
H 	   0.076850046728	  -1.325825086384	   2.665382916458
H 	  -1.342669866153	  -2.478339774983	   3.031129511343
C 	   0.727781432847	  -2.501078923617	   0.198893352009
O 	   0.817401008687	  -3.166325822532	  -0.808982241431
C 	   1.681804598246	  -1.352905096622	   0.488728331889
H 	   1.101825154543	  -0.439622881782	   0.714214230945
H 	   2.234277712576	  -1.601702504726	   1.414456267001
C 	   2.608063392868	   0.673854243915	  -2.197144678190
C 	   3.638908853785	   0.979393873318	  -1.194510944814
C 	   3.684970112279	  -0.019944889092	  -0.292331502888
C 	   2.667563744296	  -1.071039786693	  -0.650547588513
C 	   2.034790914955	  -0.507788775695	  -1.896841034539
H 	   2.364659466205	   1.310322546207	  -3.051344491078
H 	   4.263987850590	   1.875656633216	  -1.197028103789
H 	   4.342517632426	  -0.084580786356	   0.578096947620
H 	   3.175404655104	  -2.021065895304	  -0.910582458989
H 	   1.249693602484	  -1.022578224353	  -2.452780525833
Energy    = -423.668629513133 (-423.668629513133 :    0.000000000000)
Spin(**2) =    0.000000000000
ZPVE      =    0.198733389257
Normal mode eigenvalues : nmode = 54
  0.006781459   0.012335009   0.015403494   0.017766894   0.021387768
  0.024418834   0.027118794   0.030385409   0.031386093   0.037089148
  0.038136478   0.040521047   0.041715044   0.044379085   0.045965378
  0.053020455   0.054152857   0.059858253   0.062587635   0.063616180
  0.067089055   0.068114810   0.070467873   0.074162100   0.105491288
  0.112707743   0.113985838   0.121392386   0.123871590   0.124647706
  0.127357854   0.129156600   0.130138055   0.130801908   0.131235152
  0.133227376   0.133980335   0.135845326   0.138335631   0.139611268
  0.141123770   0.149309598   0.151642329   0.155967162   0.229438359
  0.239729640   0.244333753   0.244853167   0.245710712   0.247244192
  0.247963930   0.252669518   0.252867870   0.266213658

# Geometry of EQ 25, SYMMETRY = C1  
C 	  -0.196004718441	  -3.706610950754	   0.549511906640
H 	   0.029151596943	  -4.738947691238	   0.840306758408
C 	  -1.417237723247	  -3.194903224080	   0.729635910822
H 	  -1.671259891317	  -2.165533788869	   0.451775068151
H 	  -2.220467369500	  -3.795464271135	   1.170844214950
C 	   0.978873216051	  -2.986513568751	  -0.027750995843
O 	   2.043072009679	  -3.556000054967	  -0.104078990051
C 	   0.786770813818	  -1.540625721010	  -0.485922663106
H 	  -0.088786133344	  -1.498919042800	  -1.157493492888
H 	   0.508504558055	  -0.951723153473	   0.410844857879
C 	   3.391292390877	   0.041549545090	  -2.693276087394
C 	   4.133072219221	  -0.073794629522	  -1.573418790238
C 	   3.307086459144	  -0.717980020780	  -0.499618054910
C 	   1.974613735871	  -0.937507285376	  -1.164020422668
C 	   2.050273935039	  -0.494592326844	  -2.437818894929
H 	   3.720472444274	   0.461663450685	  -3.646516928811
H 	   5.173882453940	   0.230497964455	  -1.446010002958
H 	   3.222432695071	  -0.085773128694	   0.405779583630
H 	   3.734835140347	  -1.684565091810	  -0.173200999272
H 	   1.241497399644	  -0.527456343449	  -3.172976963858
Energy    = -423.672315891191 (-423.672315891191 :    0.000000000000)
Spin(**2) =    0.000000000000
ZPVE      =    0.197856116487
Normal mode eigenvalues : nmode = 54
  0.006612830   0.012336751   0.013713007   0.017446871   0.021003321
  0.024609389   0.028389661   0.029292985   0.031925053   0.033025828
  0.038080841   0.039817691   0.041116666   0.044704753   0.045811246
  0.052363965   0.053891258   0.055841743   0.060725285   0.062921395
  0.067268343   0.070054835   0.072597968   0.080966581   0.101158153
  0.110877036   0.113729265   0.122029781   0.124012248   0.125032123
  0.127660165   0.128619631   0.129934060   0.130426106   0.131183277
  0.133158574   0.133472152   0.134246307   0.135730638   0.136811478
  0.138961963   0.140742023   0.146249958   0.151931310   0.229181643
  0.239752040   0.243883271   0.244584602   0.245526357   0.247030096
  0.247891338   0.251538669   0.253525703   0.255746359

# Geometry of EQ 26, SYMMETRY = C1  
C 	   2.177529950337	  -3.841987038737	   1.065129875742
H 	   1.903649990393	  -3.256690152673	   1.951027109403
C 	   2.815437576541	  -5.009379224189	   1.183990407506
H 	   3.079859179903	  -5.578560785855	   0.284739002773
H 	   3.084824401818	  -5.424694720721	   2.160901696231
C 	   1.815650580197	  -3.292069613528	  -0.280999152429
O 	   2.052133197606	  -3.898524970358	  -1.300805889407
C 	   1.176578612527	  -1.915236149300	  -0.296937886358
H 	   0.707983726938	  -1.758353976283	  -1.280849774424
H 	   0.396919932447	  -1.860984561868	   0.484454875451
C 	   3.289402983792	   0.557105992085	  -1.598913670958
C 	   2.267285824310	   1.354037501639	  -0.905142225842
C 	   1.636944236492	   0.576021004026	  -0.004566525505
C 	   2.224030649552	  -0.810706233047	  -0.041216013223
C 	   3.274416922090	  -0.700119995484	  -1.116155220636
H 	   3.947707019541	   0.938123626043	  -2.383173839838
H 	   2.063440184890	   2.409620239723	  -1.099960671942
H 	   0.826938362679	   0.871446806286	   0.666346466834
H 	   2.724226425044	  -1.010255144576	   0.930493688009
H 	   3.903428512063	  -1.533215788342	  -1.436532660359
Energy    = -423.666508508718 (-423.666508508718 :    0.000000000000)
Spin(**2) =    0.000000000000
ZPVE      =    0.198565615811
Normal mode eigenvalues : nmode = 54
  0.006220571   0.012121622   0.016177234   0.017355003   0.021993040
  0.022869541   0.025969877   0.031514561   0.032922304   0.036412614
  0.039364419   0.039589846   0.041584056   0.042188254   0.047085355
  0.052994681   0.056812790   0.059476364   0.062404728   0.063527405
  0.066522743   0.067274454   0.070048362   0.073346949   0.101995339
  0.111334229   0.118658857   0.120753762   0.123999652   0.124112924
  0.127933957   0.129671274   0.129975816   0.130800059   0.131388036
  0.132203505   0.134016787   0.135127244   0.136560669   0.137283365
  0.140775814   0.148420426   0.150809648   0.156450635   0.228551958
  0.242005846   0.244308043   0.244668550   0.245584989   0.246368607
  0.247038358   0.254257433   0.255413223   0.265706254

# Geometry of EQ 27, SYMMETRY = C1  
C 	   0.396785933097	  -3.764626803263	   0.676130848408
H 	  -0.199671097196	  -3.751874000093	  -0.243908011015
C 	   0.686165192522	  -4.914724622260	   1.290465548510
H 	   1.283971495823	  -4.904800023714	   2.209742548847
H 	   0.340639531180	  -5.879669667797	   0.904598850264
C 	   0.877213304293	  -2.454189714906	   1.221496583841
O 	   1.510241971594	  -2.386551133646	   2.250310323331
C 	   0.563197078016	  -1.222949093677	   0.391023834408
H 	  -0.488382266030	  -1.263758709689	   0.053567051053
H 	   0.701919719045	  -0.330912527922	   1.021363113663
C 	   2.302509405771	   0.786489916033	  -1.885405822046
C 	   3.397962021741	   0.169978283556	  -1.123198707358
C 	   2.941751157677	  -0.938210986182	  -0.508646451213
C 	   1.485271022896	  -1.132094511774	  -0.843463789657
C 	   1.186509025980	   0.049018372322	  -1.729405772502
H 	   2.394816762292	   1.698463279820	  -2.480020352336
H 	   4.415995006012	   0.562936518058	  -1.070428815899
H 	   3.508027065836	  -1.607150499967	   0.142653704280
H 	   1.374696486681	  -2.061715961630	  -1.441663744908
H 	   0.203800980130	   0.243963617338	  -2.165057261698
Energy    = -423.666510966960 (-423.666510966960 :    0.000000000000)
Spin(**2) =    0.000000000000
ZPVE      =    0.198564138027
Normal mode eigenvalues : nmode = 54
  0.006218881   0.012123473   0.016169032   0.017345739   0.021994926
  0.022863902   0.025983866   0.031500197   0.032923754   0.036411602
  0.039359053   0.039590632   0.041584306   0.042187140   0.047079998
  0.052993883   0.056812659   0.059478525   0.062405483   0.063526089
  0.066519752   0.067267221   0.070046897   0.073341789   0.101986684
  0.111344169   0.118653251   0.120754206   0.124001270   0.124117218
  0.127932279   0.129664018   0.129978307   0.130801153   0.131387425
  0.132209341   0.134017934   0.135129259   0.136574695   0.137290456
  0.140775810   0.148423939   0.150802891   0.156445928   0.228549338
  0.242000380   0.244305742   0.244670742   0.245583805   0.246379147
  0.247037234   0.254256922   0.255416346   0.265686720

# Geometry of EQ 28, SYMMETRY = C1  
C 	   2.034224295059	  -1.633267914871	   0.726110697847
H 	   2.305281895565	  -2.269470383574	   1.581016116391
C 	   0.939328477302	  -0.583271380249	   0.928832984254
H 	  -0.060382825119	  -1.047897977041	   0.952433066874
H 	   1.059469946963	   0.035349850264	   1.832113139083
C 	   0.105721270837	  -4.254360600666	   2.133654675884
O 	  -0.777665114869	  -3.870435607748	   1.545733926127
C 	   1.606526505117	  -2.221984887094	  -0.638468641429
H 	   2.282780759120	  -3.015403012352	  -0.996880024705
H 	   0.556088256466	  -2.538326232887	  -0.759919681535
C 	   2.242386232585	   1.262164048414	  -0.006810550903
C 	   3.384824254652	   0.607871825674	   0.247985286047
C 	   3.156468284929	  -0.836586899544	  -0.085580130047
C 	   2.034420499629	  -0.838279720777	  -1.153313757609
C 	   1.197797529724	   0.233108952809	  -0.389353936247
H 	   2.033996563122	   2.319800374260	   0.175589004143
H 	   4.305734021529	   1.028458986775	   0.658516202080
H 	   4.037140752149	  -1.457909780039	  -0.303713317783
H 	   2.255964985720	  -0.627012111130	  -2.210859554966
H 	   0.294474335077	   0.610659255889	  -0.889022691724
Energy    = -423.655104146816 (-423.655104146816 :    0.000000000000)
Spin(**2) =    0.000000000000
ZPVE      =    0.201381063713
Normal mode eigenvalues : nmode = 54
  0.001216131   0.006791409   0.008332347   0.019448765   0.019856021
  0.030192805   0.033655876   0.037326887   0.038343644   0.039040931
  0.042150825   0.043558065   0.049066233   0.050478106   0.057925141
  0.059137785   0.063857526   0.065172441   0.066842780   0.067913799
  0.068852697   0.069628045   0.071937376   0.075094877   0.118356484
  0.123133405   0.123332876   0.124864600   0.129971250   0.130568905
  0.131964089   0.133611154   0.133736523   0.134924351   0.135134249
  0.136472420   0.136951961   0.137631400   0.139231149   0.139520925
  0.140785304   0.143136610   0.144916491   0.149127516   0.241885743
  0.244176541   0.244413337   0.245419805   0.249172426   0.250766458
  0.251624547   0.252836334   0.256439856   0.258843912

# Geometry of EQ 29, SYMMETRY = C1  
C 	   1.149850416324	  -1.545508764601	  -0.027722769890
H 	   0.111809067246	  -1.477854509154	   0.327223114705
C 	   2.253271243294	  -1.758594931665	   1.011424202020
H 	   2.265733623960	  -2.800116256460	   1.374763313038
H 	   2.200069522197	  -1.085177652602	   1.881301418628
C 	  -0.097096566426	  -4.663817141202	   1.286742689449
O 	  -1.062082378942	  -4.147118736218	   1.013346104868
C 	   1.586226524259	  -2.561269307224	  -1.108902415381
H 	   1.808397850817	  -3.595033106030	  -0.790451179472
H 	   0.917618108790	  -2.572768237200	  -1.985257900217
C 	   2.596879739205	   0.660391820165	  -0.364308604375
C 	   3.659719533472	   0.070140531701	   0.201475486229
C 	   3.474229422383	  -1.428662516364	   0.077752064247
C 	   2.748989825961	  -1.573261267717	  -1.294963849346
C 	   1.761801399926	  -0.421172528772	  -0.983142035609
H 	   2.351868762935	   1.724965236797	  -0.351521704866
H 	   4.445261449794	   0.551866898976	   0.789815599531
H 	   4.366311564251	  -2.050193403634	   0.239144646695
H 	   3.385722093429	  -1.548820220123	  -2.192779208020
H 	   1.073168977056	  -0.137535938753	  -1.792209879089
Energy    = -423.655082993443 (-423.655082993443 :    0.000000000000)
Spin(**2) =    0.000000000000
ZPVE      =    0.201465505244
Normal mode eigenvalues : nmode = 54
  0.001306026   0.007075966   0.008421382   0.019581707   0.019982382
  0.030221881   0.033722480   0.037420926   0.038377972   0.039050053
  0.042197721   0.043573550   0.049089467   0.050479893   0.057919235
  0.059144683   0.063877380   0.065185536   0.066850146   0.067921648
  0.068853042   0.069626401   0.071954946   0.075082428   0.118740085
  0.123284820   0.123572330   0.125008596   0.130094999   0.130598439
  0.132059625   0.133431657   0.133642438   0.134654885   0.135179524
  0.136481265   0.137001332   0.137661561   0.139333711   0.139601831
  0.140870263   0.143008457   0.144945151   0.149064697   0.242090175
  0.244189396   0.244420521   0.245601781   0.248961585   0.250804405
  0.251632506   0.252980475   0.256634745   0.258912114

# Geometry of EQ 30, SYMMETRY = C1  
C 	   1.111935754433	  -1.503236799295	  -0.046221516269
H 	   0.079394212790	  -1.384267049563	   0.312735370132
C 	   2.206007966543	  -1.781151127960	   0.987162618382
H 	   2.164912322552	  -2.824462249204	   1.341503817947
H 	   2.189678204313	  -1.113094920050	   1.862652507042
C 	  -1.036127013905	  -4.110194603855	   1.046982247467
O 	  -0.107163850876	  -4.670608463824	   1.357442872004
C 	   1.492557243141	  -2.529895813214	  -1.138239430056
H 	   1.661788188090	  -3.576186990347	  -0.830019928991
H 	   0.821800471290	  -2.498451681678	  -2.012495943486
C 	   2.667941856249	   0.629556336120	  -0.368896448404
C 	   3.701064032435	  -0.018923031286	   0.188125469198
C 	   3.439242555832	  -1.505295086040	   0.052136981807
C 	   2.703395431217	  -1.600646258388	  -1.319406675579
C 	   1.777193199215	  -0.402618996246	  -0.994223846380
H 	   2.477441613555	   1.705045335772	  -0.345967650877
H 	   4.511852521003	   0.417028759031	   0.777913924150
H 	   4.299131770949	  -2.172721311623	   0.204925508019
H 	   3.337926991347	  -1.600453943678	  -2.219131978211
H 	   1.101186628732	  -0.077360906927	  -1.798216617063
Energy    = -423.655117826858 (-423.655117826858 :    0.000000000000)
Spin(**2) =    0.000000000000
ZPVE      =    0.201387929275
Normal mode eigenvalues : nmode = 54
  0.001234173   0.006785194   0.008342685   0.019458798   0.019859893
  0.030205853   0.033659623   0.037340200   0.038350352   0.039031252
  0.042153159   0.043562153   0.049068658   0.050478263   0.057932150
  0.059139367   0.063863316   0.065177364   0.066845669   0.067912994
  0.068852858   0.069630141   0.071941104   0.075095541   0.118367158
  0.123168200   0.123317058   0.124876253   0.129981005   0.130572119
  0.131966418   0.133625916   0.133698631   0.134872565   0.135135770
  0.136473440   0.136954856   0.137635160   0.139237204   0.139523606
  0.140791780   0.143125685   0.144936520   0.149191418   0.241895266
  0.244182836   0.244417347   0.245444291   0.249119659   0.250770638
  0.251621033   0.252838740   0.256440388   0.258851407

# Geometry of EQ 31, SYMMETRY = C1  
C 	   1.019373898587	  -3.932993283320	   0.397801926533
H 	   0.413744084688	  -4.803983012485	   0.122280436269
C 	   2.334031229493	  -4.049627477685	   0.608329798111
H 	   2.963909354297	  -3.190618735472	   0.864043798135
H 	   2.835263755751	  -5.019410033336	   0.513565652542
C 	   0.233586510042	  -2.669251483266	   0.487641168432
O 	  -0.945896515250	  -2.675973467566	   0.214310200715
C 	   0.932207011940	  -1.371826470640	   0.890547316168
H 	   0.124910801951	  -0.671588816305	   1.165080639011
H 	   1.566483946453	  -1.527976671519	   1.779017575691
C 	   2.368188407298	   0.031599109260	  -2.352487850422
C 	   3.426870455143	   0.112632739107	  -1.521779705012
C 	   3.044918999296	  -0.405713982790	  -0.203392966434
C 	   1.753724825674	  -0.801895905407	  -0.229944532362
C 	   1.205024953678	  -0.559403961880	  -1.611197943063
H 	   2.335751625055	   0.334906294140	  -3.400705378546
H 	   4.417283896401	   0.499104755111	  -1.773086997644
H 	   3.708842620609	  -0.453664898730	   0.664323034868
H 	   0.847956197228	  -1.496922805981	  -2.080696705934
H 	   0.329745772732	   0.118036128637	  -1.588107388036
Energy    = -423.672540224329 (-423.672540224329 :    0.000000000000)
Spin(**2) =    0.000000000000
ZPVE      =    0.198130167073
Normal mode eigenvalues : nmode = 54
  0.006511024   0.011026172   0.016552542   0.018100114   0.022054344
  0.022403651   0.026534708   0.031660618   0.031890890   0.033288548
  0.038423811   0.041014582   0.041187674   0.043780727   0.047506361
  0.052969687   0.054353286   0.055433031   0.060755456   0.062934628
  0.067766066   0.069771625   0.072739598   0.080956623   0.104484192
  0.109032618   0.118721205   0.120589314   0.123168653   0.124563384
  0.128030775   0.129208885   0.130118401   0.131066107   0.132009531
  0.132759560   0.133588434   0.134537268   0.135475821   0.136573626
  0.138343845   0.142392563   0.145654505   0.149830239   0.230586635
  0.241695195   0.244007844   0.244711556   0.245447885   0.246883460
  0.248182614   0.250105306   0.253603653   0.256646921

# Geometry of EQ 32, SYMMETRY = C1  
C 	   2.639996643102	  -4.029642986988	   0.663654669567
H 	   2.898287164212	  -5.067485201911	   0.424740327871
C 	   3.169476248759	  -3.417900880207	   1.726527625598
H 	   2.941568119968	  -2.374708817699	   1.974359230861
H 	   3.871187508995	  -3.938560807647	   2.387465984801
C 	   1.684785324163	  -3.417793957618	  -0.306430406562
O 	   1.320898601723	  -4.052657962212	  -1.270412405741
C 	   1.198818449913	  -1.992285395866	  -0.074329319609
H 	   0.305964545976	  -1.857270353555	  -0.708632054926
H 	   0.877564159080	  -1.865606646494	   0.974418842356
C 	   3.985115212675	   0.199280803914	  -1.372898201444
C 	   3.502932251971	   1.033807311930	  -0.430554256386
C 	   2.351333202374	   0.369572981963	   0.266419780527
C 	   2.246782149395	  -0.968230732552	  -0.417497424152
C 	   3.205339302294	  -1.043641739842	  -1.366258511868
H 	   4.822677122412	   0.400196619587	  -2.044874651215
H 	   3.870036149871	   2.033824830251	  -0.192022449134
H 	   1.413396185338	   0.950842416393	   0.168751391273
H 	   2.532250767890	   0.258466013606	   1.353926203377
H 	   3.378510796818	  -1.891920210150	  -2.033331264540
Energy    = -423.670640172362 (-423.670640172362 :    0.000000000000)
Spin(**2) =    0.000000000000
ZPVE      =    0.198097559431
Normal mode eigenvalues : nmode = 54
  0.006573808   0.011145711   0.016587378   0.018148001   0.021439976
  0.022550856   0.027050717   0.031308291   0.032353166   0.033407194
  0.037782463   0.041101728   0.041967029   0.043536250   0.047933116
  0.052619273   0.054400491   0.055417198   0.060985920   0.062930483
  0.067969986   0.069694568   0.073235202   0.080760607   0.104374314
  0.109051740   0.116948660   0.121549893   0.122809736   0.124818711
  0.128108293   0.129125597   0.130082266   0.130672971   0.131998288
  0.132517249   0.133418225   0.134649332   0.135215986   0.137849603
  0.138929329   0.141551946   0.144065679   0.149479396   0.230461700
  0.241068897   0.243678716   0.244598083   0.245239597   0.247511020
  0.248319877   0.250306606   0.253140352   0.255455399

# Geometry of EQ 33, SYMMETRY = C1  
C 	   2.510454581662	  -3.778802951418	   1.152020438061
H 	   2.311885412227	  -4.272186469867	   2.110371570993
C 	   3.693760839098	  -3.909756338821	   0.544596514898
H 	   3.923801476670	  -3.409498425043	  -0.402421769457
H 	   4.490387276815	  -4.516561234232	   0.989406220025
C 	   1.359728798746	  -2.974955917164	   0.649783090250
O 	   0.356573504379	  -2.879887531805	   1.321021749494
C 	   1.470745688433	  -2.251822669915	  -0.691291140508
H 	   1.873461866372	  -2.924603195461	  -1.466721382592
H 	   0.437590474013	  -1.985221622090	  -0.972325834462
C 	   3.869846517998	   0.651331132138	  -0.941696369667
C 	   3.145408121624	   1.080025800249	   0.111313733088
C 	   2.091752779126	   0.060600337954	   0.431473428856
C 	   2.317745660931	  -1.015257350716	  -0.597747352834
C 	   3.355757407790	  -0.650607857626	  -1.381596310227
H 	   4.708120588251	   1.175947475286	  -1.405918792030
H 	   3.284177135084	   2.011288299429	   0.663852947438
H 	   1.067700464614	   0.476234383962	   0.367455163702
H 	   2.193963119408	  -0.330754563907	   1.462612621692
H 	   3.754058193685	  -1.227226016032	  -2.221165416041
Energy    = -423.672538466381 (-423.672538466381 :    0.000000000000)
Spin(**2) =    0.000000000000
ZPVE      =    0.198129709353
Normal mode eigenvalues : nmode = 54
  0.006512182   0.011027218   0.016550950   0.018099724   0.022049593
  0.022399783   0.026534716   0.031657115   0.031891782   0.033289424
  0.038418898   0.041012963   0.041186685   0.043784994   0.047503724
  0.052966710   0.054353913   0.055430622   0.060753192   0.062932792
  0.067766003   0.069771647   0.072738153   0.080956109   0.104477770
  0.109050979   0.118699522   0.120601092   0.123169725   0.124560606
  0.128031413   0.129215520   0.130117600   0.131070664   0.132015720
  0.132757999   0.133585858   0.134538829   0.135470582   0.136582675
  0.138335718   0.142397521   0.145656966   0.149832459   0.230592936
  0.241699565   0.244006443   0.244711077   0.245449318   0.246884948
  0.248177367   0.250108278   0.253595956   0.256643885
