List of Equilibrium Structures

# Geometry of EQ 0, SYMMETRY = C1  
C 	   0.779663247196	  -2.643442977045	   1.409492975099
H 	   0.164344951262	  -1.740874430560	   1.334787430923
C 	   1.107895410810	  -3.164607327769	   2.590829513082
H 	   1.740296630542	  -4.059481507724	   2.634376879051
H 	   0.761947622108	  -2.727294129739	   3.533568875844
C 	   1.300168547300	  -3.251708452866	   0.152620374483
O 	   1.923376488136	  -4.287281846819	   0.150342433005
C 	   1.148593372279	  -2.425308107131	  -1.098793524728
H 	   0.996186007896	  -3.079236732738	  -1.971298928177
H 	   0.302764648356	  -1.724195422750	  -1.014613554052
C 	   2.592536250538	   0.687200916145	  -1.437947920837
C 	   3.016624397293	   0.309139039905	  -0.083270924187
C 	   2.962417683944	  -1.027639455527	   0.042689956016
C 	   2.467486052135	  -1.629688840480	  -1.245819834720
C 	   2.293218027418	  -0.431008822172	  -2.126045133301
H 	   2.536598435768	   1.712091071207	  -1.811966649267
H 	   3.349886638321	   1.014476160816	   0.681956306410
H 	   3.261307239415	  -1.607364366896	   0.916279201507
H 	   3.234400183819	  -2.320362043405	  -1.647181789532
H 	   1.931249706587	  -0.488559222652	  -3.155358223615
Energy    = -423.525158011033 (-423.662355260976 :    0.000000000000)
Spin(**2) =    0.000000000000
ZPVE      =    0.199682718474
Normal mode eigenvalues : nmode = 54
  0.007512531   0.012466245   0.017100164   0.019035226   0.022282343
  0.024335220   0.026846689   0.032447294   0.034245185   0.037504584
  0.039424867   0.041674850   0.042684776   0.043677087   0.049146857
  0.053575194   0.057697222   0.060496827   0.062907836   0.064531558
  0.068193546   0.068867814   0.071280992   0.073126880   0.103933494
  0.111336875   0.118972129   0.121912750   0.124053230   0.124592236
  0.128978487   0.129994910   0.130949134   0.131165233   0.131881120
  0.133509811   0.135020534   0.136506280   0.139858958   0.140253311
  0.142181796   0.147286359   0.148532514   0.152914657   0.229199428
  0.242606045   0.244516996   0.245547045   0.245988697   0.246756453
  0.251332939   0.254878421   0.256518705   0.265838494

# Geometry of EQ 1, SYMMETRY = C1  
C 	   0.387716892265	  -1.903233620003	   0.981206889894
H 	  -0.407271343370	  -1.405718594803	   0.416982042147
C 	   0.651078005233	  -1.578498520868	   2.246210142814
H 	   1.474732088077	  -2.070849713315	   2.775828735453
H 	   0.069249325072	  -0.821310500973	   2.783034723340
C 	   1.249260529420	  -2.895053954058	   0.285895787985
O 	   1.914483659823	  -3.697934095240	   0.897436730843
C 	   1.380119749897	  -2.753723187222	  -1.214863486487
H 	   1.888391146542	  -3.651137539493	  -1.598909508470
H 	   0.400499647442	  -2.649968585830	  -1.713257638498
C 	   2.224518884755	   0.551713774550	  -0.355133286586
C 	   3.383977851258	  -0.219819616297	   0.107032263504
C 	   3.418966353821	  -1.400363619040	  -0.536209206360
C 	   2.243574633567	  -1.497250005629	  -1.468389919508
C 	   1.542403671659	  -0.185948822353	  -1.249948360025
H 	   1.963713175157	   1.554617727775	  -0.009622437493
H 	   4.104297680257	   0.127227630880	   0.851543056615
H 	   4.147324655356	  -2.201198343748	  -0.396752849128
H 	   2.601776965620	  -1.535583666854	  -2.517199350959
H 	   0.629032984760	   0.103012921189	  -1.775853649069
Energy    = -423.537149001259 (-423.662776532039 :    0.000000000000)
Spin(**2) =    0.000000000000
ZPVE      =    0.199890924550
Normal mode eigenvalues : nmode = 54
  0.009282046   0.012132556   0.017456252   0.018609869   0.021008305
  0.023416355   0.029038503   0.033302033   0.035933401   0.038531251
  0.041054230   0.041774440   0.043698280   0.044519581   0.050226257
  0.054580772   0.058617108   0.061033650   0.063798506   0.064741065
  0.068051811   0.069073104   0.071921800   0.073497435   0.105752358
  0.113201950   0.118975931   0.122140687   0.124465865   0.125117466
  0.127684051   0.128161753   0.130883283   0.131254373   0.131457689
  0.132852731   0.133844243   0.135297972   0.136704292   0.137095977
  0.141914672   0.146415942   0.148252370   0.148430178   0.229871024
  0.242859824   0.244846752   0.245172540   0.246104372   0.246651959
  0.247799623   0.256211101   0.259117645   0.262953671

# Geometry of EQ 2, SYMMETRY = C1  
C 	   0.944449619978	  -1.525223428012	   0.484416003484
H 	   0.135049029056	  -1.092232234704	   1.084344644798
C 	   2.261409213502	  -1.838761231181	   1.239300010735
H 	   2.286735766533	  -2.879868413053	   1.605089383029
H 	   2.408688412624	  -1.183869724550	   2.111555794170
C 	   0.603985537846	  -2.856383485322	  -0.142660814370
O 	  -0.326084573577	  -3.568171021979	   0.110476579350
C 	   1.710759622311	  -3.123589738601	  -1.168106155066
H 	   2.303276301685	  -4.010308072091	  -0.884682844616
H 	   1.256067716921	  -3.331039594447	  -2.151806767217
C 	   2.314217977054	   0.439565180417	  -0.383472220162
C 	   3.452391958397	  -0.064478487289	   0.108990218175
C 	   3.317998416424	  -1.568107504080	   0.126925731818
C 	   2.481063440171	  -1.807891002303	  -1.150569145888
C 	   1.443405600136	  -0.726573729928	  -0.763567774580
H 	   2.022583272713	   1.490299139696	  -0.439942069859
H 	   4.279829104731	   0.490976399282	   0.558213855319
H 	   4.249006937310	  -2.144420446025	   0.227469129691
H 	   3.040791399260	  -1.582739912538	  -2.070739215647
H 	   0.646191052261	  -0.527819206891	  -1.496447577600
Energy    = -423.595437501498 (-423.708430997776 :    0.000000000000)
Spin(**2) =    0.000000000000
ZPVE      =    0.208699623377
Normal mode eigenvalues : nmode = 54
  0.014859447   0.016474773   0.018738414   0.031255991   0.033931875
  0.035551271   0.037635096   0.039919652   0.044133197   0.048743899
  0.050573265   0.052366118   0.054983728   0.059691765   0.064714421
  0.065782837   0.067296251   0.070485642   0.070704132   0.072394195
  0.072997534   0.073917081   0.078231745   0.078667892   0.123244491
  0.124960814   0.126375081   0.128453555   0.130435417   0.130840297
  0.133128048   0.134477190   0.135489310   0.139069563   0.139792857
  0.140988376   0.141508476   0.141789920   0.143085452   0.144799857
  0.146533412   0.148355349   0.151800704   0.157543625   0.243748411
  0.244641067   0.245258150   0.247146116   0.251344499   0.254373126
  0.257452360   0.258062403   0.260837182   0.262469642

# Geometry of EQ 3, SYMMETRY = C1  
C 	   2.021573424110	  -2.362138091983	   1.005735714721
H 	   0.443346335142	  -0.570595564487	  -1.079953011356
C 	   1.915205362835	  -2.333979313472	   2.332056573056
H 	   1.124807450849	  -2.916281262008	   2.820634785235
H 	   2.588822468330	  -1.743147251957	   2.963323263378
C 	   1.064284469823	  -3.144684210884	   0.164943977350
O 	   0.121729738659	  -3.765781074904	   0.580062816357
C 	   1.482035040848	  -2.993291404438	  -1.289979851763
H 	   2.097124843412	  -3.874193756578	  -1.554696683945
H 	   0.608944665621	  -2.984951810016	  -1.960808822028
C 	   2.185438285792	   0.524441873659	  -0.442939805450
C 	   2.999994571530	  -0.135796497321	   0.382253188966
C 	   2.975619776238	  -1.616383269731	   0.109978606463
C 	   2.315389460325	  -1.714182048538	  -1.292327334419
C 	   1.493845872563	  -0.413672245630	  -1.398823868050
H 	   1.987173579861	   1.599476330175	  -0.406666694178
H 	   3.575668997660	   0.311528449748	   1.197538878904
H 	   3.978767434050	  -2.079306313019	   0.134892160338
H 	   3.087142544695	  -1.719538955239	  -2.077726674011
H 	   1.447013015558	  -0.031643576174	  -2.433484569155
Energy    = -423.580577180741 (-423.700576047983 :    0.000000000000)
Spin(**2) =    0.000000000000
ZPVE      =    0.203071887393
Normal mode eigenvalues : nmode = 54
  0.012316616   0.015098828   0.017134332   0.019274701   0.025365286
  0.028676344   0.030459111   0.034186003   0.039297291   0.040584468
  0.041692488   0.045718753   0.048309343   0.053586001   0.056214133
  0.057960644   0.062372295   0.064679000   0.067254572   0.069832168
  0.072713688   0.075083710   0.077662901   0.081311589   0.107068254
  0.114564501   0.118813001   0.124948267   0.125349068   0.126365476
  0.129003030   0.129866112   0.130189930   0.131458673   0.132855299
  0.134028736   0.134637505   0.137979814   0.143480527   0.144241591
  0.145765099   0.146465528   0.146994990   0.151554456   0.230465077
  0.242855532   0.243905453   0.244338080   0.244823404   0.248065066
  0.253186573   0.254235859   0.261257031   0.263512245

# Geometry of EQ 4, SYMMETRY = C1  
C 	   0.441171123109	  -2.246759064553	   1.042805198230
H 	  -0.591700499496	  -2.334349125804	   0.684900321631
C 	   0.717470129884	  -2.195680279046	   2.344020246363
H 	   1.751110109582	  -2.107195109999	   2.692173124076
H 	  -0.077873026610	  -2.247093564862	   3.095955714412
C 	   1.479799209091	  -2.125144524480	   0.007114139007
O 	   2.777695213938	  -2.249772520203	   0.523340245954
C 	   1.584246281689	  -2.934969239040	  -1.302756601637
H 	   2.010845994847	  -3.947001499354	  -1.214741069014
H 	   0.653681463544	  -2.941917132623	  -1.892025035660
C 	   2.414560602972	   0.283149812419	  -0.371047548418
C 	   3.646130525575	  -0.226534269992	  -0.217826838610
C 	   3.554786229710	  -1.692388227967	  -0.558779316837
C 	   2.500638461314	  -1.761090343594	  -1.686902101550
C 	   1.560135645618	  -0.805355788340	  -0.915290534863
H 	   2.068550425084	   1.273704031762	  -0.068232098018
H 	   4.512268709951	   0.255182498552	   0.241317821969
H 	   4.487864865604	  -2.259392359072	  -0.675412856046
H 	   2.836388557668	  -1.540715685398	  -2.710172554598
H 	   0.602484889725	  -0.550527179247	  -1.388597565742
Energy    = -423.520388572419 (-423.634533304128 :    0.000000000000)
Spin(**2) =    0.000000000000
ZPVE      =    0.205218773210
Normal mode eigenvalues : nmode = 54
  0.013544395   0.019722392   0.025267955   0.029023686   0.030176560
  0.034012880   0.035783031   0.038296180   0.040157991   0.043574553
  0.044377601   0.047770757   0.052000460   0.057997934   0.059361558
  0.062118872   0.064855499   0.066945660   0.068118166   0.069929961
  0.070368587   0.075832812   0.076864615   0.089746234   0.108386944
  0.114900594   0.122134842   0.123447981   0.124470007   0.125279075
  0.129296816   0.129958812   0.130454812   0.133871294   0.134861672
  0.135592136   0.136247175   0.137711688   0.137974458   0.139611240
  0.140659065   0.140879960   0.144722934   0.147521980   0.229645050
  0.241535755   0.242486924   0.244532047   0.245578767   0.251248491
  0.251887859   0.255766283   0.257608778   0.260135187

# Geometry of EQ 5, SYMMETRY = C1  
C 	   0.872891116401	  -3.263614761775	   1.357922460542
H 	   0.198641555573	  -3.202093007954	   2.219764349262
C 	   2.047808863613	  -3.888046556795	   1.451183626096
H 	   2.729939653778	  -3.993895426389	   0.600543829739
H 	   2.370849780103	  -4.347212135481	   2.392337897192
C 	   0.335320873342	  -2.634224514877	   0.124878529886
O 	  -0.806138565636	  -2.238749033266	   0.103796121802
C 	   1.266566976260	  -2.404879301375	  -1.043772997924
H 	   1.723453978512	  -3.344237433785	  -1.400498629098
H 	   0.655888777788	  -1.981384640285	  -1.854906252254
C 	   2.802823344936	   0.641992340763	  -1.659818935682
C 	   2.091718139050	   0.902043030676	  -0.400474154243
C 	   1.829226606624	  -0.264370908516	   0.211120738122
C 	   2.355844993655	  -1.395051313393	  -0.627210171085
C 	   2.965113418166	  -0.687083734429	  -1.798941738296
H 	   3.138155840929	   1.412136821382	  -2.358275874246
H 	   1.832004704036	   1.896063953553	  -0.028609984278
H 	   1.320115669119	  -0.393125729921	   1.167774478719
H 	   3.152238815213	  -1.916161332408	  -0.062501665409
H 	   3.446459278897	  -1.204359380235	  -2.632278679586
Energy    = -423.524513648346 (-423.661645060893 :    0.000000000000)
Spin(**2) =    0.000000000000
ZPVE      =    0.199802218783
Normal mode eigenvalues : nmode = 54
  0.007739524   0.011599258   0.017053693   0.018633684   0.022337329
  0.024520615   0.027378481   0.030820686   0.032955469   0.037926702
  0.038611254   0.041747708   0.043134930   0.045096371   0.049164092
  0.053877782   0.055189056   0.060428356   0.062894139   0.064772980
  0.069004798   0.069461753   0.071179102   0.074397280   0.107601097
  0.111968285   0.117363743   0.122921628   0.123932104   0.124768171
  0.128956863   0.130396661   0.131021966   0.131290483   0.131958302
  0.132454859   0.134723157   0.135697903   0.138633810   0.139778133
  0.141381940   0.150399937   0.152379447   0.157858141   0.230637205
  0.241618031   0.244392541   0.245136799   0.246023944   0.246922237
  0.249820644   0.254400870   0.256264771   0.268337520

# Geometry of EQ 6, SYMMETRY = C1  
C 	   0.584695055828	  -1.993238287412	   1.023995402519
H 	  -0.445494793713	  -1.669917667535	   0.853295128852
C 	   1.548629665196	  -1.176397482590	   1.850733015192
H 	   2.082411249958	  -1.771150368117	   2.609206780511
H 	   1.041204676656	  -0.348580673968	   2.372014613344
C 	   1.208647344380	  -2.818670968091	   0.174710788031
O 	   2.553272729396	  -2.999684689551	   0.451195545723
C 	   1.115070172801	  -2.749568657089	  -1.323676808991
H 	   1.410484118494	  -3.682349891061	  -1.829387180989
H 	   0.138676276462	  -2.406435908699	  -1.695988211858
C 	   1.909323685893	   0.318838261022	  -0.171569187825
C 	   2.571676810615	  -0.619795385134	   0.807990778335
C 	   3.030719968954	  -1.796319914040	  -0.106640136443
C 	   2.234664064073	  -1.648193306095	  -1.452159992651
C 	   1.714321027394	  -0.242567207419	  -1.368414418537
H 	   1.590062614275	   1.330090370567	   0.100272451444
H 	   3.423248885189	  -0.150968621477	   1.330832388288
H 	   4.121167859224	  -1.855499510909	  -0.229244293148
H 	   2.861055193355	  -1.820392634983	  -2.342644235259
H 	   1.212581501039	   0.248942199024	  -2.208143783137
Energy    = -423.551797561524 (-423.657008733664 :    0.000000000000)
Spin(**2) =    0.000000000000
ZPVE      =    0.208396460635
Normal mode eigenvalues : nmode = 54
  0.024733429   0.025035398   0.029095280   0.029329863   0.030374952
  0.035627321   0.039697514   0.041325934   0.042125451   0.046657394
  0.049020015   0.051506355   0.053960280   0.058543623   0.060367586
  0.062549631   0.065234735   0.067830087   0.069553951   0.070498337
  0.072026006   0.073566266   0.074808749   0.080320442   0.120451521
  0.123069205   0.124921129   0.128859628   0.129500318   0.130235128
  0.131841860   0.132970797   0.134356723   0.135086495   0.135868149
  0.138226164   0.139893536   0.140816241   0.141428190   0.142395992
  0.143971959   0.145777751   0.146554533   0.157674158   0.242162700
  0.244385716   0.245637593   0.246117622   0.248874552   0.253321769
  0.255511478   0.257482723   0.259023513   0.261742937

# Geometry of EQ 7, SYMMETRY = C1  
C 	   0.111662726500	  -2.911277844106	   0.546272049421
H 	  -0.441852581586	  -1.981174480423	   0.380806805037
C 	  -0.397079297566	  -4.093209207002	   0.201228712797
H 	   0.188127379333	  -5.006245072236	   0.364089895929
H 	  -1.393903042127	  -4.188093855619	  -0.242671156703
C 	   1.484840739041	  -2.826163547502	   1.117360870587
O 	   2.128683575266	  -3.810784267189	   1.394748477495
C 	   2.091440418512	  -1.449673876437	   1.185506740958
H 	   1.314508714357	  -0.670524507809	   1.246088222769
H 	   2.757668413773	  -1.371645575639	   2.058655506606
C 	   2.043991326651	  -0.623582174424	  -2.188560011250
C 	   2.678668000635	   0.537865131245	  -1.556774611238
C 	   3.202249401255	   0.170923336186	  -0.373389654842
C 	   2.900524748415	  -1.271262777015	  -0.119163717359
C 	   2.164497991509	  -1.683946417180	  -1.368143490308
H 	   1.571478032803	  -0.618196751313	  -3.173491700737
H 	   2.719557647430	   1.537961870640	  -1.995414494628
H 	   3.725912022614	   0.812895221891	   0.338642596064
H 	   3.826471791773	  -1.871567472242	  -0.024542783931
H 	   1.828573838648	  -2.701342480164	  -1.572114474421
Energy    = -423.520813960797 (-423.663044932291 :    0.000000000000)
Spin(**2) =    0.000000000000
ZPVE      =    0.199664394236
Normal mode eigenvalues : nmode = 54
  0.007433181   0.012437255   0.017068416   0.018969026   0.022286569
  0.024309044   0.026900358   0.032354936   0.034214497   0.037453239
  0.039374437   0.041602348   0.042730520   0.043522243   0.048986094
  0.053633720   0.057693271   0.060535918   0.063065673   0.064367111
  0.068128299   0.068815247   0.071273971   0.073152910   0.103822346
  0.111346683   0.118854998   0.122016323   0.124178932   0.124575292
  0.128996946   0.130004231   0.131027927   0.131125621   0.131990632
  0.133321759   0.135157074   0.136595324   0.139480825   0.140210035
  0.142018942   0.147536033   0.148741145   0.153235822   0.229176273
  0.242614684   0.244648915   0.245575304   0.246316270   0.246905554
  0.250684888   0.254847881   0.256573091   0.266040912

# Geometry of EQ 8, SYMMETRY = C1  
C 	   0.379214845595	  -1.879685316347	   1.230842251796
H 	  -0.479942332168	  -1.303623016894	   1.591276667926
C 	   1.440320529713	  -2.093451383712	   2.009385987155
H 	   2.292111910585	  -2.699533076067	   1.688414445901
H 	   1.490231910856	  -1.682579132570	   3.024133276139
C 	   0.212784935984	  -2.411558804333	  -0.140433575018
O 	  -0.878183694887	  -2.398425576859	  -0.663683609784
C 	   1.432753560878	  -2.869539360792	  -0.919063431454
H 	   2.041261528900	  -3.609620970563	  -0.372496328936
H 	   1.052875123283	  -3.345247455152	  -1.835059981958
C 	   1.918817024553	   0.617444122983	  -0.734131447205
C 	   3.057702719621	   0.127654211241	   0.046048277291
C 	   3.267085767757	  -1.169242020701	  -0.242848402229
C 	   2.277990618579	  -1.624278042995	  -1.273594715350
C 	   1.451402983474	  -0.386726587160	  -1.500757231157
H 	   1.522710785397	   1.634366030868	  -0.691225443735
H 	   3.641189052855	   0.734108913768	   0.742874098169
H 	   4.054146983460	  -1.809598310993	   0.162751227984
H 	   2.841640568942	  -1.852217640385	  -2.201464808894
H 	   0.600462706155	  -0.348428193913	  -2.183517150109
Energy    = -423.535093198777 (-423.662250913846 :    0.000000000000)
Spin(**2) =    0.000000000000
ZPVE      =    0.200177513837
Normal mode eigenvalues : nmode = 54
  0.009919213   0.012022842   0.017309784   0.018350467   0.021710392
  0.023548969   0.028332903   0.033826162   0.034592192   0.037444622
  0.041358789   0.042967387   0.044015996   0.044954187   0.049791336
  0.054767773   0.056300357   0.060764958   0.063800439   0.064847800
  0.068439428   0.069848197   0.072001860   0.074173978   0.108487690
  0.114324601   0.119306420   0.122219405   0.124565215   0.125614438
  0.127838483   0.129683002   0.131179897   0.131932387   0.132463592
  0.133694830   0.134270241   0.134936643   0.137235731   0.137634091
  0.143349016   0.147604208   0.149526086   0.150008027   0.231555797
  0.243389170   0.244948430   0.246020169   0.246524250   0.246559491
  0.248482686   0.255013883   0.256870483   0.264046620

# Geometry of EQ 9, SYMMETRY = C1  
C 	   0.090475744375	  -2.037566170797	   0.921100298576
H 	  -0.552645098666	  -2.312629114702	   1.762952173368
C 	   0.244938174575	  -0.764878443063	   0.538677773258
H 	   3.152856180556	  -2.164988010278	   0.804062258069
H 	  -0.308866808315	   0.026405239884	   1.060077624944
C 	   0.797232333209	  -3.147165032282	   0.247854955438
O 	   0.885510326804	  -4.241665733130	   0.753101208401
C 	   1.389810649924	  -2.814422009356	  -1.102949808963
H 	   2.066764293705	  -3.629488320219	  -1.403164588189
H 	   0.568552702824	  -2.762310452420	  -1.842324237432
C 	   2.225209477090	   0.602257510591	   0.143707685615
C 	   3.352487000020	  -0.053366873177	   0.425178013558
C 	   3.307420412612	  -1.476751473429	  -0.051044368090
C 	   2.109904834028	  -1.475980481977	  -1.018599803549
C 	   1.217979239436	  -0.322323245706	  -0.515155925609
H 	   1.997946988181	   1.635647290445	   0.420199053511
H 	   4.206261441769	   0.373244827472	   0.959999737456
H 	   4.239814588308	  -1.802022235444	  -0.544140446091
H 	   2.482775271382	  -1.194912228278	  -2.017956403701
H 	   0.669670824914	   0.170810240433	  -1.339706377876
Energy    = -423.584696829570 (-423.707375692645 :    0.000000000000)
Spin(**2) =    0.000000000000
ZPVE      =    0.204916919675
Normal mode eigenvalues : nmode = 54
  0.011186970   0.017269096   0.019219730   0.021635300   0.026378092
  0.031915553   0.034824536   0.037141867   0.038181194   0.039653415
  0.042807039   0.044197872   0.048482790   0.051666291   0.056679402
  0.058259557   0.062574647   0.064931426   0.066545265   0.069289991
  0.071010550   0.072834538   0.075277396   0.077175746   0.118050108
  0.122338067   0.124234365   0.125689947   0.129054894   0.130482864
  0.130707748   0.131687275   0.133252140   0.135226064   0.136484308
  0.137094842   0.138506686   0.142305694   0.143433651   0.146056042
  0.148100894   0.150214811   0.151055209   0.154624597   0.244112690
  0.244944605   0.245492539   0.246650558   0.249154898   0.250944760
  0.254716940   0.255970851   0.261272151   0.266367815

# Geometry of EQ 10, SYMMETRY = C1  
C 	   0.459804550596	  -2.753390318224	   0.897297870017
H 	  -0.564336751681	  -2.460611097774	   1.154336049121
C 	   1.282488199017	  -3.241261140396	   1.825714048649
H 	   2.310420202578	  -3.548602221933	   1.605139938201
H 	   0.953654624468	  -3.356317536600	   2.864703823552
C 	   0.779026282665	  -2.556658310634	  -0.538020157098
O 	  -0.085650129592	  -2.167504482183	  -1.288584637294
C 	   2.194176392254	  -2.745639459524	  -1.046356359471
H 	   2.777373600094	  -3.461418726946	  -0.446303109158
H 	   2.140881857956	  -3.122661748450	  -2.079838451375
C 	   1.780017219159	   0.696993819657	  -1.153837406064
C 	   2.186643067145	   0.469719662898	   0.238541148905
C 	   2.832073602279	  -0.705869168257	   0.328522545273
C 	   2.870253326701	  -1.359621322120	  -1.025107425153
C 	   2.168717823791	  -0.355894718419	  -1.894901744353
H 	   1.237741626273	   1.574958414796	  -1.510885040441
H 	   1.999730787809	   1.163786583980	   1.061617416256
H 	   3.259994393112	  -1.144552115869	   1.231520338937
H 	   3.919221362517	  -1.480980737840	  -1.362122105673
H 	   1.986822769646	  -0.507668605442	  -2.960386298942
Energy    = -423.534686362150 (-423.662841750234 :    0.000000000000)
Spin(**2) =    0.000000000000
ZPVE      =    0.199775068421
Normal mode eigenvalues : nmode = 54
  0.008683083   0.011974967   0.016936041   0.019213515   0.021315821
  0.024637018   0.028312365   0.032577120   0.033644405   0.037089981
  0.041025064   0.043118487   0.043690322   0.044405075   0.050118901
  0.054820017   0.055265890   0.061103322   0.063811766   0.064740250
  0.068100732   0.069533934   0.072341763   0.073451540   0.106429711
  0.112834761   0.119669140   0.122606408   0.124437706   0.124853223
  0.127769593   0.130217496   0.130787437   0.131117091   0.131651315
  0.132470612   0.134888514   0.135347835   0.137067170   0.137894517
  0.142667389   0.145938436   0.147562864   0.149544008   0.230219715
  0.241380866   0.244895304   0.246023043   0.246728082   0.247021072
  0.248745288   0.254965006   0.255651101   0.262530741

# Geometry of EQ 11, SYMMETRY = C1  
C 	   0.709753707471	  -2.473254836352	   1.140056256327
H 	  -0.017536838828	  -1.788761967370	   1.593222700876
C 	   0.956305725530	  -3.666263836643	   1.673376700107
H 	   1.674840246185	  -4.359881974360	   1.220226289565
H 	   0.446372052316	  -4.003165335648	   2.582591670651
C 	   1.405281852582	  -1.950304511215	  -0.046440204906
O 	   0.529947508187	  -1.300448347695	  -0.931399552040
C 	   2.312868083793	  -2.737749407143	  -1.009046648922
H 	   3.112238921307	  -3.303315113366	  -0.505680940802
H 	   1.800245198019	  -3.352427876988	  -1.766028439658
C 	   1.596594928920	   0.770597176825	  -1.051527462785
C 	   2.225991357169	   0.523627060406	   0.108280590886
C 	   2.622188423646	  -0.906081280181	   0.109508258783
C 	   2.767397006174	  -1.315787853636	  -1.375065968349
C 	   1.471093716749	  -0.563002024880	  -1.749122404180
H 	   1.093160049924	   1.690709497248	  -1.355273630403
H 	   2.357343264859	   1.216812858843	   0.942619642876
H 	   3.393837603554	  -1.251901361202	   0.809542476898
H 	   3.674626736038	  -1.082089439530	  -1.949987546712
H 	   1.140018667772	  -0.575416264367	  -2.796011808391
Energy    = -423.518329601105 (-423.634123579551 :    0.000000000000)
Spin(**2) =    0.000000000000
ZPVE      =    0.205117280034
Normal mode eigenvalues : nmode = 54
  0.013443385   0.020336238   0.023990007   0.028760356   0.030427002
  0.033127853   0.035111119   0.037964271   0.040486973   0.042690600
  0.044358255   0.047782318   0.052986164   0.057189274   0.058560248
  0.062045893   0.064793763   0.066688270   0.068605240   0.070019196
  0.070469994   0.075974447   0.077083499   0.089907856   0.107395724
  0.116072798   0.120659959   0.123281316   0.124229971   0.125302721
  0.129232095   0.129844217   0.130524729   0.132153600   0.135326666
  0.135861895   0.136312422   0.137216643   0.138098737   0.140186417
  0.141184969   0.143224458   0.144645247   0.148786908   0.229035804
  0.241296250   0.241938798   0.244141936   0.245527999   0.251383495
  0.252123740   0.255985166   0.257474854   0.259640382

# Geometry of EQ 12, SYMMETRY = C1  
C 	   0.616403109526	  -2.579010047659	   0.868765527467
H 	  -0.237166348126	  -2.225812108623	   1.457393130781
C 	   0.438647341311	  -3.261958928831	  -0.262700804422
H 	   1.273356506436	  -3.662212848620	  -0.844927120229
H 	  -0.566324296759	  -3.471165312712	  -0.646370108681
C 	   1.933247601813	  -2.267079454766	   1.467631039598
O 	   2.003353894870	  -1.890612240078	   2.615399584394
C 	   3.172883858602	  -2.308693697176	   0.592097909272
H 	   4.031011018715	  -2.162284288590	   1.263954776412
H 	   3.302321499855	  -3.272547769811	   0.071931986872
C 	   1.422639735836	  -0.539454139335	  -1.952719782769
C 	   1.339927201545	   0.359517705561	  -0.799443055522
C 	   2.291994771495	   0.030156169133	   0.092539354629
C 	   3.078003280623	  -1.144374740194	  -0.423265333973
C 	   2.404262779743	  -1.435118993804	  -1.732282343599
H 	   0.783001989863	  -0.484546658893	  -2.836397577741
H 	   0.620065560886	   1.174936937827	  -0.697299888143
H 	   2.482239631453	   0.508794608935	   1.054804723428
H 	   4.110629666227	  -0.809874646443	  -0.652046561307
H 	   2.722062453096	  -2.234114097009	  -2.407103351338
Energy    = -423.536013367764 (-423.661953040594 :    0.000000000000)
Spin(**2) =    0.000000000000
ZPVE      =    0.200279502135
Normal mode eigenvalues : nmode = 54
  0.010083374   0.012286535   0.017345332   0.018318693   0.021773469
  0.023437580   0.028463325   0.033889900   0.034923456   0.037587705
  0.041302812   0.043175761   0.043975071   0.045178912   0.049923208
  0.054832337   0.056450884   0.060765731   0.063774329   0.064979558
  0.068525245   0.070008132   0.072023265   0.074235050   0.108612998
  0.114586966   0.119327088   0.122146681   0.124614263   0.125751064
  0.127871813   0.129787963   0.131158044   0.131953733   0.132543447
  0.133935457   0.134197935   0.135008621   0.137306297   0.137697101
  0.143358651   0.147707257   0.149564923   0.150225582   0.231663359
  0.243487559   0.244901212   0.245994563   0.246453801   0.246532515
  0.248742675   0.254991251   0.257033570   0.264191174

# Geometry of EQ 13, SYMMETRY = C1  
C 	   0.525805177136	  -2.921477143321	   0.347293368284
H 	  -0.452453819092	  -2.439844354268	   0.465373236760
C 	   0.644342851241	  -4.245943851998	   0.343630231776
H 	   1.620612947427	  -4.734049741187	   0.236952841273
H 	  -0.228520387921	  -4.899109818220	   0.452233182076
C 	   1.657763856234	  -2.000900039563	   0.158329324314
O 	   1.623643269408	  -0.933356202161	   1.069671044425
C 	   3.153191664540	  -2.367131729913	   0.145188941745
H 	   3.624830756441	  -2.517160457041	   1.129418455646
H 	   3.406255018591	  -3.182087940718	  -0.550533219382
C 	   1.240913558929	   0.037745429881	  -1.434235078015
C 	   1.674061164556	   0.832156123906	  -0.443171427742
C 	   2.549987361388	  -0.016017917050	   0.441928609885
C 	   3.247327528782	  -0.991232882389	  -0.532323274241
C 	   1.912930725348	  -1.277405382363	  -1.261844412609
H 	   0.471628966315	   0.267941374482	  -2.174698819641
H 	   1.326803290633	   1.838585877585	  -0.199040758615
H 	   3.155386002606	   0.483573895290	   1.209740342079
H 	   4.130861618508	  -0.624185183280	  -1.073500839313
H 	   1.937189705940	  -1.985554608775	  -2.100449643586
Energy    = -423.516734272902 (-423.634154254081 :    0.000000000000)
Spin(**2) =    0.000000000000
ZPVE      =    0.205113658639
Normal mode eigenvalues : nmode = 54
  0.013445614   0.020362240   0.023938004   0.028697668   0.030414078
  0.033181740   0.035130141   0.037994904   0.040520477   0.042657644
  0.044364808   0.047736069   0.052934062   0.057215169   0.058550400
  0.062093462   0.064787541   0.066933938   0.068370397   0.069967508
  0.070497488   0.075914692   0.077007231   0.089914894   0.107395425
  0.116168768   0.120620641   0.123255558   0.124307415   0.125213100
  0.129258622   0.129838028   0.130698980   0.132056103   0.135352145
  0.135869305   0.136348237   0.137195228   0.138143981   0.140135941
  0.141254145   0.143212386   0.144565561   0.148682825   0.229023543
  0.241304485   0.241987563   0.244365936   0.245338118   0.251411994
  0.252196376   0.255988933   0.257437783   0.259468497

# Geometry of EQ 14, SYMMETRY = C1  
C 	  -0.032246584035	  -1.913503657772	   0.557771107270
H 	  -0.214610728356	  -0.954987929840	   1.053607887269
C 	  -0.913703081397	  -2.432343721132	  -0.296038162468
H 	  -0.692534556099	  -3.380911965297	  -0.798713164270
H 	  -1.863214665669	  -1.934863939866	  -0.521507402473
C 	   1.262761461492	  -2.605905059852	   0.792295012948
O 	   1.420837904734	  -3.769507742121	   0.506620108481
C 	   2.420338647773	  -1.756422722831	   1.269753426211
H 	   2.125245137100	  -1.072227982198	   2.084511936120
H 	   3.216359120982	  -2.426187367025	   1.629455791466
C 	   2.374809581311	  -1.298163989279	  -2.189129382188
C 	   1.649837977911	  -0.113255579196	  -1.716599202688
C 	   1.947797975514	   0.103477491275	  -0.424122286774
C 	   2.912437445035	  -0.945011957109	   0.051778790381
C 	   3.110502317633	  -1.791100601902	  -1.175265748264
H 	   2.313242041245	  -1.706212934757	  -3.200323832339
H 	   0.977378930702	   0.489548228244	  -2.331660147761
H 	   1.568917357737	   0.909612239497	   0.208482266068
H 	   3.870702192535	  -0.460419739934	   0.328462433998
H 	   3.739392982251	  -2.683138583177	  -1.196530761966
Energy    = -423.536592171058 (-423.663268478404 :    0.000000000000)
Spin(**2) =    0.000000000000
ZPVE      =    0.199816846714
Normal mode eigenvalues : nmode = 54
  0.008978800   0.012061392   0.017457848   0.018769177   0.020691107
  0.023535277   0.029181103   0.033068357   0.035815490   0.038602250
  0.040760358   0.041818910   0.043768124   0.044284429   0.050055090
  0.054559888   0.058485160   0.061118228   0.063808442   0.064669953
  0.067973540   0.068965584   0.071909748   0.073399555   0.105771548
  0.113008863   0.118963103   0.122213221   0.124432187   0.125003660
  0.127646982   0.128182523   0.130925301   0.131198256   0.131517930
  0.132926508   0.133806021   0.135359969   0.136629558   0.137159015
  0.141904833   0.146313806   0.147884661   0.148182054   0.229752964
  0.242850062   0.244884845   0.245218391   0.246208689   0.246589258
  0.247721018   0.256235627   0.258884858   0.262681520

# Geometry of EQ 15, SYMMETRY = C1  
C 	   1.407747617834	  -4.121292552823	   0.382286600971
H 	   1.638511937662	  -5.102268129930	  -0.048425981124
C 	   1.670216514724	  -3.857973221788	   1.663598395000
H 	   1.428462638365	  -2.898048393044	   2.132946162516
H 	   2.128088826085	  -4.613100774062	   2.312526604687
C 	   0.771632635869	  -3.178129348455	  -0.572045369246
O 	   0.456402154577	  -3.561171345042	  -1.674097114176
C 	   0.636421886652	  -1.727151613504	  -0.178122011492
H 	   0.051360751835	  -1.228312161614	  -0.965260603023
H 	   0.111493047897	  -1.605082995284	   0.785098722403
C 	   3.277220536830	  -0.236702540749	  -1.875235380629
C 	   2.716225223687	   0.876956983070	  -1.101158353539
C 	   2.004330103180	   0.389704447108	  -0.069987111274
C 	   2.042489666023	  -1.105069779642	  -0.104136535260
C 	   2.891194553524	  -1.395526134580	  -1.310590775753
H 	   3.904770666914	  -0.126498824394	  -2.762435644751
H 	   2.865264847159	   1.933474798026	  -1.337682672319
H 	   1.459082981669	   0.965366350290	   0.681409431195
H 	   2.567150660430	  -1.478652525379	   0.795975229231
H 	   3.143500867065	  -2.400713131007	  -1.653429660640
Energy    = -423.521238160880 (-423.662944696120 :    0.000000000000)
Spin(**2) =    0.000000000000
ZPVE      =    0.199755556587
Normal mode eigenvalues : nmode = 54
  0.007518032   0.011625116   0.017037207   0.018543175   0.022406809
  0.024290268   0.027618909   0.030851685   0.032704455   0.037681235
  0.038607456   0.041651926   0.042827415   0.044995247   0.048956674
  0.053978190   0.055053817   0.060485123   0.063057307   0.064389234
  0.068942672   0.069325277   0.071066714   0.074541033   0.107326363
  0.111911960   0.117693686   0.122615855   0.124047086   0.124596510
  0.129126791   0.129957871   0.130922020   0.131102974   0.132036062
  0.132520982   0.135145759   0.135994309   0.137225367   0.139385047
  0.141341655   0.150238008   0.153313027   0.159704416   0.230558195
  0.241456781   0.244584464   0.244954850   0.246257182   0.247363232
  0.248784598   0.254210367   0.256202886   0.269507293

# Geometry of EQ 16, SYMMETRY = C1  
C 	   0.650869687656	  -1.602899429473	   0.110637384268
H 	  -0.408821172086	  -1.320980844669	   0.119802169172
C 	   1.049090775761	  -2.732016945131	  -0.873594164567
H 	   1.030847835999	  -3.723631893551	  -0.389074287287
H 	   0.376808044976	  -2.782663973278	  -1.743542054268
C 	   1.164742738891	  -2.115082808030	   1.434788819283
O 	   0.523466350743	  -2.430207743398	   2.396599938991
C 	   2.690554525794	  -2.153956962400	   1.295798984341
H 	   3.148928421582	  -1.602564855058	   2.134279037208
H 	   3.062902566635	  -3.191825496532	   1.340470360495
C 	   2.268909762895	  -1.204205305710	  -2.309094270431
C 	   1.751198470331	  -0.152602668189	  -1.661679000891
C 	   1.703443737060	  -0.491799286055	  -0.201008679629
C 	   2.902660799369	  -1.456684199833	  -0.044054569783
C 	   2.488667753102	  -2.290844089506	  -1.278854773101
H 	   2.374854964396	  -1.332774348240	  -3.389018520220
H 	   1.367593944420	   0.770239804837	  -2.102674384935
H 	   1.659367450034	   0.356269173583	   0.499591038646
H 	   3.884288093396	  -0.975435324871	  -0.168718874145
H 	   3.156397218652	  -3.115722236861	  -1.566771292312
Energy    = -423.596450373095 (-423.708467873168 :    0.000000000000)
Spin(**2) =    0.000000000000
ZPVE      =    0.208683059489
Normal mode eigenvalues : nmode = 54
  0.014851601   0.016468118   0.018719604   0.031262333   0.033953794
  0.035594262   0.037537459   0.039905279   0.044091655   0.048731957
  0.050572177   0.052294338   0.054975735   0.059686706   0.064681701
  0.065906423   0.067087476   0.070462251   0.070632148   0.072402080
  0.073076049   0.073985103   0.078233566   0.078691251   0.123213461
  0.124935487   0.126378089   0.128394362   0.130353499   0.130857438
  0.133085848   0.134466471   0.135447994   0.138967632   0.139712073
  0.141044739   0.141450659   0.141793146   0.143113083   0.144773979
  0.146604824   0.148353313   0.151793151   0.157475789   0.243747960
  0.244451775   0.245387831   0.247041502   0.251277411   0.254263686
  0.257481867   0.258121137   0.260910880   0.262470446

# Geometry of EQ 17, SYMMETRY = C1  
C 	   0.081326103275	  -2.281312532367	   0.671821071922
H 	  -0.318349983334	  -1.788932335035	   1.566490378261
C 	  -0.690825694473	  -3.047561945129	  -0.095300846940
H 	  -0.284547000135	  -3.534229352097	  -0.987323576638
H 	  -1.745573171323	  -3.215884651030	   0.149107314006
C 	   1.484612352103	  -1.985248699418	   0.340591146882
O 	   2.001656893875	  -2.826630529302	  -0.655411019424
C 	   2.672538837367	  -1.891729204319	   1.321291772914
H 	   2.479904663843	  -1.235765119335	   2.185001508450
H 	   3.119952184956	  -2.848185453913	   1.635882750171
C 	   2.662975065174	  -1.204696121845	  -2.192452168570
C 	   1.830195407259	  -0.317590840188	  -1.626104441638
C 	   1.899587968672	  -0.512579749265	  -0.156470684786
C 	   3.289684714620	  -1.122113768054	   0.140817733036
C 	   3.167794845540	  -2.078308110318	  -1.067553928644
H 	   2.802922647471	  -1.404799811225	  -3.256722090772
H 	   1.157889868714	   0.372316553756	  -2.141283954465
H 	   1.544762836729	   0.286529702435	   0.507872846034
H 	   4.192915881456	  -0.499004792145	   0.206362639085
H 	   3.995534753554	  -2.769315799073	  -1.275456045856
Energy    = -423.521576147537 (-423.634474868934 :    0.000000000000)
Spin(**2) =    0.000000000000
ZPVE      =    0.205214577643
Normal mode eigenvalues : nmode = 54
  0.013542108   0.019705228   0.025252759   0.029074783   0.030199689
  0.034009871   0.035745264   0.038264379   0.040124484   0.043568600
  0.044391416   0.047804681   0.052059429   0.057973486   0.059348330
  0.062112514   0.064861243   0.066707424   0.068356249   0.069949181
  0.070373060   0.075856568   0.076964647   0.089740168   0.108320781
  0.114909086   0.122076598   0.123446591   0.124401535   0.125352348
  0.129204217   0.129894118   0.130420270   0.133857381   0.134819573
  0.135579888   0.136213306   0.137680604   0.137983082   0.139692155
  0.140674925   0.140880666   0.144726711   0.147557584   0.229634605
  0.241481445   0.242407876   0.244350528   0.245746504   0.251205882
  0.251845786   0.255781331   0.257597543   0.260216757

# Geometry of EQ 18, SYMMETRY = C1  
C 	   1.476971842307	  -2.260060878510	   0.973438129528
H 	   1.595688307480	  -3.148310957389	   1.616112653987
C 	   1.391216075422	  -0.903169626135	   1.698710294796
H 	   1.742400113167	  -0.956204451080	   2.740855903211
H 	   0.402609421213	  -0.416784115718	   1.678819281423
C 	   0.377509353454	  -2.506541633799	  -0.043012118888
O 	  -0.798245853854	  -2.466393482783	   0.190348549344
C 	   1.029524938888	  -2.711315765299	  -1.403720315875
H 	   1.365541748192	  -3.763404352719	  -1.478293411834
H 	   0.322497374873	  -2.513712036927	  -2.223417410765
C 	   1.929445009252	   0.430066839021	  -0.440940737052
C 	   2.466606304261	  -0.346206415646	   0.725632968008
C 	   2.680595722176	  -1.772475990421	   0.151136174912
C 	   2.233791441323	  -1.757710499108	  -1.335226150161
C 	   1.809865801189	  -0.323236268165	  -1.536756767363
H 	   1.638889949581	   1.482814397963	  -0.372011262481
H 	   3.325544139529	   0.142661375410	   1.214231708141
H 	   3.651505422948	  -2.250622525712	   0.339591602709
H 	   3.028225131052	  -2.055371675583	  -2.040061853475
H 	   1.408070046850	   0.030578450205	  -2.492007025144
Energy    = -423.590680392973 (-423.703087665189 :    0.000000000000)
Spin(**2) =    0.000000000000
ZPVE      =    0.206639530710
Normal mode eigenvalues : nmode = 54
  0.012744981   0.015946232   0.021218464   0.027402868   0.028702220
  0.031736207   0.041019295   0.041636805   0.041944562   0.045819927
  0.047221761   0.050242955   0.054777252   0.056390604   0.059039685
  0.062997359   0.064935809   0.068859346   0.069317313   0.070378342
  0.072389688   0.073139001   0.075662410   0.077077084   0.118317159
  0.121237879   0.124675232   0.128045422   0.129523182   0.131394596
  0.132945784   0.133371942   0.134187584   0.134794041   0.138208779
  0.138891033   0.139810942   0.140594439   0.141663733   0.142616458
  0.143650091   0.144638945   0.144797389   0.151774233   0.241396977
  0.243624655   0.245847151   0.246635487   0.250431635   0.253712045
  0.254706921   0.256606306   0.257724890   0.260946764

# Geometry of EQ 19, SYMMETRY = C1  
C 	   1.164791094083	  -2.887124850437	  -0.287899772019
H 	   1.196051066861	   0.116512105781	   0.480302090659
C 	   0.114603545512	  -3.535885708575	  -0.785175553872
H 	  -0.643923636092	  -3.935056695646	  -0.101160769071
H 	  -0.028220310765	  -3.685539580902	  -1.861538384665
C 	   1.307994299880	  -2.655681819983	   1.183181735678
O 	   0.509590473379	  -2.985398778350	   2.020077758620
C 	   2.610966807225	  -1.906672428543	   1.415426323930
H 	   2.532189995598	  -1.215036731724	   2.268424461175
H 	   3.391702306730	  -2.652176927748	   1.658553604536
C 	   1.818077293769	  -1.261818750435	  -2.092435489838
C 	   1.688768772011	  -0.024812611184	  -1.611293131151
C 	   2.096318386290	   0.061871886429	  -0.165189686849
C 	   2.876368524229	  -1.246660820409	   0.065775210538
C 	   2.295971849609	  -2.201687748677	  -1.012300954589
H 	   1.547383209211	  -1.587861848287	  -3.100166017969
H 	   1.295577958233	   0.828380286947	  -2.172259960086
H 	   2.697575117295	   0.957587957784	   0.068571223941
H 	   3.948101114598	  -1.069162022738	  -0.114836830971
H 	   3.039673106288	  -2.938306480548	  -1.366416604973
Energy    = -423.577335660387 (-423.700061996021 :    0.000000000000)
Spin(**2) =    0.000000000000
ZPVE      =    0.203167435414
Normal mode eigenvalues : nmode = 54
  0.012371705   0.015155655   0.017175436   0.019362907   0.025365556
  0.028746479   0.030661026   0.034234751   0.039494347   0.040711026
  0.041775234   0.045838291   0.048370097   0.053778213   0.056400436
  0.058108608   0.062616846   0.064931856   0.067078427   0.070012327
  0.072650939   0.075115345   0.077732243   0.081379162   0.107272754
  0.114851904   0.118933753   0.125164937   0.125420969   0.126287029
  0.129062774   0.129956696   0.130164656   0.131461467   0.132827015
  0.134084764   0.134812580   0.138412537   0.143426678   0.143974650
  0.145775871   0.146440406   0.146898208   0.151940902   0.230512826
  0.243049527   0.243900600   0.244348863   0.244902078   0.248089786
  0.253476817   0.254406326   0.260909076   0.263436213

# Geometry of EQ 20, SYMMETRY = C1  
C 	   1.022644545437	  -1.591039402465	  -0.094922193448
H 	  -0.021166657686	  -1.466216546431	   0.224713939188
C 	   2.075761972006	  -1.893285653577	   0.967024442735
H 	   2.036492043501	  -2.941274924565	   1.297172876938
H 	   2.024921084064	  -1.246995054219	   1.857411145297
C 	  -0.726610777535	  -3.910607369606	   0.593218501529
O 	   0.067580542245	  -4.195410577991	   1.342215722559
C 	   1.443373772889	  -2.589391597618	  -1.202546297668
H 	   1.616137947143	  -3.642818495189	  -0.923858251705
H 	   0.802190034136	  -2.536340784264	  -2.097305458501
C 	   2.569252362793	   0.549050391021	  -0.300511167142
C 	   3.578450922256	  -0.116109058605	   0.277370300005
C 	   3.332186208703	  -1.594000018849	   0.087321883294
C 	   2.652777297417	  -1.651970356489	  -1.308732526784
C 	   1.712072574495	  -0.471495881831	  -0.985902102681
H 	   2.371704696039	   1.622117368100	  -0.251246692689
H 	   4.362850731142	   0.303143423489	   0.913559674111
H 	   4.189954480413	  -2.260861344903	   0.254379361615
H 	   3.321278348863	  -1.624749840501	  -2.183213421819
H 	   1.062633988139	  -0.129595515462	  -1.804903830605
Energy    = -423.517102961476 (-423.651263650745 :    0.000000000000)
Spin(**2) =    0.000000000000
ZPVE      =    0.203423120100
Normal mode eigenvalues : nmode = 54
  0.004282931   0.008715442   0.010381252   0.021372287   0.022867170
  0.031209288   0.034620905   0.038944882   0.039218445   0.039793650
  0.043132725   0.044102738   0.049948472   0.051274474   0.059355621
  0.059923244   0.064934643   0.066159181   0.067623558   0.068884722
  0.069827519   0.070543644   0.072640299   0.076191925   0.120540833
  0.125013302   0.125882789   0.126337365   0.130618792   0.131750255
  0.133907909   0.134765450   0.135897928   0.136953447   0.137545971
  0.138169015   0.138681524   0.140136604   0.140312715   0.141314251
  0.141839143   0.145302858   0.146058998   0.152663640   0.243241099
  0.244573868   0.244764441   0.248248034   0.251778320   0.252222382
  0.253443675   0.254838847   0.258270647   0.260012700

# Geometry of EQ 21, SYMMETRY = C1  
C 	   1.135430605371	  -1.372275800925	   0.339765644440
H 	   0.185889618344	  -1.088716805401	   0.813674479785
C 	   1.144296643513	  -2.564631875618	  -0.612267615966
H 	   1.115319221294	  -3.520990981973	  -0.069804900602
H 	   0.330982258934	  -2.562232472969	  -1.354863724531
C 	  -0.008901284260	  -2.797178670849	   2.694161689858
O 	  -0.015835779515	  -3.698428775733	   2.015561302115
C 	   2.427469941818	  -1.648411389178	   1.148930724784
H 	   2.629608172685	  -0.881444267504	   1.914090492174
H 	   2.577235083699	  -2.655322986189	   1.574485884489
C 	   2.244929947123	  -1.375027503663	  -2.430899790804
C 	   1.827307810560	  -0.206800646091	  -1.925153364702
C 	   1.977577744602	  -0.279084860431	  -0.439457614129
C 	   3.097552528006	  -1.310944648997	  -0.189423291659
C 	   2.541287267454	  -2.289845540508	  -1.260838607994
H 	   2.221161532819	  -1.689051063376	  -3.477643582318
H 	   1.418531566761	   0.640168118031	  -2.481404198962
H 	   2.054166185263	   0.667721764110	   0.114606115512
H 	   4.159056792001	  -1.032901039754	  -0.280012612954
H 	   3.139998817664	  -3.186353326339	  -1.476219660189
Energy    = -423.517117388608 (-423.651319294412 :    0.000000000000)
Spin(**2) =    0.000000000000
ZPVE      =    0.203390551833
Normal mode eigenvalues : nmode = 54
  0.004272061   0.008714734   0.010343325   0.021365962   0.022853508
  0.031211430   0.034644960   0.038915584   0.039169909   0.039797898
  0.043081949   0.044099237   0.049885690   0.051314419   0.059425868
  0.059892841   0.065102969   0.066133761   0.067422123   0.068843551
  0.069884297   0.070630420   0.072610772   0.076321570   0.120441706
  0.124883562   0.125742965   0.126214913   0.130595308   0.131567690
  0.133783224   0.134695091   0.135829458   0.136961895   0.137495183
  0.138226207   0.138790761   0.140180553   0.140658790   0.141151404
  0.141872634   0.145063720   0.146056193   0.152075748   0.243110238
  0.244449259   0.244853691   0.247918240   0.251788091   0.252160553
  0.253639716   0.254692916   0.258119074   0.260069066

# Geometry of EQ 22, SYMMETRY = C1  
C 	  -0.128330782422	  -1.935530573163	   0.800063050186
H 	  -1.097135940086	  -2.382708311712	   1.043720595764
C 	  -0.029409110961	  -0.823831122666	   0.063285227292
H 	   2.074953197557	  -3.037567327531	  -1.110421389137
H 	  -0.941642607488	  -0.323361926887	  -0.286015642802
C 	   1.064856255813	  -2.642841346330	   1.309296963515
O 	   0.998307025416	  -3.774722920786	   1.728145252985
C 	   2.354423696143	  -1.853327456552	   1.279010243361
H 	   2.328567373207	  -1.117223605188	   2.104588485421
H 	   3.194434874510	  -2.540875844645	   1.464570389049
C 	   2.005013232250	  -1.301350772007	  -2.387062486155
C 	   1.277971603963	  -0.283887236919	  -1.921375944285
C 	   1.274137926942	  -0.250327089155	  -0.408055684029
C 	   2.485818102623	  -1.138148170051	  -0.058246442797
C 	   2.625097062938	  -2.087307499424	  -1.263653669985
H 	   2.112170106076	  -1.566535231745	  -3.442588007602
H 	   0.689964650370	   0.409109484784	  -2.530590804809
H 	   1.385097915132	   0.777562657173	  -0.014159762914
H 	   3.376626249320	  -0.487907232427	  -0.039136069489
H 	   3.676539408202	  -2.366233988386	  -1.450857430859
Energy    = -423.586297188620 (-423.707711878157 :    0.000000000000)
Spin(**2) =    0.000000000000
ZPVE      =    0.204840406228
Normal mode eigenvalues : nmode = 54
  0.011126563   0.017231476   0.019178241   0.021484892   0.026320775
  0.031895779   0.034787895   0.036995714   0.038107646   0.039555019
  0.042648457   0.044110554   0.048363769   0.051636435   0.056513026
  0.058147488   0.062395221   0.064786873   0.066643862   0.069208560
  0.070969108   0.072793910   0.075423258   0.077184349   0.117693884
  0.122046592   0.124113903   0.125635066   0.129050465   0.130420203
  0.130621950   0.131703393   0.133281270   0.135269325   0.136376458
  0.136862278   0.138457234   0.142294136   0.143600853   0.146139953
  0.148018405   0.150180587   0.151037725   0.154344500   0.243884336
  0.244704902   0.245730661   0.246716632   0.249147711   0.250932614
  0.254219867   0.255913703   0.261619187   0.266473598

# Geometry of EQ 23, SYMMETRY = C1  
C 	   0.735991816529	  -2.991219965355	   0.634353326131
H 	   0.546995609612	  -3.214911394198	   1.691656637187
C 	   0.028639835574	  -3.583434302160	  -0.323161171652
H 	   0.195653166670	  -3.359047093744	  -1.383345418783
H 	  -0.752948731327	  -4.314727121989	  -0.088499648497
C 	   1.787735477144	  -1.994705226202	   0.356499164010
O 	   1.507346377747	  -0.765309863467	   0.986206981245
C 	   3.294030769347	  -2.159182349166	   0.665442158763
H 	   3.595804593547	  -2.020566111582	   1.716041417002
H 	   3.730740825088	  -3.074860948584	   0.237235294172
C 	   1.468282138330	  -0.433887388077	  -1.707784862579
C 	   1.651547664993	   0.609557920674	  -0.885856741660
C 	   2.436993589682	   0.099994955619	   0.296944622620
C 	   3.377785675082	  -0.968791616452	  -0.302255915357
C 	   2.217654845629	  -1.582269650564	  -1.125269355610
H 	   0.820246928053	  -0.474586599735	  -2.586106849041
H 	   1.178856499691	   1.592451622538	  -0.945092719045
H 	   2.853722722231	   0.834009206339	   0.999642442437
H 	   4.302779539733	  -0.622032977343	  -0.783935060085
H 	   2.467128945985	  -2.439215166270	  -1.764968672558
Energy    = -423.517687339630 (-423.632635781498 :    0.000000000000)
Spin(**2) =    0.000000000000
ZPVE      =    0.205222421644
Normal mode eigenvalues : nmode = 54
  0.013711830   0.019315269   0.024703809   0.028707488   0.029897541
  0.034949342   0.036005683   0.037605304   0.040073640   0.042763147
  0.044256402   0.047973168   0.053492356   0.057743017   0.058173283
  0.062192547   0.065053309   0.066969748   0.068427131   0.070034843
  0.070810204   0.075386745   0.077771488   0.089884165   0.108421414
  0.114863874   0.121943276   0.123593273   0.124498902   0.125766267
  0.129387811   0.129791206   0.130415318   0.133585302   0.134547834
  0.135693311   0.136218895   0.136984596   0.138519904   0.139372378
  0.140539596   0.142201802   0.145434327   0.148790149   0.229782821
  0.241120706   0.241853452   0.244447617   0.245213881   0.251107572
  0.251335201   0.255933397   0.257587362   0.260377091

# Geometry of EQ 24, SYMMETRY = C1  
C 	   0.654669607619	  -2.204604973372	   1.391487693036
H 	  -0.385547987094	  -2.551121497770	   1.430224571700
C 	   1.376581246393	  -2.095010838676	   2.502881961816
H 	   2.412447904913	  -1.736323488014	   2.483296549981
H 	   0.960626830930	  -2.354060974072	   3.483002867252
C 	   1.177674990626	  -1.857514470418	   0.056247062059
O 	   0.388255457535	  -0.869185672891	  -0.566133112591
C 	   1.407192827187	  -2.845064493716	  -1.111687600541
H 	   2.034571482657	  -3.707453626085	  -0.837329237779
H 	   0.511443673906	  -3.158493962723	  -1.671518880951
C 	   2.075953410263	   0.672220503238	  -1.039463129951
C 	   2.858608029343	   0.117333016459	  -0.101812004565
C 	   2.672346819568	  -1.355958848873	  -0.175303740212
C 	   2.241014704940	  -1.663110434419	  -1.630673450765
C 	   1.271374287598	  -0.460382454674	  -1.636063885470
H 	   1.892831120407	   1.734589539334	  -1.212990271150
H 	   3.464772573079	   0.642678554520	   0.640103042832
H 	   3.433435261942	  -2.014390343449	   0.263767919546
H 	   2.975557690866	  -1.729881523132	  -2.445456599260
H 	   0.686687826622	  -0.261020719349	  -2.544224686785
Energy    = -423.519662010364 (-423.632660512181 :    0.000000000000)
Spin(**2) =    0.000000000000
ZPVE      =    0.205228334533
Normal mode eigenvalues : nmode = 54
  0.013732975   0.019326570   0.024756245   0.028766188   0.029895177
  0.034898653   0.035959513   0.037589286   0.040075629   0.042781009
  0.044256215   0.048008166   0.053534479   0.057727782   0.058160286
  0.062153107   0.065063514   0.066725668   0.068656098   0.070023961
  0.070862915   0.075414433   0.077855727   0.089893541   0.108452631
  0.114847448   0.121953299   0.123592965   0.124456742   0.125827959
  0.129369152   0.129809127   0.130371670   0.133543548   0.134541957
  0.135683790   0.136201022   0.136967984   0.138487292   0.139392654
  0.140549088   0.142181962   0.145483141   0.148856875   0.229796038
  0.241092904   0.241859262   0.244237545   0.245332754   0.251048486
  0.251286143   0.255935058   0.257603900   0.260551349

# Geometry of EQ 25, SYMMETRY = C1  
C 	   1.204908978010	  -3.638489685444	   1.009277638533
H 	   1.850352155720	  -4.321055639725	   0.443856314133
C 	   1.222010830168	  -3.616344125498	   2.341130577762
H 	   0.582501654072	  -2.909699503265	   2.883616843006
H 	   1.857012644943	  -4.291256494048	   2.925303322229
C 	   0.369603423302	  -2.657769796155	   0.259448348243
O 	  -0.574624339666	  -2.104770439414	   0.768602647997
C 	   0.890053222604	  -2.274618000562	  -1.102041876290
H 	   0.973329256090	  -3.153298058213	  -1.766370979756
H 	   0.200005487268	  -1.542512010955	  -1.547571956021
C 	   3.005994442099	   0.405822126095	  -1.711102911085
C 	   2.709097805940	   0.560738990731	  -0.280401796700
C 	   2.291833029586	  -0.614554687660	   0.217723236506
C 	   2.279214317300	  -1.642042660574	  -0.879953931476
C 	   2.764628617573	  -0.869470391583	  -2.068297089953
H 	   3.362818818269	   1.204621201820	  -2.365340135926
H 	   2.821687073158	   1.492693981538	   0.278739755013
H 	   2.003364484327	  -0.815002884885	   1.250544721379
H 	   3.007970030538	  -2.442049452723	  -0.638979916356
H 	   2.878570210794	  -1.304009407223	  -3.064196383263
Energy    = -423.524179247163 (-423.661856590318 :    0.000000000000)
Spin(**2) =    0.000000000000
ZPVE      =    0.199651913375
Normal mode eigenvalues : nmode = 54
  0.007409961   0.012244787   0.016955286   0.019041439   0.022099709
  0.024124138   0.025899180   0.033039244   0.034585013   0.037778187
  0.040276760   0.040770214   0.042337794   0.043243477   0.049085805
  0.053762510   0.057746887   0.060294162   0.062872424   0.064731576
  0.068074926   0.069293603   0.071296351   0.074060225   0.104232025
  0.110579668   0.119517123   0.122137187   0.123687427   0.124879926
  0.128061448   0.129568122   0.130277346   0.130965726   0.131999811
  0.132675096   0.133888180   0.136184546   0.137057960   0.139893462
  0.141774839   0.148484209   0.151381007   0.156842640   0.229368574
  0.242662934   0.244387616   0.245124246   0.245463051   0.246351243
  0.250485635   0.255376487   0.256434459   0.267672748

# Geometry of EQ 26, SYMMETRY = C1  
C 	   2.091607356624	  -2.729882107355	   0.608893645465
H 	   2.101449398332	  -3.532374622695	   1.364488916016
C 	   2.590116310276	  -1.442934339387	   1.315672153076
H 	   1.916318049891	  -1.234745218702	   2.164390111964
H 	   3.587938490558	  -1.635912769428	   1.748863243711
C 	   0.647781955874	  -2.682641478401	   0.073301681415
O 	  -0.270735663326	  -2.938602335999	   0.808789024370
C 	   0.412514764404	  -2.137815036346	  -1.353844063640
H 	   0.730393799879	  -2.846811311916	  -2.137202581421
H 	  -0.660662121813	  -1.924261894414	  -1.468305616155
C 	   3.509899131454	  -0.462543454334	  -0.782285738967
C 	   2.657341044424	  -0.147667737003	   0.408327387515
C 	   1.268104294955	  -0.186554974658	  -0.137974306278
C 	   1.319566503158	  -0.938109746871	  -1.262954331988
C 	   2.711064435749	  -0.981936000782	  -1.732345428245
H 	   4.598453310861	  -0.379734192068	  -0.802403401751
H 	   2.977249736965	   0.709773562330	   1.021317380969
H 	   0.392458455860	  -0.124253395810	   0.514355952743
H 	   2.790541505797	  -3.020162821297	  -0.190888271658
H 	   3.025278018269	  -1.427842240760	  -2.680255047462
Energy    = -423.542680586539 (-423.657701306171 :    0.000000000000)
Spin(**2) =    0.000000000000
ZPVE      =    0.205820922703
Normal mode eigenvalues : nmode = 54
  0.013260565   0.017172885   0.019046734   0.026891846   0.029692551
  0.031418844   0.035864291   0.036614454   0.041196180   0.042673868
  0.045186940   0.048707944   0.049867984   0.052556361   0.057952508
  0.059560637   0.063993042   0.065746711   0.068663190   0.069122006
  0.071242387   0.072086776   0.076174500   0.080127484   0.118708807
  0.121281489   0.124083971   0.129726756   0.129937666   0.130844466
  0.131788078   0.132837640   0.133875505   0.134752087   0.135767012
  0.136577938   0.138242367   0.140075664   0.141521496   0.142714233
  0.144721429   0.147940053   0.149432245   0.159877660   0.243148191
  0.243337210   0.245756451   0.247436588   0.248005572   0.250205099
  0.254996098   0.255639201   0.258110646   0.264095026
