List of Equilibrium Structures

# Geometry of EQ 0, SYMMETRY = C1  
O 	  -1.387706449882	   0.457710449716	  -0.000152791229
C 	  -0.799277342210	  -0.587346468200	  -0.000053857794
H 	  -0.505806753819	  -1.115755497088	  -0.938138497178
H 	  -0.528590206390	  -1.127926725615	   0.937971866055
N 	   1.875936611222	   0.071774791425	   0.001242991043
H 	   2.534394440611	  -0.118094309179	  -0.752821033309
H 	   2.415477595949	   0.060987226287	   0.865598903294
H 	   1.560371343943	   1.032761998638	  -0.126815608580
Energy    = -170.763465657362 (-170.876005809851 :    0.000000000000)
Spin(**2) =    0.000000000000
ZPVE      =    0.064858325911
Normal mode eigenvalues : nmode = 18
  0.000513998   0.001210215   0.001483744   0.002421929   0.003728114
  0.005719054   0.043075949   0.053569834   0.062073020   0.090429824
  0.103739041   0.105129585   0.134688879   0.325207664   0.339517657
  0.466138858   0.502727073   0.503403735

# Geometry of EQ 1, SYMMETRY = Cs  
O 	  -1.007165343338	   0.560502234014	   0.352667457936
C 	  -0.569270154230	  -0.531136922389	   0.106110648423
H 	  -0.494040474411	  -0.932937428071	  -0.924982251019
H 	  -0.243781670665	  -1.242967014639	   0.892001228568
N 	   1.706815123252	   0.042161703281	  -0.109795217955
H 	   2.672063816020	  -0.207708522971	  -0.286655312305
H 	   1.654885163785	   0.487554604108	   0.800967996103
H 	   1.435775390422	   0.757777185859	  -0.776849998385
Energy    = -170.770156883851 (-170.872087764136 :    0.000000000000)
Spin(**2) =    0.000000000000
ZPVE      =    0.066270566229
Normal mode eigenvalues : nmode = 18
  0.000538468   0.001180666   0.001831728   0.004932783   0.007173248
  0.012077406   0.043045573   0.052365332   0.061616739   0.090054011
  0.100700785   0.103204413   0.132725647   0.337469576   0.351153019
  0.478739269   0.515727114   0.522166103

# Geometry of EQ 2, SYMMETRY = C1  
O 	  -0.329442195713	  -0.060158400797	   1.347073604128
C 	  -0.579924299822	  -0.853103306434	   0.478962948368
H 	  -0.098725958841	  -0.769794549764	  -0.516392170613
H 	  -1.281070292611	  -1.693861150235	   0.650463208505
N 	   1.645900668133	   0.455398690180	  -0.619802568240
H 	   2.197294354046	  -0.277579346445	  -0.180135923393
H 	   1.077672300164	   0.818714405708	   0.145370592258
H 	   2.299492126220	   1.187695402753	  -0.868547368006
Energy    = -170.765301513519 (-170.872521567779 :    0.000000000000)
Spin(**2) =    0.000000000000
ZPVE      =    0.066044807940
Normal mode eigenvalues : nmode = 18
  0.000889572   0.001650605   0.002246708   0.002757784   0.003809181
  0.006874739   0.048863053   0.058262859   0.064074212   0.088633507
  0.103796177   0.107386282   0.132532329   0.337488896   0.363141488
  0.471582163   0.500907625   0.517534410

# Geometry of EQ 3, SYMMETRY = Cs  
O 	  -1.076643874954	   0.419520500617	   0.414814963070
C 	  -0.520374595322	  -0.563978283420	   0.023792834343
H 	  -0.327627330404	  -0.758580395548	  -1.054190893041
H 	  -0.150378179853	  -1.358931206508	   0.708003253642
N 	   2.068546307864	   0.149079699743	   0.007432322252
H 	   1.933988017273	  -0.807053341219	  -0.304591657078
H 	   1.647003627180	   0.213091635610	   0.928024956569
H 	   1.496305954068	   0.731263916901	  -0.594941216274
Energy    = -170.769464423186 (-170.867214493221 :    0.000000000000)
Spin(**2) =    0.000000000000
ZPVE      =    0.065950993960
Normal mode eigenvalues : nmode = 18
  0.000185785   0.000920221   0.003439428   0.004888266   0.005864726
  0.006852079   0.042065644   0.054651643   0.062112798   0.090980587
  0.103316754   0.104526788   0.136822262   0.330916506   0.345242925
  0.480063488   0.517975285   0.518329301

# Geometry of EQ 4, SYMMETRY = Cs  
O 	  -0.743476353141	   0.513280695123	  -0.208544039112
C 	  -0.631005109411	  -0.678953050385	  -0.241950483025
H 	  -1.490894843749	  -1.347661506666	  -0.435463248951
H 	   0.352906650618	  -1.163107072058	  -0.078014498578
N 	   2.130816779543	   0.354436269151	   0.327925044255
H 	   2.251315257578	  -0.224298051127	  -0.498854902539
H 	   1.950688556874	  -0.297240726215	   1.086794378956
H 	   1.246356474972	   0.839525296294	   0.182644870034
Energy    = -170.766771621950 (-170.870297912901 :    0.000000000000)
Spin(**2) =    0.000000000000
ZPVE      =    0.066382712329
Normal mode eigenvalues : nmode = 18
  0.000807621   0.001726803   0.002017594   0.004055584   0.005558729
  0.007474262   0.049716576   0.056587063   0.062447761   0.089200533
  0.104887896   0.108351019   0.135448083   0.342037263   0.363049060
  0.472047809   0.504246644   0.509601764

# Geometry of EQ 5, SYMMETRY = Cs  
O 	  -0.515095843112	   0.418005462595	  -0.213273448140
C 	  -0.796875000700	  -0.829466422647	  -0.207407485222
H 	  -1.892664931771	  -0.883546043535	  -0.402928187351
H 	   1.218836847519	  -1.124388044175	   0.170571703029
N 	   1.836141843862	  -0.299477133920	   0.244555767496
H 	   2.556203809146	  -0.366340926522	  -0.462954856219
H 	   2.262169307887	  -0.292079845941	   1.162154071666
H 	   0.496875415068	   0.450957151054	  -0.031875025403
Energy    = -170.704646753454 (-170.808933776386 :    0.000000000000)
Spin(**2) =    0.000000000000
ZPVE      =    0.066650133403
Normal mode eigenvalues : nmode = 18
  0.001580670   0.003688847   0.004394331   0.006805914   0.013641270
  0.013776607   0.047729186   0.068243313   0.075463672   0.086434412
  0.094129551   0.105853124   0.110383000   0.278197322   0.331905636
  0.425725633   0.505228562   0.530296504

# Geometry of EQ 6, SYMMETRY = C1  
O 	  -0.483938520099	   0.683506766700	   0.572295052507
C 	   0.220706801553	  -0.408067327613	   0.086953144705
H 	  -0.344777539969	  -0.776949479031	  -0.781913254334
H 	   0.278130713695	  -1.231161175869	   0.818650138667
N 	   1.567420384740	  -0.011626203617	  -0.205900800106
H 	   2.166428241577	  -0.818241844533	  -0.326147931803
H 	   0.150433015399	   1.123661395961	   1.146079949086
H 	   1.590035347918	   0.531747606051	  -1.061349223967
Energy    = -170.804040729832 (-170.896209004344 :    0.000000000000)
Spin(**2) =    0.000000000000
ZPVE      =    0.071377374289
Normal mode eigenvalues : nmode = 18
  0.002600530   0.006092801   0.012305070   0.025950106   0.037672895
  0.043949308   0.054504796   0.059570593   0.065561391   0.075194003
  0.082739754   0.089591743   0.100586686   0.350869017   0.363425165
  0.491891960   0.519821226   0.578679872

# Geometry of EQ 7, SYMMETRY = C1  
O 	  -0.322261231473	   0.730556224051	   0.614942231304
C 	   0.160432121718	  -0.446990604560	   0.027802253730
H 	  -0.541631798490	  -0.684487978695	  -0.775601195382
H 	   0.152594805641	  -1.280140295634	   0.745738206870
N 	   1.474228511912	  -0.354531883558	  -0.516707491515
H 	   2.147233333907	  -0.206664198736	   0.228336767987
H 	   0.277519760691	   0.938692735826	   1.334261913253
H 	   1.518614741277	   0.459411699089	  -1.121070345220
Energy    = -170.806547374146 (-170.897860407549 :    0.000000000000)
Spin(**2) =    0.000000000000
ZPVE      =    0.071580452277
Normal mode eigenvalues : nmode = 18
  0.003741676   0.007038380   0.009687471   0.028779437   0.033328567
  0.045269503   0.051776694   0.055664865   0.072746768   0.074276635
  0.078750342   0.085818566   0.104190108   0.361284048   0.386915367
  0.486437648   0.510855358   0.587462519

# Geometry of EQ 8, SYMMETRY = Cs  
O 	  -0.541273719700	   0.395028066241	  -0.755898362110
C 	  -1.296678614955	  -0.148541875492	   0.126124780593
H 	  -0.578668224797	  -0.683856755959	   0.840494408447
H 	   1.593877415395	  -1.424721498926	   0.245080976510
N 	   1.699441183612	  -0.416534634503	   0.203967793448
H 	   2.597412169058	  -0.199921677867	  -0.210501420212
H 	   1.690675422446	  -0.076131642609	   1.159645849782
H 	   0.428852739653	   0.183528350708	  -0.546361877041
Energy    = -170.700360995426 (-170.798542039390 :    0.000000000000)
Spin(**2) =    0.000000000000
ZPVE      =    0.065891774359
Normal mode eigenvalues : nmode = 18
  0.000648455   0.002704222   0.003029607   0.005816815   0.007110024
  0.013306584   0.045254193   0.066866621   0.078768487   0.084900009
  0.096099088   0.100522791   0.103427490   0.262002188   0.329304710
  0.483032030   0.519682845   0.524867797

# Geometry of EQ 9, SYMMETRY = Cs  
O 	  -0.171112692516	   0.838444757537	   0.790033495593
C 	   0.340687369135	  -0.329062162567	   0.198264606751
H 	  -0.363700457255	  -0.727153859552	  -0.547936131624
H 	   0.505423077798	  -1.109020077429	   0.957195829935
N 	   1.572893820248	  -0.062442315928	  -0.445644177684
H 	   2.208028634046	   0.326111212968	   0.244316108563
H 	  -1.000158189866	   0.610628594853	   1.212504940071
H 	   1.416382528448	   0.673796977916	  -1.126722598276
Energy    = -170.803833090795 (-170.897179135242 :    0.000000000000)
Spin(**2) =    0.000000000000
ZPVE      =    0.071286105216
Normal mode eigenvalues : nmode = 18
  0.001929696   0.005959137   0.008834471   0.032201429   0.035249821
  0.045474356   0.050876349   0.061352776   0.064202438   0.074464758
  0.081797574   0.088339785   0.105472392   0.354541335   0.366928749
  0.486926884   0.509347571   0.595108659

# Geometry of EQ 10, SYMMETRY = C1  
O 	   0.612002539337	   0.850757390983	   1.709429366714
C 	   0.483878475246	  -0.953336646229	  -0.492452524459
H 	   0.170317724330	  -1.713587060331	  -1.215962757387
H 	   0.119529304933	  -1.023207207568	   0.536797807558
N 	   1.245882921068	   0.017227363137	  -0.765973135416
H 	   1.179615854689	   0.769417936471	   0.922825197329
H 	  -0.205868146244	   1.135574993251	   1.294747874087
H 	   1.536771996761	   0.008155454367	  -1.741448663441
Energy    = -170.767822560750 (-170.871596016288 :    0.000000000000)
Spin(**2) =    0.000000000000
ZPVE      =    0.067661472324
Normal mode eigenvalues : nmode = 18
  0.001930820   0.002747866   0.003422817   0.003809397   0.005944276
  0.026128016   0.043833086   0.048127454   0.052273590   0.071271063
  0.082736797   0.110722770   0.118849980   0.370394731   0.400393265
  0.486760013   0.521616788   0.595318239

# Geometry of EQ 11, SYMMETRY = C1  
O 	  -1.055539059289	   0.430644306043	  -0.403683661258
C 	  -0.697920847812	  -0.078066688624	  -1.344511694187
H 	   0.040045327477	  -2.133723874145	   0.577066414255
H 	   0.559306287157	  -1.589169001746	   0.516769332901
N 	   1.965581621043	   0.183535999370	   0.207311820367
H 	   1.691333745642	  -0.212487331458	  -0.687606824614
H 	   2.317977952878	  -0.595931449480	   0.753199584223
H 	   1.099508941244	   0.463528742540	   0.656802241955
Energy    = -170.741551374911 (-170.846909380689 :    0.000000000000)
Spin(**2) =    0.000000000000
ZPVE      =    0.057051148144
Normal mode eigenvalues : nmode = 18
  0.000194725   0.000511672   0.000977270   0.001261743   0.002333502
  0.003774152   0.003920541   0.009374618   0.009754240   0.012633472
  0.043121472   0.104280215   0.105096514   0.196658744   0.478554362
  0.513181977   0.517057147   0.743900705

# Geometry of EQ 12, SYMMETRY = C1  
O 	  -0.434167518647	   0.742429425529	  -0.151739729155
C 	  -0.486116827879	  -0.560391857704	  -0.228856787655
H 	  -0.570588678982	  -0.869045553526	   0.838578430740
H 	   1.433697965808	  -1.205923455556	  -0.593930105045
N 	   2.036686531663	  -0.908024392428	   0.174907234176
H 	   1.897741177932	   0.094292802436	   0.254483730118
H 	   1.625229005016	  -1.301254699325	   1.015398328081
H 	  -0.334384303826	   1.080244857516	  -1.049207761419
Energy    = -170.685145029075 (-170.784767531704 :    0.000000000000)
Spin(**2) =    0.000000000000
ZPVE      =    0.066529566252
Normal mode eigenvalues : nmode = 18
  0.000575947   0.001661093   0.002872143   0.005210855   0.006167228
  0.009384667   0.044383404   0.045300866   0.057000486   0.073481948
  0.086155839   0.104793083   0.105734660   0.334918306   0.465373518
  0.502492439   0.515781402   0.564548376

# Geometry of EQ 13, SYMMETRY = Cs  
O 	   0.556001200446	   1.434190605273	   0.998823456585
C 	   0.535976285387	  -1.117712980891	  -0.535193013778
H 	   0.269162826232	  -2.036112011702	  -1.064719884463
H 	  -0.317384789986	  -0.556681530948	  -0.114876790757
N 	   1.739972762831	  -0.760109722868	  -0.433870424951
H 	   1.772339277867	   0.119168757006	   0.094172180303
H 	   0.215360046566	   0.651026246333	   1.440085725134
H 	   0.096523028581	   1.421929328564	   0.154519351267
Energy    = -170.764924464133 (-170.864791160023 :    0.000000000000)
Spin(**2) =    0.000000000000
ZPVE      =    0.066898297613
Normal mode eigenvalues : nmode = 18
  0.000899724   0.002503053   0.003271918   0.003740160   0.004870961
  0.007988742   0.045485021   0.047569707   0.060081048   0.076371484
  0.085537195   0.103801573   0.121005493   0.353196101   0.390858347
  0.463831705   0.578451971   0.606025740

# Geometry of EQ 14, SYMMETRY = C1  
O 	  -0.056439598617	   0.664167901343	   1.342250587858
C 	   0.361377412131	  -0.053739035628	   0.224422983948
H 	  -0.425348743882	  -0.004764045867	  -0.557684312081
H 	   0.516954378657	  -1.120867251961	   0.454444711745
N 	   1.613710591087	   0.484893115134	  -0.189048115246
H 	   1.466638323036	   1.415503300317	  -0.563600253578
H 	  -1.004922521214	   0.556108712927	   1.401096602195
H 	   2.011117667738	  -0.090690738019	  -0.920319632518
Energy    = -170.794862004483 (-170.889237488376 :    0.000000000000)
Spin(**2) =    0.000000000000
ZPVE      =    0.070688506019
Normal mode eigenvalues : nmode = 18
  0.001581771   0.002006971   0.010446335   0.025478752   0.039579671
  0.044186387   0.055854677   0.060632335   0.063316855   0.071313221
  0.086130651   0.090242283   0.100837804   0.328823166   0.354798685
  0.491845933   0.519923631   0.602874973

# Geometry of EQ 15, SYMMETRY = Cs  
O 	  -0.335594950952	   0.523684435340	  -0.150765582649
C 	  -1.009591041587	  -0.482763057908	   0.322186580939
H 	  -0.183789004283	  -1.183821241038	   0.590137386065
H 	   1.643696697456	   0.090433574821	  -0.054096729889
N 	   2.195790944039	  -0.698769148549	   0.270389651552
H 	   1.824204783153	  -1.493898523747	  -0.242920553699
H 	   1.888803182434	  -0.843217678071	   1.228879184741
H 	  -0.948517724444	   1.215443856399	  -0.424606769637
Energy    = -170.680233373276 (-170.783759712586 :    0.000000000000)
Spin(**2) =    0.000000000000
ZPVE      =    0.065994098902
Normal mode eigenvalues : nmode = 18
  0.000224644   0.000893164   0.002249548   0.002735038   0.003877865
  0.005493458   0.047107599   0.049981061   0.056042380   0.076087345
  0.087982431   0.105532281   0.107669361   0.336510514   0.476810802
  0.508515268   0.512140965   0.565726703

# Geometry of EQ 16, SYMMETRY = Cs  
O 	   0.111080654612	   1.018118590333	   1.074522348469
C 	   0.607281801340	   0.407631656293	   0.159008922177
H 	   0.284169061042	  -0.618671962889	  -0.112581853426
H 	  -1.243758045254	  -1.346020260162	   1.130149232410
N 	   1.587416065875	   0.866599688718	  -0.634654013040
H 	   1.953082462607	   1.790869663799	  -0.470251931765
H 	  -1.077043500718	  -0.644248640410	   1.371493290226
H 	   1.950286030892	   0.295898014499	  -1.377697844574
Energy    = -170.772907307100 (-170.884032369667 :    0.000000000000)
Spin(**2) =    0.000000000000
ZPVE      =    0.061462458074
Normal mode eigenvalues : nmode = 18
  0.000257416   0.002159418   0.003218057   0.010202116   0.011158397
  0.013066222   0.016918929   0.018012619   0.044544528   0.044675117
  0.067759719   0.080516100   0.096570042   0.136994837   0.349776067
  0.512560227   0.556760355   0.710587911

# Geometry of EQ 17, SYMMETRY = C1  
O 	   0.047555665102	   0.798505041404	   1.589092961624
C 	   0.835311473670	   0.116759527423	   0.981480070187
H 	  -1.169479945333	   0.240451449674	  -0.940424800562
H 	   1.217860844344	  -0.851947182727	   1.362769737916
N 	   1.349108877707	   0.429055911341	  -0.227504068126
H 	   0.921643489902	   1.201075573837	  -0.717570670482
H 	  -1.288379113949	   0.514050125549	  -0.245182617489
H 	   1.816867979030	  -0.278469240469	  -0.768646856410
Energy    = -170.781063484192 (-170.882626013051 :    0.000000000000)
Spin(**2) =    0.000000000000
ZPVE      =    0.061033389503
Normal mode eigenvalues : nmode = 18
  0.000286927   0.003163948   0.005570743   0.007477662   0.008743145
  0.010241189   0.012856750   0.017423466   0.041987023   0.045030201
  0.066026945   0.078234924   0.097268007   0.136212005   0.348396457
  0.508323560   0.549597095   0.736170839
