List of Equilibrium Structures

# Geometry of EQ 0, SYMMETRY = C1  
C 	   0.379098666778	   1.732212390336	  -0.933485102213
C 	  -1.075442743855	   1.360043254164	  -1.063268380172
C 	  -1.532658918076	   0.347648126069	  -0.322693023128
C 	  -0.598436831878	  -0.362002597850	   0.636841353173
C 	  -1.262089821331	  -1.614412457456	   1.218595569495
H 	   0.512343683593	   2.303128813523	   0.008832227345
H 	   0.685880159727	   2.418383827983	  -1.740910575193
H 	  -1.729088281913	   1.914911015109	  -1.745040305088
H 	  -2.583270338653	   0.036763177244	  -0.368964251964
H 	  -0.425250087257	   0.340008663691	   1.481308168793
H 	  -1.451671957666	  -2.358514260429	   0.423145682808
H 	  -0.641665667852	  -2.094772885530	   1.992527145233
H 	  -2.231325547711	  -1.360838426867	   1.681379304700
C 	   1.236511594311	   0.526317485189	  -0.918777634323
C 	   0.731421876489	  -0.638027051338	   0.001763345719
C 	   1.805880770805	  -1.001292322767	   1.033215776272
H 	   2.263349713907	   0.806058020265	  -0.622905435725
H 	   1.320887211421	   0.138446728603	  -1.948814390118
H 	   0.592357987714	  -1.521313863581	  -0.649152060094
H 	   2.761661688352	  -1.239443459032	   0.535269082289
H 	   1.986211706030	  -0.154026329036	   1.720689663161
H 	   1.524268192609	  -1.877327213575	   1.641398325549
Energy    = -312.755178890186 (-312.921727318103 : -312.771403733384)
Spin(**2) =   -0.000000000000
ZPVE      =    0.000000000000
Normal mode eigenvalues : nmode = 60
  0.000000000   0.000000000   0.000000000   0.000000000   0.000000000
  0.000000000   0.000000000   0.000000000   0.000000000   0.000000000
  0.000000000   0.000000000   0.000000000   0.000000000   0.000000000
  0.000000000   0.000000000   0.000000000   0.000000000   0.000000000
  0.000000000   0.000000000   0.000000000   0.000000000   0.000000000
  0.000000000   0.000000000   0.000000000   0.000000000   0.000000000
  0.000000000   0.000000000   0.000000000   0.000000000   0.000000000
  0.000000000   0.000000000   0.000000000   0.000000000   0.000000000
  0.000000000   0.000000000   0.000000000   0.000000000   0.000000000
  0.000000000   0.000000000   0.000000000   0.000000000   0.000000000
  0.000000000   0.000000000   0.000000000   0.000000000   0.000000000
  0.000000000   0.000000000   0.000000000   0.000000000   0.000000000

# Geometry of EQ 1, SYMMETRY = C1  
C 	  -0.770623321538	  -0.183398013352	   1.524862483929
C 	  -0.193512278259	  -1.503002797561	   1.075712422850
C 	   0.227528543659	  -1.658125443160	  -0.182125487361
C 	   0.216574779424	  -0.476220651680	  -1.128009903204
C 	   1.057155490446	  -0.735559418657	  -2.379897487166
H 	  -1.848512881798	  -0.205877778737	   1.260824624192
H 	  -0.754357643272	  -0.114028897710	   2.626168940168
H 	  -0.192102275003	  -2.343950726475	   1.778420328423
H 	   0.597539245133	  -2.626865101862	  -0.539548311154
H 	  -0.832063084319	  -0.322529733207	  -1.461718355068
H 	   0.698738251559	  -1.627978840066	  -2.922218325205
H 	   1.014007324499	   0.123965578382	  -3.071657405414
H 	   2.116226620528	  -0.903114799116	  -2.111492902286
C 	   0.660007746765	   0.727367808920	  -0.392548432950
C 	  -0.136940181280	   1.030478091592	   0.910665033029
C 	  -1.180748297792	   2.128126484491	   0.677211565614
H 	   0.623279950984	   1.616796213476	  -1.048972128063
H 	   1.725963331653	   0.589621592196	  -0.131050652178
H 	   0.594818575656	   1.434213511553	   1.631877161572
H 	  -0.707048800425	   3.073456161620	   0.359508823861
H 	  -1.897768949055	   1.825952901414	  -0.109245631110
H 	  -1.758293462816	   2.330660439020	   1.597399956749
Energy    = -312.756332928470 (-312.922887300734 : -312.739215697673)
Spin(**2) =   -0.000000000000
ZPVE      =    0.000000000000
Normal mode eigenvalues : nmode = 60
  0.000000000   0.000000000   0.000000000   0.000000000   0.000000000
  0.000000000   0.000000000   0.000000000   0.000000000   0.000000000
  0.000000000   0.000000000   0.000000000   0.000000000   0.000000000
  0.000000000   0.000000000   0.000000000   0.000000000   0.000000000
  0.000000000   0.000000000   0.000000000   0.000000000   0.000000000
  0.000000000   0.000000000   0.000000000   0.000000000   0.000000000
  0.000000000   0.000000000   0.000000000   0.000000000   0.000000000
  0.000000000   0.000000000   0.000000000   0.000000000   0.000000000
  0.000000000   0.000000000   0.000000000   0.000000000   0.000000000
  0.000000000   0.000000000   0.000000000   0.000000000   0.000000000
  0.000000000   0.000000000   0.000000000   0.000000000   0.000000000
  0.000000000   0.000000000   0.000000000   0.000000000   0.000000000

# Geometry of EQ 2, SYMMETRY = C1  
C 	  -0.737597828439	   1.505772965860	  -1.120612830523
C 	   0.153252438087	   1.923912502869	   0.023659349198
C 	   0.350393939488	   1.040165372997	   1.006575506550
C 	  -0.359841454983	  -0.294909983578	   0.923966070143
C 	  -0.003300614706	  -1.220390361340	   2.089043698934
H 	  -1.792552561842	   1.532715119690	  -0.777398551988
H 	  -0.678200564395	   2.225872890205	  -1.953976489151
H 	   0.620262626696	   2.914891558859	   0.031983054668
H 	   0.990581771124	   1.265326799592	   1.868080064791
H 	  -1.441901432744	  -0.070181424023	   1.026673406695
H 	  -0.312370720325	  -0.768611636716	   3.047622098074
H 	  -0.513239078218	  -2.195687078783	   1.993894526966
H 	   1.082952192816	  -1.408628900184	   2.144788168699
C 	  -0.383753689803	   0.143477976285	  -1.580975384324
C 	  -0.189801114432	  -0.909815881507	  -0.435343122622
C 	   1.155986904874	  -1.623615766796	  -0.614013016941
H 	   0.562912629421	   0.207903116423	  -2.146681613613
H 	  -1.134925389093	  -0.226798475958	  -2.300452731843
H 	  -0.976420546962	  -1.679454749338	  -0.541587005061
H 	   1.249735008784	  -2.017053777124	  -1.641426667284
H 	   1.996352401486	  -0.925519368078	  -0.443387692076
H 	   1.271562572944	  -2.475796323308	   0.076741733819
Energy    = -312.754258454866 (-312.922277394725 : -312.771449398545)
Spin(**2) =   -0.000000000000
ZPVE      =    0.000000000000
Normal mode eigenvalues : nmode = 60
  0.000000000   0.000000000   0.000000000   0.000000000   0.000000000
  0.000000000   0.000000000   0.000000000   0.000000000   0.000000000
  0.000000000   0.000000000   0.000000000   0.000000000   0.000000000
  0.000000000   0.000000000   0.000000000   0.000000000   0.000000000
  0.000000000   0.000000000   0.000000000   0.000000000   0.000000000
  0.000000000   0.000000000   0.000000000   0.000000000   0.000000000
  0.000000000   0.000000000   0.000000000   0.000000000   0.000000000
  0.000000000   0.000000000   0.000000000   0.000000000   0.000000000
  0.000000000   0.000000000   0.000000000   0.000000000   0.000000000
  0.000000000   0.000000000   0.000000000   0.000000000   0.000000000
  0.000000000   0.000000000   0.000000000   0.000000000   0.000000000
  0.000000000   0.000000000   0.000000000   0.000000000   0.000000000

# Geometry of EQ 3, SYMMETRY = C1  
C 	  -0.567053361903	   0.459201070461	   0.653415437993
C 	   0.775680468244	   0.380023069602	  -0.081048899883
C 	   1.305591438896	  -1.000664696011	  -0.357074368009
C 	   0.737042425669	  -2.166630138403	  -0.033412630434
C 	   1.319738562062	  -3.516168050634	  -0.336676414103
H 	  -1.315833911290	  -0.146727579753	   0.107231649546
H 	  -0.447673175997	  -0.046905894879	   1.629243696451
H 	   1.534792507440	   0.933087147638	   0.507591546254
H 	   2.273135001894	  -1.025878387970	  -0.880076640856
H 	  -0.227462399742	  -2.169887222136	   0.491578258007
H 	   1.476521830218	  -4.101563338117	   0.587973927884
H 	   0.639896124543	  -4.108823894770	  -0.976044418043
H 	   2.289282689554	  -3.430521784421	  -0.856713347119
C 	  -1.052510529593	   1.794836125503	   0.859694747555
C 	  -1.568273416941	   2.565475759144	  -0.338492054033
C 	  -1.786310995713	   2.093564290180	  -1.567973266242
H 	  -1.879971371813	   1.792503430898	   1.597708877947
H 	  -0.272537573537	   2.419995696077	   1.340306682007
H 	  -1.806502931463	   3.618049831943	  -0.134461295948
H 	   0.711437092750	   0.927686170946	  -1.039657955937
H 	  -1.575638641924	   1.053172910419	  -1.844751370870
H 	  -2.191416889612	   2.738217049641	  -2.356517416312
Energy    = -312.723951388975 (-312.884892752083 : -312.751396666783)
Spin(**2) =   -0.000000000000
ZPVE      =    0.000000000000
Normal mode eigenvalues : nmode = 60
  0.000000000   0.000000000   0.000000000   0.000000000   0.000000000
  0.000000000   0.000000000   0.000000000   0.000000000   0.000000000
  0.000000000   0.000000000   0.000000000   0.000000000   0.000000000
  0.000000000   0.000000000   0.000000000   0.000000000   0.000000000
  0.000000000   0.000000000   0.000000000   0.000000000   0.000000000
  0.000000000   0.000000000   0.000000000   0.000000000   0.000000000
  0.000000000   0.000000000   0.000000000   0.000000000   0.000000000
  0.000000000   0.000000000   0.000000000   0.000000000   0.000000000
  0.000000000   0.000000000   0.000000000   0.000000000   0.000000000
  0.000000000   0.000000000   0.000000000   0.000000000   0.000000000
  0.000000000   0.000000000   0.000000000   0.000000000   0.000000000
  0.000000000   0.000000000   0.000000000   0.000000000   0.000000000

# Geometry of EQ 4, SYMMETRY = C1  
C 	  -0.125566530092	  -0.922415364192	  -0.691265827871
C 	   1.018306072677	   0.034756318134	  -0.956786377995
C 	   1.705673536821	   0.753425051860	  -0.061719937062
C 	   1.535435144592	   0.775189206209	   1.433072769972
C 	   2.691665726702	   0.083017841277	   2.162809028220
H 	  -0.212684217282	  -1.129281207555	   0.389468264613
H 	   0.150160902628	  -1.891419086990	  -1.157959082466
H 	   1.287458395497	   0.149388037825	  -2.016210350895
H 	   2.514560798354	   1.391472138930	  -0.445330322463
H 	   0.579714628569	   0.310819581837	   1.727825341393
H 	   2.572970692339	   0.159140084290	   3.257433848884
H 	   2.740088556238	  -0.986937929496	   1.895542147704
H 	   3.661232707680	   0.539489864814	   1.895070515876
C 	  -1.358680679458	  -0.466078772480	  -1.222512486013
C 	  -2.498596211514	  -0.266751808608	  -0.546800855887
C 	  -3.784508334229	   0.227195712970	  -1.139039235652
H 	  -1.371321728311	  -0.242842647664	  -2.302213387560
H 	   1.481108046620	   1.828481273943	   1.765082657553
H 	  -2.509347061097	  -0.476842190192	   0.533399936667
H 	  -4.118651685694	   1.157394900254	  -0.643546381990
H 	  -3.681111992371	   0.432052080681	  -2.218391806883
H 	  -4.596383060163	  -0.512136498965	  -1.007558298801
Energy    = -312.727996013948 (-312.887227005199 : -312.766570387936)
Spin(**2) =   -0.000000000000
ZPVE      =    0.000000000000
Normal mode eigenvalues : nmode = 60
  0.000000000   0.000000000   0.000000000   0.000000000   0.000000000
  0.000000000   0.000000000   0.000000000   0.000000000   0.000000000
  0.000000000   0.000000000   0.000000000   0.000000000   0.000000000
  0.000000000   0.000000000   0.000000000   0.000000000   0.000000000
  0.000000000   0.000000000   0.000000000   0.000000000   0.000000000
  0.000000000   0.000000000   0.000000000   0.000000000   0.000000000
  0.000000000   0.000000000   0.000000000   0.000000000   0.000000000
  0.000000000   0.000000000   0.000000000   0.000000000   0.000000000
  0.000000000   0.000000000   0.000000000   0.000000000   0.000000000
  0.000000000   0.000000000   0.000000000   0.000000000   0.000000000
  0.000000000   0.000000000   0.000000000   0.000000000   0.000000000
  0.000000000   0.000000000   0.000000000   0.000000000   0.000000000

# Geometry of EQ 5, SYMMETRY = C1  
C 	  -2.337451746384	  -1.416128782521	   0.503497322217
C 	  -2.085421417243	  -0.180203497816	  -0.311189243130
C 	  -0.959733918390	   0.537297267811	  -0.402071436020
C 	   0.347695508692	   0.321068025142	   0.326130926229
C 	   0.646260635903	   1.590049453894	   1.160410788903
H 	  -3.169242069479	  -1.252908728291	   1.212944442949
H 	  -2.638582140014	  -2.254054078424	  -0.151064025687
H 	  -2.943171493478	   0.164038569773	  -0.904921864219
H 	  -0.971340569841	   1.414947441928	  -1.064125433376
H 	   0.205239068590	  -0.494269773091	   1.062835021567
H 	  -0.227312785663	   1.850011884927	   1.780776965030
H 	   1.507808218982	   1.447219586870	   1.833432215302
H 	   0.866136839687	   2.446233927197	   0.497267166727
C 	   1.345457980998	  -0.279678551380	  -1.834342212953
C 	   1.440908892846	  -0.055070378933	  -0.513450076938
C 	   2.782517886315	  -0.227716835489	   0.170461863873
H 	   2.219504316051	  -0.585969067545	  -2.419910965400
H 	   0.397223072052	  -0.179300181756	  -2.372499589075
H 	  -1.456632429207	  -1.741042028829	   1.080153661628
H 	   3.502882542665	  -0.746299156168	  -0.482040677741
H 	   3.222529272710	   0.746916097336	   0.448733818589
H 	   2.677825382983	  -0.811757300557	   1.104229828061
Energy    = -312.727016927572 (-312.887675657755 : -312.755954281978)
Spin(**2) =   -0.000000000000
ZPVE      =    0.000000000000
Normal mode eigenvalues : nmode = 60
  0.000000000   0.000000000   0.000000000   0.000000000   0.000000000
  0.000000000   0.000000000   0.000000000   0.000000000   0.000000000
  0.000000000   0.000000000   0.000000000   0.000000000   0.000000000
  0.000000000   0.000000000   0.000000000   0.000000000   0.000000000
  0.000000000   0.000000000   0.000000000   0.000000000   0.000000000
  0.000000000   0.000000000   0.000000000   0.000000000   0.000000000
  0.000000000   0.000000000   0.000000000   0.000000000   0.000000000
  0.000000000   0.000000000   0.000000000   0.000000000   0.000000000
  0.000000000   0.000000000   0.000000000   0.000000000   0.000000000
  0.000000000   0.000000000   0.000000000   0.000000000   0.000000000
  0.000000000   0.000000000   0.000000000   0.000000000   0.000000000
  0.000000000   0.000000000   0.000000000   0.000000000   0.000000000

# Geometry of EQ 6, SYMMETRY = C1  
C 	   1.371055042993	   1.672883415073	   1.438185394213
C 	   0.068455021667	   1.971129326962	   0.753688440622
C 	  -0.575045515320	   1.234883397139	  -0.159891109770
C 	  -0.155421625730	  -0.097322646813	  -0.751395969839
C 	   0.169781644243	   0.087264785977	  -2.249373051270
H 	   1.816669271830	   0.715778382049	   1.123569615492
H 	   2.107431781469	   2.471751329571	   1.235601162258
H 	  -0.402344127529	   2.918252265546	   1.050493818293
H 	  -1.526071239202	   1.625411733215	  -0.550258270928
H 	   0.776395294599	  -0.418948166425	  -0.259839357895
H 	   0.975947285621	   0.827681699743	  -2.385545091909
H 	   0.489441774206	  -0.869227668205	  -2.698427406096
H 	  -0.718698415840	   0.442899265338	  -2.802484424671
C 	  -1.174450316247	  -1.068175694941	  -0.563369504835
C 	  -1.139551848259	  -2.214398851313	   0.135269143884
C 	   0.006953677814	  -2.773482656052	   0.926911177303
H 	   1.234741306335	   1.639657788074	   2.534497629427
H 	  -2.129123634423	  -0.844191702460	  -1.066124292926
H 	  -2.052339703609	  -2.824301664987	   0.143362296676
H 	   0.900728867547	  -2.129682826439	   0.906925824317
H 	  -0.283596520372	  -2.911888872975	   1.984412854892
H 	   0.297673410082	  -3.769761284917	   0.545943711110
Energy    = -312.728126748905 (-312.887321028634 : -312.770719271252)
Spin(**2) =   -0.000000000000
ZPVE      =    0.000000000000
Normal mode eigenvalues : nmode = 60
  0.000000000   0.000000000   0.000000000   0.000000000   0.000000000
  0.000000000   0.000000000   0.000000000   0.000000000   0.000000000
  0.000000000   0.000000000   0.000000000   0.000000000   0.000000000
  0.000000000   0.000000000   0.000000000   0.000000000   0.000000000
  0.000000000   0.000000000   0.000000000   0.000000000   0.000000000
  0.000000000   0.000000000   0.000000000   0.000000000   0.000000000
  0.000000000   0.000000000   0.000000000   0.000000000   0.000000000
  0.000000000   0.000000000   0.000000000   0.000000000   0.000000000
  0.000000000   0.000000000   0.000000000   0.000000000   0.000000000
  0.000000000   0.000000000   0.000000000   0.000000000   0.000000000
  0.000000000   0.000000000   0.000000000   0.000000000   0.000000000
  0.000000000   0.000000000   0.000000000   0.000000000   0.000000000

# Geometry of EQ 7, SYMMETRY = C1  
C 	   1.473151120394	   1.707649761367	   1.323678260507
C 	   0.154714638730	   2.006999934815	   0.671135481714
C 	  -0.534801404592	   1.246440515362	  -0.187133482952
C 	  -0.165109237220	  -0.119757778812	  -0.731735897354
C 	   0.160320982454	  -0.001124645062	  -2.236660864711
H 	   2.221476712640	   2.475909902782	   1.057138526125
H 	   1.376742162355	   1.728100182007	   2.424416343214
H 	  -0.285061569374	   2.976826691710	   0.940053521232
H 	  -1.489024890878	   1.642100969387	  -0.564084162781
H 	   0.756896454127	  -0.457460714575	  -0.232281340503
H 	   0.993226091121	   0.703254768796	  -2.401488947807
H 	   0.441590425450	  -0.984748073790	  -2.651718858178
H 	  -0.716467027929	   0.368076315793	  -2.799497452934
C 	  -1.217889805874	  -1.045666763420	  -0.506683967690
C 	  -1.218376354149	  -2.175723492024	   0.218410257486
C 	  -0.084095916156	  -2.762616481591	   1.007692210641
H 	   1.882815684944	   0.725942112944	   1.038433716583
H 	  -2.169229077362	  -0.797098564738	  -1.004097830861
H 	  -2.153721292184	  -2.749319723994	   0.250688099113
H 	   0.825596450026	  -2.141537812633	   0.985770891805
H 	  -0.375851795990	  -2.895066755548	   2.065296350793
H 	   0.181729081321	  -3.764968995676	   0.624821734914
Energy    = -312.728116950069 (-312.887242682340 : -312.769731014381)
Spin(**2) =   -0.000000000000
ZPVE      =    0.000000000000
Normal mode eigenvalues : nmode = 60
  0.000000000   0.000000000   0.000000000   0.000000000   0.000000000
  0.000000000   0.000000000   0.000000000   0.000000000   0.000000000
  0.000000000   0.000000000   0.000000000   0.000000000   0.000000000
  0.000000000   0.000000000   0.000000000   0.000000000   0.000000000
  0.000000000   0.000000000   0.000000000   0.000000000   0.000000000
  0.000000000   0.000000000   0.000000000   0.000000000   0.000000000
  0.000000000   0.000000000   0.000000000   0.000000000   0.000000000
  0.000000000   0.000000000   0.000000000   0.000000000   0.000000000
  0.000000000   0.000000000   0.000000000   0.000000000   0.000000000
  0.000000000   0.000000000   0.000000000   0.000000000   0.000000000
  0.000000000   0.000000000   0.000000000   0.000000000   0.000000000
  0.000000000   0.000000000   0.000000000   0.000000000   0.000000000

# Geometry of EQ 8, SYMMETRY = C1  
C 	  -1.172708136858	  -1.348060498728	   0.457040270539
C 	  -0.616380215429	  -0.500773167314	   1.572583568645
C 	   0.249409694781	   0.496030199027	   1.359730090879
C 	   0.760126017681	   0.887688156897	  -0.011271852033
C 	   0.200176125311	   2.261902802135	  -0.414993161794
H 	  -0.716617583961	  -2.356831813304	   0.521218003508
H 	  -2.251991104129	  -1.515650034789	   0.627706119803
H 	  -0.935296085166	  -0.734494276570	   2.595489291102
H 	   0.613577281773	   1.086561051388	   2.210052280542
H 	   1.856557183294	   1.018061105182	   0.077978133311
H 	   0.411748385857	   3.019510466968	   0.359738680526
H 	   0.654741378314	   2.606878252130	  -1.360605598942
H 	  -0.894686656721	   2.222830786616	  -0.552908029872
C 	  -0.938581056480	  -0.743479882189	  -0.867469610618
C 	   0.494020448581	  -0.178914697833	  -1.020875300065
C 	   1.538696203335	  -1.300757479040	  -0.951286926938
H 	  -1.130870372553	  -1.473519356441	  -1.673922037650
H 	  -1.656356410651	   0.081908586565	  -1.031605208536
H 	   0.563214852536	   0.265032364659	  -2.030960585282
H 	   2.541280881801	  -0.920327366167	  -1.214205198005
H 	   1.604440332125	  -1.730423360144	   0.064026070077
H 	   1.293142241765	  -2.117887593106	  -1.651986932714
Energy    = -312.764672633072 (-312.930817064455 : -312.775427545590)
Spin(**2) =   -0.000000000000
ZPVE      =    0.000000000000
Normal mode eigenvalues : nmode = 60
  0.000000000   0.000000000   0.000000000   0.000000000   0.000000000
  0.000000000   0.000000000   0.000000000   0.000000000   0.000000000
  0.000000000   0.000000000   0.000000000   0.000000000   0.000000000
  0.000000000   0.000000000   0.000000000   0.000000000   0.000000000
  0.000000000   0.000000000   0.000000000   0.000000000   0.000000000
  0.000000000   0.000000000   0.000000000   0.000000000   0.000000000
  0.000000000   0.000000000   0.000000000   0.000000000   0.000000000
  0.000000000   0.000000000   0.000000000   0.000000000   0.000000000
  0.000000000   0.000000000   0.000000000   0.000000000   0.000000000
  0.000000000   0.000000000   0.000000000   0.000000000   0.000000000
  0.000000000   0.000000000   0.000000000   0.000000000   0.000000000
  0.000000000   0.000000000   0.000000000   0.000000000   0.000000000

# Geometry of EQ 9, SYMMETRY = C1  
C 	   0.479616498613	  -1.125086415580	   0.070817421999
C 	  -0.925428306520	  -0.773811762027	  -0.392222220151
C 	  -1.585772490338	   0.356178313403	  -0.114614062544
C 	  -1.103812212152	   1.508490870674	   0.723705218826
C 	  -1.863363953154	   1.622264879348	   2.049304505484
H 	   0.646839284250	  -0.720006419179	   1.084053158001
H 	   0.518567550458	  -2.227837491163	   0.181832251189
H 	  -1.427624581837	  -1.517502984502	  -1.024075237836
H 	  -2.606030028094	   0.459201820038	  -0.511572993652
H 	  -0.021436528137	   1.424314001426	   0.916946095563
H 	  -1.701614166633	   0.725760222603	   2.672867981785
H 	  -1.530364270232	   2.503951966914	   2.623598367765
H 	  -2.950186423392	   1.720369265092	   1.878393656249
C 	   2.504454867775	   0.117785558255	  -0.451876177203
C 	   1.509158109568	  -0.705736559993	  -0.817422580042
C 	   1.440324542092	  -1.244461168873	  -2.228405106555
H 	   3.289057548164	   0.419135189935	  -1.155066582644
H 	   2.567337535811	   0.516742499010	   0.568467183963
H 	  -1.240174483291	   2.443406482856	   0.148980664298
H 	   2.299208085578	  -0.916887529452	  -2.835280725183
H 	   1.420198329700	  -2.350569361248	  -2.222974552038
H 	   0.515100386654	  -0.910181625154	  -2.732248929610
Energy    = -312.727677717519 (-312.888158125156 : -312.764628401474)
Spin(**2) =   -0.000000000000
ZPVE      =    0.000000000000
Normal mode eigenvalues : nmode = 60
  0.000000000   0.000000000   0.000000000   0.000000000   0.000000000
  0.000000000   0.000000000   0.000000000   0.000000000   0.000000000
  0.000000000   0.000000000   0.000000000   0.000000000   0.000000000
  0.000000000   0.000000000   0.000000000   0.000000000   0.000000000
  0.000000000   0.000000000   0.000000000   0.000000000   0.000000000
  0.000000000   0.000000000   0.000000000   0.000000000   0.000000000
  0.000000000   0.000000000   0.000000000   0.000000000   0.000000000
  0.000000000   0.000000000   0.000000000   0.000000000   0.000000000
  0.000000000   0.000000000   0.000000000   0.000000000   0.000000000
  0.000000000   0.000000000   0.000000000   0.000000000   0.000000000
  0.000000000   0.000000000   0.000000000   0.000000000   0.000000000
  0.000000000   0.000000000   0.000000000   0.000000000   0.000000000

# Geometry of EQ 10, SYMMETRY = C1  
C 	   0.967088647693	  -0.390014873191	  -0.724764911476
C 	  -0.445260428338	  -0.387455775157	  -1.271292536104
C 	  -1.492456447578	   0.315239802802	  -0.824129876431
C 	  -1.531841355548	   1.301259988165	   0.311795029220
C 	  -1.682231945792	   2.746067958259	  -0.176551582779
H 	   1.057826691606	   0.345555885476	   0.090192714205
H 	   1.629652699594	  -0.014768165751	  -1.532563723117
H 	  -0.608695138357	  -1.058139739029	  -2.126120640436
H 	  -2.444066351448	   0.190868624534	  -1.359780256104
H 	  -0.629844021216	   1.217127672936	   0.940802750707
H 	  -1.763289041925	   3.446793757894	   0.672365734160
H 	  -0.812873153174	   3.045289922240	  -0.787212631389
H 	  -2.586448216705	   2.862762139751	  -0.799816588968
C 	   1.393672475371	  -1.684275008163	  -0.330135208577
C 	   1.715559059136	  -2.130849958614	   0.894520950829
C 	   1.712754762183	  -1.358904720836	   2.182054254786
H 	  -2.387900706660	   1.052292747298	   0.965587283659
H 	   1.452724005906	  -2.428403293475	  -1.138658175768
H 	   2.018430954759	  -3.182249619568	   0.980999552392
H 	   1.366448457287	  -0.319690089771	   2.061974945632
H 	   1.056453978624	  -1.847681009263	   2.924703284044
H 	   2.725083117935	  -1.329532039737	   2.625073351587
Energy    = -312.726906561186 (-312.885935488846 : -312.769034868966)
Spin(**2) =   -0.000000000000
ZPVE      =    0.000000000000
Normal mode eigenvalues : nmode = 60
  0.000000000   0.000000000   0.000000000   0.000000000   0.000000000
  0.000000000   0.000000000   0.000000000   0.000000000   0.000000000
  0.000000000   0.000000000   0.000000000   0.000000000   0.000000000
  0.000000000   0.000000000   0.000000000   0.000000000   0.000000000
  0.000000000   0.000000000   0.000000000   0.000000000   0.000000000
  0.000000000   0.000000000   0.000000000   0.000000000   0.000000000
  0.000000000   0.000000000   0.000000000   0.000000000   0.000000000
  0.000000000   0.000000000   0.000000000   0.000000000   0.000000000
  0.000000000   0.000000000   0.000000000   0.000000000   0.000000000
  0.000000000   0.000000000   0.000000000   0.000000000   0.000000000
  0.000000000   0.000000000   0.000000000   0.000000000   0.000000000
  0.000000000   0.000000000   0.000000000   0.000000000   0.000000000

# Geometry of EQ 11, SYMMETRY = C1  
C 	  -0.000348723731	   0.906374869593	   1.199998443878
C 	   1.193755791644	   0.582926187066	   0.289449706650
C 	   1.244328555543	  -0.795420323536	  -0.320765107739
C 	   0.551215731861	  -1.878080584493	   0.046467377401
C 	   0.681834047285	  -3.234368508343	  -0.582710110962
H 	  -0.040941125637	   0.161015270136	   2.016301963854
H 	   0.229009251130	   1.865054176954	   1.705346550409
H 	   2.128920940309	   0.734252024505	   0.862521168900
H 	   1.968097807956	  -0.906133182057	  -1.142024558225
H 	  -0.176309120563	  -1.801745190081	   0.866332952398
H 	   1.000347136776	  -3.988943018087	   0.159809279798
H 	  -0.285041944426	  -3.579939725030	  -0.992034986910
H 	   1.419205958411	  -3.230048288375	  -1.403444951036
C 	  -1.275373831601	   0.992363343180	   0.541170859015
C 	  -1.388326595232	   2.083822533013	  -0.499154690344
C 	  -1.681925040414	   1.893230042560	  -1.786638510270
H 	  -1.540667190385	   0.032498234238	   0.060425926725
H 	  -2.067328631058	   1.172788360595	   1.295337373103
H 	  -1.203377186339	   3.107314452277	  -0.139854305693
H 	   1.233311706120	   1.326823736021	  -0.528135107010
H 	  -1.862420722748	   0.887012533570	  -2.187264831369
H 	  -1.756033873155	   2.731244621641	  -2.489289696694
Energy    = -312.722751016166 (-312.884906238628 : -312.749703977786)
Spin(**2) =   -0.000000000000
ZPVE      =    0.000000000000
Normal mode eigenvalues : nmode = 60
  0.000000000   0.000000000   0.000000000   0.000000000   0.000000000
  0.000000000   0.000000000   0.000000000   0.000000000   0.000000000
  0.000000000   0.000000000   0.000000000   0.000000000   0.000000000
  0.000000000   0.000000000   0.000000000   0.000000000   0.000000000
  0.000000000   0.000000000   0.000000000   0.000000000   0.000000000
  0.000000000   0.000000000   0.000000000   0.000000000   0.000000000
  0.000000000   0.000000000   0.000000000   0.000000000   0.000000000
  0.000000000   0.000000000   0.000000000   0.000000000   0.000000000
  0.000000000   0.000000000   0.000000000   0.000000000   0.000000000
  0.000000000   0.000000000   0.000000000   0.000000000   0.000000000
  0.000000000   0.000000000   0.000000000   0.000000000   0.000000000
  0.000000000   0.000000000   0.000000000   0.000000000   0.000000000

# Geometry of EQ 12, SYMMETRY = C1  
C 	   1.308291288602	   1.198533643519	  -0.795351685454
C 	   1.094494743771	  -0.142922858880	  -1.449835951855
C 	   0.429070362865	  -1.136365564434	  -0.851226630966
C 	  -0.186538464936	  -1.019431454433	   0.529985674504
C 	  -1.481387912049	  -1.835829516889	   0.621852861456
H 	   2.353321156217	   1.522298385709	  -0.956995670746
H 	   0.694083440583	   1.953908401234	  -1.326685784775
H 	   1.503112384074	  -0.290410881308	  -2.456826449234
H 	   0.313183897590	  -2.097937305836	  -1.367825837702
H 	   0.527465008198	  -1.495371312606	   1.233545436229
H 	  -1.276896567973	  -2.907541953567	   0.454141652493
H 	  -1.944647383137	  -1.730649085736	   1.619042507784
H 	  -2.219272633455	  -1.515523043248	  -0.134038413721
C 	   0.985275525146	   1.166560724231	   0.643783728161
C 	  -0.329639964154	   0.407739983600	   0.942347528514
C 	  -1.529525354907	   1.120218901977	   0.302044752108
H 	   0.922958667776	   2.189275985296	   1.057084368923
H 	   1.799518321654	   0.660626485259	   1.197067750600
H 	  -0.482910031566	   0.437599940340	   2.037217455744
H 	  -1.512973063210	   2.197316764258	   0.545957456691
H 	  -1.526307580292	   1.021124626831	  -0.798257455962
H 	  -2.486584815282	   0.712751950421	   0.669202146839
Energy    = -312.764021669566 (-312.930481397191 : -312.785390162960)
Spin(**2) =   -0.000000000000
ZPVE      =    0.000000000000
Normal mode eigenvalues : nmode = 60
  0.000000000   0.000000000   0.000000000   0.000000000   0.000000000
  0.000000000   0.000000000   0.000000000   0.000000000   0.000000000
  0.000000000   0.000000000   0.000000000   0.000000000   0.000000000
  0.000000000   0.000000000   0.000000000   0.000000000   0.000000000
  0.000000000   0.000000000   0.000000000   0.000000000   0.000000000
  0.000000000   0.000000000   0.000000000   0.000000000   0.000000000
  0.000000000   0.000000000   0.000000000   0.000000000   0.000000000
  0.000000000   0.000000000   0.000000000   0.000000000   0.000000000
  0.000000000   0.000000000   0.000000000   0.000000000   0.000000000
  0.000000000   0.000000000   0.000000000   0.000000000   0.000000000
  0.000000000   0.000000000   0.000000000   0.000000000   0.000000000
  0.000000000   0.000000000   0.000000000   0.000000000   0.000000000

# Geometry of EQ 13, SYMMETRY = C1  
C 	   0.777208645835	  -1.798444746903	   0.342247386000
C 	   0.522241377740	  -1.451185827590	  -1.104083044530
C 	  -0.319838521243	  -0.445500573031	  -1.359510682847
C 	  -0.992550858950	   0.244274336836	  -0.190714371848
C 	  -1.880618814412	   1.409156624413	  -0.633497725249
H 	  -0.105887491400	  -2.340263279351	   0.739961907748
H 	   1.624064031323	  -2.498694644786	   0.438111246505
H 	   1.021491029016	  -2.006977995857	  -1.905201595167
H 	  -0.550819163945	  -0.130906794185	  -2.384054340617
H 	  -1.671752827392	  -0.511692986202	   0.255565503815
H 	  -2.690810747378	   1.047126526413	  -1.289424006796
H 	  -2.344719115824	   1.910190698385	   0.234630570407
H 	  -1.309276983316	   2.165901439576	  -1.198286175901
C 	   1.023440202207	  -0.570915288903	   1.131881346309
C 	   0.003693855385	   0.591950140065	   0.879056721004
C 	   0.766485259267	   1.893066281978	   0.600348501882
H 	   2.032792611113	  -0.199420881730	   0.879136365839
H 	   1.054787382517	  -0.806353416669	   2.210092613588
H 	  -0.567939969289	   0.752411290334	   1.811567772343
H 	   1.522441385827	   2.070553521879	   1.385092264017
H 	   1.294720109874	   1.840026014015	  -0.369706771208
H 	   0.098846393889	   2.770932249977	   0.581452806778
Energy    = -312.754274225589 (-312.921099040549 : -312.769843469384)
Spin(**2) =   -0.000000000000
ZPVE      =    0.000000000000
Normal mode eigenvalues : nmode = 60
  0.000000000   0.000000000   0.000000000   0.000000000   0.000000000
  0.000000000   0.000000000   0.000000000   0.000000000   0.000000000
  0.000000000   0.000000000   0.000000000   0.000000000   0.000000000
  0.000000000   0.000000000   0.000000000   0.000000000   0.000000000
  0.000000000   0.000000000   0.000000000   0.000000000   0.000000000
  0.000000000   0.000000000   0.000000000   0.000000000   0.000000000
  0.000000000   0.000000000   0.000000000   0.000000000   0.000000000
  0.000000000   0.000000000   0.000000000   0.000000000   0.000000000
  0.000000000   0.000000000   0.000000000   0.000000000   0.000000000
  0.000000000   0.000000000   0.000000000   0.000000000   0.000000000
  0.000000000   0.000000000   0.000000000   0.000000000   0.000000000
  0.000000000   0.000000000   0.000000000   0.000000000   0.000000000

# Geometry of EQ 14, SYMMETRY = C1  
C 	  -0.695740189731	  -1.150399071429	  -0.857176084596
C 	  -0.214467028883	   0.131096977108	  -1.490507396466
C 	  -0.589419353375	   1.381395291890	  -1.195570248704
C 	  -1.556659632428	   1.829561509624	  -0.133848523202
C 	  -0.841818885760	   2.493232706724	   1.049150878543
H 	  -1.608870236163	  -0.962622451210	  -0.259448343849
H 	  -1.045005408974	  -1.818159140979	  -1.671460771678
H 	   0.545474480688	   0.000098048492	  -2.273036419164
H 	  -0.113434024052	   2.195300309998	  -1.760905483906
H 	  -2.268004414356	   2.550433462941	  -0.578181707839
H 	  -1.566844391989	   2.859142444049	   1.796543218919
H 	  -0.166231567363	   1.775563965237	   1.546462487737
H 	  -0.234508736906	   3.353783988551	   0.716863462089
C 	   0.256566192679	  -1.844532046816	  -0.065426028453
C 	   1.463195240705	  -1.419706507227	   0.336477324078
C 	   2.414821474745	  -2.209333105844	   1.185193395816
H 	  -0.047335268062	  -2.851792415331	   0.261444927245
H 	  -2.160941781313	   0.983103314108	   0.233865914866
H 	   1.796994218550	  -0.416843930539	   0.035240401569
H 	   2.651022796440	  -1.673632227147	   2.123137043452
H 	   2.000066304131	  -3.196712299936	   1.450794500069
H 	   3.375821549595	  -2.370685388304	   0.663029395778
Energy    = -312.728787751400 (-312.888201302239 : -312.763954799812)
Spin(**2) =   -0.000000000000
ZPVE      =    0.000000000000
Normal mode eigenvalues : nmode = 60
  0.000000000   0.000000000   0.000000000   0.000000000   0.000000000
  0.000000000   0.000000000   0.000000000   0.000000000   0.000000000
  0.000000000   0.000000000   0.000000000   0.000000000   0.000000000
  0.000000000   0.000000000   0.000000000   0.000000000   0.000000000
  0.000000000   0.000000000   0.000000000   0.000000000   0.000000000
  0.000000000   0.000000000   0.000000000   0.000000000   0.000000000
  0.000000000   0.000000000   0.000000000   0.000000000   0.000000000
  0.000000000   0.000000000   0.000000000   0.000000000   0.000000000
  0.000000000   0.000000000   0.000000000   0.000000000   0.000000000
  0.000000000   0.000000000   0.000000000   0.000000000   0.000000000
  0.000000000   0.000000000   0.000000000   0.000000000   0.000000000
  0.000000000   0.000000000   0.000000000   0.000000000   0.000000000

# Geometry of EQ 15, SYMMETRY = C1  
C 	   2.085434945449	  -0.837729222210	  -1.444913265749
C 	   1.900917358284	   0.292565594082	  -0.757871936958
C 	   0.598819316614	   0.982281982839	  -0.439982362527
C 	  -0.702011716017	   0.172416788968	  -0.601043484493
C 	  -1.902531901599	   1.132780251704	  -0.592654836001
H 	   1.251906097465	  -1.428824945103	  -1.843646567279
H 	   3.093921051072	  -1.221839151395	  -1.635292839496
H 	   2.793391963966	   0.822878761679	  -0.396963281315
H 	   0.541228189544	   1.883544398363	  -1.081182100240
H 	  -0.680663839436	  -0.281662062001	  -1.610167855020
H 	  -1.863797323810	   1.822146447499	  -1.453289062365
H 	  -2.855580040981	   0.576427298654	  -0.646283567688
H 	  -1.922183790329	   1.748294570389	   0.324633932440
C 	  -0.833159867514	  -0.895504392898	   0.360001779787
C 	  -0.957834020008	  -0.489429341629	   1.813254142878
C 	  -0.067854701529	  -0.779711031180	   2.764257731019
H 	   0.021100231188	  -1.592055221762	   0.278993438284
H 	  -1.728895359757	  -1.500570294383	   0.112292790665
H 	  -1.856697412493	   0.078823335578	   2.089591101147
H 	   0.846398227175	  -1.343981445018	   2.536936681378
H 	   0.652993143557	   1.369837091821	   0.595124857808
H 	  -0.217725109966	  -0.469617505074	   3.805070253615
Energy    = -312.718392330323 (-312.882652122150 : -312.770263667993)
Spin(**2) =   -0.000000000000
ZPVE      =    0.000000000000
Normal mode eigenvalues : nmode = 60
  0.000000000   0.000000000   0.000000000   0.000000000   0.000000000
  0.000000000   0.000000000   0.000000000   0.000000000   0.000000000
  0.000000000   0.000000000   0.000000000   0.000000000   0.000000000
  0.000000000   0.000000000   0.000000000   0.000000000   0.000000000
  0.000000000   0.000000000   0.000000000   0.000000000   0.000000000
  0.000000000   0.000000000   0.000000000   0.000000000   0.000000000
  0.000000000   0.000000000   0.000000000   0.000000000   0.000000000
  0.000000000   0.000000000   0.000000000   0.000000000   0.000000000
  0.000000000   0.000000000   0.000000000   0.000000000   0.000000000
  0.000000000   0.000000000   0.000000000   0.000000000   0.000000000
  0.000000000   0.000000000   0.000000000   0.000000000   0.000000000
  0.000000000   0.000000000   0.000000000   0.000000000   0.000000000

# Geometry of EQ 16, SYMMETRY = C1  
C 	  -2.330018429599	  -0.477069931667	   1.076728177029
C 	  -1.003957225080	  -0.719144547764	   1.737762076357
C 	   0.205141792094	  -0.300654421193	   1.345894937140
C 	   0.556162740709	   0.535489461759	   0.130101395513
C 	   1.095063848893	   1.907351984627	   0.589679962451
H 	  -3.008662844493	   0.069550430258	   1.756793512271
H 	  -2.825780768686	  -1.435585548621	   0.838133471055
H 	  -1.049489386277	  -1.314730440232	   2.659700592210
H 	   1.067218054161	  -0.580246758961	   1.969144413114
H 	  -0.367466240072	   0.730410656919	  -0.437415684141
H 	   1.348435111113	   2.536129229083	  -0.281651723053
H 	   0.345047100259	   2.437044379746	   1.201209897985
H 	   2.009112755509	   1.785558797090	   1.199056892287
C 	   1.503127893313	  -0.141640812980	  -0.682786426255
C 	   1.381918393831	  -0.579019276761	  -1.946624352576
C 	   0.183371290548	  -0.473981965367	  -2.844529584463
H 	  -2.248261984046	   0.103018270936	   0.144083258785
H 	   2.476397096482	  -0.332018011849	  -0.202845035185
H 	   2.252902646057	  -1.079186050590	  -2.389625614003
H 	   0.426714343039	   0.100086866351	  -3.757202878651
H 	  -0.140406294272	  -1.476830361913	  -3.177871768204
H 	  -0.678327024615	   0.012644866649	  -2.360180807456
Energy    = -312.728134397203 (-312.887283364611 : -312.757921320233)
Spin(**2) =   -0.000000000000
ZPVE      =    0.000000000000
Normal mode eigenvalues : nmode = 60
  0.000000000   0.000000000   0.000000000   0.000000000   0.000000000
  0.000000000   0.000000000   0.000000000   0.000000000   0.000000000
  0.000000000   0.000000000   0.000000000   0.000000000   0.000000000
  0.000000000   0.000000000   0.000000000   0.000000000   0.000000000
  0.000000000   0.000000000   0.000000000   0.000000000   0.000000000
  0.000000000   0.000000000   0.000000000   0.000000000   0.000000000
  0.000000000   0.000000000   0.000000000   0.000000000   0.000000000
  0.000000000   0.000000000   0.000000000   0.000000000   0.000000000
  0.000000000   0.000000000   0.000000000   0.000000000   0.000000000
  0.000000000   0.000000000   0.000000000   0.000000000   0.000000000
  0.000000000   0.000000000   0.000000000   0.000000000   0.000000000
  0.000000000   0.000000000   0.000000000   0.000000000   0.000000000

# Geometry of EQ 17, SYMMETRY = C1  
C 	  -0.904161258700	   1.547217714336	  -0.973798115262
C 	   0.584581738559	   1.434498451688	  -1.194841384718
C 	   1.286262505058	   0.707881592631	  -0.320033185419
C 	   0.553811030754	   0.088329339054	   0.852397311556
C 	   1.474096806589	  -0.761577168167	   1.731314030852
H 	  -1.087117496477	   2.248817818684	  -0.133647978824
H 	  -1.401912284230	   1.996469127195	  -1.849865577809
H 	   1.058057513073	   1.928821859954	  -2.050197373374
H 	   2.370443772413	   0.575078443125	  -0.416526382546
H 	   0.219358025242	   0.938018057981	   1.483176112360
H 	   2.274938689184	  -0.139087716777	   2.166337088256
H 	   0.915309499518	  -1.226278758115	   2.563073136253
H 	   1.957379293902	  -1.568650519406	   1.153893172885
C 	  -1.482297682433	   0.218848326160	  -0.669831279782
C 	  -0.696126877379	  -0.613259067855	   0.400768070143
C 	  -0.440969418788	  -2.027412528760	  -0.135837530104
H 	  -1.503427931859	  -0.366094555651	  -1.607032557890
H 	  -2.536903406229	   0.318073009788	  -0.358678744286
H 	  -1.343523923941	  -0.721852211552	   1.290481001587
H 	  -0.036401085875	  -2.703067246270	   0.636733403310
H 	  -1.381499654812	  -2.473659411526	  -0.503840690735
H 	   0.270352200859	  -2.004157760976	  -0.981993197895
Energy    = -312.754275617433 (-312.922091854219 : -312.781046796508)
Spin(**2) =   -0.000000000000
ZPVE      =    0.000000000000
Normal mode eigenvalues : nmode = 60
  0.000000000   0.000000000   0.000000000   0.000000000   0.000000000
  0.000000000   0.000000000   0.000000000   0.000000000   0.000000000
  0.000000000   0.000000000   0.000000000   0.000000000   0.000000000
  0.000000000   0.000000000   0.000000000   0.000000000   0.000000000
  0.000000000   0.000000000   0.000000000   0.000000000   0.000000000
  0.000000000   0.000000000   0.000000000   0.000000000   0.000000000
  0.000000000   0.000000000   0.000000000   0.000000000   0.000000000
  0.000000000   0.000000000   0.000000000   0.000000000   0.000000000
  0.000000000   0.000000000   0.000000000   0.000000000   0.000000000
  0.000000000   0.000000000   0.000000000   0.000000000   0.000000000
  0.000000000   0.000000000   0.000000000   0.000000000   0.000000000
  0.000000000   0.000000000   0.000000000   0.000000000   0.000000000

# Geometry of EQ 18, SYMMETRY = C1  
C 	  -0.575508434099	   1.597567398750	   0.586531443804
C 	   0.717863413655	   1.080214180232	   1.162515242549
C 	   1.251282227930	  -0.091897055544	   0.801948999459
C 	   0.627655519883	  -1.021384911424	  -0.218132618240
C 	   1.488728193940	  -1.066701542541	  -1.491947133976
H 	  -1.358978643185	   1.534740644085	   1.369108860275
H 	  -0.476108617304	   2.678105166665	   0.375099753438
H 	   1.221294099171	   1.697782418999	   1.915879323283
H 	   2.201349003746	  -0.413607994651	   1.247161569192
H 	   0.663361287515	  -2.041627830488	   0.211750645751
H 	   2.537885387907	  -1.312767265414	  -1.252299379083
H 	   1.111736628006	  -1.831916891679	  -2.193433406264
H 	   1.485789856028	  -0.092163090066	  -2.010637031482
C 	  -0.975086065862	   0.860641201224	  -0.626699501084
C 	  -0.799104651521	  -0.670178271554	  -0.481396034396
C 	  -1.732105558044	  -1.234972415881	   0.597892910207
H 	  -2.022642914400	   1.083133536450	  -0.897842885301
H 	  -0.363865778597	   1.198622126631	  -1.484394212164
H 	  -1.103526735269	  -1.124967602566	  -1.442106733328
H 	  -1.436703867501	  -0.896868205644	   1.607153361843
H 	  -2.777250083537	  -0.922594908329	   0.426040213233
H 	  -1.705016378973	  -2.339057397193	   0.597879844814
Energy    = -312.764675167107 (-312.930856457567 : -312.790446293296)
Spin(**2) =   -0.000000000000
ZPVE      =    0.000000000000
Normal mode eigenvalues : nmode = 60
  0.000000000   0.000000000   0.000000000   0.000000000   0.000000000
  0.000000000   0.000000000   0.000000000   0.000000000   0.000000000
  0.000000000   0.000000000   0.000000000   0.000000000   0.000000000
  0.000000000   0.000000000   0.000000000   0.000000000   0.000000000
  0.000000000   0.000000000   0.000000000   0.000000000   0.000000000
  0.000000000   0.000000000   0.000000000   0.000000000   0.000000000
  0.000000000   0.000000000   0.000000000   0.000000000   0.000000000
  0.000000000   0.000000000   0.000000000   0.000000000   0.000000000
  0.000000000   0.000000000   0.000000000   0.000000000   0.000000000
  0.000000000   0.000000000   0.000000000   0.000000000   0.000000000
  0.000000000   0.000000000   0.000000000   0.000000000   0.000000000
  0.000000000   0.000000000   0.000000000   0.000000000   0.000000000

# Geometry of EQ 19, SYMMETRY = C1  
C 	  -1.267840075252	   0.516185304866	  -1.206259587339
C 	  -0.150106539355	  -0.357067312923	  -1.716580179926
C 	   0.836193258563	  -0.801310192871	  -0.930288000848
C 	   0.940881455094	  -0.484720830522	   0.547106707956
C 	   0.686622248558	  -1.753120378766	   1.379104819875
H 	  -1.126029771853	   1.540131909451	  -1.608565754570
H 	  -2.225941446079	   0.174557687566	  -1.639414799647
H 	  -0.155845010387	  -0.619682020343	  -2.781308313371
H 	   1.618229993664	  -1.443861263279	  -1.354111120137
H 	   1.992474701873	  -0.195257955759	   0.741255812709
H 	   1.350677044013	  -2.576139049714	   1.062037615601
H 	   0.869268322849	  -1.561992150282	   2.451472457084
H 	  -0.353989682998	  -2.103611506969	   1.264378923913
C 	  -1.334309729701	   0.525818312029	   0.267102191201
C 	   0.058881000369	   0.657519144771	   0.928609802236
C 	   0.703156488522	   2.010932583929	   0.600151083805
H 	  -1.988676478013	   1.338870964155	   0.629200310814
H 	  -1.796819311270	  -0.413811575987	   0.622522831659
H 	  -0.096672154321	   0.632325693655	   2.023064355344
H 	   1.629303600608	   2.154081606796	   1.184235844471
H 	   0.971316654059	   2.084900963060	  -0.468982811961
H 	   0.019927396835	   2.845363079667	   0.838804113047
Energy    = -312.764674758236 (-312.930831823434 : -312.784364978914)
Spin(**2) =   -0.000000000000
ZPVE      =    0.000000000000
Normal mode eigenvalues : nmode = 60
  0.000000000   0.000000000   0.000000000   0.000000000   0.000000000
  0.000000000   0.000000000   0.000000000   0.000000000   0.000000000
  0.000000000   0.000000000   0.000000000   0.000000000   0.000000000
  0.000000000   0.000000000   0.000000000   0.000000000   0.000000000
  0.000000000   0.000000000   0.000000000   0.000000000   0.000000000
  0.000000000   0.000000000   0.000000000   0.000000000   0.000000000
  0.000000000   0.000000000   0.000000000   0.000000000   0.000000000
  0.000000000   0.000000000   0.000000000   0.000000000   0.000000000
  0.000000000   0.000000000   0.000000000   0.000000000   0.000000000
  0.000000000   0.000000000   0.000000000   0.000000000   0.000000000
  0.000000000   0.000000000   0.000000000   0.000000000   0.000000000
  0.000000000   0.000000000   0.000000000   0.000000000   0.000000000

# Geometry of EQ 20, SYMMETRY = C1  
C 	  -0.126723818782	  -1.114883726987	  -0.956238839741
C 	   1.208087573386	  -0.430390040056	  -1.165158617991
C 	   2.120869555275	  -0.148902761884	  -0.228506727633
C 	   2.019289317984	  -0.437350145369	   1.247947493515
C 	   1.357376061948	   0.711638033402	   2.017357890880
H 	  -0.181345493766	  -1.541774001505	   0.060225229025
H 	  -0.168838710939	  -1.979573937898	  -1.651124530506
H 	   1.414058143375	  -0.114088284715	  -2.196954725743
H 	   3.022373166927	   0.390712517019	  -0.548833395170
H 	   3.031447643222	  -0.611312014680	   1.652556601568
H 	   1.321977898912	   0.498130710270	   3.099965666581
H 	   1.910811933186	   1.656126258922	   1.874234506135
H 	   0.324811831073	   0.871696613707	   1.661308506151
C 	  -1.224228813558	  -0.249408035308	  -1.196993612944
C 	  -2.177511293063	   0.097991657375	  -0.321381047142
C 	  -3.320155814354	   1.026878725344	  -0.603187658356
H 	  -1.286125914338	   0.191771471118	  -2.205356314746
H 	   1.453279199044	  -1.367555120378	   1.426770595928
H 	  -2.133192393755	  -0.325000759007	   0.693712787793
H 	  -3.303593951345	   1.896104372454	   0.079590087367
H 	  -3.289507663050	   1.404129605418	  -1.639377794122
H 	  -4.291634748705	   0.522175449883	  -0.450185940542
Energy    = -312.728277653027 (-312.887557880634 : -312.769631232292)
Spin(**2) =   -0.000000000000
ZPVE      =    0.000000000000
Normal mode eigenvalues : nmode = 60
  0.000000000   0.000000000   0.000000000   0.000000000   0.000000000
  0.000000000   0.000000000   0.000000000   0.000000000   0.000000000
  0.000000000   0.000000000   0.000000000   0.000000000   0.000000000
  0.000000000   0.000000000   0.000000000   0.000000000   0.000000000
  0.000000000   0.000000000   0.000000000   0.000000000   0.000000000
  0.000000000   0.000000000   0.000000000   0.000000000   0.000000000
  0.000000000   0.000000000   0.000000000   0.000000000   0.000000000
  0.000000000   0.000000000   0.000000000   0.000000000   0.000000000
  0.000000000   0.000000000   0.000000000   0.000000000   0.000000000
  0.000000000   0.000000000   0.000000000   0.000000000   0.000000000
  0.000000000   0.000000000   0.000000000   0.000000000   0.000000000
  0.000000000   0.000000000   0.000000000   0.000000000   0.000000000

# Geometry of EQ 21, SYMMETRY = C1  
C 	   0.781157196289	  -1.795432246226	   0.354706773954
C 	   0.523305177081	  -1.460578979045	  -1.093891584580
C 	  -0.319957529158	  -0.457463623882	  -1.355460510747
C 	  -0.992195347828	   0.240154548254	  -0.191246417396
C 	  -1.881071147258	   1.401277020186	  -0.642315514772
H 	  -0.101885816404	  -2.333172037160	   0.757823947190
H 	   1.627071003161	  -2.496294283043	   0.456310901965
H 	   1.021214645506	  -2.022248771671	  -1.891780743681
H 	  -0.553068080466	  -0.150411165676	  -2.381820222196
H 	  -1.671243025353	  -0.512559657968	   0.260803328433
H 	  -2.693316469175	   1.032666046931	  -1.292627485542
H 	  -2.343142482645	   1.910659655406	   0.222007780146
H 	  -1.311248453425	   2.153191786556	  -1.215617721779
C 	   1.029860231701	  -0.560398804039	   1.131263772094
C 	   0.003365172872	   0.596074253318	   0.876590809315
C 	   0.759171730036	   1.900841219152	   0.594887755520
H 	   2.035599435522	  -0.187775273938	   0.865620655425
H 	   1.072903133905	  -0.784918930597	   2.211707327812
H 	  -0.568667228333	   0.754521568114	   1.809264748144
H 	   1.513745201455	   2.083389682850	   1.379836362887
H 	   1.288750301185	   1.847839281433	  -0.374442322536
H 	   0.087650142195	   2.775871399686	   0.573044652433
Energy    = -312.754275815947 (-312.921248863717 : -312.771348961555)
Spin(**2) =   -0.000000000000
ZPVE      =    0.000000000000
Normal mode eigenvalues : nmode = 60
  0.000000000   0.000000000   0.000000000   0.000000000   0.000000000
  0.000000000   0.000000000   0.000000000   0.000000000   0.000000000
  0.000000000   0.000000000   0.000000000   0.000000000   0.000000000
  0.000000000   0.000000000   0.000000000   0.000000000   0.000000000
  0.000000000   0.000000000   0.000000000   0.000000000   0.000000000
  0.000000000   0.000000000   0.000000000   0.000000000   0.000000000
  0.000000000   0.000000000   0.000000000   0.000000000   0.000000000
  0.000000000   0.000000000   0.000000000   0.000000000   0.000000000
  0.000000000   0.000000000   0.000000000   0.000000000   0.000000000
  0.000000000   0.000000000   0.000000000   0.000000000   0.000000000
  0.000000000   0.000000000   0.000000000   0.000000000   0.000000000
  0.000000000   0.000000000   0.000000000   0.000000000   0.000000000

# Geometry of EQ 22, SYMMETRY = C1  
C 	   1.379634041081	  -0.060365759736	   0.991399581998
C 	   1.798212674198	   0.487031195800	  -0.350607606740
C 	   0.951200825128	   0.398683478521	  -1.379655025263
C 	  -0.366222718093	  -0.330008233423	  -1.219495069223
C 	  -1.338693742949	  -0.029034660051	  -2.362645281677
H 	   1.508789114216	  -1.164050949317	   0.997079622371
H 	   2.041347318026	   0.321802132554	   1.788425430984
H 	   2.779204274132	   0.961760423166	  -0.462195368276
H 	   1.217722364327	   0.793107349018	  -2.367900054616
H 	  -0.110234662686	  -1.407150844278	  -1.294388868729
H 	  -0.897095857746	  -0.279821143313	  -3.343077550421
H 	  -2.270875985327	  -0.610206253990	  -2.250423308918
H 	  -1.606841624404	   1.043295506385	  -2.372683760936
C 	  -0.994161307240	  -0.106587091823	   0.120890366505
C 	  -0.030275717645	   0.288013777569	   1.278550252517
C 	  -0.515653840342	  -0.277030977432	   2.614194118642
H 	  -1.550115501167	  -1.018278243796	   0.408754208110
H 	  -1.760263300400	   0.686505621205	   0.042039321889
H 	  -0.066886638541	   1.390180807777	   1.359442784644
H 	  -1.558471627356	   0.022965567704	   2.819901629799
H 	  -0.476592072103	  -1.382245087435	   2.610944278848
H 	   0.111011683686	   0.080966201827	   3.450639669287
Energy    = -312.756596316172 (-312.923068149502 : -312.760954916547)
Spin(**2) =   -0.000000000000
ZPVE      =    0.000000000000
Normal mode eigenvalues : nmode = 60
  0.000000000   0.000000000   0.000000000   0.000000000   0.000000000
  0.000000000   0.000000000   0.000000000   0.000000000   0.000000000
  0.000000000   0.000000000   0.000000000   0.000000000   0.000000000
  0.000000000   0.000000000   0.000000000   0.000000000   0.000000000
  0.000000000   0.000000000   0.000000000   0.000000000   0.000000000
  0.000000000   0.000000000   0.000000000   0.000000000   0.000000000
  0.000000000   0.000000000   0.000000000   0.000000000   0.000000000
  0.000000000   0.000000000   0.000000000   0.000000000   0.000000000
  0.000000000   0.000000000   0.000000000   0.000000000   0.000000000
  0.000000000   0.000000000   0.000000000   0.000000000   0.000000000
  0.000000000   0.000000000   0.000000000   0.000000000   0.000000000
  0.000000000   0.000000000   0.000000000   0.000000000   0.000000000

# Geometry of EQ 23, SYMMETRY = C1  
C 	  -1.601012091999	  -1.934533284868	  -1.273789951765
C 	  -0.882669780780	  -0.693031414099	  -1.717431045173
C 	  -0.411449119347	   0.306170524559	  -0.962193260012
C 	  -0.503928912617	   0.472003780733	   0.537264898566
C 	  -1.344062780395	   1.729867871503	   0.853439826677
H 	  -2.607666691581	  -1.983653653525	  -1.727439611920
H 	  -1.058169819420	  -2.836745871846	  -1.608787921554
H 	  -0.734179314131	  -0.609145115483	  -2.802726282799
H 	   0.092647706137	   1.136381242729	  -1.477433312369
H 	  -1.073677042663	  -0.382793545437	   0.951755270410
H 	  -2.350708440159	   1.649658036391	   0.410114589507
H 	  -1.454261273575	   1.865552643755	   1.944104726571
H 	  -0.857080040606	   2.634262730977	   0.446449679074
C 	   0.754039976918	   0.520227406128	   1.197645332683
C 	   1.975208804212	   0.301566759652	   0.689317695652
C 	   3.254387571102	   0.367319578191	   1.469595401914
H 	   0.706331041056	   0.766034406139	   2.271373496833
H 	  -1.718182110156	  -1.997881124579	  -0.180616861907
H 	   2.069972741875	   0.042835549280	  -0.374131294273
H 	   3.942766718525	   1.120224278172	   1.043867827016
H 	   3.074046261696	   0.626629634956	   2.527011999874
H 	   3.787708543576	  -0.600786104853	   1.439478387787
Energy    = -312.729057835613 (-312.888530377830 : -312.763940404003)
Spin(**2) =   -0.000000000000
ZPVE      =    0.000000000000
Normal mode eigenvalues : nmode = 60
  0.000000000   0.000000000   0.000000000   0.000000000   0.000000000
  0.000000000   0.000000000   0.000000000   0.000000000   0.000000000
  0.000000000   0.000000000   0.000000000   0.000000000   0.000000000
  0.000000000   0.000000000   0.000000000   0.000000000   0.000000000
  0.000000000   0.000000000   0.000000000   0.000000000   0.000000000
  0.000000000   0.000000000   0.000000000   0.000000000   0.000000000
  0.000000000   0.000000000   0.000000000   0.000000000   0.000000000
  0.000000000   0.000000000   0.000000000   0.000000000   0.000000000
  0.000000000   0.000000000   0.000000000   0.000000000   0.000000000
  0.000000000   0.000000000   0.000000000   0.000000000   0.000000000
  0.000000000   0.000000000   0.000000000   0.000000000   0.000000000
  0.000000000   0.000000000   0.000000000   0.000000000   0.000000000

# Geometry of EQ 24, SYMMETRY = C1  
C 	   1.416252560257	   1.605188730605	   1.411144756251
C 	   0.159227156295	   1.978521242925	   0.679951548327
C 	  -0.504651969491	   1.268763541348	  -0.239937875295
C 	  -0.161665960226	  -0.103034447304	  -0.789596753744
C 	   0.090940860369	  -0.000668663096	  -2.308615902022
H 	   2.199030464982	   2.369163711687	   1.254407014900
H 	   1.231991237142	   1.558949326776	   2.499989301454
H 	  -0.257870298951	   2.958706076915	   0.948022969100
H 	  -1.419378807603	   1.710148484128	  -0.661793263123
H 	   0.782763010761	  -0.436316780172	  -0.331197826430
H 	   0.908135476069	   0.709119680106	  -2.521677730793
H 	   0.362302659307	  -0.986580600465	  -2.724480749308
H 	  -0.815157743477	   0.352482075367	  -2.834141134385
C 	  -1.203203137745	  -1.024007015834	  -0.501050574729
C 	  -1.172052996866	  -2.133546302385	   0.254685248397
C 	  -0.004336828476	  -2.696121589599	   1.012385061457
H 	   1.825501487032	   0.631900489936	   1.097622313581
H 	  -2.175104932053	  -0.788221438673	  -0.963710279620
H 	  -2.103807633686	  -2.707373391801	   0.341759460718
H 	   0.903046821003	  -2.076731157558	   0.930801825717
H 	  -0.248666747532	  -2.793404364717	   2.085925246394
H 	   0.245336754730	  -3.710726255048	   0.651659931500
Energy    = -312.728110254257 (-312.887348405494 : -312.768896444543)
Spin(**2) =   -0.000000000000
ZPVE      =    0.000000000000
Normal mode eigenvalues : nmode = 60
  0.000000000   0.000000000   0.000000000   0.000000000   0.000000000
  0.000000000   0.000000000   0.000000000   0.000000000   0.000000000
  0.000000000   0.000000000   0.000000000   0.000000000   0.000000000
  0.000000000   0.000000000   0.000000000   0.000000000   0.000000000
  0.000000000   0.000000000   0.000000000   0.000000000   0.000000000
  0.000000000   0.000000000   0.000000000   0.000000000   0.000000000
  0.000000000   0.000000000   0.000000000   0.000000000   0.000000000
  0.000000000   0.000000000   0.000000000   0.000000000   0.000000000
  0.000000000   0.000000000   0.000000000   0.000000000   0.000000000
  0.000000000   0.000000000   0.000000000   0.000000000   0.000000000
  0.000000000   0.000000000   0.000000000   0.000000000   0.000000000
  0.000000000   0.000000000   0.000000000   0.000000000   0.000000000

# Geometry of EQ 25, SYMMETRY = C1  
C 	  -1.081884586726	   0.376685275849	  -1.290531740814
C 	  -0.281259418583	   1.611915299461	  -0.960372179769
C 	   0.431844682912	   1.636387634661	   0.168872569176
C 	   0.354580315770	   0.474850042061	   1.136319556861
C 	   1.467391771415	   0.520022717337	   2.186059035319
H 	  -2.021187270566	   0.377105802222	  -0.696647795162
H 	  -1.397413147220	   0.389458403637	  -2.348745768562
H 	  -0.283944049838	   2.463496487880	  -1.649480623061
H 	   1.028830030702	   2.514371705216	   0.444732078538
H 	  -0.603778129908	   0.613300604798	   1.678318273070
H 	   1.445938894754	   1.465456472148	   2.755573555994
H 	   1.368270355009	  -0.313262575525	   2.903820167989
H 	   2.458134760606	   0.434449597384	   1.703669209310
C 	   0.295288538359	  -0.849105237549	   0.442123808721
C 	  -0.297129292856	  -0.845349594308	  -0.999415050272
C 	  -1.081893369847	  -2.128831218123	  -1.273470965792
H 	  -0.281588582023	  -1.553657444828	   1.069218689701
H 	   1.311857865781	  -1.279035080306	   0.381929722322
H 	   0.562678946575	  -0.834181606708	  -1.694515076557
H 	  -0.462362138899	  -3.022437563045	  -1.079678266521
H 	  -1.974806274268	  -2.189929895365	  -0.623803116149
H 	  -1.422615363023	  -2.173060532397	  -2.323498561989
Energy    = -312.756603988186 (-312.923098375702 : -312.756752348080)
Spin(**2) =   -0.000000000000
ZPVE      =    0.000000000000
Normal mode eigenvalues : nmode = 60
  0.000000000   0.000000000   0.000000000   0.000000000   0.000000000
  0.000000000   0.000000000   0.000000000   0.000000000   0.000000000
  0.000000000   0.000000000   0.000000000   0.000000000   0.000000000
  0.000000000   0.000000000   0.000000000   0.000000000   0.000000000
  0.000000000   0.000000000   0.000000000   0.000000000   0.000000000
  0.000000000   0.000000000   0.000000000   0.000000000   0.000000000
  0.000000000   0.000000000   0.000000000   0.000000000   0.000000000
  0.000000000   0.000000000   0.000000000   0.000000000   0.000000000
  0.000000000   0.000000000   0.000000000   0.000000000   0.000000000
  0.000000000   0.000000000   0.000000000   0.000000000   0.000000000
  0.000000000   0.000000000   0.000000000   0.000000000   0.000000000
  0.000000000   0.000000000   0.000000000   0.000000000   0.000000000

# Geometry of EQ 26, SYMMETRY = C1  
C 	  -1.218565630503	  -0.196186132244	   0.056458545775
C 	  -0.063733243944	  -0.855098285859	  -0.655335243884
C 	   0.940473532588	  -0.262276834537	  -1.312096130801
C 	   1.176743274469	   1.210565304191	  -1.508744675441
C 	   0.972362685765	   1.646388083108	  -2.963420325782
H 	  -1.245527381756	   0.885837129825	  -0.178003842579
H 	  -2.153577259662	  -0.586568037586	  -0.396155402823
H 	  -0.066314476502	  -1.952996300578	  -0.615088178483
H 	   1.681954869082	  -0.916456476013	  -1.792576397073
H 	   0.525832189223	   1.806516995029	  -0.847344897303
H 	  -0.071569596115	   1.478270198975	  -3.281310562339
H 	   1.202562845177	   2.718035630602	  -3.093503661705
H 	   1.626617007542	   1.074790736328	  -3.645486411686
C 	  -1.272392165046	  -0.384411333076	   1.462370099797
C 	  -0.333551606745	  -0.913163632805	   2.260147502370
C 	  -0.458300756542	  -1.072791449734	   3.746072028507
H 	  -2.199606113902	  -0.043013553857	   1.949154391819
H 	   2.215185838628	   1.442545718454	  -1.207747817432
H 	   0.608599866464	  -1.257924164227	   1.811867420908
H 	   0.343020908689	  -0.523257193256	   4.274001631009
H 	  -1.429033026458	  -0.699440829786	   4.114989481967
H 	  -0.363725420820	  -2.133384562738	   4.043850753042
Energy    = -312.728593261541 (-312.887900153728 : -312.761105851516)
Spin(**2) =   -0.000000000000
ZPVE      =    0.000000000000
Normal mode eigenvalues : nmode = 60
  0.000000000   0.000000000   0.000000000   0.000000000   0.000000000
  0.000000000   0.000000000   0.000000000   0.000000000   0.000000000
  0.000000000   0.000000000   0.000000000   0.000000000   0.000000000
  0.000000000   0.000000000   0.000000000   0.000000000   0.000000000
  0.000000000   0.000000000   0.000000000   0.000000000   0.000000000
  0.000000000   0.000000000   0.000000000   0.000000000   0.000000000
  0.000000000   0.000000000   0.000000000   0.000000000   0.000000000
  0.000000000   0.000000000   0.000000000   0.000000000   0.000000000
  0.000000000   0.000000000   0.000000000   0.000000000   0.000000000
  0.000000000   0.000000000   0.000000000   0.000000000   0.000000000
  0.000000000   0.000000000   0.000000000   0.000000000   0.000000000
  0.000000000   0.000000000   0.000000000   0.000000000   0.000000000

# Geometry of EQ 27, SYMMETRY = C1  
C 	   1.521337392235	  -0.412405689034	   0.717058814658
C 	   1.584841460572	  -0.239785862069	  -0.781110755150
C 	   0.462941812788	  -0.397082140964	  -1.489487490153
C 	  -0.833111628757	  -0.672947212925	  -0.756512136420
C 	  -2.051681209147	  -0.560527116472	  -1.673872372823
H 	   1.480424082998	  -1.501587139913	   0.920205266383
H 	   2.454092289702	  -0.062709514402	   1.192120821222
H 	   2.544715437696	  -0.035645573737	  -1.268118538503
H 	   0.458965636722	  -0.320369956777	  -2.583606995051
H 	  -0.791022648415	  -1.720760943982	  -0.389421367629
H 	  -1.974530179601	  -1.258638874563	  -2.525527586017
H 	  -2.983497407170	  -0.789995081236	  -1.128020480803
H 	  -2.140549817984	   0.463206362660	  -2.081238829138
C 	  -0.925381042734	   0.231158970411	   0.413809452667
C 	   0.333176446314	   0.252937998166	   1.337887087091
C 	   0.646812455441	   1.694259994453	   1.754290385755
H 	  -1.092517940977	   1.256580205502	   0.031720567137
H 	  -1.817943486625	  -0.011495314537	   1.018610773656
H 	   0.083582097166	  -0.301726095310	   2.259757087422
H 	   1.455156326478	   1.729227665004	   2.506158452032
H 	   0.966532840669	   2.289786364391	   0.879059928849
H 	  -0.241821052892	   2.185265839719	   2.188789638148
Energy    = -312.756226213798 (-312.923265723660 : -312.768797146062)
Spin(**2) =   -0.000000000000
ZPVE      =    0.000000000000
Normal mode eigenvalues : nmode = 60
  0.000000000   0.000000000   0.000000000   0.000000000   0.000000000
  0.000000000   0.000000000   0.000000000   0.000000000   0.000000000
  0.000000000   0.000000000   0.000000000   0.000000000   0.000000000
  0.000000000   0.000000000   0.000000000   0.000000000   0.000000000
  0.000000000   0.000000000   0.000000000   0.000000000   0.000000000
  0.000000000   0.000000000   0.000000000   0.000000000   0.000000000
  0.000000000   0.000000000   0.000000000   0.000000000   0.000000000
  0.000000000   0.000000000   0.000000000   0.000000000   0.000000000
  0.000000000   0.000000000   0.000000000   0.000000000   0.000000000
  0.000000000   0.000000000   0.000000000   0.000000000   0.000000000
  0.000000000   0.000000000   0.000000000   0.000000000   0.000000000
  0.000000000   0.000000000   0.000000000   0.000000000   0.000000000

# Geometry of EQ 28, SYMMETRY = C1  
C 	   1.064258091437	  -1.544337821243	   0.642331312643
C 	   1.449810903865	  -0.174282029175	   1.140266905319
C 	   0.661965522700	   0.894819774474	   0.984617904813
C 	  -0.685619450002	   0.848940353160	   0.290243320850
C 	  -0.956568866510	   2.155652137018	  -0.465132042122
H 	   1.306719535860	  -2.297094444292	   1.415173837159
H 	   1.714536944738	  -1.803686365687	  -0.217799304361
H 	   2.418470108281	  -0.067731240635	   1.642948246174
H 	   0.986884042983	   1.866969330457	   1.377179210430
H 	  -1.450535753876	   0.793202656875	   1.092031143643
H 	  -1.927074516828	   2.113553737275	  -0.990854161578
H 	  -0.986849190821	   3.009087309618	   0.234117937185
H 	  -0.171449391904	   2.365015140839	  -1.212016340103
C 	  -0.361969685938	  -1.613278109606	   0.271134172501
C 	  -0.826058282341	  -0.381836262223	  -0.542477976589
C 	  -0.088984513662	  -0.307113130821	  -1.887525085244
H 	  -0.578376729293	  -2.534820344220	  -0.298307544585
H 	  -0.981618873902	  -1.665146197486	   1.186943239773
H 	  -1.898504865677	  -0.525883338728	  -0.770135989389
H 	   0.970980007818	  -0.024353684601	  -1.759872269267
H 	  -0.119514467779	  -1.286096656706	  -2.397916235750
H 	  -0.550988205847	   0.431653030728	  -2.563529280167
Energy    = -312.764023890719 (-312.930312350865 : -312.749970975598)
Spin(**2) =   -0.000000000000
ZPVE      =    0.000000000000
Normal mode eigenvalues : nmode = 60
  0.000000000   0.000000000   0.000000000   0.000000000   0.000000000
  0.000000000   0.000000000   0.000000000   0.000000000   0.000000000
  0.000000000   0.000000000   0.000000000   0.000000000   0.000000000
  0.000000000   0.000000000   0.000000000   0.000000000   0.000000000
  0.000000000   0.000000000   0.000000000   0.000000000   0.000000000
  0.000000000   0.000000000   0.000000000   0.000000000   0.000000000
  0.000000000   0.000000000   0.000000000   0.000000000   0.000000000
  0.000000000   0.000000000   0.000000000   0.000000000   0.000000000
  0.000000000   0.000000000   0.000000000   0.000000000   0.000000000
  0.000000000   0.000000000   0.000000000   0.000000000   0.000000000
  0.000000000   0.000000000   0.000000000   0.000000000   0.000000000
  0.000000000   0.000000000   0.000000000   0.000000000   0.000000000

# Geometry of EQ 29, SYMMETRY = C1  
C 	   1.341641269235	   1.668055780586	   1.466966604924
C 	   0.059625360527	   1.979690231493	   0.750539227817
C 	  -0.570043215590	   1.248292270980	  -0.176478345014
C 	  -0.153071771379	  -0.090521234781	  -0.754501233484
C 	   0.163643215926	   0.074517707414	  -2.256557671815
H 	   1.776717770919	   0.699813938020	   1.173440581006
H 	   2.096284575696	   2.452097668531	   1.273115231689
H 	  -0.408307624289	   2.932173855611	   1.034406097849
H 	  -1.509121560605	   1.646774568873	  -0.587577094098
H 	   0.781692432883	  -0.405842790373	  -0.264531910436
H 	   0.965864965413	   0.816718114789	  -2.407846347666
H 	   0.485427769981	  -0.887357768022	  -2.692618152059
H 	  -0.729038909283	   0.417711949785	  -2.810751228059
C 	  -1.171718292506	  -1.057844192628	  -0.547964530556
C 	  -1.126666107988	  -2.207336363593	   0.144662620881
C 	   0.036398872189	  -2.777539982597	   0.903716892656
H 	   1.179908564677	   1.649100697665	   2.560131178977
H 	  -2.136263460337	  -0.827469339868	  -1.028291312065
H 	  -2.042795824347	  -2.811786386589	   0.172771612929
H 	   0.938217696869	  -2.146618192459	   0.850705352278
H 	  -0.221326989383	  -2.907514373141	   1.970878446498
H 	   0.301562693233	  -3.778904806557	   0.517936566062
Energy    = -312.728129854203 (-312.887334408241 : -312.768073789133)
Spin(**2) =   -0.000000000000
ZPVE      =    0.000000000000
Normal mode eigenvalues : nmode = 60
  0.000000000   0.000000000   0.000000000   0.000000000   0.000000000
  0.000000000   0.000000000   0.000000000   0.000000000   0.000000000
  0.000000000   0.000000000   0.000000000   0.000000000   0.000000000
  0.000000000   0.000000000   0.000000000   0.000000000   0.000000000
  0.000000000   0.000000000   0.000000000   0.000000000   0.000000000
  0.000000000   0.000000000   0.000000000   0.000000000   0.000000000
  0.000000000   0.000000000   0.000000000   0.000000000   0.000000000
  0.000000000   0.000000000   0.000000000   0.000000000   0.000000000
  0.000000000   0.000000000   0.000000000   0.000000000   0.000000000
  0.000000000   0.000000000   0.000000000   0.000000000   0.000000000
  0.000000000   0.000000000   0.000000000   0.000000000   0.000000000
  0.000000000   0.000000000   0.000000000   0.000000000   0.000000000

# Geometry of EQ 30, SYMMETRY = C1  
C 	   0.302838310292	   1.412657927235	   0.140347813363
C 	  -0.944741071511	   0.578311658519	   0.281635611008
C 	  -1.408299920809	  -0.314681845998	  -0.599495228530
C 	  -0.778285158160	  -0.686304842064	  -1.923095353784
C 	  -1.668385305802	  -1.591586125663	  -2.772455885399
H 	   0.722158246243	   1.289821210954	  -0.877358375868
H 	   0.003213416811	   2.480908045607	   0.179822840222
H 	  -1.509576114416	   0.729497502208	   1.211299264541
H 	  -2.337137245284	  -0.843610909636	  -0.343835400251
H 	  -0.534764782255	   0.227114811513	  -2.496018854416
H 	  -2.628688524157	  -1.098615500416	  -3.005862280641
H 	  -1.179760429499	  -1.849180935087	  -3.727375107744
H 	  -1.894968916219	  -2.534334064415	  -2.243804230999
C 	   1.319254587400	   1.181961876658	   1.104306231566
C 	   1.385007619030	   0.201454744994	   2.016270301571
C 	   2.502856706222	   0.014018346367	   2.998392190430
H 	   2.158125185885	   1.895756341229	   1.084914480228
H 	   0.189620609213	  -1.190955110817	  -1.742026480869
H 	   0.571009651172	  -0.535427035675	   2.060810922464
H 	   2.988601757820	  -0.970314213529	   2.865102602208
H 	   3.275041858431	   0.794954409193	   2.888919524508
H 	   2.129298115139	   0.044436602313	   4.038711809766
Energy    = -312.727104926692 (-312.886522861088 : -312.762581688807)
Spin(**2) =   -0.000000000000
ZPVE      =    0.000000000000
Normal mode eigenvalues : nmode = 60
  0.000000000   0.000000000   0.000000000   0.000000000   0.000000000
  0.000000000   0.000000000   0.000000000   0.000000000   0.000000000
  0.000000000   0.000000000   0.000000000   0.000000000   0.000000000
  0.000000000   0.000000000   0.000000000   0.000000000   0.000000000
  0.000000000   0.000000000   0.000000000   0.000000000   0.000000000
  0.000000000   0.000000000   0.000000000   0.000000000   0.000000000
  0.000000000   0.000000000   0.000000000   0.000000000   0.000000000
  0.000000000   0.000000000   0.000000000   0.000000000   0.000000000
  0.000000000   0.000000000   0.000000000   0.000000000   0.000000000
  0.000000000   0.000000000   0.000000000   0.000000000   0.000000000
  0.000000000   0.000000000   0.000000000   0.000000000   0.000000000
  0.000000000   0.000000000   0.000000000   0.000000000   0.000000000

# Geometry of EQ 31, SYMMETRY = C1  
C 	   0.767644838726	  -1.800496103707	   0.354683684714
C 	   0.522484582376	  -1.460186015222	  -1.094972092932
C 	  -0.312092695200	  -0.450709527931	  -1.360369944997
C 	  -0.989688645709	   0.246912706912	  -0.198750035977
C 	  -1.869706885601	   1.413874330461	  -0.651318979284
H 	  -0.121126928440	  -2.334704334457	   0.750428098785
H 	   1.609373125564	  -2.505583374442	   0.459501228288
H 	   1.022483231233	  -2.023836075194	  -1.890110520236
H 	  -0.536729750451	  -0.141231405884	  -2.388047841099
H 	  -1.674948722822	  -0.505040459101	   0.244695330003
H 	  -2.674922802744	   1.053488258530	  -1.314311884581
H 	  -2.340395281937	   1.917064371350	   0.211692776510
H 	  -1.290904709850	   2.168886535909	  -1.210569782606
C 	   1.016959707443	  -0.569488024263	   1.137405004368
C 	  -0.000263736804	   0.594166590594	   0.877944523260
C 	   0.765699222492	   1.894759216627	   0.605017212855
H 	   2.027446511002	  -0.202390873865	   0.883312882900
H 	   1.047249906018	  -0.798604709255	   2.217043941812
H 	  -0.578369393805	   0.753262631466	   1.806848337276
H 	   1.520715261273	   2.067799060540	   1.391642952754
H 	   1.295912694028	   1.842351452827	  -0.363978006248
H 	   0.101178264042	   2.774938436774	   0.586879406570
Energy    = -312.754273077886 (-312.921076068401 : -312.771973590863)
Spin(**2) =   -0.000000000000
ZPVE      =    0.000000000000
Normal mode eigenvalues : nmode = 60
  0.000000000   0.000000000   0.000000000   0.000000000   0.000000000
  0.000000000   0.000000000   0.000000000   0.000000000   0.000000000
  0.000000000   0.000000000   0.000000000   0.000000000   0.000000000
  0.000000000   0.000000000   0.000000000   0.000000000   0.000000000
  0.000000000   0.000000000   0.000000000   0.000000000   0.000000000
  0.000000000   0.000000000   0.000000000   0.000000000   0.000000000
  0.000000000   0.000000000   0.000000000   0.000000000   0.000000000
  0.000000000   0.000000000   0.000000000   0.000000000   0.000000000
  0.000000000   0.000000000   0.000000000   0.000000000   0.000000000
  0.000000000   0.000000000   0.000000000   0.000000000   0.000000000
  0.000000000   0.000000000   0.000000000   0.000000000   0.000000000
  0.000000000   0.000000000   0.000000000   0.000000000   0.000000000

# Geometry of EQ 32, SYMMETRY = C1  
C 	  -1.403149303750	  -0.904041381722	   0.420496306511
C 	  -1.755136771586	   0.562545343799	   0.449426441130
C 	  -0.904909278242	   1.428816154104	  -0.108712310504
C 	   0.369195180078	   0.899126408412	  -0.730891627099
C 	   1.339634340608	   2.015360395358	  -1.119513459278
H 	  -1.590968091685	  -1.283978836491	  -0.606342845690
H 	  -2.075066465970	  -1.483708699711	   1.076466925470
H 	  -2.697528281818	   0.891539877464	   0.900817624412
H 	  -1.114028486153	   2.505041430100	  -0.136001054207
H 	   0.073758998586	   0.381129060783	  -1.668197982421
H 	   2.248269569697	   1.604417462984	  -1.593392096192
H 	   0.874039612798	   2.720291773446	  -1.830032754379
H 	   1.652381702615	   2.588747569368	  -0.227657080850
C 	   0.999494504683	  -0.104063997990	   0.166340571901
C 	   0.019045449050	  -1.153532990262	   0.786646525952
C 	   0.439636922457	  -2.584636893673	   0.442998060683
H 	   1.803758957640	  -0.629695747667	  -0.380726376774
H 	   1.503916843655	   0.434551931805	   0.989425344202
H 	   0.091523523770	  -1.048147619703	   1.883791501072
H 	  -0.236584857114	  -3.323882082752	   0.909185634466
H 	   0.414755225013	  -2.746111805606	  -0.650583491426
H 	   1.465132269270	  -2.795453793409	   0.792743397689
Energy    = -312.756610292923 (-312.923961904696 : -312.778760073962)
Spin(**2) =   -0.000000000000
ZPVE      =    0.000000000000
Normal mode eigenvalues : nmode = 60
  0.000000000   0.000000000   0.000000000   0.000000000   0.000000000
  0.000000000   0.000000000   0.000000000   0.000000000   0.000000000
  0.000000000   0.000000000   0.000000000   0.000000000   0.000000000
  0.000000000   0.000000000   0.000000000   0.000000000   0.000000000
  0.000000000   0.000000000   0.000000000   0.000000000   0.000000000
  0.000000000   0.000000000   0.000000000   0.000000000   0.000000000
  0.000000000   0.000000000   0.000000000   0.000000000   0.000000000
  0.000000000   0.000000000   0.000000000   0.000000000   0.000000000
  0.000000000   0.000000000   0.000000000   0.000000000   0.000000000
  0.000000000   0.000000000   0.000000000   0.000000000   0.000000000
  0.000000000   0.000000000   0.000000000   0.000000000   0.000000000
  0.000000000   0.000000000   0.000000000   0.000000000   0.000000000

# Geometry of EQ 33, SYMMETRY = C1  
C 	   0.910689116378	  -1.040977034545	  -0.030964709028
C 	   1.202115145048	   0.312633319674	  -0.439743547844
C 	   0.686565709314	   1.488971512893	   0.174829522442
C 	  -0.151115795245	   1.569111962243	   1.247324574653
C 	  -0.634763320010	   2.850934090311	   1.845957374099
H 	   0.511969235973	  -1.062664525963	   0.994650971228
H 	   1.793632240033	  -1.697971779756	  -0.043062578652
H 	   1.728799455647	   0.448782926568	  -1.392847715265
H 	   1.000859205379	   2.437555034716	  -0.282975835622
H 	  -0.519171777055	   0.647701894683	   1.716550971285
H 	  -1.736937600774	   2.935566745285	   1.785810752236
H 	  -0.377298585095	   2.911125418746	   2.920581901986
H 	  -0.196947648410	   3.728118852950	   1.339787046845
C 	  -0.719461730469	  -2.808630994671	  -0.327729137350
C 	  -0.096293722416	  -1.696801493021	  -0.995458242978
C 	  -1.136079240354	  -0.714172764681	  -1.536428728176
H 	  -1.663586416339	  -2.661122050976	   0.211279775784
H 	  -0.148369126712	  -3.714025372050	  -0.088402918929
H 	   0.527333136945	  -2.035646391306	  -1.842213872671
H 	  -1.838208580628	  -1.238322846056	  -2.206304785859
H 	  -1.713677031918	  -0.255792146824	  -0.713087300606
H 	  -0.654006557136	   0.106916088582	  -2.095337490796
Energy    = -312.585674502471 (-312.842278001723 : -312.758733212914)
Spin(**2) =   -0.000000000000
ZPVE      =    0.000000000000
Normal mode eigenvalues : nmode = 60
  0.000000000   0.000000000   0.000000000   0.000000000   0.000000000
  0.000000000   0.000000000   0.000000000   0.000000000   0.000000000
  0.000000000   0.000000000   0.000000000   0.000000000   0.000000000
  0.000000000   0.000000000   0.000000000   0.000000000   0.000000000
  0.000000000   0.000000000   0.000000000   0.000000000   0.000000000
  0.000000000   0.000000000   0.000000000   0.000000000   0.000000000
  0.000000000   0.000000000   0.000000000   0.000000000   0.000000000
  0.000000000   0.000000000   0.000000000   0.000000000   0.000000000
  0.000000000   0.000000000   0.000000000   0.000000000   0.000000000
  0.000000000   0.000000000   0.000000000   0.000000000   0.000000000
  0.000000000   0.000000000   0.000000000   0.000000000   0.000000000
  0.000000000   0.000000000   0.000000000   0.000000000   0.000000000

# Geometry of EQ 34, SYMMETRY = C1  
C 	   1.007039550329	  -0.545227970855	  -0.409743576175
C 	  -0.187626871525	  -0.507506499498	  -1.340826938681
C 	  -1.113803857865	   0.453174905948	  -1.439498514215
C 	  -1.191354245808	   1.745784659225	  -0.673573684204
C 	  -0.906637117573	   2.967173913456	  -1.554369386001
H 	   1.164956266230	   0.443818537277	   0.054113552717
H 	   1.902793302964	  -0.724813120158	  -1.040422447810
H 	  -0.298425289852	  -1.389976712554	  -1.986179400848
H 	  -1.910337787877	   0.307453100497	  -2.183125549423
H 	  -0.497083473042	   1.739245614682	   0.183379899180
H 	  -1.019744571753	   3.903500255729	  -0.980786127417
H 	   0.121210580376	   2.931285521563	  -1.955535860520
H 	  -1.600597797644	   3.010376874219	  -2.412674499725
C 	   0.902051384678	  -1.557890448765	   0.577292381473
C 	   0.923152688355	  -1.387588513711	   1.906300122619
C 	   0.797266277224	  -2.481445719740	   2.924285098308
H 	   0.775647788312	  -2.588804297574	   0.206945162152
H 	  -2.206998078906	   1.840524701504	  -0.246588162760
H 	   1.041115808037	  -0.366766095045	   2.300562910209
H 	  -0.077061642879	  -2.315015543791	   3.580308424615
H 	   0.683220981630	  -3.468769862134	   2.445077355598
H 	   1.685105422326	  -2.519990747795	   3.582072174152
Energy    = -312.728001217633 (-312.887241988864 : -312.769898352376)
Spin(**2) =   -0.000000000000
ZPVE      =    0.000000000000
Normal mode eigenvalues : nmode = 60
  0.000000000   0.000000000   0.000000000   0.000000000   0.000000000
  0.000000000   0.000000000   0.000000000   0.000000000   0.000000000
  0.000000000   0.000000000   0.000000000   0.000000000   0.000000000
  0.000000000   0.000000000   0.000000000   0.000000000   0.000000000
  0.000000000   0.000000000   0.000000000   0.000000000   0.000000000
  0.000000000   0.000000000   0.000000000   0.000000000   0.000000000
  0.000000000   0.000000000   0.000000000   0.000000000   0.000000000
  0.000000000   0.000000000   0.000000000   0.000000000   0.000000000
  0.000000000   0.000000000   0.000000000   0.000000000   0.000000000
  0.000000000   0.000000000   0.000000000   0.000000000   0.000000000
  0.000000000   0.000000000   0.000000000   0.000000000   0.000000000
  0.000000000   0.000000000   0.000000000   0.000000000   0.000000000

# Geometry of EQ 35, SYMMETRY = C1  
C 	   0.436611742383	  -1.229396889127	  -1.074571018968
C 	  -0.962691877810	  -0.702499957892	  -1.280163341899
C 	  -1.578868182206	  -0.111618904233	  -0.252287119513
C 	  -0.826177467740	   0.060475073123	   1.050640494829
C 	  -1.563214263449	   0.976644424967	   2.028644116651
H 	   0.351162234604	  -2.179263826990	  -0.509072799492
H 	   0.897280704991	  -1.505390180665	  -2.038913939061
H 	  -1.465505806799	  -0.847676660590	  -2.242510689302
H 	  -2.607765191597	   0.259324490969	  -0.335350457828
H 	  -0.753309257665	  -0.940533615577	   1.527055087350
H 	  -2.570685371193	   0.587315652449	   2.256670003542
H 	  -1.010564192525	   1.070229762298	   2.979806574065
H 	  -1.679455029099	   1.989977937860	   1.602818696728
C 	   0.544117403498	   0.540827572967	   0.754891477494
C 	   1.318294881523	  -0.281905124697	  -0.323386857008
C 	   2.059500391138	   0.668868000844	  -1.269923606662
H 	   0.462145865767	   1.586728629847	   0.400984134574
H 	   1.144888636799	   0.585421534150	   1.681520144849
H 	   2.085997654934	  -0.881427380229	   0.197241508328
H 	   2.710426075525	   0.113757466746	  -1.968691140368
H 	   1.340281901394	   1.259057658093	  -1.867722580840
H 	   2.692663214875	   1.378093371574	  -0.707794078852
Energy    = -312.756195591468 (-312.922722394664 : -312.759963518335)
Spin(**2) =   -0.000000000000
ZPVE      =    0.000000000000
Normal mode eigenvalues : nmode = 60
  0.000000000   0.000000000   0.000000000   0.000000000   0.000000000
  0.000000000   0.000000000   0.000000000   0.000000000   0.000000000
  0.000000000   0.000000000   0.000000000   0.000000000   0.000000000
  0.000000000   0.000000000   0.000000000   0.000000000   0.000000000
  0.000000000   0.000000000   0.000000000   0.000000000   0.000000000
  0.000000000   0.000000000   0.000000000   0.000000000   0.000000000
  0.000000000   0.000000000   0.000000000   0.000000000   0.000000000
  0.000000000   0.000000000   0.000000000   0.000000000   0.000000000
  0.000000000   0.000000000   0.000000000   0.000000000   0.000000000
  0.000000000   0.000000000   0.000000000   0.000000000   0.000000000
  0.000000000   0.000000000   0.000000000   0.000000000   0.000000000
  0.000000000   0.000000000   0.000000000   0.000000000   0.000000000

# Geometry of EQ 36, SYMMETRY = C1  
C 	  -2.324131809059	  -0.477178178733	   1.090949629109
C 	  -0.994500434616	  -0.712308602203	   1.748064515153
C 	   0.212441433620	  -0.293993865208	   1.349133551191
C 	   0.558519414395	   0.535473839218	   0.127460702720
C 	   1.110429277784	   1.905215144641	   0.577956280733
H 	  -2.994225914282	   0.090080069433	   1.762828417708
H 	  -2.826797718919	  -1.438333625699	   0.879263607122
H 	  -1.034876821389	  -1.302875471836	   2.673422666494
H 	   1.077622114460	  -0.569731245077	   1.969648074823
H 	  -0.368879647596	   0.733871180813	  -0.432754173460
H 	   1.354108935416	   2.532159767328	  -0.297305126561
H 	   0.372074625828	   2.439162151456	   1.200024898919
H 	   2.033003462162	   1.779787348417	   1.173858930167
C 	   1.494952455559	  -0.151449415919	  -0.689447687425
C 	   1.364658029326	  -0.587172344743	  -1.952849387425
C 	   0.164783314447	  -0.467205228813	  -2.846944201844
H 	  -2.246175501504	   0.079152670619	   0.143054964220
H 	   2.466998342374	  -0.354738076960	  -0.211923168557
H 	   2.227871596897	  -1.099243834472	  -2.397713284959
H 	   0.421593177567	   0.073323259951	  -3.776321712451
H 	  -0.193864168140	  -1.467513002162	  -3.151545278333
H 	  -0.677361295463	   0.060694275455	  -2.371307505131
Energy    = -312.728134004333 (-312.887356864191 : -312.770039307194)
Spin(**2) =   -0.000000000000
ZPVE      =    0.000000000000
Normal mode eigenvalues : nmode = 60
  0.000000000   0.000000000   0.000000000   0.000000000   0.000000000
  0.000000000   0.000000000   0.000000000   0.000000000   0.000000000
  0.000000000   0.000000000   0.000000000   0.000000000   0.000000000
  0.000000000   0.000000000   0.000000000   0.000000000   0.000000000
  0.000000000   0.000000000   0.000000000   0.000000000   0.000000000
  0.000000000   0.000000000   0.000000000   0.000000000   0.000000000
  0.000000000   0.000000000   0.000000000   0.000000000   0.000000000
  0.000000000   0.000000000   0.000000000   0.000000000   0.000000000
  0.000000000   0.000000000   0.000000000   0.000000000   0.000000000
  0.000000000   0.000000000   0.000000000   0.000000000   0.000000000
  0.000000000   0.000000000   0.000000000   0.000000000   0.000000000
  0.000000000   0.000000000   0.000000000   0.000000000   0.000000000

# Geometry of EQ 37, SYMMETRY = C1  
C 	   1.443928242759	   1.693692266273	   1.364287666437
C 	   0.145664248527	   2.007174142072	   0.678088247010
C 	  -0.530601777795	   1.255303435690	  -0.198294625017
C 	  -0.160870936692	  -0.113007801569	  -0.737775610435
C 	   0.163531600321	   0.001573847141	  -2.243333773411
H 	   2.215934418774	   2.437318794328	   1.094122515384
H 	   1.324640198515	   1.745466121276	   2.461783717634
H 	  -0.289557729712	   2.982015399995	   0.937107391033
H 	  -1.472173257217	   1.660454549664	  -0.596700700144
H 	   0.761465554624	  -0.447951617140	  -0.237390990783
H 	   0.992547882899	   0.709836396528	  -2.412019683653
H 	   0.449871096699	  -0.982066001635	  -2.654733048779
H 	  -0.715688280346	   0.363321319915	  -2.807138174855
C 	  -1.212225017830	  -1.039635962202	  -0.510612992885
C 	  -1.207071616441	  -2.174200757849	   0.207685194351
C 	  -0.066639837749	  -2.764198232343	   0.985654610157
H 	   1.836100126105	   0.695224029336	   1.113707056401
H 	  -2.167299041024	  -0.788506828182	  -0.999418291329
H 	  -2.142209656971	  -2.748049473731	   0.244827905423
H 	   0.852989325821	  -2.159585134870	   0.930848879625
H 	  -0.337384717596	  -2.868955388054	   2.052238351557
H 	   0.173680606162	  -3.779011751504	   0.619218944632
Energy    = -312.728127253971 (-312.887239124525 : -312.767876931275)
Spin(**2) =   -0.000000000000
ZPVE      =    0.000000000000
Normal mode eigenvalues : nmode = 60
  0.000000000   0.000000000   0.000000000   0.000000000   0.000000000
  0.000000000   0.000000000   0.000000000   0.000000000   0.000000000
  0.000000000   0.000000000   0.000000000   0.000000000   0.000000000
  0.000000000   0.000000000   0.000000000   0.000000000   0.000000000
  0.000000000   0.000000000   0.000000000   0.000000000   0.000000000
  0.000000000   0.000000000   0.000000000   0.000000000   0.000000000
  0.000000000   0.000000000   0.000000000   0.000000000   0.000000000
  0.000000000   0.000000000   0.000000000   0.000000000   0.000000000
  0.000000000   0.000000000   0.000000000   0.000000000   0.000000000
  0.000000000   0.000000000   0.000000000   0.000000000   0.000000000
  0.000000000   0.000000000   0.000000000   0.000000000   0.000000000
  0.000000000   0.000000000   0.000000000   0.000000000   0.000000000

# Geometry of EQ 38, SYMMETRY = C1  
C 	   0.853054694665	   0.181269438066	  -1.262975151292
C 	  -0.414529838908	  -0.675263172018	  -1.126650895670
C 	  -1.493477383376	  -0.173262200127	  -0.200623056625
C 	  -1.616329413798	   1.047139406012	   0.331346997402
C 	  -2.744405166832	   1.486375480573	   1.218579565533
H 	   0.561964677579	   1.207599226347	  -1.555163855252
H 	   1.417027613237	  -0.209243196566	  -2.132652225628
H 	  -0.865204396834	  -0.808988933967	  -2.129120398236
H 	  -2.279220974518	  -0.909869734039	   0.024380648605
H 	  -0.851462622818	   1.808056276315	   0.123842078744
H 	  -2.372391618241	   1.799626799066	   2.211524136409
H 	  -3.272525426654	   2.357116466721	   0.788503708389
H 	  -3.480652583977	   0.678157372095	   1.367678273597
C 	   1.704116405353	   0.213756214110	  -0.104514791441
C 	   2.305943052387	  -1.117414404211	   0.285753050271
C 	   2.180124882355	  -1.702794703422	   1.477822719230
H 	   1.168300112933	   0.619306548042	   0.773848806734
H 	   2.544587008756	   0.913634474853	  -0.285423546347
H 	   2.888384447498	  -1.624776407120	  -0.497882993543
H 	   1.598553379907	  -1.236452280993	   2.283937575361
H 	  -0.126742344519	  -1.693690937722	  -0.803668758127
H 	   2.653379362090	  -2.666806379769	   1.697254228271
Energy    = -312.722751508020 (-312.884912687130 : -312.767427540063)
Spin(**2) =   -0.000000000000
ZPVE      =    0.000000000000
Normal mode eigenvalues : nmode = 60
  0.000000000   0.000000000   0.000000000   0.000000000   0.000000000
  0.000000000   0.000000000   0.000000000   0.000000000   0.000000000
  0.000000000   0.000000000   0.000000000   0.000000000   0.000000000
  0.000000000   0.000000000   0.000000000   0.000000000   0.000000000
  0.000000000   0.000000000   0.000000000   0.000000000   0.000000000
  0.000000000   0.000000000   0.000000000   0.000000000   0.000000000
  0.000000000   0.000000000   0.000000000   0.000000000   0.000000000
  0.000000000   0.000000000   0.000000000   0.000000000   0.000000000
  0.000000000   0.000000000   0.000000000   0.000000000   0.000000000
  0.000000000   0.000000000   0.000000000   0.000000000   0.000000000
  0.000000000   0.000000000   0.000000000   0.000000000   0.000000000
  0.000000000   0.000000000   0.000000000   0.000000000   0.000000000

# Geometry of EQ 39, SYMMETRY = C1  
C 	  -1.226801611355	  -0.205427880717	  -1.157158773840
C 	  -1.814521956134	  -0.032296757912	   0.221186315467
C 	  -1.065870855649	   0.007132275831	   1.328068793952
C 	   0.445149974571	  -0.084449189320	   1.313447584642
C 	   1.064781463086	   0.891001537656	   2.321192979493
H 	  -1.852959845706	  -0.909462864804	  -1.736995873635
H 	  -1.302462211941	   0.761103411673	  -1.698634185982
H 	  -2.904142313772	   0.062518212990	   0.299241867497
H 	  -1.549980747170	   0.114709377262	   2.307073550827
H 	   0.711048563894	  -1.107362043085	   1.653168439396
H 	   0.694062191638	   0.701089480471	   3.343740815675
H 	   2.164865630038	   0.794453583186	   2.335174552159
H 	   0.818335666638	   1.935796024188	   2.057645058709
C 	   0.974445449469	   0.111748282152	  -0.054379591866
C 	   0.180990276721	  -0.663103238983	  -1.125432080417
C 	   0.848015888755	  -0.569647052897	  -2.497050425375
H 	   0.937116007557	   1.189875947444	  -0.315959984325
H 	   2.040719639971	  -0.177375344373	  -0.099566498162
H 	   0.189469262990	  -1.728446614383	  -0.819570156368
H 	   0.273666665488	  -1.127284909683	  -3.258380995179
H 	   0.912742872386	   0.483090588777	  -2.829397563068
H 	   1.872052407947	  -0.981550317344	  -2.475078541856
Energy    = -312.766801994643 (-312.932653888715 : -312.764466805063)
Spin(**2) =   -0.000000000000
ZPVE      =    0.000000000000
Normal mode eigenvalues : nmode = 60
  0.000000000   0.000000000   0.000000000   0.000000000   0.000000000
  0.000000000   0.000000000   0.000000000   0.000000000   0.000000000
  0.000000000   0.000000000   0.000000000   0.000000000   0.000000000
  0.000000000   0.000000000   0.000000000   0.000000000   0.000000000
  0.000000000   0.000000000   0.000000000   0.000000000   0.000000000
  0.000000000   0.000000000   0.000000000   0.000000000   0.000000000
  0.000000000   0.000000000   0.000000000   0.000000000   0.000000000
  0.000000000   0.000000000   0.000000000   0.000000000   0.000000000
  0.000000000   0.000000000   0.000000000   0.000000000   0.000000000
  0.000000000   0.000000000   0.000000000   0.000000000   0.000000000
  0.000000000   0.000000000   0.000000000   0.000000000   0.000000000
  0.000000000   0.000000000   0.000000000   0.000000000   0.000000000
