List of Transition Structures

# Geometry of TS 0, SYMMETRY = C1  
C 	   0.374730910860	   1.519364013572	  -0.525039290016
C 	  -0.972121266558	   1.097505540998	  -0.865521808383
C 	  -1.762032131175	   0.166273182944	  -0.188590184766
C 	  -1.562889116580	  -0.389319426141	   1.057778858741
C 	  -2.464879760192	  -1.439756159943	   1.636320820945
H 	   0.555294073826	   1.610662759592	   0.558849798013
H 	   0.535103961353	   2.524764624116	  -0.948898791758
H 	  -1.330339142182	   1.411390399147	  -1.852584405665
H 	  -2.646751943356	  -0.187806373583	  -0.738311378148
H 	  -0.763693042194	  -0.005699821467	   1.703948193690
H 	  -2.064396358735	  -2.459227897983	   1.466828116377
H 	  -2.585704691601	  -1.328269966818	   2.729027520952
H 	  -3.471927655460	  -1.412583313305	   1.179948753808
C 	   1.480007827351	   0.635570592110	  -1.162079956823
C 	   1.792331601457	  -0.635639143194	  -0.538263097810
C 	   2.852417660249	  -0.858733630035	   0.483193272103
H 	   2.376837220757	   1.287468930178	  -1.128117969773
H 	   1.232380055139	   0.508580415957	  -2.225553666689
H 	   1.239222337892	  -1.524207665341	  -0.868400061760
H 	   3.748045440624	  -1.359395846261	   0.051274764120
H 	   3.209651391382	   0.076268257598	   0.951404046443
H 	   2.497685682698	  -1.535258837408	   1.283740952924
Energy    = -312.771403733384
Spin(**2) =    0.000000000000
ZPVE      =    0.000000000000
Normal mode eigenvalues : nmode = 60
  0.000000000   0.000000000   0.000000000   0.000000000   0.000000000
  0.000000000   0.000000000   0.000000000   0.000000000   0.000000000
  0.000000000   0.000000000   0.000000000   0.000000000   0.000000000
  0.000000000   0.000000000   0.000000000   0.000000000   0.000000000
  0.000000000   0.000000000   0.000000000   0.000000000   0.000000000
  0.000000000   0.000000000   0.000000000   0.000000000   0.000000000
  0.000000000   0.000000000   0.000000000   0.000000000   0.000000000
  0.000000000   0.000000000   0.000000000   0.000000000   0.000000000
  0.000000000   0.000000000   0.000000000   0.000000000   0.000000000
  0.000000000   0.000000000   0.000000000   0.000000000   0.000000000
  0.000000000   0.000000000   0.000000000   0.000000000   0.000000000
  0.000000000   0.000000000   0.000000000   0.000000000   0.000000000
CONNECTION : ?? - ??

# Geometry of TS 1, SYMMETRY = C1  
C 	  -0.715562074465	  -0.201228259914	   1.340419205001
C 	   0.073618419750	  -1.301264075053	   0.878952919562
C 	   0.445473785671	  -1.490275114541	  -0.476682119618
C 	  -0.256875654191	  -1.093827250120	  -1.576501183198
C 	   0.176318939465	  -1.308304070004	  -2.991653194463
H 	  -1.574237026670	  -0.020891480655	   0.672357435309
H 	  -1.105630710728	  -0.409164905009	   2.346651243882
H 	   0.701632067131	  -1.815824713768	   1.616896646924
H 	   1.394152016111	  -2.019085337746	  -0.656365958276
H 	  -1.269155395569	  -0.690036443223	  -1.442919126144
H 	  -0.325765831746	  -2.199010684260	  -3.420087176380
H 	  -0.108752217881	  -0.453920934414	  -3.630960880821
H 	   1.265607757120	  -1.460829112326	  -3.072649554410
C 	   1.322197391987	   1.506991342709	   1.247311967710
C 	  -0.077762273125	   1.267226497694	   1.397357809887
C 	  -0.879939906387	   2.162797562158	   0.437398966938
H 	   1.736593959760	   1.847112889266	   0.284769275166
H 	   2.037191750069	   1.164808562312	   2.004366586910
H 	  -0.344145427333	   1.516762300865	   2.441142645223
H 	  -0.572193953397	   3.213140281780	   0.555889706286
H 	  -0.695250074508	   1.865721199234	  -0.611434111880
H 	  -1.967646856327	   2.099088326088	   0.619905215623
Energy    = -312.739215697673
Spin(**2) =    0.000000000000
ZPVE      =    0.000000000000
Normal mode eigenvalues : nmode = 60
  0.000000000   0.000000000   0.000000000   0.000000000   0.000000000
  0.000000000   0.000000000   0.000000000   0.000000000   0.000000000
  0.000000000   0.000000000   0.000000000   0.000000000   0.000000000
  0.000000000   0.000000000   0.000000000   0.000000000   0.000000000
  0.000000000   0.000000000   0.000000000   0.000000000   0.000000000
  0.000000000   0.000000000   0.000000000   0.000000000   0.000000000
  0.000000000   0.000000000   0.000000000   0.000000000   0.000000000
  0.000000000   0.000000000   0.000000000   0.000000000   0.000000000
  0.000000000   0.000000000   0.000000000   0.000000000   0.000000000
  0.000000000   0.000000000   0.000000000   0.000000000   0.000000000
  0.000000000   0.000000000   0.000000000   0.000000000   0.000000000
  0.000000000   0.000000000   0.000000000   0.000000000   0.000000000
CONNECTION : ?? - ??

# Geometry of TS 2, SYMMETRY = C1  
C 	  -0.832142645671	   1.166585760713	  -0.975999045183
C 	   0.135328066175	   1.510110591509	   0.040562136624
C 	   0.344847707936	   0.832614808326	   1.261240773662
C 	  -0.503794653867	  -0.036921034660	   1.902460046043
C 	  -0.135413424669	  -0.771002350424	   3.157267809775
H 	  -1.710677885791	   0.615019059387	  -0.611065419663
H 	  -1.208041449853	   2.072181185219	  -1.476172755831
H 	   0.861695407137	   2.287586248755	  -0.226792004044
H 	   1.309760101951	   1.030299953696	   1.755595293365
H 	  -1.541386710952	  -0.130107106102	   1.564305008209
H 	  -0.738871752785	  -0.450117396139	   4.028960021613
H 	  -0.306131867778	  -1.861079528485	   3.051988708133
H 	   0.925026360194	  -0.624076798929	   3.416460087921
C 	  -0.209214704111	   0.311295837629	  -2.128330053271
C 	  -0.069930023775	  -1.091990968628	  -1.836098192438
C 	   1.158446721916	  -1.719244933978	  -1.289905486337
H 	   0.729349211711	   0.806823489532	  -2.406461159993
H 	  -0.892673748602	   0.436590666005	  -2.988434505378
H 	  -0.905689205757	  -1.751136475715	  -2.101410152430
H 	   1.782360834172	  -2.182112148034	  -2.087087402387
H 	   1.798443585796	  -0.970557722313	  -0.786206822982
H 	   0.918797566404	  -2.537186561322	  -0.587704312305
Energy    = -312.771449398545
Spin(**2) =    0.000000000000
ZPVE      =    0.000000000000
Normal mode eigenvalues : nmode = 60
  0.000000000   0.000000000   0.000000000   0.000000000   0.000000000
  0.000000000   0.000000000   0.000000000   0.000000000   0.000000000
  0.000000000   0.000000000   0.000000000   0.000000000   0.000000000
  0.000000000   0.000000000   0.000000000   0.000000000   0.000000000
  0.000000000   0.000000000   0.000000000   0.000000000   0.000000000
  0.000000000   0.000000000   0.000000000   0.000000000   0.000000000
  0.000000000   0.000000000   0.000000000   0.000000000   0.000000000
  0.000000000   0.000000000   0.000000000   0.000000000   0.000000000
  0.000000000   0.000000000   0.000000000   0.000000000   0.000000000
  0.000000000   0.000000000   0.000000000   0.000000000   0.000000000
  0.000000000   0.000000000   0.000000000   0.000000000   0.000000000
  0.000000000   0.000000000   0.000000000   0.000000000   0.000000000
CONNECTION : ?? - ??

# Geometry of TS 3, SYMMETRY = C1  
C 	  -0.199377474813	   0.656247226372	   1.464197177447
C 	   1.036986385650	   0.338921376439	   0.818789696815
C 	   1.301558115610	  -0.830869444465	   0.039492816838
C 	   0.659874508150	  -2.032313587567	   0.070727381918
C 	   0.968432240878	  -3.151821249534	  -0.873858603472
H 	  -0.795350696691	  -0.247516723119	   1.650212648497
H 	  -0.027726566369	   1.156152861555	   2.429325896114
H 	   1.797263510770	   1.127953821054	   0.777307460487
H 	   2.138405934347	  -0.737239212780	  -0.673231772299
H 	  -0.092989173803	  -2.230263569003	   0.843844829520
H 	   1.444308814902	  -4.008172014982	  -0.361394546976
H 	   0.052985937849	  -3.541037421982	  -1.353733936220
H 	   1.653427479039	  -2.813656174149	  -1.672322653325
C 	  -1.242745358737	   1.691203873771	   0.771261835555
C 	  -1.093487758756	   2.195603387023	  -0.555064591240
C 	  -1.277771852773	   1.353971624344	  -1.754766523418
H 	  -2.182159074479	   1.114894017335	   0.827047455216
H 	  -1.299564811610	   2.536656275403	   1.469599545642
H 	  -0.561099603690	   3.143400012883	  -0.699962534037
H 	  -0.323399329973	   0.818058997777	  -2.002394179138
H 	  -2.042750539226	   0.569080106070	  -1.599213008596
H 	  -1.542887744545	   1.952787382913	  -2.644019649477
Energy    = -312.751396666783
Spin(**2) =    0.000000000000
ZPVE      =    0.000000000000
Normal mode eigenvalues : nmode = 60
  0.000000000   0.000000000   0.000000000   0.000000000   0.000000000
  0.000000000   0.000000000   0.000000000   0.000000000   0.000000000
  0.000000000   0.000000000   0.000000000   0.000000000   0.000000000
  0.000000000   0.000000000   0.000000000   0.000000000   0.000000000
  0.000000000   0.000000000   0.000000000   0.000000000   0.000000000
  0.000000000   0.000000000   0.000000000   0.000000000   0.000000000
  0.000000000   0.000000000   0.000000000   0.000000000   0.000000000
  0.000000000   0.000000000   0.000000000   0.000000000   0.000000000
  0.000000000   0.000000000   0.000000000   0.000000000   0.000000000
  0.000000000   0.000000000   0.000000000   0.000000000   0.000000000
  0.000000000   0.000000000   0.000000000   0.000000000   0.000000000
  0.000000000   0.000000000   0.000000000   0.000000000   0.000000000
CONNECTION : ?? - ??

# Geometry of TS 4, SYMMETRY = C1  
C 	  -0.284695936717	  -0.844593745774	  -0.675279991271
C 	   0.978219520843	  -0.230167781874	  -1.004301830842
C 	   1.937135885782	   0.256752971289	  -0.075440563606
C 	   2.043307695971	  -0.025751853150	   1.257675012295
C 	   3.067683247386	   0.609539460726	   2.153358419728
H 	  -0.249727525059	  -1.583550006221	   0.138249019435
H 	  -0.715076283391	  -1.332990028183	  -1.559489114789
H 	   1.120645058554	   0.076528518412	  -2.047251834253
H 	   2.694020859222	   0.939850815707	  -0.490281480929
H 	   1.375540228977	  -0.768910473878	   1.713833718744
H 	   2.645870222194	   1.482054905200	   2.691563125504
H 	   3.434882860429	  -0.087493330462	   2.927779930026
H 	   3.939053528465	   0.975695781196	   1.580975054753
C 	  -1.291369655746	   0.251236894758	  -0.169024033922
C 	  -2.638482622387	  -0.215942473424	  -0.248019970915
C 	  -3.632035105105	   0.156853881808	  -1.294844030700
H 	  -1.140194736270	   1.176097708231	  -0.749264271290
H 	  -0.939720373263	   0.440653938649	   0.866639817594
H 	  -2.897338067755	  -1.097021936988	   0.356676066322
H 	  -4.489729641446	   0.714868160223	  -0.862003965969
H 	  -3.198924738287	   0.791974968997	  -2.087834629607
H 	  -4.077540713676	  -0.738569788072	  -1.773344286050
Energy    = -312.766570387936
Spin(**2) =    0.000000000000
ZPVE      =    0.000000000000
Normal mode eigenvalues : nmode = 60
  0.000000000   0.000000000   0.000000000   0.000000000   0.000000000
  0.000000000   0.000000000   0.000000000   0.000000000   0.000000000
  0.000000000   0.000000000   0.000000000   0.000000000   0.000000000
  0.000000000   0.000000000   0.000000000   0.000000000   0.000000000
  0.000000000   0.000000000   0.000000000   0.000000000   0.000000000
  0.000000000   0.000000000   0.000000000   0.000000000   0.000000000
  0.000000000   0.000000000   0.000000000   0.000000000   0.000000000
  0.000000000   0.000000000   0.000000000   0.000000000   0.000000000
  0.000000000   0.000000000   0.000000000   0.000000000   0.000000000
  0.000000000   0.000000000   0.000000000   0.000000000   0.000000000
  0.000000000   0.000000000   0.000000000   0.000000000   0.000000000
  0.000000000   0.000000000   0.000000000   0.000000000   0.000000000
CONNECTION : ?? - ??

# Geometry of TS 5, SYMMETRY = C1  
C 	  -2.073234056026	  -1.593521977348	   0.596552604097
C 	  -2.221689302521	  -0.419066667129	  -0.083587964986
C 	  -1.290058239278	   0.648712484483	  -0.153677760138
C 	   0.050228213007	   0.573268308776	   0.356919953380
C 	   0.689521416256	   1.947330730232	   0.563651256674
H 	  -1.243526789385	  -1.781378580342	   1.286328127953
H 	  -2.851935804465	  -2.361553536959	   0.543940711234
H 	  -3.142685431349	  -0.288808320411	  -0.666922734286
H 	  -1.582566658339	   1.531360130989	  -0.734187587695
H 	   0.030903261389	   0.041995002467	   1.316087888581
H 	   0.245588370025	   2.431258865043	   1.449503643296
H 	   1.781809505137	   1.890441625264	   0.712961403468
H 	   0.495398554053	   2.601017003194	  -0.301470154576
C 	   1.590456336385	   0.240408769606	  -1.574722321284
C 	   0.994200602928	  -0.405569699399	  -0.453560057223
C 	   2.043409976819	  -1.042395880224	   0.471588745393
H 	   2.634896860155	   0.572925612192	  -1.537029366983
H 	   0.998249826430	   0.564377681673	  -2.435332322444
H 	   0.283442620587	  -1.208695839391	  -0.734029911418
H 	   2.437642906526	  -1.954917160604	  -0.003526592929
H 	   2.892855994333	  -0.366166661695	   0.660005231187
H 	   1.610192886109	  -1.327637996338	   1.445765705249
Energy    = -312.755954281978
Spin(**2) =    0.000000000000
ZPVE      =    0.000000000000
Normal mode eigenvalues : nmode = 60
  0.000000000   0.000000000   0.000000000   0.000000000   0.000000000
  0.000000000   0.000000000   0.000000000   0.000000000   0.000000000
  0.000000000   0.000000000   0.000000000   0.000000000   0.000000000
  0.000000000   0.000000000   0.000000000   0.000000000   0.000000000
  0.000000000   0.000000000   0.000000000   0.000000000   0.000000000
  0.000000000   0.000000000   0.000000000   0.000000000   0.000000000
  0.000000000   0.000000000   0.000000000   0.000000000   0.000000000
  0.000000000   0.000000000   0.000000000   0.000000000   0.000000000
  0.000000000   0.000000000   0.000000000   0.000000000   0.000000000
  0.000000000   0.000000000   0.000000000   0.000000000   0.000000000
  0.000000000   0.000000000   0.000000000   0.000000000   0.000000000
  0.000000000   0.000000000   0.000000000   0.000000000   0.000000000
CONNECTION : ?? - ??

# Geometry of TS 6, SYMMETRY = C1  
C 	   1.340509858985	   1.920056853349	   1.557039746022
C 	   0.271610920657	   2.241904264629	   0.777302582769
C 	  -0.210832561829	   1.548636389303	  -0.378138858229
C 	   0.029945599676	   0.170033492776	  -0.671153966544
C 	  -0.086258691398	  -0.189583734644	  -2.148111584567
H 	   2.022148240202	   1.087922810127	   1.319851409875
H 	   1.590926538438	   2.524719365408	   2.433988097571
H 	  -0.291513950277	   3.144151820559	   1.061100463558
H 	  -1.018622684964	   2.039947714808	  -0.943016046118
H 	   0.999898926929	  -0.172358014386	  -0.277811436552
H 	   0.738805633771	   0.294741009318	  -2.721560073531
H 	  -0.019562963789	  -1.283146976586	  -2.288585613077
H 	  -1.041362154965	   0.166898930934	  -2.570408599005
C 	  -1.050084929292	  -0.676429287650	   0.184587888989
C 	  -0.846012899415	  -2.080430049430	   0.051662898654
C 	   0.258311896542	  -2.782322639669	   0.756443219282
H 	  -0.878291307876	  -0.328428446285	   1.218040614989
H 	  -2.058130035872	  -0.358631731276	  -0.172297863826
H 	  -1.370703468896	  -2.640443053601	  -0.732749145780
H 	   1.079641059925	  -3.066435552180	   0.069651707157
H 	   0.690484554288	  -2.149161268009	   1.549645544919
H 	  -0.092276148985	  -3.725430544368	   1.216671601785
Energy    = -312.770719271252
Spin(**2) =    0.000000000000
ZPVE      =    0.000000000000
Normal mode eigenvalues : nmode = 60
  0.000000000   0.000000000   0.000000000   0.000000000   0.000000000
  0.000000000   0.000000000   0.000000000   0.000000000   0.000000000
  0.000000000   0.000000000   0.000000000   0.000000000   0.000000000
  0.000000000   0.000000000   0.000000000   0.000000000   0.000000000
  0.000000000   0.000000000   0.000000000   0.000000000   0.000000000
  0.000000000   0.000000000   0.000000000   0.000000000   0.000000000
  0.000000000   0.000000000   0.000000000   0.000000000   0.000000000
  0.000000000   0.000000000   0.000000000   0.000000000   0.000000000
  0.000000000   0.000000000   0.000000000   0.000000000   0.000000000
  0.000000000   0.000000000   0.000000000   0.000000000   0.000000000
  0.000000000   0.000000000   0.000000000   0.000000000   0.000000000
  0.000000000   0.000000000   0.000000000   0.000000000   0.000000000
CONNECTION : ?? - ??

# Geometry of TS 7, SYMMETRY = C1  
C 	   1.341619993356	   1.941875823618	   1.548748450973
C 	   0.246930509866	   2.227627891733	   0.785869930025
C 	  -0.186089678885	   1.560790544468	  -0.397867319413
C 	   0.054575524049	   0.168986247002	  -0.699326868766
C 	  -0.105403862697	  -0.162603467606	  -2.184733188776
H 	   2.086785619879	   1.198998959012	   1.246239544717
H 	   1.545426482279	   2.502126385624	   2.470520953825
H 	  -0.392902238224	   3.046956366572	   1.134780116517
H 	  -1.021601215969	   2.029385454478	  -0.939592858226
H 	   1.042608054979	  -0.159315448148	  -0.338362249996
H 	   0.742927110196	   0.184892509577	  -2.780081787496
H 	  -0.208323217324	  -1.254200379393	  -2.331541930418
H 	  -1.006233530984	   0.330353790482	  -2.596489625760
C 	  -0.999408373117	  -0.674321670343	   0.163352532631
C 	  -0.809882005448	  -2.084740678003	   0.064591820469
C 	   0.251499638833	  -2.802844805683	   0.812353908335
H 	  -0.793886782715	  -0.311949576217	   1.178987046005
H 	  -1.991761339270	  -0.370794328435	  -0.186626671024
H 	  -1.359770572044	  -2.652357747312	  -0.701250798404
H 	   1.112084370122	  -3.086710178588	   0.169675956586
H 	   0.647343221012	  -2.193379447318	   1.647534557817
H 	  -0.137906276038	  -3.752564892411	   1.225371068732
Energy    = -312.769731014381
Spin(**2) =    0.000000000000
ZPVE      =    0.000000000000
Normal mode eigenvalues : nmode = 60
  0.000000000   0.000000000   0.000000000   0.000000000   0.000000000
  0.000000000   0.000000000   0.000000000   0.000000000   0.000000000
  0.000000000   0.000000000   0.000000000   0.000000000   0.000000000
  0.000000000   0.000000000   0.000000000   0.000000000   0.000000000
  0.000000000   0.000000000   0.000000000   0.000000000   0.000000000
  0.000000000   0.000000000   0.000000000   0.000000000   0.000000000
  0.000000000   0.000000000   0.000000000   0.000000000   0.000000000
  0.000000000   0.000000000   0.000000000   0.000000000   0.000000000
  0.000000000   0.000000000   0.000000000   0.000000000   0.000000000
  0.000000000   0.000000000   0.000000000   0.000000000   0.000000000
  0.000000000   0.000000000   0.000000000   0.000000000   0.000000000
  0.000000000   0.000000000   0.000000000   0.000000000   0.000000000
CONNECTION : ?? - ??

# Geometry of TS 8, SYMMETRY = C1  
C 	  -0.422228665752	  -1.256893121322	   0.729150013913
C 	  -1.046830613317	  -0.103213100504	   1.326199650520
C 	  -0.584794595412	   1.220189763521	   1.210265106565
C 	   0.552124227640	   1.669690040578	   0.583409468838
C 	   0.916299213642	   3.120537439308	   0.509780636731
H 	   0.673067947422	  -1.204072109648	   0.729121467904
H 	  -0.700784581134	  -2.169831987452	   1.265494108524
H 	  -2.067572809208	  -0.242858626946	   1.694032515074
H 	  -1.235264100240	   1.977671920685	   1.666527435408
H 	   1.254541212937	   0.954988112885	   0.134533116187
H 	   1.919912180996	   3.311899204022	   0.929417042318
H 	   0.936118763496	   3.493922637422	  -0.532016151779
H 	   0.195615828360	   3.738719783996	   1.070827666020
C 	  -0.935221485162	  -1.439100319042	  -0.773012830329
C 	   0.092388491575	  -1.183090880785	  -1.741041977885
C 	   1.227684133127	  -2.131963148571	  -1.899390262848
H 	  -1.242623011486	  -2.499316144630	  -0.790291701542
H 	  -1.833161794238	  -0.833598540002	  -0.927315670642
H 	   0.140686388181	  -0.219244736156	  -2.257811313026
H 	   2.187988132629	  -1.737796276755	  -1.503934404959
H 	   1.024446129433	  -3.087387677772	  -1.386875443641
H 	   1.415252411720	  -2.353967986909	  -2.973596404886
Energy    = -312.775427545590
Spin(**2) =    0.000000000000
ZPVE      =    0.000000000000
Normal mode eigenvalues : nmode = 60
  0.000000000   0.000000000   0.000000000   0.000000000   0.000000000
  0.000000000   0.000000000   0.000000000   0.000000000   0.000000000
  0.000000000   0.000000000   0.000000000   0.000000000   0.000000000
  0.000000000   0.000000000   0.000000000   0.000000000   0.000000000
  0.000000000   0.000000000   0.000000000   0.000000000   0.000000000
  0.000000000   0.000000000   0.000000000   0.000000000   0.000000000
  0.000000000   0.000000000   0.000000000   0.000000000   0.000000000
  0.000000000   0.000000000   0.000000000   0.000000000   0.000000000
  0.000000000   0.000000000   0.000000000   0.000000000   0.000000000
  0.000000000   0.000000000   0.000000000   0.000000000   0.000000000
  0.000000000   0.000000000   0.000000000   0.000000000   0.000000000
  0.000000000   0.000000000   0.000000000   0.000000000   0.000000000
CONNECTION : ?? - ??

# Geometry of TS 9, SYMMETRY = C1  
C 	   0.641013415207	  -1.345568103417	   0.258367119347
C 	  -0.820091917511	  -1.473009329014	   0.084910493121
C 	  -1.601276393206	  -0.367241204725	   0.329967651790
C 	  -1.079743172703	   0.771282890233	   0.975249691962
C 	  -1.862488018465	   2.040028646174	   1.167308515355
H 	   0.930279987604	  -1.203942672652	   1.318931324630
H 	   1.146347043697	  -2.262291034957	  -0.065692512690
H 	  -1.237813148489	  -2.309062061146	  -0.501271082927
H 	  -2.628770699674	  -0.333330058823	  -0.058046026444
H 	  -0.246434346865	   0.634863537165	   1.690356114630
H 	  -1.997593405713	   2.242274062868	   2.251006874277
H 	  -1.327109560039	   2.922613091553	   0.754487041880
H 	  -2.870479092936	   2.003882952477	   0.705641856210
C 	   2.552370313632	   0.046538104775	  -0.328678057735
C 	   1.174351600395	  -0.192800514743	  -0.517438026070
C 	   0.750593367920	  -0.160066306867	  -1.993890568264
H 	   3.262821696698	   0.240636246656	  -1.163317014984
H 	   3.015237210713	  -0.104531399138	   0.653693596439
H 	   0.497034811598	   0.664627227476	   0.006995767517
H 	   1.179482268029	   0.705410941486	  -2.509045549699
H 	   1.101317740784	  -1.075741480477	  -2.517898511587
H 	  -0.344994405771	  -0.119053782533	  -2.108431359085
Energy    = -312.764628401474
Spin(**2) =    0.000000000000
ZPVE      =    0.000000000000
Normal mode eigenvalues : nmode = 60
  0.000000000   0.000000000   0.000000000   0.000000000   0.000000000
  0.000000000   0.000000000   0.000000000   0.000000000   0.000000000
  0.000000000   0.000000000   0.000000000   0.000000000   0.000000000
  0.000000000   0.000000000   0.000000000   0.000000000   0.000000000
  0.000000000   0.000000000   0.000000000   0.000000000   0.000000000
  0.000000000   0.000000000   0.000000000   0.000000000   0.000000000
  0.000000000   0.000000000   0.000000000   0.000000000   0.000000000
  0.000000000   0.000000000   0.000000000   0.000000000   0.000000000
  0.000000000   0.000000000   0.000000000   0.000000000   0.000000000
  0.000000000   0.000000000   0.000000000   0.000000000   0.000000000
  0.000000000   0.000000000   0.000000000   0.000000000   0.000000000
  0.000000000   0.000000000   0.000000000   0.000000000   0.000000000
CONNECTION : ?? - ??

# Geometry of TS 10, SYMMETRY = C1  
C 	   0.958123279590	  -0.448292026073	  -0.766644328783
C 	  -0.146124964446	  -0.094475884219	  -1.611738671641
C 	  -1.194769234467	   0.805145638016	  -1.271278110196
C 	  -1.205724722807	   1.751879850413	  -0.287927149117
C 	  -2.387431120478	   2.632289417170	  -0.010675102105
H 	   1.384012053593	   0.384490794159	  -0.185025975952
H 	   1.766493265909	  -0.928464553870	  -1.335757774489
H 	  -0.349865748083	  -0.771070625671	  -2.450552147693
H 	  -2.099458407365	   0.720312596981	  -1.891772890985
H 	  -0.309689121063	   1.915490958609	   0.326629990809
H 	  -2.976115083175	   2.265015890090	   0.853526571540
H 	  -2.077980804640	   3.663707392135	   0.235775863660
H 	  -3.066629537643	   2.670693285730	  -0.880026105854
C 	   0.463800946398	  -1.513320025884	   0.286307186940
C 	   1.519565098444	  -2.003728924928	   1.112798396536
C 	   2.044020408632	  -1.274153608822	   2.291686687986
H 	  -0.308131466584	  -0.970556548878	   0.862808000337
H 	  -0.000928834133	  -2.321592072989	  -0.292271095509
H 	   2.113983547292	  -2.844233917095	   0.734176611964
H 	   2.886549515039	  -0.585610840193	   2.051212452172
H 	   1.257823574695	  -0.667202167492	   2.777036316064
H 	   2.439265398638	  -1.995030420421	   3.030754994389
Energy    = -312.769034868966
Spin(**2) =    0.000000000000
ZPVE      =    0.000000000000
Normal mode eigenvalues : nmode = 60
  0.000000000   0.000000000   0.000000000   0.000000000   0.000000000
  0.000000000   0.000000000   0.000000000   0.000000000   0.000000000
  0.000000000   0.000000000   0.000000000   0.000000000   0.000000000
  0.000000000   0.000000000   0.000000000   0.000000000   0.000000000
  0.000000000   0.000000000   0.000000000   0.000000000   0.000000000
  0.000000000   0.000000000   0.000000000   0.000000000   0.000000000
  0.000000000   0.000000000   0.000000000   0.000000000   0.000000000
  0.000000000   0.000000000   0.000000000   0.000000000   0.000000000
  0.000000000   0.000000000   0.000000000   0.000000000   0.000000000
  0.000000000   0.000000000   0.000000000   0.000000000   0.000000000
  0.000000000   0.000000000   0.000000000   0.000000000   0.000000000
  0.000000000   0.000000000   0.000000000   0.000000000   0.000000000
CONNECTION : ?? - ??

# Geometry of TS 11, SYMMETRY = C1  
C 	  -0.176965687043	   0.699852085041	   1.481982305543
C 	   1.059820554629	   0.354316673954	   0.836882823720
C 	   1.304907588177	  -0.813964842644	   0.062295967660
C 	   0.599801898043	  -1.979225020421	   0.016958995593
C 	   0.937167573069	  -3.102690594743	  -0.917150014154
H 	  -0.753312675751	  -0.203602830960	   1.727016714909
H 	   0.029539599641	   1.244469143223	   2.416712486578
H 	   1.840879196317	   1.124727919142	   0.816241369764
H 	   2.201513082382	  -0.753958117553	  -0.573534978533
H 	  -0.236455154700	  -2.145719332652	   0.709084177751
H 	   1.540040417663	  -3.892941310262	  -0.424301869434
H 	   0.025160106180	  -3.594717333352	  -1.299772134565
H 	   1.514691650979	  -2.732457513672	  -1.782521300858
C 	  -1.252782043975	   1.650499280385	   0.781283135682
C 	  -1.084096158002	   2.149942252072	  -0.547574149747
C 	  -1.258927886392	   1.294708728557	  -1.738327610490
H 	  -2.171568723443	   1.037150561645	   0.806637958028
H 	  -1.371201291257	   2.501994109835	   1.469101561584
H 	  -0.524004337362	   3.083200365147	  -0.693111490907
H 	  -0.339633005607	   0.678100716271	  -1.911531095328
H 	  -2.091552545046	   0.576134736833	  -1.607910695287
H 	  -1.421089216760	   1.886221889529	  -2.656617411645
Energy    = -312.749703977786
Spin(**2) =    0.000000000000
ZPVE      =    0.000000000000
Normal mode eigenvalues : nmode = 60
  0.000000000   0.000000000   0.000000000   0.000000000   0.000000000
  0.000000000   0.000000000   0.000000000   0.000000000   0.000000000
  0.000000000   0.000000000   0.000000000   0.000000000   0.000000000
  0.000000000   0.000000000   0.000000000   0.000000000   0.000000000
  0.000000000   0.000000000   0.000000000   0.000000000   0.000000000
  0.000000000   0.000000000   0.000000000   0.000000000   0.000000000
  0.000000000   0.000000000   0.000000000   0.000000000   0.000000000
  0.000000000   0.000000000   0.000000000   0.000000000   0.000000000
  0.000000000   0.000000000   0.000000000   0.000000000   0.000000000
  0.000000000   0.000000000   0.000000000   0.000000000   0.000000000
  0.000000000   0.000000000   0.000000000   0.000000000   0.000000000
  0.000000000   0.000000000   0.000000000   0.000000000   0.000000000
CONNECTION : ?? - ??

# Geometry of TS 12, SYMMETRY = C1  
C 	   2.101068689339	   0.490624583762	  -1.108818202892
C 	   0.977728756168	  -0.075650906784	  -1.719557735723
C 	  -0.005324138662	  -0.779126031626	  -1.062552267232
C 	  -0.111769982600	  -0.823771351783	   0.406961315463
C 	  -1.033373021810	  -1.966704485569	   0.881798976363
H 	   2.472535870134	   0.150099076076	  -0.139247504314
H 	   2.797873480946	   1.071397249600	  -1.727106245615
H 	   0.818074324660	   0.138381394284	  -2.788352222749
H 	  -0.875338228408	  -1.112337074477	  -1.637867590421
H 	   0.871773160870	  -0.994437153673	   0.864279909700
H 	  -0.539463667374	  -2.953753109366	   0.811319498556
H 	  -1.319483086239	  -1.818079105958	   1.938210927752
H 	  -1.964143183778	  -2.024337125435	   0.288824626161
C 	   0.513635871186	   1.507550565392	   1.114608202858
C 	  -0.567385032172	   0.536869713786	   0.942774671170
C 	  -1.773705995331	   1.131459878530	   0.190530367132
H 	   0.545541476779	   2.463632388996	   0.575261917830
H 	   1.201099406568	   1.396842186226	   1.966046348136
H 	  -0.902985775745	   0.227406932059	   1.958433712855
H 	  -2.385195721846	   1.809379301083	   0.819028939046
H 	  -1.430881963907	   1.710819523710	  -0.681877803293
H 	  -2.436190213272	   0.329706366915	  -0.176470401143
Energy    = -312.785390162960
Spin(**2) =    0.000000000000
ZPVE      =    0.000000000000
Normal mode eigenvalues : nmode = 60
  0.000000000   0.000000000   0.000000000   0.000000000   0.000000000
  0.000000000   0.000000000   0.000000000   0.000000000   0.000000000
  0.000000000   0.000000000   0.000000000   0.000000000   0.000000000
  0.000000000   0.000000000   0.000000000   0.000000000   0.000000000
  0.000000000   0.000000000   0.000000000   0.000000000   0.000000000
  0.000000000   0.000000000   0.000000000   0.000000000   0.000000000
  0.000000000   0.000000000   0.000000000   0.000000000   0.000000000
  0.000000000   0.000000000   0.000000000   0.000000000   0.000000000
  0.000000000   0.000000000   0.000000000   0.000000000   0.000000000
  0.000000000   0.000000000   0.000000000   0.000000000   0.000000000
  0.000000000   0.000000000   0.000000000   0.000000000   0.000000000
  0.000000000   0.000000000   0.000000000   0.000000000   0.000000000
CONNECTION : ?? - ??

# Geometry of TS 13, SYMMETRY = C1  
C 	   0.584085156028	  -1.703458737346	   0.438843558205
C 	   0.273156643693	  -1.573693369173	  -0.975991202414
C 	  -0.533094059010	  -0.559942803169	  -1.514885073632
C 	  -1.335099197895	   0.310257847628	  -0.814080267761
C 	  -2.015868938466	   1.491702266920	  -1.433136206356
H 	  -0.301775582843	  -1.712603621846	   1.095711793145
H 	   1.091043311230	  -2.662887816878	   0.616066984163
H 	   0.879755295127	  -2.162226903634	  -1.674412244305
H 	  -0.455113217300	  -0.398806828667	  -2.599750983271
H 	  -1.519799611433	   0.134191962332	   0.252721911903
H 	  -3.076959413453	   1.275660749152	  -1.673541839947
H 	  -2.023583485066	   2.359002263508	  -0.745095743276
H 	  -1.523736504443	   1.807901838227	  -2.370038276780
C 	   1.527727803412	  -0.571211905289	   0.919574841273
C 	   0.918140174633	   0.453056689985	   1.740230903712
C 	   0.573183117904	   1.871094774578	   1.425426587646
H 	   2.093219040856	  -0.150788594545	   0.074182644338
H 	   2.260720870290	  -1.118852651916	   1.543071576972
H 	   0.509699456630	   0.080077121656	   2.692968154074
H 	   1.132594765609	   2.602105577779	   2.049422854892
H 	   0.747165500998	   2.108115292831	   0.363482501804
H 	  -0.497463335651	   2.056539536514	   1.643893817731
Energy    = -312.769843469384
Spin(**2) =    0.000000000000
ZPVE      =    0.000000000000
Normal mode eigenvalues : nmode = 60
  0.000000000   0.000000000   0.000000000   0.000000000   0.000000000
  0.000000000   0.000000000   0.000000000   0.000000000   0.000000000
  0.000000000   0.000000000   0.000000000   0.000000000   0.000000000
  0.000000000   0.000000000   0.000000000   0.000000000   0.000000000
  0.000000000   0.000000000   0.000000000   0.000000000   0.000000000
  0.000000000   0.000000000   0.000000000   0.000000000   0.000000000
  0.000000000   0.000000000   0.000000000   0.000000000   0.000000000
  0.000000000   0.000000000   0.000000000   0.000000000   0.000000000
  0.000000000   0.000000000   0.000000000   0.000000000   0.000000000
  0.000000000   0.000000000   0.000000000   0.000000000   0.000000000
  0.000000000   0.000000000   0.000000000   0.000000000   0.000000000
  0.000000000   0.000000000   0.000000000   0.000000000   0.000000000
CONNECTION : ?? - ??

# Geometry of TS 14, SYMMETRY = C1  
C 	  -0.642793929112	  -1.090977825165	  -0.482229903064
C 	  -0.212093506403	   0.071103389175	  -1.196704926050
C 	  -0.468235937362	   1.428225639753	  -0.860222013981
C 	  -1.385091099635	   1.954954908486	   0.001522983651
C 	  -1.473655867244	   3.420236745097	   0.301110775481
H 	  -1.677839522815	  -1.027465620153	  -0.115495734498
H 	  -0.534921715535	  -2.001537098271	  -1.090815578527
H 	   0.637238475471	  -0.082782585510	  -1.874247636304
H 	   0.199762930818	   2.153007455311	  -1.348213166199
H 	  -2.110032944784	   1.298335597593	   0.500913195227
H 	  -2.469128836773	   3.841677218742	   0.060019669784
H 	  -1.300978018072	   3.625913416568	   1.375448112034
H 	  -0.720749765242	   3.987260030933	  -0.274798747601
C 	   0.151598934245	  -1.444007215537	   0.871883664451
C 	   1.573267684234	  -1.498047227098	   0.854604959305
C 	   2.380106343665	  -2.618594232672	   0.305132359672
H 	  -0.287003590227	  -2.426612704563	   1.118978648876
H 	  -0.213750188178	  -0.670790574036	   1.576771739151
H 	   2.097619801792	  -0.533985312534	   0.955751824897
H 	   3.233717795024	  -2.878552324891	   0.963027477405
H 	   1.781990803389	  -3.532900290855	   0.144741113851
H 	   2.835653490899	  -2.336167956443	  -0.674536875240
Energy    = -312.763954799812
Spin(**2) =    0.000000000000
ZPVE      =    0.000000000000
Normal mode eigenvalues : nmode = 60
  0.000000000   0.000000000   0.000000000   0.000000000   0.000000000
  0.000000000   0.000000000   0.000000000   0.000000000   0.000000000
  0.000000000   0.000000000   0.000000000   0.000000000   0.000000000
  0.000000000   0.000000000   0.000000000   0.000000000   0.000000000
  0.000000000   0.000000000   0.000000000   0.000000000   0.000000000
  0.000000000   0.000000000   0.000000000   0.000000000   0.000000000
  0.000000000   0.000000000   0.000000000   0.000000000   0.000000000
  0.000000000   0.000000000   0.000000000   0.000000000   0.000000000
  0.000000000   0.000000000   0.000000000   0.000000000   0.000000000
  0.000000000   0.000000000   0.000000000   0.000000000   0.000000000
  0.000000000   0.000000000   0.000000000   0.000000000   0.000000000
  0.000000000   0.000000000   0.000000000   0.000000000   0.000000000
CONNECTION : ?? - ??

# Geometry of TS 15, SYMMETRY = C1  
C 	   2.079364617612	  -0.810466021337	  -1.546587489417
C 	   1.802537270420	   0.356770390508	  -0.894403558240
C 	   0.533802018757	   0.919666629940	  -0.593653511177
C 	  -0.720925802003	   0.227551550941	  -0.733131795668
C 	  -1.950105358817	   1.138744417156	  -0.717633035116
H 	   1.317805292928	  -1.391675637574	  -2.078700811738
H 	   3.115624058747	  -1.157201435128	  -1.621704431327
H 	   2.659280150448	   0.917811439298	  -0.491905881902
H 	   0.536611596892	   1.858818389217	  -0.026661849446
H 	  -0.733052724245	  -0.372424442206	  -1.656713095295
H 	  -1.952919877436	   1.791616327031	  -1.606467664562
H 	  -2.886694427901	   0.552723254986	  -0.728390657768
H 	  -1.969559276193	   1.788029529974	   0.174451312786
C 	  -0.933112254622	  -0.941136013051	   0.330965426601
C 	  -0.973477914252	  -0.567899847432	   1.702909235073
C 	   0.280299224325	  -0.265880971880	   2.429506467112
H 	  -0.073850272395	  -1.611198629151	   0.111537003600
H 	  -1.877803309866	  -1.416959253392	   0.025409468935
H 	  -1.935173377335	  -0.385094873229	   2.196607293158
H 	   0.489439447915	  -1.019675914765	   3.217161284095
H 	   1.140346352457	  -0.285167289692	   1.737743475412
H 	   0.248740005439	   0.714120308727	   2.946528364779
Energy    = -312.770263667993
Spin(**2) =    0.000000000000
ZPVE      =    0.000000000000
Normal mode eigenvalues : nmode = 60
  0.000000000   0.000000000   0.000000000   0.000000000   0.000000000
  0.000000000   0.000000000   0.000000000   0.000000000   0.000000000
  0.000000000   0.000000000   0.000000000   0.000000000   0.000000000
  0.000000000   0.000000000   0.000000000   0.000000000   0.000000000
  0.000000000   0.000000000   0.000000000   0.000000000   0.000000000
  0.000000000   0.000000000   0.000000000   0.000000000   0.000000000
  0.000000000   0.000000000   0.000000000   0.000000000   0.000000000
  0.000000000   0.000000000   0.000000000   0.000000000   0.000000000
  0.000000000   0.000000000   0.000000000   0.000000000   0.000000000
  0.000000000   0.000000000   0.000000000   0.000000000   0.000000000
  0.000000000   0.000000000   0.000000000   0.000000000   0.000000000
  0.000000000   0.000000000   0.000000000   0.000000000   0.000000000
CONNECTION : ?? - ??

# Geometry of TS 16, SYMMETRY = C1  
C 	  -2.325684814080	  -0.790557815615	   1.104381873392
C 	  -1.189960531155	  -0.794210878067	   1.860092376219
C 	  -0.007249928957	  -0.025947038369	   1.665210866812
C 	   0.362972704766	   0.598563232064	   0.414156457373
C 	   1.434741942169	   1.699870646079	   0.557020174025
H 	  -2.490840688083	  -0.067436688630	   0.296235359791
H 	  -3.151009890320	  -1.474893661021	   1.328193057999
H 	  -1.162371447518	  -1.503681724775	   2.698656990194
H 	   0.812957052382	  -0.226158633766	   2.365394595185
H 	  -0.530967503992	   0.996481448571	  -0.091625543749
H 	   2.278541616580	   1.547489739917	  -0.134609237153
H 	   1.013217994342	   2.696773793380	   0.358775750493
H 	   1.838274186741	   1.704883483873	   1.582564063923
C 	   0.883393925190	  -0.525487897759	  -0.536254643014
C 	   0.998826984021	  -0.108144898478	  -1.901509155790
C 	  -0.143157656801	  -0.159511438290	  -2.848220945245
H 	   0.156953380872	  -1.356298648133	  -0.440950138025
H 	   1.864256739671	  -0.814819550358	  -0.118930342865
H 	   1.878556320678	   0.461083697073	  -2.226660852489
H 	   0.097425857351	  -0.833931653640	  -3.695963645690
H 	  -1.056046702569	  -0.540547409077	  -2.362403246958
H 	  -0.364586672426	   0.823658710540	  -3.305999102208
Energy    = -312.757921320233
Spin(**2) =    0.000000000000
ZPVE      =    0.000000000000
Normal mode eigenvalues : nmode = 60
  0.000000000   0.000000000   0.000000000   0.000000000   0.000000000
  0.000000000   0.000000000   0.000000000   0.000000000   0.000000000
  0.000000000   0.000000000   0.000000000   0.000000000   0.000000000
  0.000000000   0.000000000   0.000000000   0.000000000   0.000000000
  0.000000000   0.000000000   0.000000000   0.000000000   0.000000000
  0.000000000   0.000000000   0.000000000   0.000000000   0.000000000
  0.000000000   0.000000000   0.000000000   0.000000000   0.000000000
  0.000000000   0.000000000   0.000000000   0.000000000   0.000000000
  0.000000000   0.000000000   0.000000000   0.000000000   0.000000000
  0.000000000   0.000000000   0.000000000   0.000000000   0.000000000
  0.000000000   0.000000000   0.000000000   0.000000000   0.000000000
  0.000000000   0.000000000   0.000000000   0.000000000   0.000000000
CONNECTION : ?? - ??

# Geometry of TS 17, SYMMETRY = C1  
C 	  -0.850916092446	   1.269645907145	  -0.723748649743
C 	   0.490306136325	   0.847745422116	  -1.039875155333
C 	   1.414575086590	   0.411005437483	  -0.064900298528
C 	   1.251051711181	   0.427572952080	   1.299653077544
C 	   2.307784919226	  -0.052706578106	   2.248426201351
H 	  -0.937100630922	   1.663576985296	   0.303830623877
H 	  -1.191478679233	   2.063665699776	  -1.403728573421
H 	   0.789015664374	   0.800471078357	  -2.094993321039
H 	   2.360504064042	   0.001285213480	  -0.449051539392
H 	   0.375818481812	   0.909971452171	   1.744735332328
H 	   2.657241034670	   0.767686441408	   2.903810237224
H 	   1.935809851329	  -0.849425675526	   2.923115549577
H 	   3.187197704321	  -0.450998073065	   1.709945707710
C 	  -1.972286352609	   0.177625287937	  -0.885427378017
C 	  -1.771055311962	  -1.045550506743	  -0.156269228077
C 	  -0.901956840226	  -2.074701817500	  -0.750672624591
H 	  -2.024748188273	  -0.016271553994	  -1.968540247454
H 	  -2.893580973300	   0.685982983111	  -0.582065423076
H 	  -2.191530616787	  -1.175241966647	   0.842104573130
H 	  -0.997684398620	  -3.066010816689	  -0.274275404999
H 	  -1.048885446866	  -2.178557975330	  -1.842852335403
H 	   0.162168931807	  -1.719813101201	  -0.657171795108
Energy    = -312.781046796508
Spin(**2) =    0.000000000000
ZPVE      =    0.000000000000
Normal mode eigenvalues : nmode = 60
  0.000000000   0.000000000   0.000000000   0.000000000   0.000000000
  0.000000000   0.000000000   0.000000000   0.000000000   0.000000000
  0.000000000   0.000000000   0.000000000   0.000000000   0.000000000
  0.000000000   0.000000000   0.000000000   0.000000000   0.000000000
  0.000000000   0.000000000   0.000000000   0.000000000   0.000000000
  0.000000000   0.000000000   0.000000000   0.000000000   0.000000000
  0.000000000   0.000000000   0.000000000   0.000000000   0.000000000
  0.000000000   0.000000000   0.000000000   0.000000000   0.000000000
  0.000000000   0.000000000   0.000000000   0.000000000   0.000000000
  0.000000000   0.000000000   0.000000000   0.000000000   0.000000000
  0.000000000   0.000000000   0.000000000   0.000000000   0.000000000
  0.000000000   0.000000000   0.000000000   0.000000000   0.000000000
CONNECTION : ?? - ??

# Geometry of TS 18, SYMMETRY = C1  
C 	  -0.298237739115	   1.425101939576	   1.411283887540
C 	   0.965386034701	   1.555627131435	   0.897248898438
C 	   1.554184779743	   0.517415719250	   0.150879826366
C 	   0.945283787413	  -0.706072776670	  -0.011801022805
C 	   1.637536128540	  -1.785147023520	  -0.811534770560
H 	  -0.715826789975	   0.449264580389	   1.660993403253
H 	  -0.825980257049	   2.272470577403	   1.863780872676
H 	   1.398445713733	   2.559486549736	   0.852153045937
H 	   2.421924634251	   0.754531965384	  -0.471683215174
H 	   0.286487197284	  -1.051215911243	   0.785840512290
H 	   2.416412697252	  -2.226127580898	  -0.170372827841
H 	   0.980201397959	  -2.603873538058	  -1.144289135053
H 	   2.153253926903	  -1.365087014157	  -1.691520912789
C 	  -1.293154142312	   0.986653497835	  -0.578755641558
C 	  -1.066502009864	  -0.360518438681	  -0.741979384459
C 	  -2.103536230102	  -1.343534452274	  -0.216291223597
H 	  -2.230528841165	   1.393700620452	  -0.172236954408
H 	  -0.608802398016	   1.702310573460	  -1.039588984148
H 	  -0.410447635660	  -0.724802345796	  -1.529231470069
H 	  -1.796260102302	  -1.940556398186	   0.662538422211
H 	  -3.004119343929	  -0.783669571448	   0.089189975511
H 	  -2.424672918784	  -2.055856813929	  -0.994550069277
Energy    = -312.790446293296
Spin(**2) =    0.000000000000
ZPVE      =    0.000000000000
Normal mode eigenvalues : nmode = 60
  0.000000000   0.000000000   0.000000000   0.000000000   0.000000000
  0.000000000   0.000000000   0.000000000   0.000000000   0.000000000
  0.000000000   0.000000000   0.000000000   0.000000000   0.000000000
  0.000000000   0.000000000   0.000000000   0.000000000   0.000000000
  0.000000000   0.000000000   0.000000000   0.000000000   0.000000000
  0.000000000   0.000000000   0.000000000   0.000000000   0.000000000
  0.000000000   0.000000000   0.000000000   0.000000000   0.000000000
  0.000000000   0.000000000   0.000000000   0.000000000   0.000000000
  0.000000000   0.000000000   0.000000000   0.000000000   0.000000000
  0.000000000   0.000000000   0.000000000   0.000000000   0.000000000
  0.000000000   0.000000000   0.000000000   0.000000000   0.000000000
  0.000000000   0.000000000   0.000000000   0.000000000   0.000000000
CONNECTION : ?? - ??

# Geometry of TS 19, SYMMETRY = C1  
C 	  -0.632895280647	   0.608758239024	  -1.418321635824
C 	  -0.578327372166	  -0.841826622818	  -1.503773660450
C 	   0.217427220656	  -1.650937622726	  -0.692599517896
C 	   1.136688989906	  -1.214576796255	   0.245647406427
C 	   1.911593944703	  -2.146489705288	   1.131668646545
H 	   0.355489834900	   1.081490886578	  -1.307083025521
H 	  -1.083084811977	   1.011085529682	  -2.336558373271
H 	  -1.335358702778	  -1.332342443160	  -2.126387995928
H 	   0.062270233589	  -2.737714556268	  -0.776665072275
H 	   1.416258943408	  -0.156760447681	   0.277115261311
H 	   3.004431250535	  -2.056281150505	   0.962570315985
H 	   1.741559204409	  -1.924603496218	   2.201733428294
H 	   1.635223657268	  -3.203185997169	   0.961180002983
C 	  -1.506188044221	   1.122658772236	  -0.234972434666
C 	  -0.820713746726	   1.328200573186	   1.025949779702
C 	   0.027511562507	   2.532347173338	   1.273129941349
H 	  -1.880847401539	   2.091844655788	  -0.610993496224
H 	  -2.376864859764	   0.461029066784	  -0.125527984636
H 	  -0.921721690912	   0.599818287841	   1.835701038093
H 	   1.112300102177	   2.307844583102	   1.195574163683
H 	  -0.182882342983	   3.353156803661	   0.560883920565
H 	  -0.121168724580	   2.936597279401	   2.295265593652
Energy    = -312.784364978914
Spin(**2) =    0.000000000000
ZPVE      =    0.000000000000
Normal mode eigenvalues : nmode = 60
  0.000000000   0.000000000   0.000000000   0.000000000   0.000000000
  0.000000000   0.000000000   0.000000000   0.000000000   0.000000000
  0.000000000   0.000000000   0.000000000   0.000000000   0.000000000
  0.000000000   0.000000000   0.000000000   0.000000000   0.000000000
  0.000000000   0.000000000   0.000000000   0.000000000   0.000000000
  0.000000000   0.000000000   0.000000000   0.000000000   0.000000000
  0.000000000   0.000000000   0.000000000   0.000000000   0.000000000
  0.000000000   0.000000000   0.000000000   0.000000000   0.000000000
  0.000000000   0.000000000   0.000000000   0.000000000   0.000000000
  0.000000000   0.000000000   0.000000000   0.000000000   0.000000000
  0.000000000   0.000000000   0.000000000   0.000000000   0.000000000
  0.000000000   0.000000000   0.000000000   0.000000000   0.000000000
CONNECTION : ?? - ??

# Geometry of TS 20, SYMMETRY = C1  
C 	  -0.143318141724	  -0.863182715696	  -0.964200771637
C 	   1.197081814689	  -0.347347184890	  -1.236786431877
C 	   1.995219659357	   0.146082555304	  -0.200879620048
C 	   1.698746773899	   0.066267249305	   1.151255748169
C 	   2.569172234668	   0.668338033868	   2.212175233219
H 	  -0.142248716942	  -1.695096435553	  -0.236386060752
H 	  -0.607483878552	  -1.245973717364	  -1.888178378885
H 	   1.483675158031	  -0.129943934400	  -2.271204545808
H 	   2.913836690137	   0.681230448119	  -0.477324250200
H 	   0.879471027357	  -0.577088925203	   1.497268370854
H 	   2.041261770520	   1.432068754772	   2.821461615213
H 	   2.927589370444	  -0.102028671790	   2.924391126047
H 	   3.456938590615	   1.151339660960	   1.764258923027
C 	  -1.015752320124	   0.217673446950	  -0.392381882639
C 	  -2.345837969322	  -0.216325128192	  -0.117125808820
C 	  -3.571361183448	   0.233792664975	  -0.832595927288
H 	  -1.013862432515	   1.108027025463	  -1.050629079455
H 	  -0.448971095394	   0.523926052572	   0.540151005866
H 	  -2.457351025956	  -1.107855265621	   0.521925167436
H 	  -4.451776637680	   0.277935975193	  -0.163451019139
H 	  -3.447247553715	   1.221542900592	  -1.316331806454
H 	  -3.836258425630	  -0.496266202196	  -1.635041446600
Energy    = -312.769631232292
Spin(**2) =    0.000000000000
ZPVE      =    0.000000000000
Normal mode eigenvalues : nmode = 60
  0.000000000   0.000000000   0.000000000   0.000000000   0.000000000
  0.000000000   0.000000000   0.000000000   0.000000000   0.000000000
  0.000000000   0.000000000   0.000000000   0.000000000   0.000000000
  0.000000000   0.000000000   0.000000000   0.000000000   0.000000000
  0.000000000   0.000000000   0.000000000   0.000000000   0.000000000
  0.000000000   0.000000000   0.000000000   0.000000000   0.000000000
  0.000000000   0.000000000   0.000000000   0.000000000   0.000000000
  0.000000000   0.000000000   0.000000000   0.000000000   0.000000000
  0.000000000   0.000000000   0.000000000   0.000000000   0.000000000
  0.000000000   0.000000000   0.000000000   0.000000000   0.000000000
  0.000000000   0.000000000   0.000000000   0.000000000   0.000000000
  0.000000000   0.000000000   0.000000000   0.000000000   0.000000000
CONNECTION : ?? - ??

# Geometry of TS 21, SYMMETRY = C1  
C 	   0.546383878068	  -1.642381633868	   0.456602201194
C 	   0.328712061516	  -1.445267166470	  -0.960424932454
C 	  -0.516276228045	  -0.475267186650	  -1.545469915576
C 	  -1.443241151340	   0.299239146838	  -0.905661325077
C 	  -2.183153189441	   1.426854262008	  -1.542969992243
H 	  -0.352483266144	  -1.553327388928	   1.070154057562
H 	   0.957306417162	  -2.648416603255	   0.627195743313
H 	   1.026893955708	  -1.948697120627	  -1.635426369782
H 	  -0.375625197811	  -0.296958555642	  -2.622012050906
H 	  -1.676192269615	   0.093777716017	   0.146936729722
H 	  -3.279309622330	   1.265204428062	  -1.548605270788
H 	  -2.018052462166	   2.375285042042	  -0.989155062491
H 	  -1.874854610176	   1.590661376613	  -2.595324623165
C 	   1.595448218659	  -0.607252808118	   1.029385541004
C 	   1.020448242367	   0.424929179092	   1.858201228975
C 	   0.664285953789	   1.811346505379	   1.435892969041
H 	   2.234245701572	  -0.188591127972	   0.236608619711
H 	   2.231502392174	  -1.267059672575	   1.644178764260
H 	   0.761511866452	   0.155621736262	   2.896949444610
H 	   1.177709503636	   2.586900780749	   2.045511477724
H 	   0.903428581312	   1.982277804936	   0.374396696109
H 	  -0.420690984473	   1.996353974746	   1.577702361364
Energy    = -312.771348961555
Spin(**2) =    0.000000000000
ZPVE      =    0.000000000000
Normal mode eigenvalues : nmode = 60
  0.000000000   0.000000000   0.000000000   0.000000000   0.000000000
  0.000000000   0.000000000   0.000000000   0.000000000   0.000000000
  0.000000000   0.000000000   0.000000000   0.000000000   0.000000000
  0.000000000   0.000000000   0.000000000   0.000000000   0.000000000
  0.000000000   0.000000000   0.000000000   0.000000000   0.000000000
  0.000000000   0.000000000   0.000000000   0.000000000   0.000000000
  0.000000000   0.000000000   0.000000000   0.000000000   0.000000000
  0.000000000   0.000000000   0.000000000   0.000000000   0.000000000
  0.000000000   0.000000000   0.000000000   0.000000000   0.000000000
  0.000000000   0.000000000   0.000000000   0.000000000   0.000000000
  0.000000000   0.000000000   0.000000000   0.000000000   0.000000000
  0.000000000   0.000000000   0.000000000   0.000000000   0.000000000
CONNECTION : ?? - ??

# Geometry of TS 22, SYMMETRY = C1  
C 	   0.911449358356	  -0.476974501227	   0.860462509988
C 	   1.422344563862	   0.414345673168	  -0.169457223735
C 	   0.786964906500	   0.603487680136	  -1.400170151557
C 	  -0.177106652950	  -0.224113482264	  -1.944890222647
C 	  -0.898633463875	   0.131149547404	  -3.213588201917
H 	   0.702807342152	  -1.495771835339	   0.495883663683
H 	   1.681998389063	  -0.610917646441	   1.631502936247
H 	   2.159494653921	   1.162706569299	   0.143048560744
H 	   1.024140480506	   1.537063858571	  -1.930576822872
H 	  -0.336578226283	  -1.222768227259	  -1.524112432265
H 	  -0.368269880355	  -0.289896220499	  -4.091074358886
H 	  -1.923635021142	  -0.275003787379	  -3.228931277952
H 	  -0.954460677392	   1.224488914581	  -3.352103405887
C 	  -1.522768162961	  -0.660704200067	   1.137800026016
C 	  -0.330744720475	   0.110232642619	   1.500775335181
C 	   0.001371400922	   0.190512362842	   3.019986860321
H 	  -1.582450386015	  -1.700930021174	   1.494127690854
H 	  -2.216474372470	  -0.347060382706	   0.348068292365
H 	  -0.489945435293	   1.135008919720	   1.138105909624
H 	  -0.829641691213	   0.529948964516	   3.662468085807
H 	   0.328724465133	  -0.806780657075	   3.367323412916
H 	   0.856150828808	   0.881508645498	   3.134540184751
Energy    = -312.760954916547
Spin(**2) =    0.000000000000
ZPVE      =    0.000000000000
Normal mode eigenvalues : nmode = 60
  0.000000000   0.000000000   0.000000000   0.000000000   0.000000000
  0.000000000   0.000000000   0.000000000   0.000000000   0.000000000
  0.000000000   0.000000000   0.000000000   0.000000000   0.000000000
  0.000000000   0.000000000   0.000000000   0.000000000   0.000000000
  0.000000000   0.000000000   0.000000000   0.000000000   0.000000000
  0.000000000   0.000000000   0.000000000   0.000000000   0.000000000
  0.000000000   0.000000000   0.000000000   0.000000000   0.000000000
  0.000000000   0.000000000   0.000000000   0.000000000   0.000000000
  0.000000000   0.000000000   0.000000000   0.000000000   0.000000000
  0.000000000   0.000000000   0.000000000   0.000000000   0.000000000
  0.000000000   0.000000000   0.000000000   0.000000000   0.000000000
  0.000000000   0.000000000   0.000000000   0.000000000   0.000000000
CONNECTION : ?? - ??

# Geometry of TS 23, SYMMETRY = C1  
C 	  -2.041063251138	  -1.894405217088	  -1.470002970455
C 	  -1.275330709698	  -0.854084674718	  -1.890082255102
C 	  -0.757598200037	   0.242078163050	  -1.135601429461
C 	  -0.575492741843	   0.268151115216	   0.282267511811
C 	  -0.556560690354	   1.668734978572	   0.895156928132
H 	  -2.470632169765	  -1.947343066444	  -0.459579212089
H 	  -2.329369624519	  -2.687093351611	  -2.174459102474
H 	  -0.997599730943	  -0.848772048414	  -2.958211871969
H 	  -0.259244868934	   1.033079492927	  -1.714488771411
H 	  -1.361645779236	  -0.329027719866	   0.779941384712
H 	  -1.572453491409	   2.097957062660	   0.889944172101
H 	  -0.199166208653	   1.654675750157	   1.944125218503
H 	   0.099566473546	   2.344982554152	   0.321311003151
C 	   0.706758945583	  -0.556973204798	   0.764428835199
C 	   1.982699069827	   0.053725304179	   0.611728193316
C 	   2.628930154769	   0.939650250287	   1.616333746572
H 	   0.501658206848	  -0.716815685335	   1.838313579248
H 	   0.596549154158	  -1.512959512988	   0.233353586112
H 	   2.489437802145	  -0.031459294130	  -0.358893428361
H 	   2.547341979717	   2.010308247859	   1.330141052267
H 	   2.188134267110	   0.829862896609	   2.620982976071
H 	   3.715143360494	   0.735892288218	   1.690160444934
Energy    = -312.763940404003
Spin(**2) =    0.000000000000
ZPVE      =    0.000000000000
Normal mode eigenvalues : nmode = 60
  0.000000000   0.000000000   0.000000000   0.000000000   0.000000000
  0.000000000   0.000000000   0.000000000   0.000000000   0.000000000
  0.000000000   0.000000000   0.000000000   0.000000000   0.000000000
  0.000000000   0.000000000   0.000000000   0.000000000   0.000000000
  0.000000000   0.000000000   0.000000000   0.000000000   0.000000000
  0.000000000   0.000000000   0.000000000   0.000000000   0.000000000
  0.000000000   0.000000000   0.000000000   0.000000000   0.000000000
  0.000000000   0.000000000   0.000000000   0.000000000   0.000000000
  0.000000000   0.000000000   0.000000000   0.000000000   0.000000000
  0.000000000   0.000000000   0.000000000   0.000000000   0.000000000
  0.000000000   0.000000000   0.000000000   0.000000000   0.000000000
  0.000000000   0.000000000   0.000000000   0.000000000   0.000000000
CONNECTION : ?? - ??

# Geometry of TS 24, SYMMETRY = C1  
C 	   1.180782165965	   1.768793423257	   1.626428340491
C 	   0.333902230956	   2.269880096516	   0.676867808785
C 	  -0.184461953147	   1.579259234654	  -0.444838972726
C 	  -0.004742791428	   0.161256168948	  -0.663549055270
C 	  -0.143306800967	  -0.234051563975	  -2.133579936075
H 	   1.598476819029	   0.758136841043	   1.567982656966
H 	   1.522197752639	   2.396837211867	   2.455234575765
H 	  -0.001128197015	   3.307333197993	   0.806728943529
H 	  -0.966729766229	   2.079332123689	  -1.028883694721
H 	   0.995866470090	  -0.156492739187	  -0.318465198040
H 	   0.605338104633	   0.296038388596	  -2.742813051215
H 	   0.002136155248	  -1.323182050931	  -2.259276989186
H 	  -1.144612691501	   0.020507933591	  -2.523391482022
C 	  -0.992704823091	  -0.606587044265	   0.211109208184
C 	  -0.828046685654	  -2.033373225058	   0.111600632293
C 	   0.333356840282	  -2.718585586168	   0.726774548592
H 	  -0.777176651622	  -0.256743202994	   1.242777527805
H 	  -2.010595687470	  -0.303629339496	  -0.079397113141
H 	  -1.438711241256	  -2.599345213758	  -0.603504820291
H 	   1.228550761579	  -2.721184983238	   0.058558463932
H 	   0.641204400460	  -2.217134251312	   1.664303273480
H 	   0.109037020340	  -3.780854066630	   0.941486921224
Energy    = -312.768896444543
Spin(**2) =    0.000000000000
ZPVE      =    0.000000000000
Normal mode eigenvalues : nmode = 60
  0.000000000   0.000000000   0.000000000   0.000000000   0.000000000
  0.000000000   0.000000000   0.000000000   0.000000000   0.000000000
  0.000000000   0.000000000   0.000000000   0.000000000   0.000000000
  0.000000000   0.000000000   0.000000000   0.000000000   0.000000000
  0.000000000   0.000000000   0.000000000   0.000000000   0.000000000
  0.000000000   0.000000000   0.000000000   0.000000000   0.000000000
  0.000000000   0.000000000   0.000000000   0.000000000   0.000000000
  0.000000000   0.000000000   0.000000000   0.000000000   0.000000000
  0.000000000   0.000000000   0.000000000   0.000000000   0.000000000
  0.000000000   0.000000000   0.000000000   0.000000000   0.000000000
  0.000000000   0.000000000   0.000000000   0.000000000   0.000000000
  0.000000000   0.000000000   0.000000000   0.000000000   0.000000000
CONNECTION : ?? - ??

# Geometry of TS 25, SYMMETRY = C1  
C 	  -1.050479120394	  -0.014471454676	  -0.648474095447
C 	  -0.078925196485	   1.050214369063	  -0.775510867337
C 	   0.768276623671	   1.529346273515	   0.242694205375
C 	   0.750138205861	   1.214889315753	   1.578139090943
C 	   1.727214694265	   1.779475322376	   2.563879605143
H 	  -1.521993809398	  -0.051993704250	   0.337274310897
H 	  -1.873295566701	   0.153192821694	  -1.363628636798
H 	   0.202455688029	   1.330693298168	  -1.799790904902
H 	   1.555465232318	   2.218826238796	  -0.098092752279
H 	  -0.034045054802	   0.557426019798	   1.979506319458
H 	   1.283424480165	   2.630422732836	   3.120714435814
H 	   2.014795652032	   1.026351842181	   3.319997263124
H 	   2.647592898415	   2.146020216497	   2.075456711219
C 	  -0.357349580139	  -2.242135952979	   0.112950174503
C 	  -0.414455817778	  -1.355863847134	  -1.030292982573
C 	  -1.285781641933	  -1.928026441112	  -2.167371052866
H 	  -1.283494849384	  -2.755046618354	   0.416428917369
H 	   0.466771330616	  -2.215529543809	   0.836198841878
H 	   0.591591912022	  -1.188283037605	  -1.424689474826
H 	  -0.843397106144	  -2.824574683470	  -2.630097301166
H 	  -2.277861705906	  -2.202591997385	  -1.759213814768
H 	  -1.451692730205	  -1.169691875396	  -2.955600470397
Energy    = -312.756752348080
Spin(**2) =    0.000000000000
ZPVE      =    0.000000000000
Normal mode eigenvalues : nmode = 60
  0.000000000   0.000000000   0.000000000   0.000000000   0.000000000
  0.000000000   0.000000000   0.000000000   0.000000000   0.000000000
  0.000000000   0.000000000   0.000000000   0.000000000   0.000000000
  0.000000000   0.000000000   0.000000000   0.000000000   0.000000000
  0.000000000   0.000000000   0.000000000   0.000000000   0.000000000
  0.000000000   0.000000000   0.000000000   0.000000000   0.000000000
  0.000000000   0.000000000   0.000000000   0.000000000   0.000000000
  0.000000000   0.000000000   0.000000000   0.000000000   0.000000000
  0.000000000   0.000000000   0.000000000   0.000000000   0.000000000
  0.000000000   0.000000000   0.000000000   0.000000000   0.000000000
  0.000000000   0.000000000   0.000000000   0.000000000   0.000000000
  0.000000000   0.000000000   0.000000000   0.000000000   0.000000000
CONNECTION : ?? - ??

# Geometry of TS 26, SYMMETRY = C1  
C 	  -1.067964972299	  -0.099976415415	   0.304137339798
C 	  -0.474362725429	  -0.756255946617	  -0.825310471071
C 	   0.347864001147	  -0.129747308028	  -1.812606310750
C 	   0.392230023572	   1.167967522322	  -2.223216332093
C 	   1.352924736792	   1.664544744297	  -3.267153477241
H 	  -1.374789363472	   0.932609648927	   0.071961188313
H 	  -1.946543942762	  -0.631011441325	   0.705304718882
H 	  -0.386965246212	  -1.846895420686	  -0.778439659125
H 	   1.059576393542	  -0.807506134293	  -2.306925498215
H 	  -0.348450985485	   1.888289373543	  -1.853540281764
H 	   0.906640718509	   1.632258624032	  -4.281946631024
H 	   1.648658904198	   2.712769447355	  -3.089967502262
H 	   2.270786268495	   1.052464730079	  -3.297524044049
C 	  -0.084503660332	   0.116661902116	   1.524395234915
C 	   0.159087254094	  -0.957128390941	   2.430663409352
C 	  -0.666534404077	  -1.255718130392	   3.634028481820
H 	  -0.565119023727	   0.951432193691	   2.064438314471
H 	   0.840398786226	   0.498059832444	   1.058268358138
H 	   0.985258036063	  -1.647359472131	   2.224967608800
H 	  -0.139988382925	  -0.947425364921	   4.563314064629
H 	  -1.638667027790	  -0.731283915693	   3.631590840843
H 	  -0.852079048522	  -2.340769068130	   3.745658955500
Energy    = -312.761105851516
Spin(**2) =    0.000000000000
ZPVE      =    0.000000000000
Normal mode eigenvalues : nmode = 60
  0.000000000   0.000000000   0.000000000   0.000000000   0.000000000
  0.000000000   0.000000000   0.000000000   0.000000000   0.000000000
  0.000000000   0.000000000   0.000000000   0.000000000   0.000000000
  0.000000000   0.000000000   0.000000000   0.000000000   0.000000000
  0.000000000   0.000000000   0.000000000   0.000000000   0.000000000
  0.000000000   0.000000000   0.000000000   0.000000000   0.000000000
  0.000000000   0.000000000   0.000000000   0.000000000   0.000000000
  0.000000000   0.000000000   0.000000000   0.000000000   0.000000000
  0.000000000   0.000000000   0.000000000   0.000000000   0.000000000
  0.000000000   0.000000000   0.000000000   0.000000000   0.000000000
  0.000000000   0.000000000   0.000000000   0.000000000   0.000000000
  0.000000000   0.000000000   0.000000000   0.000000000   0.000000000
CONNECTION : ?? - ??

# Geometry of TS 27, SYMMETRY = C1  
C 	   1.074500367669	  -0.537425156663	   0.835483272337
C 	   1.199720384572	  -0.083423219404	  -0.524759211204
C 	   0.184447642513	  -0.174121418506	  -1.487339036589
C 	  -0.881344479090	  -1.044236653547	  -1.499486508010
C 	  -1.883177388311	  -1.104400747376	  -2.615059767538
H 	   0.502004929020	  -1.476109128444	   0.946496547894
H 	   2.072872193359	  -0.700492592406	   1.275260838332
H 	   2.038406908586	   0.579790441913	  -0.763303284064
H 	   0.249651669554	   0.530698221612	  -2.332696599413
H 	  -0.926513914276	  -1.860396344069	  -0.768772185977
H 	  -1.604388907464	  -1.895287310871	  -3.337066647217
H 	  -2.892756114257	  -1.365606654793	  -2.246784589890
H 	  -1.933224552541	  -0.146540020529	  -3.173986526570
C 	  -1.036055018936	   0.647137720575	   1.689335942473
C 	   0.399121359858	   0.522329004173	   1.757033963254
C 	   1.145180288700	   1.867455990301	   1.701513455254
H 	  -1.526747540076	   1.490483020341	   1.163027929403
H 	  -1.685700396781	  -0.098327245127	   2.159962229766
H 	   0.628462998726	   0.019748240399	   2.711392353212
H 	   2.202298095139	   1.729779994345	   1.391900860471
H 	   0.667018822296	   2.560936599792	   0.981451575480
H 	   1.146744506917	   2.354754144026	   2.678947125220
Energy    = -312.768797146062
Spin(**2) =    0.000000000000
ZPVE      =    0.000000000000
Normal mode eigenvalues : nmode = 60
  0.000000000   0.000000000   0.000000000   0.000000000   0.000000000
  0.000000000   0.000000000   0.000000000   0.000000000   0.000000000
  0.000000000   0.000000000   0.000000000   0.000000000   0.000000000
  0.000000000   0.000000000   0.000000000   0.000000000   0.000000000
  0.000000000   0.000000000   0.000000000   0.000000000   0.000000000
  0.000000000   0.000000000   0.000000000   0.000000000   0.000000000
  0.000000000   0.000000000   0.000000000   0.000000000   0.000000000
  0.000000000   0.000000000   0.000000000   0.000000000   0.000000000
  0.000000000   0.000000000   0.000000000   0.000000000   0.000000000
  0.000000000   0.000000000   0.000000000   0.000000000   0.000000000
  0.000000000   0.000000000   0.000000000   0.000000000   0.000000000
  0.000000000   0.000000000   0.000000000   0.000000000   0.000000000
CONNECTION : ?? - ??

# Geometry of TS 28, SYMMETRY = C1  
C 	   0.618569649163	  -1.204740675602	   0.919579647856
C 	   1.293770441339	   0.053336045045	   0.770320904575
C 	   0.591273611110	   1.289791559660	   0.658851631477
C 	  -0.617673184584	   1.607950270416	   1.214777741365
C 	  -1.389844917004	   2.850666676087	   0.894402285716
H 	  -0.086170387443	  -1.158572572111	   1.761015558238
H 	   1.356691905709	  -1.983809776067	   1.156223263629
H 	   2.305801804649	   0.041563336569	   0.345748324340
H 	   1.053887041224	   2.051063498548	   0.003553930498
H 	  -1.052039775490	   0.946040412052	   1.980987333062
H 	  -2.257519185833	   2.613549684242	   0.245692557386
H 	  -1.800409242847	   3.332980170074	   1.801113232227
H 	  -0.764070522450	   3.584580629080	   0.357225050223
C 	  -0.320717361311	  -1.771634213791	  -0.227705128030
C 	  -0.434056649414	  -1.185324513811	  -1.533751416956
C 	   0.527568782124	  -1.426216990921	  -2.629347179663
H 	   0.007840752231	  -2.818276021482	  -0.318901664870
H 	  -1.334725309684	  -1.777918505641	   0.187228984298
H 	  -1.129327506159	  -0.344066291367	  -1.653434999973
H 	   1.505348348703	  -0.910708629623	  -2.424786005584
H 	   0.771392446801	  -2.499934911238	  -2.749129116040
H 	   0.143921622479	  -1.037085335086	  -3.588243932425
Energy    = -312.749970975598
Spin(**2) =    0.000000000000
ZPVE      =    0.000000000000
Normal mode eigenvalues : nmode = 60
  0.000000000   0.000000000   0.000000000   0.000000000   0.000000000
  0.000000000   0.000000000   0.000000000   0.000000000   0.000000000
  0.000000000   0.000000000   0.000000000   0.000000000   0.000000000
  0.000000000   0.000000000   0.000000000   0.000000000   0.000000000
  0.000000000   0.000000000   0.000000000   0.000000000   0.000000000
  0.000000000   0.000000000   0.000000000   0.000000000   0.000000000
  0.000000000   0.000000000   0.000000000   0.000000000   0.000000000
  0.000000000   0.000000000   0.000000000   0.000000000   0.000000000
  0.000000000   0.000000000   0.000000000   0.000000000   0.000000000
  0.000000000   0.000000000   0.000000000   0.000000000   0.000000000
  0.000000000   0.000000000   0.000000000   0.000000000   0.000000000
  0.000000000   0.000000000   0.000000000   0.000000000   0.000000000
CONNECTION : ?? - ??

# Geometry of TS 29, SYMMETRY = C1  
C 	   1.348645415785	   1.949949439354	   1.528568853502
C 	   0.249529375960	   2.248870362610	   0.786031827418
C 	  -0.204368763707	   1.579595909561	  -0.397095338212
C 	   0.036700915237	   0.195355399290	  -0.695723247745
C 	  -0.103380467560	  -0.149856990959	  -2.181447785118
H 	   2.078062717400	   1.200824930727	   1.207708956489
H 	   1.572285763907	   2.497141247762	   2.455512456890
H 	  -0.380549607652	   3.077442505260	   1.146719288578
H 	  -1.028602322925	   2.066487057120	  -0.940797602527
H 	   1.016615871503	  -0.129854325049	  -0.309181325963
H 	   0.748453579053	   0.228076766037	  -2.773389847217
H 	  -0.165488982561	  -1.246745294884	  -2.307512843537
H 	  -1.024966538369	   0.292284119064	  -2.601900322986
C 	  -0.997577025923	  -0.686287590972	   0.161213141703
C 	  -0.806472643484	  -2.096648453671	   0.062235880628
C 	   0.241045411252	  -2.832881485163	   0.821570606776
H 	  -0.820173547482	  -0.332037724572	   1.196070438641
H 	  -1.987579120341	  -0.387141483136	  -0.205506969979
H 	  -1.310332488359	  -2.655472937010	  -0.739281321874
H 	   1.069227867978	  -3.178458327352	   0.162002282192
H 	   0.688316323179	  -2.204119158839	   1.617104191436
H 	  -0.160760301039	  -3.750312612034	   1.299251269239
Energy    = -312.768073789133
Spin(**2) =    0.000000000000
ZPVE      =    0.000000000000
Normal mode eigenvalues : nmode = 60
  0.000000000   0.000000000   0.000000000   0.000000000   0.000000000
  0.000000000   0.000000000   0.000000000   0.000000000   0.000000000
  0.000000000   0.000000000   0.000000000   0.000000000   0.000000000
  0.000000000   0.000000000   0.000000000   0.000000000   0.000000000
  0.000000000   0.000000000   0.000000000   0.000000000   0.000000000
  0.000000000   0.000000000   0.000000000   0.000000000   0.000000000
  0.000000000   0.000000000   0.000000000   0.000000000   0.000000000
  0.000000000   0.000000000   0.000000000   0.000000000   0.000000000
  0.000000000   0.000000000   0.000000000   0.000000000   0.000000000
  0.000000000   0.000000000   0.000000000   0.000000000   0.000000000
  0.000000000   0.000000000   0.000000000   0.000000000   0.000000000
  0.000000000   0.000000000   0.000000000   0.000000000   0.000000000
CONNECTION : ?? - ??

# Geometry of TS 30, SYMMETRY = C1  
C 	   0.293619057734	   1.048581790832	   0.243818958824
C 	  -1.072319670884	   0.584681370470	   0.271159253686
C 	  -1.660075168528	  -0.192803210249	  -0.758523137681
C 	  -1.135866326164	  -0.492162406549	  -1.989503462289
C 	  -1.816076726458	  -1.354098829018	  -3.008286401811
H 	   0.578369943941	   1.340491347332	  -0.779707207593
H 	   0.457654026275	   1.930705560585	   0.881034417456
H 	  -1.627070683566	   0.649440499909	   1.218088536397
H 	  -2.647012347290	  -0.620736863434	  -0.524388781648
H 	  -0.191232666662	  -0.030149450801	  -2.312707229185
H 	  -2.231055381511	  -0.739360724621	  -3.832113488751
H 	  -1.106888745270	  -2.060891272109	  -3.476217248450
H 	  -2.645028227639	  -1.935184485797	  -2.570370851558
C 	   1.345661868444	   0.022071534013	   0.625785983752
C 	   1.507835818681	  -0.263303541528	   2.024056850698
C 	   2.418534514071	   0.517532413344	   2.903300219062
H 	   2.289372018114	   0.455999659876	   0.245516774421
H 	   1.100876710405	  -0.866091194708	   0.005679335300
H 	   0.794037437826	  -0.937826279858	   2.521055867548
H 	   3.214787471731	  -0.115555798148	   3.345695209476
H 	   2.918596676565	   1.330026755481	   2.344048759919
H 	   1.875698995745	   0.964516018474	   3.761784035813
Energy    = -312.762581688807
Spin(**2) =    0.000000000000
ZPVE      =    0.000000000000
Normal mode eigenvalues : nmode = 60
  0.000000000   0.000000000   0.000000000   0.000000000   0.000000000
  0.000000000   0.000000000   0.000000000   0.000000000   0.000000000
  0.000000000   0.000000000   0.000000000   0.000000000   0.000000000
  0.000000000   0.000000000   0.000000000   0.000000000   0.000000000
  0.000000000   0.000000000   0.000000000   0.000000000   0.000000000
  0.000000000   0.000000000   0.000000000   0.000000000   0.000000000
  0.000000000   0.000000000   0.000000000   0.000000000   0.000000000
  0.000000000   0.000000000   0.000000000   0.000000000   0.000000000
  0.000000000   0.000000000   0.000000000   0.000000000   0.000000000
  0.000000000   0.000000000   0.000000000   0.000000000   0.000000000
  0.000000000   0.000000000   0.000000000   0.000000000   0.000000000
  0.000000000   0.000000000   0.000000000   0.000000000   0.000000000
CONNECTION : ?? - ??

# Geometry of TS 31, SYMMETRY = C1  
C 	   0.510183119925	  -1.617884842146	   0.465981659651
C 	   0.326162613421	  -1.408330698090	  -0.945025995971
C 	  -0.531967549429	  -0.460636167333	  -1.551581122604
C 	  -1.474854629471	   0.319958374093	  -0.939870603786
C 	  -2.270055400870	   1.379768854332	  -1.632338867852
H 	  -0.389842743122	  -1.505856311945	   1.056798976408
H 	   0.875287747580	  -2.643627236005	   0.634095866138
H 	   1.084703052342	  -1.853471458532	  -1.603680226085
H 	  -0.399925504220	  -0.320062794213	  -2.635731132273
H 	  -1.668209914805	   0.191093832922	   0.134605961908
H 	  -3.355947482923	   1.166230360297	  -1.625345313602
H 	  -2.148701052631	   2.357552926442	  -1.122416659520
H 	  -1.957047777012	   1.510981975910	  -2.690460178815
C 	   1.605375869223	  -0.610470645291	   1.047679428876
C 	   1.074920133229	   0.406732752071	   1.900572838770
C 	   0.765743834301	   1.816405815416	   1.516884210862
H 	   2.220673082919	  -0.206638580828	   0.236463908680
H 	   2.247213787793	  -1.300886898266	   1.625246960859
H 	   0.771009695084	   0.102895826176	   2.912707991316
H 	   1.321290706449	   2.544428249145	   2.143128418203
H 	   1.009382281066	   2.009921042545	   0.456488109209
H 	  -0.307396077999	   2.057128311960	   1.670462061733
Energy    = -312.771973590863
Spin(**2) =    0.000000000000
ZPVE      =    0.000000000000
Normal mode eigenvalues : nmode = 60
  0.000000000   0.000000000   0.000000000   0.000000000   0.000000000
  0.000000000   0.000000000   0.000000000   0.000000000   0.000000000
  0.000000000   0.000000000   0.000000000   0.000000000   0.000000000
  0.000000000   0.000000000   0.000000000   0.000000000   0.000000000
  0.000000000   0.000000000   0.000000000   0.000000000   0.000000000
  0.000000000   0.000000000   0.000000000   0.000000000   0.000000000
  0.000000000   0.000000000   0.000000000   0.000000000   0.000000000
  0.000000000   0.000000000   0.000000000   0.000000000   0.000000000
  0.000000000   0.000000000   0.000000000   0.000000000   0.000000000
  0.000000000   0.000000000   0.000000000   0.000000000   0.000000000
  0.000000000   0.000000000   0.000000000   0.000000000   0.000000000
  0.000000000   0.000000000   0.000000000   0.000000000   0.000000000
CONNECTION : ?? - ??

# Geometry of TS 32, SYMMETRY = C1  
C 	  -1.062556858140	  -0.907101866189	   0.215125238069
C 	  -1.399275100455	   0.479467189799	   0.482934284520
C 	  -0.736079337559	   1.552588151698	  -0.084713333366
C 	   0.288132226105	   1.502799839281	  -1.040940025454
C 	   0.982671148586	   2.751337012328	  -1.509213478699
H 	  -0.869224984944	  -1.068268670549	  -0.874222522748
H 	  -1.940547473866	  -1.542686258707	   0.445774104150
H 	  -2.087329974965	   0.697761360162	   1.305957773207
H 	  -0.970208963464	   2.539403375238	   0.320849922967
H 	   0.440553343487	   0.603525782150	  -1.632553118534
H 	   2.089139481151	   2.696789336399	  -1.402623875815
H 	   0.774753438690	   2.937599151536	  -2.593667887813
H 	   0.623888882203	   3.639668969888	  -0.940523069563
C 	   1.397204777301	  -0.856748097398	   0.553595555308
C 	   0.122831951376	  -1.449211725075	   0.962621260957
C 	   0.050793459814	  -2.975703165572	   0.743939540441
H 	   1.956627495082	  -1.253386937709	  -0.312615795258
H 	   1.837480312979	   0.008457139030	   1.098990168062
H 	  -0.062797115035	  -1.260338546604	   2.046978230761
H 	  -0.866243118017	  -3.394972734092	   1.182095856054
H 	   0.026582280662	  -3.192909734312	  -0.354371373010
H 	   0.920775692618	  -3.533756012665	   1.152869800433
Energy    = -312.778760073962
Spin(**2) =    0.000000000000
ZPVE      =    0.000000000000
Normal mode eigenvalues : nmode = 60
  0.000000000   0.000000000   0.000000000   0.000000000   0.000000000
  0.000000000   0.000000000   0.000000000   0.000000000   0.000000000
  0.000000000   0.000000000   0.000000000   0.000000000   0.000000000
  0.000000000   0.000000000   0.000000000   0.000000000   0.000000000
  0.000000000   0.000000000   0.000000000   0.000000000   0.000000000
  0.000000000   0.000000000   0.000000000   0.000000000   0.000000000
  0.000000000   0.000000000   0.000000000   0.000000000   0.000000000
  0.000000000   0.000000000   0.000000000   0.000000000   0.000000000
  0.000000000   0.000000000   0.000000000   0.000000000   0.000000000
  0.000000000   0.000000000   0.000000000   0.000000000   0.000000000
  0.000000000   0.000000000   0.000000000   0.000000000   0.000000000
  0.000000000   0.000000000   0.000000000   0.000000000   0.000000000
CONNECTION : ?? - ??

# Geometry of TS 33, SYMMETRY = C1  
C 	   0.882860825872	  -1.106508331771	   0.036302391049
C 	   1.358267649796	   0.215877040638	  -0.270208412909
C 	   0.872316203288	   1.458444869410	   0.237271927978
C 	  -0.125150491824	   1.651942619065	   1.141540878779
C 	  -0.662369051276	   2.987426860673	   1.545396420738
H 	   0.422591535392	  -1.174089693545	   1.035905521002
H 	   1.701646677049	  -1.836342178564	  -0.017355775689
H 	   2.087430470301	   0.286823252489	  -1.086675789890
H 	   1.358680123804	   2.353098943939	  -0.176169852439
H 	  -0.644323830769	   0.779080016733	   1.556883526189
H 	  -1.598456322517	   3.208950565561	   0.993853819624
H 	  -0.920762277730	   3.011764014044	   2.618971791681
H 	   0.048123600675	   3.805653401170	   1.336330539088
C 	  -0.549089018971	  -2.971334463283	  -0.675842516154
C 	  -0.185839126231	  -1.625768919017	  -1.007047232408
C 	  -1.384195126096	  -0.675362760488	  -1.057077495788
H 	  -1.281420549080	  -3.154563366347	   0.120874709729
H 	   0.124762176322	  -3.801337002734	  -0.920034027533
H 	   0.354657235202	  -1.591981301994	  -1.970704477785
H 	  -2.039765471106	  -0.929846544880	  -1.905825458758
H 	  -1.977641066923	  -0.753485093147	  -0.127420406709
H 	  -1.066278053013	   0.372848518841	  -1.166754053016
Energy    = -312.758733212914
Spin(**2) =    0.000000000000
ZPVE      =    0.000000000000
Normal mode eigenvalues : nmode = 60
  0.000000000   0.000000000   0.000000000   0.000000000   0.000000000
  0.000000000   0.000000000   0.000000000   0.000000000   0.000000000
  0.000000000   0.000000000   0.000000000   0.000000000   0.000000000
  0.000000000   0.000000000   0.000000000   0.000000000   0.000000000
  0.000000000   0.000000000   0.000000000   0.000000000   0.000000000
  0.000000000   0.000000000   0.000000000   0.000000000   0.000000000
  0.000000000   0.000000000   0.000000000   0.000000000   0.000000000
  0.000000000   0.000000000   0.000000000   0.000000000   0.000000000
  0.000000000   0.000000000   0.000000000   0.000000000   0.000000000
  0.000000000   0.000000000   0.000000000   0.000000000   0.000000000
  0.000000000   0.000000000   0.000000000   0.000000000   0.000000000
  0.000000000   0.000000000   0.000000000   0.000000000   0.000000000
CONNECTION : ?? - ??

# Geometry of TS 34, SYMMETRY = C1  
C 	   1.181939377455	  -0.652266421997	  -0.468834439109
C 	   0.401377386360	  -0.562570814332	  -1.710068173697
C 	  -0.496495514854	   0.486640895821	  -1.895717011136
C 	  -0.581044254493	   1.605858668708	  -1.072716686599
C 	  -1.598994053565	   2.697406785272	  -1.249278453799
H 	   1.845523170040	   0.215907274294	  -0.292790839665
H 	   1.834147217585	  -1.542224090853	  -0.495443588986
H 	   0.323625462904	  -1.443671768915	  -2.356603006235
H 	  -1.218731750456	   0.400619970572	  -2.714108327699
H 	   0.248927832663	   1.845151908756	  -0.400962663731
H 	  -2.312891515429	   2.745479994425	  -0.405964219046
H 	  -1.112829260105	   3.687878404270	  -1.298012846228
H 	  -2.183520440641	   2.570880096305	  -2.175770805874
C 	   0.233720458322	  -0.738637043145	   0.675416238163
C 	   0.831656116839	  -0.962844116410	   1.945176548861
C 	   0.496070304401	  -2.080673821266	   2.864207878570
H 	  -0.558952706454	  -1.489433400213	   0.476598922939
H 	  -0.341516630858	   0.264894802873	   0.576929104971
H 	   1.726731363045	  -0.376174630663	   2.192086798276
H 	   0.473127307682	  -1.758623094927	   3.924836323232
H 	  -0.471955512856	  -2.553403954790	   2.611509616684
H 	   1.273974958157	  -2.871653091320	   2.806522563345
Energy    = -312.769898352376
Spin(**2) =    0.000000000000
ZPVE      =    0.000000000000
Normal mode eigenvalues : nmode = 60
  0.000000000   0.000000000   0.000000000   0.000000000   0.000000000
  0.000000000   0.000000000   0.000000000   0.000000000   0.000000000
  0.000000000   0.000000000   0.000000000   0.000000000   0.000000000
  0.000000000   0.000000000   0.000000000   0.000000000   0.000000000
  0.000000000   0.000000000   0.000000000   0.000000000   0.000000000
  0.000000000   0.000000000   0.000000000   0.000000000   0.000000000
  0.000000000   0.000000000   0.000000000   0.000000000   0.000000000
  0.000000000   0.000000000   0.000000000   0.000000000   0.000000000
  0.000000000   0.000000000   0.000000000   0.000000000   0.000000000
  0.000000000   0.000000000   0.000000000   0.000000000   0.000000000
  0.000000000   0.000000000   0.000000000   0.000000000   0.000000000
  0.000000000   0.000000000   0.000000000   0.000000000   0.000000000
CONNECTION : ?? - ??

# Geometry of TS 35, SYMMETRY = C1  
C 	   0.508387806769	  -1.344614498939	  -0.542425017630
C 	  -0.623240235823	  -0.642757500438	  -1.088419190531
C 	  -1.516663467188	   0.159716206452	  -0.344780307938
C 	  -1.569954554833	   0.276073841029	   1.016345501126
C 	  -2.582509456663	   1.125341704372	   1.718013296877
H 	   0.327214189105	  -1.747913437918	   0.457895863467
H 	   0.771250926916	  -2.199100576772	  -1.183931481877
H 	  -0.725418613391	  -0.612879039068	  -2.176724321183
H 	  -2.238501772192	   0.751656675733	  -0.928527471735
H 	  -0.923969332152	  -0.350677161638	   1.646618972386
H 	  -3.352748441269	   0.492710670219	   2.204501924678
H 	  -2.135636461713	   1.735859770361	   2.523936091081
H 	  -3.104853789746	   1.802912978061	   1.020253463546
C 	   2.233380808882	  -0.133666289566	   0.843088018531
C 	   1.800439710727	  -0.395409225255	  -0.492473956394
C 	   1.734574246120	   0.904467661596	  -1.315145765359
H 	   2.090574841785	   0.837932683805	   1.337979460676
H 	   2.627300877936	  -0.955529181833	   1.460201575697
H 	   2.541128984554	  -1.061585612926	  -0.966177360749
H 	   0.804266849285	   0.997610157595	  -1.905017386669
H 	   1.777040095188	   1.789965760378	  -0.658864642147
H 	   2.583070855046	   0.966893450635	  -2.016462656626
Energy    = -312.759963518335
Spin(**2) =    0.000000000000
ZPVE      =    0.000000000000
Normal mode eigenvalues : nmode = 60
  0.000000000   0.000000000   0.000000000   0.000000000   0.000000000
  0.000000000   0.000000000   0.000000000   0.000000000   0.000000000
  0.000000000   0.000000000   0.000000000   0.000000000   0.000000000
  0.000000000   0.000000000   0.000000000   0.000000000   0.000000000
  0.000000000   0.000000000   0.000000000   0.000000000   0.000000000
  0.000000000   0.000000000   0.000000000   0.000000000   0.000000000
  0.000000000   0.000000000   0.000000000   0.000000000   0.000000000
  0.000000000   0.000000000   0.000000000   0.000000000   0.000000000
  0.000000000   0.000000000   0.000000000   0.000000000   0.000000000
  0.000000000   0.000000000   0.000000000   0.000000000   0.000000000
  0.000000000   0.000000000   0.000000000   0.000000000   0.000000000
  0.000000000   0.000000000   0.000000000   0.000000000   0.000000000
CONNECTION : ?? - ??

# Geometry of TS 36, SYMMETRY = C1  
C 	  -2.376818769567	  -0.757960059982	   1.280343157130
C 	  -1.199623854192	  -0.745110261238	   1.956896792610
C 	  -0.031644525226	   0.022921112163	   1.659611322697
C 	   0.290899820211	   0.566635642407	   0.370683221051
C 	   1.317569538513	   1.696993125189	   0.418808968150
H 	  -2.584420692634	  -0.054701287684	   0.456385377779
H 	  -3.187196347984	  -1.433300014260	   1.568168972544
H 	  -1.117981712066	  -1.435175892633	   2.811750659390
H 	   0.796353839713	  -0.059953105606	   2.377732622241
H 	  -0.620250859077	   0.895214133540	  -0.174871177164
H 	   1.669378336352	   1.949781895302	  -0.603169273206
H 	   0.894395744436	   2.601123268630	   0.881331997649
H 	   2.196805853990	   1.392596018582	   1.007129272942
C 	   0.848092444500	  -0.611062237569	  -0.519085601683
C 	   1.106777639397	  -0.262137983976	  -1.878541737474
C 	   0.035699684335	  -0.104707263034	  -2.894193482497
H 	   0.043683932264	  -1.365199904090	  -0.442798162945
H 	   1.767955085741	  -0.948321283969	  -0.013290183463
H 	   2.105744342369	   0.102666062717	  -2.154328179506
H 	   0.384688398531	  -0.420201550565	  -3.898052253507
H 	  -0.871681542226	  -0.683846887831	  -2.639534750165
H 	  -0.270183488524	   0.960923289433	  -3.003422850352
Energy    = -312.770039307194
Spin(**2) =    0.000000000000
ZPVE      =    0.000000000000
Normal mode eigenvalues : nmode = 60
  0.000000000   0.000000000   0.000000000   0.000000000   0.000000000
  0.000000000   0.000000000   0.000000000   0.000000000   0.000000000
  0.000000000   0.000000000   0.000000000   0.000000000   0.000000000
  0.000000000   0.000000000   0.000000000   0.000000000   0.000000000
  0.000000000   0.000000000   0.000000000   0.000000000   0.000000000
  0.000000000   0.000000000   0.000000000   0.000000000   0.000000000
  0.000000000   0.000000000   0.000000000   0.000000000   0.000000000
  0.000000000   0.000000000   0.000000000   0.000000000   0.000000000
  0.000000000   0.000000000   0.000000000   0.000000000   0.000000000
  0.000000000   0.000000000   0.000000000   0.000000000   0.000000000
  0.000000000   0.000000000   0.000000000   0.000000000   0.000000000
  0.000000000   0.000000000   0.000000000   0.000000000   0.000000000
CONNECTION : ?? - ??

# Geometry of TS 37, SYMMETRY = C1  
C 	   1.330639250515	   1.901820684806	   1.549614698594
C 	   0.262110756850	   2.248581481698	   0.777911807711
C 	  -0.199561955337	   1.587672011555	  -0.403513673807
C 	   0.070648769075	   0.212260075689	  -0.714561408193
C 	  -0.111382472355	  -0.138304911434	  -2.186652250930
H 	   2.043106935812	   1.118170869206	   1.258937824981
H 	   1.558498859188	   2.464838134160	   2.461872877999
H 	  -0.326975448210	   3.119288979381	   1.107972935533
H 	  -1.070084398876	   2.038361757402	  -0.905725977750
H 	   1.070465487803	  -0.107059046572	  -0.380915479164
H 	   0.571982285473	   0.462795093845	  -2.810200286842
H 	   0.084323718120	  -1.210599583404	  -2.370522951047
H 	  -1.146638977836	   0.078696116980	  -2.509614754652
C 	  -0.937701361823	  -0.658566100613	   0.152906284021
C 	  -0.759290958136	  -2.067787689521	   0.032036370170
C 	   0.209861312608	  -2.852779326228	   0.841143830809
H 	  -0.789815722552	  -0.309851131064	   1.185609281231
H 	  -1.937239903112	  -0.362588149372	  -0.193655183133
H 	  -1.238872994063	  -2.589103732580	  -0.802470017485
H 	   1.049843474772	  -3.276529300813	   0.252076434678
H 	   0.635976923652	  -2.248151339872	   1.659513261344
H 	  -0.311262149714	  -3.724953540119	   1.290388964273
Energy    = -312.767876931275
Spin(**2) =    0.000000000000
ZPVE      =    0.000000000000
Normal mode eigenvalues : nmode = 60
  0.000000000   0.000000000   0.000000000   0.000000000   0.000000000
  0.000000000   0.000000000   0.000000000   0.000000000   0.000000000
  0.000000000   0.000000000   0.000000000   0.000000000   0.000000000
  0.000000000   0.000000000   0.000000000   0.000000000   0.000000000
  0.000000000   0.000000000   0.000000000   0.000000000   0.000000000
  0.000000000   0.000000000   0.000000000   0.000000000   0.000000000
  0.000000000   0.000000000   0.000000000   0.000000000   0.000000000
  0.000000000   0.000000000   0.000000000   0.000000000   0.000000000
  0.000000000   0.000000000   0.000000000   0.000000000   0.000000000
  0.000000000   0.000000000   0.000000000   0.000000000   0.000000000
  0.000000000   0.000000000   0.000000000   0.000000000   0.000000000
  0.000000000   0.000000000   0.000000000   0.000000000   0.000000000
CONNECTION : ?? - ??

# Geometry of TS 38, SYMMETRY = C1  
C 	   0.768015491244	   0.215238606581	  -1.233732493713
C 	  -0.476221903510	  -0.463618033781	  -0.959867347099
C 	  -1.605493759251	   0.045146935522	  -0.260514081831
C 	  -1.854633482082	   1.298562774653	   0.212904795647
C 	  -3.071291060023	   1.662878890191	   1.017714105767
H 	   0.617384140147	   1.303933886626	  -1.351498667576
H 	   1.229503795395	  -0.147107582881	  -2.166215833275
H 	  -0.541991645760	  -1.502623727160	  -1.294880768566
H 	  -2.388697983817	  -0.704802595822	  -0.085373008025
H 	  -1.137513593632	   2.110542789539	   0.027399194404
H 	  -2.868022031490	   1.599886525411	   2.105891853060
H 	  -3.404796991143	   2.698377077907	   0.818461485692
H 	  -3.917612524101	   0.983407657762	   0.803719116527
C 	   1.851628889343	   0.195386798654	  -0.109367920956
C 	   2.538151485140	  -1.009630103853	   0.183201100492
C 	   1.943823702503	  -2.062196156333	   1.044500178998
H 	   1.360166904070	   0.630754098898	   0.792611209321
H 	   2.565740526574	   0.938966966476	  -0.509696074024
H 	   3.421303252843	  -1.276587481495	  -0.416754640269
H 	   2.464103355957	  -2.147563960087	   2.021171969037
H 	   0.887323938186	  -1.808546949371	   1.269747877659
H 	   1.977623359685	  -3.066931065212	   0.576374065123
Energy    = -312.767427540063
Spin(**2) =    0.000000000000
ZPVE      =    0.000000000000
Normal mode eigenvalues : nmode = 60
  0.000000000   0.000000000   0.000000000   0.000000000   0.000000000
  0.000000000   0.000000000   0.000000000   0.000000000   0.000000000
  0.000000000   0.000000000   0.000000000   0.000000000   0.000000000
  0.000000000   0.000000000   0.000000000   0.000000000   0.000000000
  0.000000000   0.000000000   0.000000000   0.000000000   0.000000000
  0.000000000   0.000000000   0.000000000   0.000000000   0.000000000
  0.000000000   0.000000000   0.000000000   0.000000000   0.000000000
  0.000000000   0.000000000   0.000000000   0.000000000   0.000000000
  0.000000000   0.000000000   0.000000000   0.000000000   0.000000000
  0.000000000   0.000000000   0.000000000   0.000000000   0.000000000
  0.000000000   0.000000000   0.000000000   0.000000000   0.000000000
  0.000000000   0.000000000   0.000000000   0.000000000   0.000000000
CONNECTION : ?? - ??

# Geometry of TS 39, SYMMETRY = C1  
C 	  -2.305192478554	  -0.808104356470	  -0.600096440910
C 	  -2.081489527715	   0.354221654472	   0.079389534024
C 	  -1.007642254464	   0.662876715911	   0.952095247445
C 	   0.253143668770	  -0.048052876299	   1.012182514774
C 	   0.975522729357	   0.053722328773	   2.343717916027
H 	  -1.686479403584	  -1.705376660088	  -0.456173510931
H 	  -3.155903040786	  -0.896392911948	  -1.286164710110
H 	  -2.807222067992	   1.166117640320	  -0.067797023393
H 	  -1.006764365211	   1.662765386054	   1.393879176827
H 	   0.144044041878	  -1.105695985973	   0.750830382545
H 	   0.424721041004	  -0.499898494533	   3.128957233241
H 	   2.006201525502	  -0.350672788489	   2.289010024931
H 	   1.049308415514	   1.112185335634	   2.663515300400
C 	   1.179481008734	   0.630265728386	  -0.109880647355
C 	   1.616996521707	  -0.314607581039	  -1.097044745204
C 	   1.056688125955	  -0.437185273074	  -2.463415423063
H 	   0.648629916929	   1.482035749031	  -0.558287361679
H 	   2.020006122916	   1.041494212733	   0.463859551798
H 	   2.363795119211	  -1.057397255063	  -0.788432708801
H 	   0.485335603711	  -1.384919816833	  -2.594842687459
H 	   0.373122573177	   0.397189009266	  -2.710334132304
H 	   1.864419143314	  -0.488457252733	  -3.232632203119
Energy    = -312.764466805063
Spin(**2) =    0.000000000000
ZPVE      =    0.000000000000
Normal mode eigenvalues : nmode = 60
  0.000000000   0.000000000   0.000000000   0.000000000   0.000000000
  0.000000000   0.000000000   0.000000000   0.000000000   0.000000000
  0.000000000   0.000000000   0.000000000   0.000000000   0.000000000
  0.000000000   0.000000000   0.000000000   0.000000000   0.000000000
  0.000000000   0.000000000   0.000000000   0.000000000   0.000000000
  0.000000000   0.000000000   0.000000000   0.000000000   0.000000000
  0.000000000   0.000000000   0.000000000   0.000000000   0.000000000
  0.000000000   0.000000000   0.000000000   0.000000000   0.000000000
  0.000000000   0.000000000   0.000000000   0.000000000   0.000000000
  0.000000000   0.000000000   0.000000000   0.000000000   0.000000000
  0.000000000   0.000000000   0.000000000   0.000000000   0.000000000
  0.000000000   0.000000000   0.000000000   0.000000000   0.000000000
CONNECTION : ?? - ??
